<?xml version="1.0" encoding="utf-8"?>
<test-run id="2" name="Test.exe" fullname="C:/Users/jsiedersberger/Documents/GitHub/Monopoly2.0/Monopoly/Test/bin/Debug/Test.exe" testcasecount="43" result="Passed" start-time="2018-04-23 08:52:30Z" end-time="2018-04-23 08:52:31Z" duration="0.757227" total="43" passed="43" failed="0" inconclusive="0" skipped="0" asserts="127" random-seed="1268783796">
  <command-line><![CDATA["C:\Users\jsiedersberger\Documents\GitHub\Monopoly2.0\Monopoly\Test\bin\Debug\Test.exe"]]></command-line>
  <filter />
  <test-suite type="Assembly" id="1044" name="Test.exe" fullname="C:/Users/jsiedersberger/Documents/GitHub/Monopoly2.0/Monopoly/Test/bin/Debug/Test.exe" runstate="Runnable" testcasecount="43" result="Passed" start-time="2018-04-23 08:52:30Z" end-time="2018-04-23 08:52:31Z" duration="0.757227" total="43" passed="43" failed="0" warnings="0" inconclusive="0" skipped="0" asserts="127">
    <environment framework-version="3.7.1.0" clr-version="4.0.30319.42000" os-version="Microsoft Windows NT 6.2.9200.0" platform="Win32NT" cwd="C:\Users\jsiedersberger\Documents\GitHub\Monopoly2.0\Monopoly\Test" machine-name="W-SIEDERSB-10" user="jsiedersberger" user-domain="DE" culture="de-DE" uiculture="de-DE" os-architecture="x86" />
    <settings>
      <setting name="WorkDirectory" value="C:\Users\jsiedersberger\Documents\GitHub\Monopoly2.0\Monopoly\Test" />
      <setting name="NumberOfTestWorkers" value="2" />
    </settings>
    <properties>
      <property name="_PID" value="14424" />
      <property name="_APPDOMAIN" value="Test.exe" />
    </properties>
    <test-suite type="TestSuite" id="1045" name="Test" fullname="Test" runstate="Runnable" testcasecount="43" result="Passed" start-time="2018-04-23 08:52:30Z" end-time="2018-04-23 08:52:31Z" duration="0.735664" total="43" passed="43" failed="0" warnings="0" inconclusive="0" skipped="0" asserts="127">
      <test-suite type="TestFixture" id="1000" name="Test" fullname="Test.Test" classname="Test.Test" runstate="Runnable" testcasecount="43" result="Passed" start-time="2018-04-23 08:52:30Z" end-time="2018-04-23 08:52:31Z" duration="0.731664" total="43" passed="43" failed="0" warnings="0" inconclusive="0" skipped="0" asserts="127">
        <test-case id="1043" name="GetOutofJail" fullname="Test.Test.GetOutofJail" methodname="GetOutofJail" classname="Test.Test" runstate="Runnable" seed="382465111" result="Passed" start-time="2018-04-23 08:52:30Z" end-time="2018-04-23 08:52:30Z" duration="0.393182" asserts="2" />
        <test-case id="1042" name="GoToNextMemberofGroup" fullname="Test.Test.GoToNextMemberofGroup" methodname="GoToNextMemberofGroup" classname="Test.Test" runstate="Runnable" seed="423375889" result="Passed" start-time="2018-04-23 08:52:30Z" end-time="2018-04-23 08:52:30Z" duration="0.007703" asserts="2" />
        <test-case id="1005" name="PlayerDoesNotHaveEnoughMoney" fullname="Test.Test.PlayerDoesNotHaveEnoughMoney" methodname="PlayerDoesNotHaveEnoughMoney" classname="Test.Test" runstate="Runnable" seed="1718016626" result="Passed" start-time="2018-04-23 08:52:30Z" end-time="2018-04-23 08:52:30Z" duration="0.022619" asserts="1" />
        <test-case id="1003" name="PlayerIsBankrupt" fullname="Test.Test.PlayerIsBankrupt" methodname="PlayerIsBankrupt" classname="Test.Test" runstate="Runnable" seed="554618945" result="Passed" start-time="2018-04-23 08:52:30Z" end-time="2018-04-23 08:52:30Z" duration="0.004621" asserts="1" />
        <test-case id="1033" name="PlayerPayFineImmediately" fullname="Test.Test.PlayerPayFineImmediately" methodname="PlayerPayFineImmediately" classname="Test.Test" runstate="Runnable" seed="1919462387" result="Passed" start-time="2018-04-23 08:52:30Z" end-time="2018-04-23 08:52:30Z" duration="0.004609" asserts="2" />
        <test-case id="1034" name="PlayerThrowsDoubleThreeTimes" fullname="Test.Test.PlayerThrowsDoubleThreeTimes" methodname="PlayerThrowsDoubleThreeTimes" classname="Test.Test" runstate="Runnable" seed="994609665" result="Passed" start-time="2018-04-23 08:52:30Z" end-time="2018-04-23 08:52:30Z" duration="0.001199" asserts="1" />
        <test-case id="1017" name="TestAuctionField" fullname="Test.Test.TestAuctionField" methodname="TestAuctionField" classname="Test.Test" runstate="Runnable" seed="84043209" result="Passed" start-time="2018-04-23 08:52:30Z" end-time="2018-04-23 08:52:30Z" duration="0.006472" asserts="2" />
        <test-case id="1024" name="TestBuyAndRentSupplierField" fullname="Test.Test.TestBuyAndRentSupplierField" methodname="TestBuyAndRentSupplierField" classname="Test.Test" runstate="Runnable" seed="1384610472" result="Passed" start-time="2018-04-23 08:52:30Z" end-time="2018-04-23 08:52:30Z" duration="0.006940" asserts="1" />
        <test-case id="1008" name="TestBuyCurrentField" fullname="Test.Test.TestBuyCurrentField" methodname="TestBuyCurrentField" classname="Test.Test" runstate="Runnable" seed="2026204037" result="Passed" start-time="2018-04-23 08:52:30Z" end-time="2018-04-23 08:52:30Z" duration="0.002285" asserts="3" />
        <test-case id="1016" name="TestBuyInAuction" fullname="Test.Test.TestBuyInAuction" methodname="TestBuyInAuction" classname="Test.Test" runstate="Runnable" seed="1904842033" result="Passed" start-time="2018-04-23 08:52:30Z" end-time="2018-04-23 08:52:30Z" duration="0.001052" asserts="2" />
        <test-case id="1027" name="TestBuySupplierFieldInAuction" fullname="Test.Test.TestBuySupplierFieldInAuction" methodname="TestBuySupplierFieldInAuction" classname="Test.Test" runstate="Runnable" seed="2073781810" result="Passed" start-time="2018-04-23 08:52:30Z" end-time="2018-04-23 08:52:30Z" duration="0.001703" asserts="2" />
        <test-case id="1002" name="TestCrossedStartField" fullname="Test.Test.TestCrossedStartField" methodname="TestCrossedStartField" classname="Test.Test" runstate="Runnable" seed="1809458526" result="Passed" start-time="2018-04-23 08:52:30Z" end-time="2018-04-23 08:52:30Z" duration="0.044449" asserts="1" />
        <test-case id="1014" name="TestExChangeFieldMoney" fullname="Test.Test.TestExChangeFieldMoney" methodname="TestExChangeFieldMoney" classname="Test.Test" runstate="Runnable" seed="1118497661" result="Passed" start-time="2018-04-23 08:52:30Z" end-time="2018-04-23 08:52:30Z" duration="0.002869" asserts="5" />
        <test-case id="1015" name="TestExChangeFieldwithField" fullname="Test.Test.TestExChangeFieldwithField" methodname="TestExChangeFieldwithField" classname="Test.Test" runstate="Runnable" seed="413275709" result="Passed" start-time="2018-04-23 08:52:30Z" end-time="2018-04-23 08:52:30Z" duration="0.001969" asserts="2" />
        <test-case id="1029" name="TestexChangeSupplierFieldMoney" fullname="Test.Test.TestexChangeSupplierFieldMoney" methodname="TestexChangeSupplierFieldMoney" classname="Test.Test" runstate="Runnable" seed="548229236" result="Passed" start-time="2018-04-23 08:52:30Z" end-time="2018-04-23 08:52:30Z" duration="0.001855" asserts="5" />
        <test-case id="1028" name="TestExChangeSupplierFieldwithField" fullname="Test.Test.TestExChangeSupplierFieldwithField" methodname="TestExChangeSupplierFieldwithField" classname="Test.Test" runstate="Runnable" seed="637747205" result="Passed" start-time="2018-04-23 08:52:30Z" end-time="2018-04-23 08:52:30Z" duration="0.001839" asserts="2" />
        <test-case id="1021" name="TestExChangeTrainStationFieldMoney" fullname="Test.Test.TestExChangeTrainStationFieldMoney" methodname="TestExChangeTrainStationFieldMoney" classname="Test.Test" runstate="Runnable" seed="1237373985" result="Passed" start-time="2018-04-23 08:52:30Z" end-time="2018-04-23 08:52:30Z" duration="0.004374" asserts="5" />
        <test-case id="1022" name="TestExChangeTrainStationFieldwithField" fullname="Test.Test.TestExChangeTrainStationFieldwithField" methodname="TestExChangeTrainStationFieldwithField" classname="Test.Test" runstate="Runnable" seed="2114395342" result="Passed" start-time="2018-04-23 08:52:30Z" end-time="2018-04-23 08:52:30Z" duration="0.002056" asserts="2" />
        <test-case id="1004" name="TestGameOver" fullname="Test.Test.TestGameOver" methodname="TestGameOver" classname="Test.Test" runstate="Runnable" seed="97057914" result="Passed" start-time="2018-04-23 08:52:30Z" end-time="2018-04-23 08:52:30Z" duration="0.005935" asserts="2" />
        <test-case id="1036" name="TestGetMoneyFromPlayersCard" fullname="Test.Test.TestGetMoneyFromPlayersCard" methodname="TestGetMoneyFromPlayersCard" classname="Test.Test" runstate="Runnable" seed="668835897" result="Passed" start-time="2018-04-23 08:52:30Z" end-time="2018-04-23 08:52:30Z" duration="0.001639" asserts="3" />
        <test-case id="1039" name="TestGoToJailCard" fullname="Test.Test.TestGoToJailCard" methodname="TestGoToJailCard" classname="Test.Test" runstate="Runnable" seed="482134796" result="Passed" start-time="2018-04-23 08:52:30Z" end-time="2018-04-23 08:52:30Z" duration="0.001212" asserts="2" />
        <test-case id="1030" name="TestGoToJailField" fullname="Test.Test.TestGoToJailField" methodname="TestGoToJailField" classname="Test.Test" runstate="Runnable" seed="959926848" result="Passed" start-time="2018-04-23 08:52:30Z" end-time="2018-04-23 08:52:30Z" duration="0.001129" asserts="3" />
        <test-case id="1035" name="TestMoneyCard" fullname="Test.Test.TestMoneyCard" methodname="TestMoneyCard" classname="Test.Test" runstate="Runnable" seed="375133648" result="Passed" start-time="2018-04-23 08:52:30Z" end-time="2018-04-23 08:52:30Z" duration="0.001362" asserts="2" />
        <test-case id="1041" name="TestMoveCard" fullname="Test.Test.TestMoveCard" methodname="TestMoveCard" classname="Test.Test" runstate="Runnable" seed="152494385" result="Passed" start-time="2018-04-23 08:52:30Z" end-time="2018-04-23 08:52:30Z" duration="0.002297" asserts="2" />
        <test-case id="1040" name="TestMoveToCard" fullname="Test.Test.TestMoveToCard" methodname="TestMoveToCard" classname="Test.Test" runstate="Runnable" seed="1205829742" result="Passed" start-time="2018-04-23 08:52:30Z" end-time="2018-04-23 08:52:30Z" duration="0.002892" asserts="2" />
        <test-case id="1001" name="TestNextTurn" fullname="Test.Test.TestNextTurn" methodname="TestNextTurn" classname="Test.Test" runstate="Runnable" seed="1572195789" result="Passed" start-time="2018-04-23 08:52:30Z" end-time="2018-04-23 08:52:30Z" duration="0.001054" asserts="3" />
        <test-case id="1013" name="TestPayOffMortage" fullname="Test.Test.TestPayOffMortage" methodname="TestPayOffMortage" classname="Test.Test" runstate="Runnable" seed="188235899" result="Passed" start-time="2018-04-23 08:52:30Z" end-time="2018-04-23 08:52:30Z" duration="0.003370" asserts="5" />
        <test-case id="1026" name="TestPayOffMortageSupplierField" fullname="Test.Test.TestPayOffMortageSupplierField" methodname="TestPayOffMortageSupplierField" classname="Test.Test" runstate="Runnable" seed="1131753910" result="Passed" start-time="2018-04-23 08:52:30Z" end-time="2018-04-23 08:52:30Z" duration="0.002991" asserts="5" />
        <test-case id="1020" name="TestPayOffMortageTrainStation" fullname="Test.Test.TestPayOffMortageTrainStation" methodname="TestPayOffMortageTrainStation" classname="Test.Test" runstate="Runnable" seed="1302977899" result="Passed" start-time="2018-04-23 08:52:30Z" end-time="2018-04-23 08:52:30Z" duration="0.003528" asserts="5" />
        <test-case id="1038" name="TestPayPlayersCard" fullname="Test.Test.TestPayPlayersCard" methodname="TestPayPlayersCard" classname="Test.Test" runstate="Runnable" seed="386533148" result="Passed" start-time="2018-04-23 08:52:30Z" end-time="2018-04-23 08:52:30Z" duration="0.001612" asserts="3" />
        <test-case id="1011" name="TestPayRent" fullname="Test.Test.TestPayRent" methodname="TestPayRent" classname="Test.Test" runstate="Runnable" seed="1510510301" result="Passed" start-time="2018-04-23 08:52:30Z" end-time="2018-04-23 08:52:30Z" duration="0.001378" asserts="2" />
        <test-case id="1031" name="TestPlayerThrowsDouble" fullname="Test.Test.TestPlayerThrowsDouble" methodname="TestPlayerThrowsDouble" classname="Test.Test" runstate="Runnable" seed="1568641324" result="Passed" start-time="2018-04-23 08:52:30Z" end-time="2018-04-23 08:52:30Z" duration="0.001462" asserts="3" />
        <test-case id="1032" name="TestPlayerTried3Times" fullname="Test.Test.TestPlayerTried3Times" methodname="TestPlayerTried3Times" classname="Test.Test" runstate="Runnable" seed="160880750" result="Passed" start-time="2018-04-23 08:52:30Z" end-time="2018-04-23 08:52:30Z" duration="0.001513" asserts="4" />
        <test-case id="1007" name="TestRemovePlayer" fullname="Test.Test.TestRemovePlayer" methodname="TestRemovePlayer" classname="Test.Test" runstate="Runnable" seed="1788051175" result="Passed" start-time="2018-04-23 08:52:30Z" end-time="2018-04-23 08:52:30Z" duration="0.001841" asserts="4" />
        <test-case id="1010" name="TestSellHouse" fullname="Test.Test.TestSellHouse" methodname="TestSellHouse" classname="Test.Test" runstate="Runnable" seed="1942879813" result="Passed" start-time="2018-04-23 08:52:30Z" end-time="2018-04-23 08:52:30Z" duration="0.002393" asserts="4" />
        <test-case id="1006" name="TestSetPlayerPosition" fullname="Test.Test.TestSetPlayerPosition" methodname="TestSetPlayerPosition" classname="Test.Test" runstate="Runnable" seed="1345802645" result="Passed" start-time="2018-04-23 08:52:30Z" end-time="2018-04-23 08:52:30Z" duration="0.000869" asserts="1" />
        <test-case id="1037" name="TestStreetRepairCard" fullname="Test.Test.TestStreetRepairCard" methodname="TestStreetRepairCard" classname="Test.Test" runstate="Runnable" seed="1177104136" result="Passed" start-time="2018-04-23 08:52:30Z" end-time="2018-04-23 08:52:30Z" duration="0.002164" asserts="1" />
        <test-case id="1012" name="TestTakeMortage" fullname="Test.Test.TestTakeMortage" methodname="TestTakeMortage" classname="Test.Test" runstate="Runnable" seed="610882350" result="Passed" start-time="2018-04-23 08:52:30Z" end-time="2018-04-23 08:52:30Z" duration="0.002641" asserts="7" />
        <test-case id="1025" name="TestTakeMortageSupplierField" fullname="Test.Test.TestTakeMortageSupplierField" methodname="TestTakeMortageSupplierField" classname="Test.Test" runstate="Runnable" seed="261207995" result="Passed" start-time="2018-04-23 08:52:30Z" end-time="2018-04-23 08:52:30Z" duration="0.002043" asserts="6" />
        <test-case id="1019" name="TestTakeMortageTrainStation" fullname="Test.Test.TestTakeMortageTrainStation" methodname="TestTakeMortageTrainStation" classname="Test.Test" runstate="Runnable" seed="347896110" result="Passed" start-time="2018-04-23 08:52:31Z" end-time="2018-04-23 08:52:31Z" duration="0.002516" asserts="6" />
        <test-case id="1018" name="TestTrainStationField" fullname="Test.Test.TestTrainStationField" methodname="TestTrainStationField" classname="Test.Test" runstate="Runnable" seed="298655242" result="Passed" start-time="2018-04-23 08:52:31Z" end-time="2018-04-23 08:52:31Z" duration="0.002579" asserts="3" />
        <test-case id="1023" name="TestTrainStationFieldBuyInAuction" fullname="Test.Test.TestTrainStationFieldBuyInAuction" methodname="TestTrainStationFieldBuyInAuction" classname="Test.Test" runstate="Runnable" seed="1213229773" result="Passed" start-time="2018-04-23 08:52:31Z" end-time="2018-04-23 08:52:31Z" duration="0.001610" asserts="2" />
        <test-case id="1009" name="TestUpdateLevel" fullname="Test.Test.TestUpdateLevel" methodname="TestUpdateLevel" classname="Test.Test" runstate="Runnable" seed="1110022148" result="Passed" start-time="2018-04-23 08:52:31Z" end-time="2018-04-23 08:52:31Z" duration="0.002562" asserts="6" />
      </test-suite>
    </test-suite>
  </test-suite>
</test-run>