<?xml version="1.0" encoding="utf-8"?>
<test-run id="2" name="Test.exe" fullname="C:/Users/jsiedersberger/Documents/GitHub/Monopoly2.0/Monopoly/Test/bin/Debug/Test.exe" testcasecount="37" result="Passed" start-time="2018-04-12 14:22:31Z" end-time="2018-04-12 14:22:32Z" duration="0.766008" total="37" passed="37" failed="0" inconclusive="0" skipped="0" asserts="115" random-seed="1253863157">
  <command-line><![CDATA["C:\Users\jsiedersberger\Documents\GitHub\Monopoly2.0\Monopoly\Test\bin\Debug\Test.exe"]]></command-line>
  <filter />
  <test-suite type="Assembly" id="1038" name="Test.exe" fullname="C:/Users/jsiedersberger/Documents/GitHub/Monopoly2.0/Monopoly/Test/bin/Debug/Test.exe" runstate="Runnable" testcasecount="37" result="Passed" start-time="2018-04-12 14:22:31Z" end-time="2018-04-12 14:22:32Z" duration="0.766008" total="37" passed="37" failed="0" warnings="0" inconclusive="0" skipped="0" asserts="115">
    <environment framework-version="3.7.1.0" clr-version="4.0.30319.42000" os-version="Microsoft Windows NT 6.2.9200.0" platform="Win32NT" cwd="C:\Users\jsiedersberger\Documents\GitHub\Monopoly2.0\Monopoly\Test" machine-name="W-SIEDERSB-10" user="jsiedersberger" user-domain="DE" culture="de-DE" uiculture="de-DE" os-architecture="x86" />
    <settings>
      <setting name="WorkDirectory" value="C:\Users\jsiedersberger\Documents\GitHub\Monopoly2.0\Monopoly\Test" />
      <setting name="NumberOfTestWorkers" value="2" />
    </settings>
    <properties>
      <property name="_PID" value="12284" />
      <property name="_APPDOMAIN" value="Test.exe" />
    </properties>
    <test-suite type="TestSuite" id="1039" name="Test" fullname="Test" runstate="Runnable" testcasecount="37" result="Passed" start-time="2018-04-12 14:22:31Z" end-time="2018-04-12 14:22:32Z" duration="0.744650" total="37" passed="37" failed="0" warnings="0" inconclusive="0" skipped="0" asserts="115">
      <test-suite type="TestFixture" id="1000" name="Test" fullname="Test.Test" classname="Test.Test" runstate="Runnable" testcasecount="37" result="Passed" start-time="2018-04-12 14:22:31Z" end-time="2018-04-12 14:22:32Z" duration="0.739649" total="37" passed="37" failed="0" warnings="0" inconclusive="0" skipped="0" asserts="115">
        <test-case id="1005" name="PlayerDoesNotHaveEnoughMoney" fullname="Test.Test.PlayerDoesNotHaveEnoughMoney" methodname="PlayerDoesNotHaveEnoughMoney" classname="Test.Test" runstate="Runnable" seed="70939542" result="Passed" start-time="2018-04-12 14:22:31Z" end-time="2018-04-12 14:22:31Z" duration="0.436762" asserts="1" />
        <test-case id="1003" name="PlayerIsBankrupt" fullname="Test.Test.PlayerIsBankrupt" methodname="PlayerIsBankrupt" classname="Test.Test" runstate="Runnable" seed="1022614421" result="Passed" start-time="2018-04-12 14:22:31Z" end-time="2018-04-12 14:22:31Z" duration="0.005231" asserts="1" />
        <test-case id="1033" name="PlayerPayFineImmediately" fullname="Test.Test.PlayerPayFineImmediately" methodname="PlayerPayFineImmediately" classname="Test.Test" runstate="Runnable" seed="1004413707" result="Passed" start-time="2018-04-12 14:22:31Z" end-time="2018-04-12 14:22:31Z" duration="0.013231" asserts="2" />
        <test-case id="1017" name="TestAuctionField" fullname="Test.Test.TestAuctionField" methodname="TestAuctionField" classname="Test.Test" runstate="Runnable" seed="395650666" result="Passed" start-time="2018-04-12 14:22:31Z" end-time="2018-04-12 14:22:31Z" duration="0.006909" asserts="2" />
        <test-case id="1024" name="TestBuyAndRentSupplierField" fullname="Test.Test.TestBuyAndRentSupplierField" methodname="TestBuyAndRentSupplierField" classname="Test.Test" runstate="Runnable" seed="557003119" result="Passed" start-time="2018-04-12 14:22:31Z" end-time="2018-04-12 14:22:31Z" duration="0.007675" asserts="1" />
        <test-case id="1008" name="TestBuyCurrentField" fullname="Test.Test.TestBuyCurrentField" methodname="TestBuyCurrentField" classname="Test.Test" runstate="Runnable" seed="299821060" result="Passed" start-time="2018-04-12 14:22:31Z" end-time="2018-04-12 14:22:31Z" duration="0.002617" asserts="3" />
        <test-case id="1016" name="TestBuyInAuction" fullname="Test.Test.TestBuyInAuction" methodname="TestBuyInAuction" classname="Test.Test" runstate="Runnable" seed="210749061" result="Passed" start-time="2018-04-12 14:22:31Z" end-time="2018-04-12 14:22:31Z" duration="0.000806" asserts="2" />
        <test-case id="1027" name="TestBuySupplierFieldInAuction" fullname="Test.Test.TestBuySupplierFieldInAuction" methodname="TestBuySupplierFieldInAuction" classname="Test.Test" runstate="Runnable" seed="667242559" result="Passed" start-time="2018-04-12 14:22:31Z" end-time="2018-04-12 14:22:31Z" duration="0.001536" asserts="2" />
        <test-case id="1002" name="TestCrossedStartField" fullname="Test.Test.TestCrossedStartField" methodname="TestCrossedStartField" classname="Test.Test" runstate="Runnable" seed="301267309" result="Passed" start-time="2018-04-12 14:22:31Z" end-time="2018-04-12 14:22:32Z" duration="0.058930" asserts="1" />
        <test-case id="1014" name="TestExChangeFieldMoney" fullname="Test.Test.TestExChangeFieldMoney" methodname="TestExChangeFieldMoney" classname="Test.Test" runstate="Runnable" seed="323940970" result="Passed" start-time="2018-04-12 14:22:32Z" end-time="2018-04-12 14:22:32Z" duration="0.002591" asserts="5" />
        <test-case id="1015" name="TestExChangeFieldwithField" fullname="Test.Test.TestExChangeFieldwithField" methodname="TestExChangeFieldwithField" classname="Test.Test" runstate="Runnable" seed="1799908636" result="Passed" start-time="2018-04-12 14:22:32Z" end-time="2018-04-12 14:22:32Z" duration="0.001898" asserts="2" />
        <test-case id="1029" name="TestexChangeSupplierFieldMoney" fullname="Test.Test.TestexChangeSupplierFieldMoney" methodname="TestexChangeSupplierFieldMoney" classname="Test.Test" runstate="Runnable" seed="1314835085" result="Passed" start-time="2018-04-12 14:22:32Z" end-time="2018-04-12 14:22:32Z" duration="0.001824" asserts="5" />
        <test-case id="1028" name="TestExChangeSupplierFieldwithField" fullname="Test.Test.TestExChangeSupplierFieldwithField" methodname="TestExChangeSupplierFieldwithField" classname="Test.Test" runstate="Runnable" seed="155538265" result="Passed" start-time="2018-04-12 14:22:32Z" end-time="2018-04-12 14:22:32Z" duration="0.001609" asserts="2" />
        <test-case id="1021" name="TestExChangeTrainStationFieldMoney" fullname="Test.Test.TestExChangeTrainStationFieldMoney" methodname="TestExChangeTrainStationFieldMoney" classname="Test.Test" runstate="Runnable" seed="898061290" result="Passed" start-time="2018-04-12 14:22:32Z" end-time="2018-04-12 14:22:32Z" duration="0.004402" asserts="5" />
        <test-case id="1022" name="TestExChangeTrainStationFieldwithField" fullname="Test.Test.TestExChangeTrainStationFieldwithField" methodname="TestExChangeTrainStationFieldwithField" classname="Test.Test" runstate="Runnable" seed="1219926782" result="Passed" start-time="2018-04-12 14:22:32Z" end-time="2018-04-12 14:22:32Z" duration="0.001867" asserts="2" />
        <test-case id="1004" name="TestGameOver" fullname="Test.Test.TestGameOver" methodname="TestGameOver" classname="Test.Test" runstate="Runnable" seed="766425107" result="Passed" start-time="2018-04-12 14:22:32Z" end-time="2018-04-12 14:22:32Z" duration="0.005859" asserts="2" />
        <test-case id="1035" name="TestGetMoneyFromPlayersCard" fullname="Test.Test.TestGetMoneyFromPlayersCard" methodname="TestGetMoneyFromPlayersCard" classname="Test.Test" runstate="Runnable" seed="826840621" result="Passed" start-time="2018-04-12 14:22:32Z" end-time="2018-04-12 14:22:32Z" duration="0.001690" asserts="3" />
        <test-case id="1030" name="TestGoToJailField" fullname="Test.Test.TestGoToJailField" methodname="TestGoToJailField" classname="Test.Test" runstate="Runnable" seed="475490375" result="Passed" start-time="2018-04-12 14:22:32Z" end-time="2018-04-12 14:22:32Z" duration="0.000851" asserts="3" />
        <test-case id="1034" name="TestMoneyCard" fullname="Test.Test.TestMoneyCard" methodname="TestMoneyCard" classname="Test.Test" runstate="Runnable" seed="1163985674" result="Passed" start-time="2018-04-12 14:22:32Z" end-time="2018-04-12 14:22:32Z" duration="0.001441" asserts="1" />
        <test-case id="1001" name="TestNextTurn" fullname="Test.Test.TestNextTurn" methodname="TestNextTurn" classname="Test.Test" runstate="Runnable" seed="1341225965" result="Passed" start-time="2018-04-12 14:22:32Z" end-time="2018-04-12 14:22:32Z" duration="0.000884" asserts="3" />
        <test-case id="1013" name="TestPayOffMortage" fullname="Test.Test.TestPayOffMortage" methodname="TestPayOffMortage" classname="Test.Test" runstate="Runnable" seed="1098038474" result="Passed" start-time="2018-04-12 14:22:32Z" end-time="2018-04-12 14:22:32Z" duration="0.003304" asserts="5" />
        <test-case id="1026" name="TestPayOffMortageSupplierField" fullname="Test.Test.TestPayOffMortageSupplierField" methodname="TestPayOffMortageSupplierField" classname="Test.Test" runstate="Runnable" seed="506227551" result="Passed" start-time="2018-04-12 14:22:32Z" end-time="2018-04-12 14:22:32Z" duration="0.003369" asserts="5" />
        <test-case id="1020" name="TestPayOffMortageTrainStation" fullname="Test.Test.TestPayOffMortageTrainStation" methodname="TestPayOffMortageTrainStation" classname="Test.Test" runstate="Runnable" seed="1866158690" result="Passed" start-time="2018-04-12 14:22:32Z" end-time="2018-04-12 14:22:32Z" duration="0.003815" asserts="5" />
        <test-case id="1037" name="TestPayPlayersCard" fullname="Test.Test.TestPayPlayersCard" methodname="TestPayPlayersCard" classname="Test.Test" runstate="Runnable" seed="2007532252" result="Passed" start-time="2018-04-12 14:22:32Z" end-time="2018-04-12 14:22:32Z" duration="0.002005" asserts="3" />
        <test-case id="1011" name="TestPayRent" fullname="Test.Test.TestPayRent" methodname="TestPayRent" classname="Test.Test" runstate="Runnable" seed="774509575" result="Passed" start-time="2018-04-12 14:22:32Z" end-time="2018-04-12 14:22:32Z" duration="0.001389" asserts="2" />
        <test-case id="1031" name="TestPlayerThrowsDouble" fullname="Test.Test.TestPlayerThrowsDouble" methodname="TestPlayerThrowsDouble" classname="Test.Test" runstate="Runnable" seed="1834799919" result="Passed" start-time="2018-04-12 14:22:32Z" end-time="2018-04-12 14:22:32Z" duration="0.001525" asserts="3" />
        <test-case id="1032" name="TestPlayerTried3Times" fullname="Test.Test.TestPlayerTried3Times" methodname="TestPlayerTried3Times" classname="Test.Test" runstate="Runnable" seed="1115528136" result="Passed" start-time="2018-04-12 14:22:32Z" end-time="2018-04-12 14:22:32Z" duration="0.001288" asserts="4" />
        <test-case id="1007" name="TestRemovePlayer" fullname="Test.Test.TestRemovePlayer" methodname="TestRemovePlayer" classname="Test.Test" runstate="Runnable" seed="1348833692" result="Passed" start-time="2018-04-12 14:22:32Z" end-time="2018-04-12 14:22:32Z" duration="0.002052" asserts="4" />
        <test-case id="1010" name="TestSellHouse" fullname="Test.Test.TestSellHouse" methodname="TestSellHouse" classname="Test.Test" runstate="Runnable" seed="2008771195" result="Passed" start-time="2018-04-12 14:22:32Z" end-time="2018-04-12 14:22:32Z" duration="0.002497" asserts="4" />
        <test-case id="1006" name="TestSetPlayerPosition" fullname="Test.Test.TestSetPlayerPosition" methodname="TestSetPlayerPosition" classname="Test.Test" runstate="Runnable" seed="714864637" result="Passed" start-time="2018-04-12 14:22:32Z" end-time="2018-04-12 14:22:32Z" duration="0.000613" asserts="1" />
        <test-case id="1036" name="TestStreetRepairCard" fullname="Test.Test.TestStreetRepairCard" methodname="TestStreetRepairCard" classname="Test.Test" runstate="Runnable" seed="1498565572" result="Passed" start-time="2018-04-12 14:22:32Z" end-time="2018-04-12 14:22:32Z" duration="0.002246" asserts="1" />
        <test-case id="1012" name="TestTakeMortage" fullname="Test.Test.TestTakeMortage" methodname="TestTakeMortage" classname="Test.Test" runstate="Runnable" seed="1249875429" result="Passed" start-time="2018-04-12 14:22:32Z" end-time="2018-04-12 14:22:32Z" duration="0.002459" asserts="7" />
        <test-case id="1025" name="TestTakeMortageSupplierField" fullname="Test.Test.TestTakeMortageSupplierField" methodname="TestTakeMortageSupplierField" classname="Test.Test" runstate="Runnable" seed="2017664269" result="Passed" start-time="2018-04-12 14:22:32Z" end-time="2018-04-12 14:22:32Z" duration="0.001937" asserts="6" />
        <test-case id="1019" name="TestTakeMortageTrainStation" fullname="Test.Test.TestTakeMortageTrainStation" methodname="TestTakeMortageTrainStation" classname="Test.Test" runstate="Runnable" seed="2056464178" result="Passed" start-time="2018-04-12 14:22:32Z" end-time="2018-04-12 14:22:32Z" duration="0.002328" asserts="6" />
        <test-case id="1018" name="TestTrainStationField" fullname="Test.Test.TestTrainStationField" methodname="TestTrainStationField" classname="Test.Test" runstate="Runnable" seed="1768031157" result="Passed" start-time="2018-04-12 14:22:32Z" end-time="2018-04-12 14:22:32Z" duration="0.003915" asserts="3" />
        <test-case id="1023" name="TestTrainStationFieldBuyInAuction" fullname="Test.Test.TestTrainStationFieldBuyInAuction" methodname="TestTrainStationFieldBuyInAuction" classname="Test.Test" runstate="Runnable" seed="184705234" result="Passed" start-time="2018-04-12 14:22:32Z" end-time="2018-04-12 14:22:32Z" duration="0.001334" asserts="2" />
        <test-case id="1009" name="TestUpdateLevel" fullname="Test.Test.TestUpdateLevel" methodname="TestUpdateLevel" classname="Test.Test" runstate="Runnable" seed="1291501305" result="Passed" start-time="2018-04-12 14:22:32Z" end-time="2018-04-12 14:22:32Z" duration="0.002298" asserts="6" />
      </test-suite>
    </test-suite>
  </test-suite>
</test-run>