<?xml version="1.0" encoding="utf-8"?>
<test-run id="2" name="Test.exe" fullname="C:/Users/jsiedersberger/Documents/GitHub/Monopoly2.0/Monopoly/Test/bin/Debug/Test.exe" testcasecount="9" result="Passed" start-time="2018-03-27 13:13:30Z" end-time="2018-03-27 13:13:30Z" duration="0.563127" total="9" passed="9" failed="0" inconclusive="0" skipped="0" asserts="25" random-seed="800649277">
  <command-line><![CDATA["C:\Users\jsiedersberger\Documents\GitHub\Monopoly2.0\Monopoly\Test\bin\Debug\Test.exe"]]></command-line>
  <filter />
  <test-suite type="Assembly" id="1010" name="Test.exe" fullname="C:/Users/jsiedersberger/Documents/GitHub/Monopoly2.0/Monopoly/Test/bin/Debug/Test.exe" runstate="Runnable" testcasecount="9" result="Passed" start-time="2018-03-27 13:13:30Z" end-time="2018-03-27 13:13:30Z" duration="0.563127" total="9" passed="9" failed="0" warnings="0" inconclusive="0" skipped="0" asserts="25">
    <environment framework-version="3.7.1.0" clr-version="4.0.30319.42000" os-version="Microsoft Windows NT 6.2.9200.0" platform="Win32NT" cwd="C:\Users\jsiedersberger\Documents\GitHub\Monopoly2.0\Monopoly\Test" machine-name="W-SIEDERSB-10" user="jsiedersberger" user-domain="DE" culture="de-DE" uiculture="de-DE" os-architecture="x86" />
    <settings>
      <setting name="WorkDirectory" value="C:\Users\jsiedersberger\Documents\GitHub\Monopoly2.0\Monopoly\Test" />
      <setting name="NumberOfTestWorkers" value="2" />
    </settings>
    <properties>
      <property name="_PID" value="9364" />
      <property name="_APPDOMAIN" value="Test.exe" />
    </properties>
    <test-suite type="TestSuite" id="1011" name="Test" fullname="Test" runstate="Runnable" testcasecount="9" result="Passed" start-time="2018-03-27 13:13:30Z" end-time="2018-03-27 13:13:30Z" duration="0.541633" total="9" passed="9" failed="0" warnings="0" inconclusive="0" skipped="0" asserts="25">
      <test-suite type="TestFixture" id="1000" name="Test" fullname="Test.Test" classname="Test.Test" runstate="Runnable" testcasecount="9" result="Passed" start-time="2018-03-27 13:13:30Z" end-time="2018-03-27 13:13:30Z" duration="0.537551" total="9" passed="9" failed="0" warnings="0" inconclusive="0" skipped="0" asserts="25">
        <test-case id="1002" name="TestBuyCurrentField" fullname="Test.Test.TestBuyCurrentField" methodname="TestBuyCurrentField" classname="Test.Test" runstate="Runnable" seed="1022550723" result="Passed" start-time="2018-03-27 13:13:30Z" end-time="2018-03-27 13:13:30Z" duration="0.422488" asserts="3" />
        <test-case id="1006" name="TestCrossedStartField" fullname="Test.Test.TestCrossedStartField" methodname="TestCrossedStartField" classname="Test.Test" runstate="Runnable" seed="860272241" result="Passed" start-time="2018-03-27 13:13:30Z" end-time="2018-03-27 13:13:30Z" duration="0.055993" asserts="1" />
        <test-case id="1001" name="TestNextTurn" fullname="Test.Test.TestNextTurn" methodname="TestNextTurn" classname="Test.Test" runstate="Runnable" seed="1998382322" result="Passed" start-time="2018-03-27 13:13:30Z" end-time="2018-03-27 13:13:30Z" duration="0.000908" asserts="3" />
        <test-case id="1008" name="TestPayOffMortage" fullname="Test.Test.TestPayOffMortage" methodname="TestPayOffMortage" classname="Test.Test" runstate="Runnable" seed="471975192" result="Passed" start-time="2018-03-27 13:13:30Z" end-time="2018-03-27 13:13:30Z" duration="0.002361" asserts="3" />
        <test-case id="1004" name="TestPayRent" fullname="Test.Test.TestPayRent" methodname="TestPayRent" classname="Test.Test" runstate="Runnable" seed="1869601702" result="Passed" start-time="2018-03-27 13:13:30Z" end-time="2018-03-27 13:13:30Z" duration="0.002745" asserts="1" />
        <test-case id="1009" name="TestSellHouse" fullname="Test.Test.TestSellHouse" methodname="TestSellHouse" classname="Test.Test" runstate="Runnable" seed="1846169991" result="Passed" start-time="2018-03-27 13:13:30Z" end-time="2018-03-27 13:13:30Z" duration="0.001729" asserts="2" />
        <test-case id="1005" name="TestSetPlayerPosition" fullname="Test.Test.TestSetPlayerPosition" methodname="TestSetPlayerPosition" classname="Test.Test" runstate="Runnable" seed="2011084058" result="Passed" start-time="2018-03-27 13:13:30Z" end-time="2018-03-27 13:13:30Z" duration="0.000885" asserts="1" />
        <test-case id="1007" name="TestTakeMortage" fullname="Test.Test.TestTakeMortage" methodname="TestTakeMortage" classname="Test.Test" runstate="Runnable" seed="1814720534" result="Passed" start-time="2018-03-27 13:13:30Z" end-time="2018-03-27 13:13:30Z" duration="0.001679" asserts="5" />
        <test-case id="1003" name="TestUpdateLevel" fullname="Test.Test.TestUpdateLevel" methodname="TestUpdateLevel" classname="Test.Test" runstate="Runnable" seed="812705099" result="Passed" start-time="2018-03-27 13:13:30Z" end-time="2018-03-27 13:13:30Z" duration="0.002477" asserts="6" />
      </test-suite>
    </test-suite>
  </test-suite>
</test-run>