<?xml version="1.0" encoding="utf-8"?>
<test-run id="2" name="Test.exe" fullname="C:/Users/jsiedersberger/Documents/GitHub/Monopoly2.0/Monopoly/Test/bin/Debug/Test.exe" testcasecount="23" result="Passed" start-time="2018-04-11 08:22:41Z" end-time="2018-04-11 08:22:41Z" duration="0.708365" total="23" passed="23" failed="0" inconclusive="0" skipped="0" asserts="74" random-seed="1553362132">
  <command-line><![CDATA["C:\Users\jsiedersberger\Documents\GitHub\Monopoly2.0\Monopoly\Test\bin\Debug\Test.exe"]]></command-line>
  <filter />
  <test-suite type="Assembly" id="1024" name="Test.exe" fullname="C:/Users/jsiedersberger/Documents/GitHub/Monopoly2.0/Monopoly/Test/bin/Debug/Test.exe" runstate="Runnable" testcasecount="23" result="Passed" start-time="2018-04-11 08:22:41Z" end-time="2018-04-11 08:22:41Z" duration="0.708365" total="23" passed="23" failed="0" warnings="0" inconclusive="0" skipped="0" asserts="74">
    <environment framework-version="3.7.1.0" clr-version="4.0.30319.42000" os-version="Microsoft Windows NT 6.2.9200.0" platform="Win32NT" cwd="C:\Users\jsiedersberger\Documents\GitHub\Monopoly2.0\Monopoly\Test" machine-name="W-SIEDERSB-10" user="jsiedersberger" user-domain="DE" culture="de-DE" uiculture="de-DE" os-architecture="x86" />
    <settings>
      <setting name="WorkDirectory" value="C:\Users\jsiedersberger\Documents\GitHub\Monopoly2.0\Monopoly\Test" />
      <setting name="NumberOfTestWorkers" value="2" />
    </settings>
    <properties>
      <property name="_PID" value="3640" />
      <property name="_APPDOMAIN" value="Test.exe" />
    </properties>
    <test-suite type="TestSuite" id="1025" name="Test" fullname="Test" runstate="Runnable" testcasecount="23" result="Passed" start-time="2018-04-11 08:22:41Z" end-time="2018-04-11 08:22:41Z" duration="0.683568" total="23" passed="23" failed="0" warnings="0" inconclusive="0" skipped="0" asserts="74">
      <test-suite type="TestFixture" id="1000" name="Test" fullname="Test.Test" classname="Test.Test" runstate="Runnable" testcasecount="23" result="Passed" start-time="2018-04-11 08:22:41Z" end-time="2018-04-11 08:22:41Z" duration="0.675650" total="23" passed="23" failed="0" warnings="0" inconclusive="0" skipped="0" asserts="74">
        <test-case id="1005" name="PlayerDoesNotHaveEnoughMoney" fullname="Test.Test.PlayerDoesNotHaveEnoughMoney" methodname="PlayerDoesNotHaveEnoughMoney" classname="Test.Test" runstate="Runnable" seed="704657783" result="Passed" start-time="2018-04-11 08:22:41Z" end-time="2018-04-11 08:22:41Z" duration="0.453407" asserts="1" />
        <test-case id="1003" name="PlayerIsBankrupt" fullname="Test.Test.PlayerIsBankrupt" methodname="PlayerIsBankrupt" classname="Test.Test" runstate="Runnable" seed="1971602401" result="Passed" start-time="2018-04-11 08:22:41Z" end-time="2018-04-11 08:22:41Z" duration="0.004647" asserts="1" />
        <test-case id="1015" name="TestAuctionField" fullname="Test.Test.TestAuctionField" methodname="TestAuctionField" classname="Test.Test" runstate="Runnable" seed="1653993695" result="Passed" start-time="2018-04-11 08:22:41Z" end-time="2018-04-11 08:22:41Z" duration="0.013553" asserts="2" />
        <test-case id="1006" name="TestBuyCurrentField" fullname="Test.Test.TestBuyCurrentField" methodname="TestBuyCurrentField" classname="Test.Test" runstate="Runnable" seed="502959493" result="Passed" start-time="2018-04-11 08:22:41Z" end-time="2018-04-11 08:22:41Z" duration="0.002314" asserts="3" />
        <test-case id="1014" name="TestBuyInAuction" fullname="Test.Test.TestBuyInAuction" methodname="TestBuyInAuction" classname="Test.Test" runstate="Runnable" seed="1088153186" result="Passed" start-time="2018-04-11 08:22:41Z" end-time="2018-04-11 08:22:41Z" duration="0.000714" asserts="2" />
        <test-case id="1002" name="TestCrossedStartField" fullname="Test.Test.TestCrossedStartField" methodname="TestCrossedStartField" classname="Test.Test" runstate="Runnable" seed="1589592670" result="Passed" start-time="2018-04-11 08:22:41Z" end-time="2018-04-11 08:22:41Z" duration="0.053679" asserts="1" />
        <test-case id="1012" name="TestExChangeFieldMoney" fullname="Test.Test.TestExChangeFieldMoney" methodname="TestExChangeFieldMoney" classname="Test.Test" runstate="Runnable" seed="426238890" result="Passed" start-time="2018-04-11 08:22:41Z" end-time="2018-04-11 08:22:41Z" duration="0.002367" asserts="5" />
        <test-case id="1013" name="TestExChangeFieldwithField" fullname="Test.Test.TestExChangeFieldwithField" methodname="TestExChangeFieldwithField" classname="Test.Test" runstate="Runnable" seed="1473357470" result="Passed" start-time="2018-04-11 08:22:41Z" end-time="2018-04-11 08:22:41Z" duration="0.001651" asserts="2" />
        <test-case id="1019" name="TestExChangeTrainStationFieldMoney" fullname="Test.Test.TestExChangeTrainStationFieldMoney" methodname="TestExChangeTrainStationFieldMoney" classname="Test.Test" runstate="Runnable" seed="104603814" result="Passed" start-time="2018-04-11 08:22:41Z" end-time="2018-04-11 08:22:41Z" duration="0.005025" asserts="5" />
        <test-case id="1020" name="TestExChangeTrainStationFieldwithField" fullname="Test.Test.TestExChangeTrainStationFieldwithField" methodname="TestExChangeTrainStationFieldwithField" classname="Test.Test" runstate="Runnable" seed="1919943721" result="Passed" start-time="2018-04-11 08:22:41Z" end-time="2018-04-11 08:22:41Z" duration="0.001746" asserts="2" />
        <test-case id="1004" name="TestGameOver" fullname="Test.Test.TestGameOver" methodname="TestGameOver" classname="Test.Test" runstate="Runnable" seed="99943097" result="Passed" start-time="2018-04-11 08:22:41Z" end-time="2018-04-11 08:22:41Z" duration="0.005627" asserts="2" />
        <test-case id="1001" name="TestNextTurn" fullname="Test.Test.TestNextTurn" methodname="TestNextTurn" classname="Test.Test" runstate="Runnable" seed="835607916" result="Passed" start-time="2018-04-11 08:22:41Z" end-time="2018-04-11 08:22:41Z" duration="0.000714" asserts="3" />
        <test-case id="1011" name="TestPayOffMortage" fullname="Test.Test.TestPayOffMortage" methodname="TestPayOffMortage" classname="Test.Test" runstate="Runnable" seed="627849328" result="Passed" start-time="2018-04-11 08:22:41Z" end-time="2018-04-11 08:22:41Z" duration="0.002890" asserts="5" />
        <test-case id="1018" name="TestPayOffMortageTrainStation" fullname="Test.Test.TestPayOffMortageTrainStation" methodname="TestPayOffMortageTrainStation" classname="Test.Test" runstate="Runnable" seed="78943291" result="Passed" start-time="2018-04-11 08:22:41Z" end-time="2018-04-11 08:22:41Z" duration="0.003182" asserts="5" />
        <test-case id="1009" name="TestPayRent" fullname="Test.Test.TestPayRent" methodname="TestPayRent" classname="Test.Test" runstate="Runnable" seed="304196265" result="Passed" start-time="2018-04-11 08:22:41Z" end-time="2018-04-11 08:22:41Z" duration="0.001057" asserts="2" />
        <test-case id="1023" name="TestRemovePlayer" fullname="Test.Test.TestRemovePlayer" methodname="TestRemovePlayer" classname="Test.Test" runstate="Runnable" seed="622904164" result="Passed" start-time="2018-04-11 08:22:41Z" end-time="2018-04-11 08:22:41Z" duration="0.001546" asserts="4" />
        <test-case id="1008" name="TestSellHouse" fullname="Test.Test.TestSellHouse" methodname="TestSellHouse" classname="Test.Test" runstate="Runnable" seed="1293160708" result="Passed" start-time="2018-04-11 08:22:41Z" end-time="2018-04-11 08:22:41Z" duration="0.002035" asserts="4" />
        <test-case id="1022" name="TestSetPlayerPosition" fullname="Test.Test.TestSetPlayerPosition" methodname="TestSetPlayerPosition" classname="Test.Test" runstate="Runnable" seed="1703543534" result="Passed" start-time="2018-04-11 08:22:41Z" end-time="2018-04-11 08:22:41Z" duration="0.000577" asserts="1" />
        <test-case id="1010" name="TestTakeMortage" fullname="Test.Test.TestTakeMortage" methodname="TestTakeMortage" classname="Test.Test" runstate="Runnable" seed="428741160" result="Passed" start-time="2018-04-11 08:22:41Z" end-time="2018-04-11 08:22:41Z" duration="0.002351" asserts="7" />
        <test-case id="1017" name="TestTakeMortageTrainStation" fullname="Test.Test.TestTakeMortageTrainStation" methodname="TestTakeMortageTrainStation" classname="Test.Test" runstate="Runnable" seed="291153090" result="Passed" start-time="2018-04-11 08:22:41Z" end-time="2018-04-11 08:22:41Z" duration="0.002147" asserts="6" />
        <test-case id="1016" name="TestTrainStationField" fullname="Test.Test.TestTrainStationField" methodname="TestTrainStationField" classname="Test.Test" runstate="Runnable" seed="1921598464" result="Passed" start-time="2018-04-11 08:22:41Z" end-time="2018-04-11 08:22:41Z" duration="0.002572" asserts="3" />
        <test-case id="1021" name="TestTrainStationFieldBuyInAuction" fullname="Test.Test.TestTrainStationFieldBuyInAuction" methodname="TestTrainStationFieldBuyInAuction" classname="Test.Test" runstate="Runnable" seed="974704258" result="Passed" start-time="2018-04-11 08:22:41Z" end-time="2018-04-11 08:22:41Z" duration="0.001216" asserts="2" />
        <test-case id="1007" name="TestUpdateLevel" fullname="Test.Test.TestUpdateLevel" methodname="TestUpdateLevel" classname="Test.Test" runstate="Runnable" seed="1898757502" result="Passed" start-time="2018-04-11 08:22:41Z" end-time="2018-04-11 08:22:41Z" duration="0.002124" asserts="6" />
      </test-suite>
    </test-suite>
  </test-suite>
</test-run>