<?xml version="1.0" encoding="utf-8"?>
<test-run id="2" name="Test.exe" fullname="C:/Users/jsiedersberger/Documents/GitHub/Monopoly2.0/Monopoly/Test/bin/Debug/Test.exe" testcasecount="29" result="Passed" start-time="2018-04-11 11:13:16Z" end-time="2018-04-11 11:13:17Z" duration="0.795179" total="29" passed="29" failed="0" inconclusive="0" skipped="0" asserts="95" random-seed="1672380308">
  <command-line><![CDATA["C:\Users\jsiedersberger\Documents\GitHub\Monopoly2.0\Monopoly\Test\bin\Debug\Test.exe"]]></command-line>
  <filter />
  <test-suite type="Assembly" id="1030" name="Test.exe" fullname="C:/Users/jsiedersberger/Documents/GitHub/Monopoly2.0/Monopoly/Test/bin/Debug/Test.exe" runstate="Runnable" testcasecount="29" result="Passed" start-time="2018-04-11 11:13:16Z" end-time="2018-04-11 11:13:17Z" duration="0.795179" total="29" passed="29" failed="0" warnings="0" inconclusive="0" skipped="0" asserts="95">
    <environment framework-version="3.7.1.0" clr-version="4.0.30319.42000" os-version="Microsoft Windows NT 6.2.9200.0" platform="Win32NT" cwd="C:\Users\jsiedersberger\Documents\GitHub\Monopoly2.0\Monopoly\Test" machine-name="W-SIEDERSB-10" user="jsiedersberger" user-domain="DE" culture="de-DE" uiculture="de-DE" os-architecture="x86" />
    <settings>
      <setting name="WorkDirectory" value="C:\Users\jsiedersberger\Documents\GitHub\Monopoly2.0\Monopoly\Test" />
      <setting name="NumberOfTestWorkers" value="2" />
    </settings>
    <properties>
      <property name="_PID" value="13360" />
      <property name="_APPDOMAIN" value="Test.exe" />
    </properties>
    <test-suite type="TestSuite" id="1031" name="Test" fullname="Test" runstate="Runnable" testcasecount="29" result="Passed" start-time="2018-04-11 11:13:16Z" end-time="2018-04-11 11:13:17Z" duration="0.773658" total="29" passed="29" failed="0" warnings="0" inconclusive="0" skipped="0" asserts="95">
      <test-suite type="TestFixture" id="1000" name="Test" fullname="Test.Test" classname="Test.Test" runstate="Runnable" testcasecount="29" result="Passed" start-time="2018-04-11 11:13:16Z" end-time="2018-04-11 11:13:17Z" duration="0.768571" total="29" passed="29" failed="0" warnings="0" inconclusive="0" skipped="0" asserts="95">
        <test-case id="1005" name="PlayerDoesNotHaveEnoughMoney" fullname="Test.Test.PlayerDoesNotHaveEnoughMoney" methodname="PlayerDoesNotHaveEnoughMoney" classname="Test.Test" runstate="Runnable" seed="1783152706" result="Passed" start-time="2018-04-11 11:13:16Z" end-time="2018-04-11 11:13:17Z" duration="0.516896" asserts="1" />
        <test-case id="1003" name="PlayerIsBankrupt" fullname="Test.Test.PlayerIsBankrupt" methodname="PlayerIsBankrupt" classname="Test.Test" runstate="Runnable" seed="1026259447" result="Passed" start-time="2018-04-11 11:13:17Z" end-time="2018-04-11 11:13:17Z" duration="0.004936" asserts="1" />
        <test-case id="1017" name="TestAuctionField" fullname="Test.Test.TestAuctionField" methodname="TestAuctionField" classname="Test.Test" runstate="Runnable" seed="564721229" result="Passed" start-time="2018-04-11 11:13:17Z" end-time="2018-04-11 11:13:17Z" duration="0.013785" asserts="2" />
        <test-case id="1024" name="TestBuyAndRentSupplierField" fullname="Test.Test.TestBuyAndRentSupplierField" methodname="TestBuyAndRentSupplierField" classname="Test.Test" runstate="Runnable" seed="1880247756" result="Passed" start-time="2018-04-11 11:13:17Z" end-time="2018-04-11 11:13:17Z" duration="0.008817" asserts="1" />
        <test-case id="1008" name="TestBuyCurrentField" fullname="Test.Test.TestBuyCurrentField" methodname="TestBuyCurrentField" classname="Test.Test" runstate="Runnable" seed="1944865372" result="Passed" start-time="2018-04-11 11:13:17Z" end-time="2018-04-11 11:13:17Z" duration="0.002775" asserts="3" />
        <test-case id="1016" name="TestBuyInAuction" fullname="Test.Test.TestBuyInAuction" methodname="TestBuyInAuction" classname="Test.Test" runstate="Runnable" seed="1897734177" result="Passed" start-time="2018-04-11 11:13:17Z" end-time="2018-04-11 11:13:17Z" duration="0.000881" asserts="2" />
        <test-case id="1027" name="TestBuySupplierFieldInAuction" fullname="Test.Test.TestBuySupplierFieldInAuction" methodname="TestBuySupplierFieldInAuction" classname="Test.Test" runstate="Runnable" seed="292854332" result="Passed" start-time="2018-04-11 11:13:17Z" end-time="2018-04-11 11:13:17Z" duration="0.002916" asserts="2" />
        <test-case id="1002" name="TestCrossedStartField" fullname="Test.Test.TestCrossedStartField" methodname="TestCrossedStartField" classname="Test.Test" runstate="Runnable" seed="263980949" result="Passed" start-time="2018-04-11 11:13:17Z" end-time="2018-04-11 11:13:17Z" duration="0.056720" asserts="1" />
        <test-case id="1014" name="TestExChangeFieldMoney" fullname="Test.Test.TestExChangeFieldMoney" methodname="TestExChangeFieldMoney" classname="Test.Test" runstate="Runnable" seed="2079672541" result="Passed" start-time="2018-04-11 11:13:17Z" end-time="2018-04-11 11:13:17Z" duration="0.002514" asserts="5" />
        <test-case id="1015" name="TestExChangeFieldwithField" fullname="Test.Test.TestExChangeFieldwithField" methodname="TestExChangeFieldwithField" classname="Test.Test" runstate="Runnable" seed="1695037534" result="Passed" start-time="2018-04-11 11:13:17Z" end-time="2018-04-11 11:13:17Z" duration="0.001788" asserts="2" />
        <test-case id="1029" name="TestexChangeSupplierFieldMoney" fullname="Test.Test.TestexChangeSupplierFieldMoney" methodname="TestexChangeSupplierFieldMoney" classname="Test.Test" runstate="Runnable" seed="1733955175" result="Passed" start-time="2018-04-11 11:13:17Z" end-time="2018-04-11 11:13:17Z" duration="0.001641" asserts="5" />
        <test-case id="1028" name="TestExChangeSupplierFieldwithField" fullname="Test.Test.TestExChangeSupplierFieldwithField" methodname="TestExChangeSupplierFieldwithField" classname="Test.Test" runstate="Runnable" seed="26969837" result="Passed" start-time="2018-04-11 11:13:17Z" end-time="2018-04-11 11:13:17Z" duration="0.001564" asserts="2" />
        <test-case id="1021" name="TestExChangeTrainStationFieldMoney" fullname="Test.Test.TestExChangeTrainStationFieldMoney" methodname="TestExChangeTrainStationFieldMoney" classname="Test.Test" runstate="Runnable" seed="935271624" result="Passed" start-time="2018-04-11 11:13:17Z" end-time="2018-04-11 11:13:17Z" duration="0.004224" asserts="5" />
        <test-case id="1022" name="TestExChangeTrainStationFieldwithField" fullname="Test.Test.TestExChangeTrainStationFieldwithField" methodname="TestExChangeTrainStationFieldwithField" classname="Test.Test" runstate="Runnable" seed="1596350697" result="Passed" start-time="2018-04-11 11:13:17Z" end-time="2018-04-11 11:13:17Z" duration="0.001779" asserts="2" />
        <test-case id="1004" name="TestGameOver" fullname="Test.Test.TestGameOver" methodname="TestGameOver" classname="Test.Test" runstate="Runnable" seed="749911967" result="Passed" start-time="2018-04-11 11:13:17Z" end-time="2018-04-11 11:13:17Z" duration="0.005856" asserts="2" />
        <test-case id="1001" name="TestNextTurn" fullname="Test.Test.TestNextTurn" methodname="TestNextTurn" classname="Test.Test" runstate="Runnable" seed="819434965" result="Passed" start-time="2018-04-11 11:13:17Z" end-time="2018-04-11 11:13:17Z" duration="0.000745" asserts="3" />
        <test-case id="1013" name="TestPayOffMortage" fullname="Test.Test.TestPayOffMortage" methodname="TestPayOffMortage" classname="Test.Test" runstate="Runnable" seed="1802757833" result="Passed" start-time="2018-04-11 11:13:17Z" end-time="2018-04-11 11:13:17Z" duration="0.002805" asserts="5" />
        <test-case id="1026" name="TestPayOffMortageSupplierField" fullname="Test.Test.TestPayOffMortageSupplierField" methodname="TestPayOffMortageSupplierField" classname="Test.Test" runstate="Runnable" seed="1991426491" result="Passed" start-time="2018-04-11 11:13:17Z" end-time="2018-04-11 11:13:17Z" duration="0.002698" asserts="5" />
        <test-case id="1020" name="TestPayOffMortageTrainStation" fullname="Test.Test.TestPayOffMortageTrainStation" methodname="TestPayOffMortageTrainStation" classname="Test.Test" runstate="Runnable" seed="462015994" result="Passed" start-time="2018-04-11 11:13:17Z" end-time="2018-04-11 11:13:17Z" duration="0.003248" asserts="5" />
        <test-case id="1011" name="TestPayRent" fullname="Test.Test.TestPayRent" methodname="TestPayRent" classname="Test.Test" runstate="Runnable" seed="1741704679" result="Passed" start-time="2018-04-11 11:13:17Z" end-time="2018-04-11 11:13:17Z" duration="0.001087" asserts="2" />
        <test-case id="1007" name="TestRemovePlayer" fullname="Test.Test.TestRemovePlayer" methodname="TestRemovePlayer" classname="Test.Test" runstate="Runnable" seed="321482947" result="Passed" start-time="2018-04-11 11:13:17Z" end-time="2018-04-11 11:13:17Z" duration="0.001563" asserts="4" />
        <test-case id="1010" name="TestSellHouse" fullname="Test.Test.TestSellHouse" methodname="TestSellHouse" classname="Test.Test" runstate="Runnable" seed="1656576180" result="Passed" start-time="2018-04-11 11:13:17Z" end-time="2018-04-11 11:13:17Z" duration="0.002172" asserts="4" />
        <test-case id="1006" name="TestSetPlayerPosition" fullname="Test.Test.TestSetPlayerPosition" methodname="TestSetPlayerPosition" classname="Test.Test" runstate="Runnable" seed="1885038535" result="Passed" start-time="2018-04-11 11:13:17Z" end-time="2018-04-11 11:13:17Z" duration="0.000616" asserts="1" />
        <test-case id="1012" name="TestTakeMortage" fullname="Test.Test.TestTakeMortage" methodname="TestTakeMortage" classname="Test.Test" runstate="Runnable" seed="1797627439" result="Passed" start-time="2018-04-11 11:13:17Z" end-time="2018-04-11 11:13:17Z" duration="0.002351" asserts="7" />
        <test-case id="1025" name="TestTakeMortageSupplierField" fullname="Test.Test.TestTakeMortageSupplierField" methodname="TestTakeMortageSupplierField" classname="Test.Test" runstate="Runnable" seed="471251001" result="Passed" start-time="2018-04-11 11:13:17Z" end-time="2018-04-11 11:13:17Z" duration="0.001798" asserts="6" />
        <test-case id="1019" name="TestTakeMortageTrainStation" fullname="Test.Test.TestTakeMortageTrainStation" methodname="TestTakeMortageTrainStation" classname="Test.Test" runstate="Runnable" seed="1472677976" result="Passed" start-time="2018-04-11 11:13:17Z" end-time="2018-04-11 11:13:17Z" duration="0.002225" asserts="6" />
        <test-case id="1018" name="TestTrainStationField" fullname="Test.Test.TestTrainStationField" methodname="TestTrainStationField" classname="Test.Test" runstate="Runnable" seed="938945490" result="Passed" start-time="2018-04-11 11:13:17Z" end-time="2018-04-11 11:13:17Z" duration="0.002809" asserts="3" />
        <test-case id="1023" name="TestTrainStationFieldBuyInAuction" fullname="Test.Test.TestTrainStationFieldBuyInAuction" methodname="TestTrainStationFieldBuyInAuction" classname="Test.Test" runstate="Runnable" seed="1513156702" result="Passed" start-time="2018-04-11 11:13:17Z" end-time="2018-04-11 11:13:17Z" duration="0.001255" asserts="2" />
        <test-case id="1009" name="TestUpdateLevel" fullname="Test.Test.TestUpdateLevel" methodname="TestUpdateLevel" classname="Test.Test" runstate="Runnable" seed="156433791" result="Passed" start-time="2018-04-11 11:13:17Z" end-time="2018-04-11 11:13:17Z" duration="0.002226" asserts="6" />
      </test-suite>
    </test-suite>
  </test-suite>
</test-run>