<?xml version="1.0" encoding="utf-8"?>
<test-run id="2" name="Test.exe" fullname="C:/Users/jsiedersberger/Documents/GitHub/Monopoly2.0/Monopoly/Test/bin/Debug/Test.exe" testcasecount="16" result="Passed" start-time="2018-04-10 13:57:11Z" end-time="2018-04-10 13:57:12Z" duration="0.672222" total="16" passed="16" failed="0" inconclusive="0" skipped="0" asserts="49" random-seed="63275314">
  <command-line><![CDATA["C:\Users\jsiedersberger\Documents\GitHub\Monopoly2.0\Monopoly\Test\bin\Debug\Test.exe"]]></command-line>
  <filter />
  <test-suite type="Assembly" id="1017" name="Test.exe" fullname="C:/Users/jsiedersberger/Documents/GitHub/Monopoly2.0/Monopoly/Test/bin/Debug/Test.exe" runstate="Runnable" testcasecount="16" result="Passed" start-time="2018-04-10 13:57:11Z" end-time="2018-04-10 13:57:12Z" duration="0.672222" total="16" passed="16" failed="0" warnings="0" inconclusive="0" skipped="0" asserts="49">
    <environment framework-version="3.7.1.0" clr-version="4.0.30319.42000" os-version="Microsoft Windows NT 6.2.9200.0" platform="Win32NT" cwd="C:\Users\jsiedersberger\Documents\GitHub\Monopoly2.0\Monopoly\Test" machine-name="W-SIEDERSB-10" user="jsiedersberger" user-domain="DE" culture="de-DE" uiculture="de-DE" os-architecture="x86" />
    <settings>
      <setting name="WorkDirectory" value="C:\Users\jsiedersberger\Documents\GitHub\Monopoly2.0\Monopoly\Test" />
      <setting name="NumberOfTestWorkers" value="2" />
    </settings>
    <properties>
      <property name="_PID" value="10068" />
      <property name="_APPDOMAIN" value="Test.exe" />
    </properties>
    <test-suite type="TestSuite" id="1018" name="Test" fullname="Test" runstate="Runnable" testcasecount="16" result="Passed" start-time="2018-04-10 13:57:11Z" end-time="2018-04-10 13:57:12Z" duration="0.650737" total="16" passed="16" failed="0" warnings="0" inconclusive="0" skipped="0" asserts="49">
      <test-suite type="TestFixture" id="1000" name="Test" fullname="Test.Test" classname="Test.Test" runstate="Runnable" testcasecount="16" result="Passed" start-time="2018-04-10 13:57:11Z" end-time="2018-04-10 13:57:12Z" duration="0.646616" total="16" passed="16" failed="0" warnings="0" inconclusive="0" skipped="0" asserts="49">
        <test-case id="1014" name="PlayerDoesNotHaveEnoughMoney" fullname="Test.Test.PlayerDoesNotHaveEnoughMoney" methodname="PlayerDoesNotHaveEnoughMoney" classname="Test.Test" runstate="Runnable" seed="1621026305" result="Passed" start-time="2018-04-10 13:57:11Z" end-time="2018-04-10 13:57:12Z" duration="0.478763" asserts="1" />
        <test-case id="1013" name="PlayerIsBankrupt" fullname="Test.Test.PlayerIsBankrupt" methodname="PlayerIsBankrupt" classname="Test.Test" runstate="Runnable" seed="72462871" result="Passed" start-time="2018-04-10 13:57:12Z" end-time="2018-04-10 13:57:12Z" duration="0.004291" asserts="1" />
        <test-case id="1016" name="TestAuctionField" fullname="Test.Test.TestAuctionField" methodname="TestAuctionField" classname="Test.Test" runstate="Runnable" seed="267121394" result="Passed" start-time="2018-04-10 13:57:12Z" end-time="2018-04-10 13:57:12Z" duration="0.013515" asserts="2" />
        <test-case id="1002" name="TestBuyCurrentField" fullname="Test.Test.TestBuyCurrentField" methodname="TestBuyCurrentField" classname="Test.Test" runstate="Runnable" seed="1278559523" result="Passed" start-time="2018-04-10 13:57:12Z" end-time="2018-04-10 13:57:12Z" duration="0.002226" asserts="3" />
        <test-case id="1012" name="TestBuyInAuction" fullname="Test.Test.TestBuyInAuction" methodname="TestBuyInAuction" classname="Test.Test" runstate="Runnable" seed="590602492" result="Passed" start-time="2018-04-10 13:57:12Z" end-time="2018-04-10 13:57:12Z" duration="0.000684" asserts="2" />
        <test-case id="1006" name="TestCrossedStartField" fullname="Test.Test.TestCrossedStartField" methodname="TestCrossedStartField" classname="Test.Test" runstate="Runnable" seed="875599580" result="Passed" start-time="2018-04-10 13:57:12Z" end-time="2018-04-10 13:57:12Z" duration="0.053477" asserts="1" />
        <test-case id="1010" name="TestExChangeFieldMoney" fullname="Test.Test.TestExChangeFieldMoney" methodname="TestExChangeFieldMoney" classname="Test.Test" runstate="Runnable" seed="664175578" result="Passed" start-time="2018-04-10 13:57:12Z" end-time="2018-04-10 13:57:12Z" duration="0.002340" asserts="5" />
        <test-case id="1011" name="TestExChangeFieldwithField" fullname="Test.Test.TestExChangeFieldwithField" methodname="TestExChangeFieldwithField" classname="Test.Test" runstate="Runnable" seed="2136757851" result="Passed" start-time="2018-04-10 13:57:12Z" end-time="2018-04-10 13:57:12Z" duration="0.001800" asserts="2" />
        <test-case id="1001" name="TestNextTurn" fullname="Test.Test.TestNextTurn" methodname="TestNextTurn" classname="Test.Test" runstate="Runnable" seed="1026960275" result="Passed" start-time="2018-04-10 13:57:12Z" end-time="2018-04-10 13:57:12Z" duration="0.000698" asserts="3" />
        <test-case id="1008" name="TestPayOffMortage" fullname="Test.Test.TestPayOffMortage" methodname="TestPayOffMortage" classname="Test.Test" runstate="Runnable" seed="189738408" result="Passed" start-time="2018-04-10 13:57:12Z" end-time="2018-04-10 13:57:12Z" duration="0.002965" asserts="5" />
        <test-case id="1004" name="TestPayRent" fullname="Test.Test.TestPayRent" methodname="TestPayRent" classname="Test.Test" runstate="Runnable" seed="1251026142" result="Passed" start-time="2018-04-10 13:57:12Z" end-time="2018-04-10 13:57:12Z" duration="0.001006" asserts="2" />
        <test-case id="1015" name="TestRemovePlayer1" fullname="Test.Test.TestRemovePlayer1" methodname="TestRemovePlayer1" classname="Test.Test" runstate="Runnable" seed="389639976" result="Passed" start-time="2018-04-10 13:57:12Z" end-time="2018-04-10 13:57:12Z" duration="0.005037" asserts="4" />
        <test-case id="1009" name="TestSellHouse" fullname="Test.Test.TestSellHouse" methodname="TestSellHouse" classname="Test.Test" runstate="Runnable" seed="195223547" result="Passed" start-time="2018-04-10 13:57:12Z" end-time="2018-04-10 13:57:12Z" duration="0.002052" asserts="4" />
        <test-case id="1005" name="TestSetPlayerPosition" fullname="Test.Test.TestSetPlayerPosition" methodname="TestSetPlayerPosition" classname="Test.Test" runstate="Runnable" seed="2009367097" result="Passed" start-time="2018-04-10 13:57:12Z" end-time="2018-04-10 13:57:12Z" duration="0.000556" asserts="1" />
        <test-case id="1007" name="TestTakeMortage" fullname="Test.Test.TestTakeMortage" methodname="TestTakeMortage" classname="Test.Test" runstate="Runnable" seed="99550964" result="Passed" start-time="2018-04-10 13:57:12Z" end-time="2018-04-10 13:57:12Z" duration="0.002392" asserts="7" />
        <test-case id="1003" name="TestUpdateLevel" fullname="Test.Test.TestUpdateLevel" methodname="TestUpdateLevel" classname="Test.Test" runstate="Runnable" seed="1828551015" result="Passed" start-time="2018-04-10 13:57:12Z" end-time="2018-04-10 13:57:12Z" duration="0.002260" asserts="6" />
      </test-suite>
    </test-suite>
  </test-suite>
</test-run>