<?xml version="1.0" encoding="utf-8"?>
<test-run id="2" name="Test.exe" fullname="C:/Users/jsiedersberger/Documents/GitHub/Monopoly2.0/Monopoly/Test/bin/Debug/Test.exe" testcasecount="49" result="Passed" start-time="2018-04-24 08:08:57Z" end-time="2018-04-24 08:08:59Z" duration="2.061369" total="49" passed="49" failed="0" inconclusive="0" skipped="0" asserts="133" random-seed="672604005">
  <command-line><![CDATA["C:\Users\jsiedersberger\Documents\GitHub\Monopoly2.0\Monopoly\Test\bin\Debug\Test.exe"]]></command-line>
  <filter />
  <test-suite type="Assembly" id="1050" name="Test.exe" fullname="C:/Users/jsiedersberger/Documents/GitHub/Monopoly2.0/Monopoly/Test/bin/Debug/Test.exe" runstate="Runnable" testcasecount="49" result="Passed" start-time="2018-04-24 08:08:57Z" end-time="2018-04-24 08:08:59Z" duration="2.061369" total="49" passed="49" failed="0" warnings="0" inconclusive="0" skipped="0" asserts="133">
    <environment framework-version="3.7.1.0" clr-version="4.0.30319.42000" os-version="Microsoft Windows NT 6.2.9200.0" platform="Win32NT" cwd="C:\Users\jsiedersberger\Documents\GitHub\Monopoly2.0\Monopoly\Test" machine-name="W-SIEDERSB-10" user="jsiedersberger" user-domain="DE" culture="de-DE" uiculture="de-DE" os-architecture="x86" />
    <settings>
      <setting name="WorkDirectory" value="C:\Users\jsiedersberger\Documents\GitHub\Monopoly2.0\Monopoly\Test" />
      <setting name="NumberOfTestWorkers" value="2" />
    </settings>
    <properties>
      <property name="_PID" value="14188" />
      <property name="_APPDOMAIN" value="Test.exe" />
    </properties>
    <test-suite type="TestSuite" id="1051" name="Test" fullname="Test" runstate="Runnable" testcasecount="49" result="Passed" start-time="2018-04-24 08:08:57Z" end-time="2018-04-24 08:08:59Z" duration="2.016114" total="49" passed="49" failed="0" warnings="0" inconclusive="0" skipped="0" asserts="133">
      <test-suite type="TestFixture" id="1000" name="Test" fullname="Test.Test" classname="Test.Test" runstate="Runnable" testcasecount="49" result="Passed" start-time="2018-04-24 08:08:57Z" end-time="2018-04-24 08:08:59Z" duration="1.988008" total="49" passed="49" failed="0" warnings="0" inconclusive="0" skipped="0" asserts="133">
        <test-case id="1047" name="GetOutofJail" fullname="Test.Test.GetOutofJail" methodname="GetOutofJail" classname="Test.Test" runstate="Runnable" seed="10228218" result="Passed" start-time="2018-04-24 08:08:57Z" end-time="2018-04-24 08:08:58Z" duration="0.413910" asserts="2" />
        <test-case id="1046" name="GoToNextMemberofGroup" fullname="Test.Test.GoToNextMemberofGroup" methodname="GoToNextMemberofGroup" classname="Test.Test" runstate="Runnable" seed="1028310219" result="Passed" start-time="2018-04-24 08:08:58Z" end-time="2018-04-24 08:08:58Z" duration="0.008438" asserts="2" />
        <test-case id="1005" name="PlayerDoesNotHaveEnoughMoney" fullname="Test.Test.PlayerDoesNotHaveEnoughMoney" methodname="PlayerDoesNotHaveEnoughMoney" classname="Test.Test" runstate="Runnable" seed="80101782" result="Passed" start-time="2018-04-24 08:08:58Z" end-time="2018-04-24 08:08:58Z" duration="0.023842" asserts="1" />
        <test-case id="1003" name="PlayerIsBankrupt" fullname="Test.Test.PlayerIsBankrupt" methodname="PlayerIsBankrupt" classname="Test.Test" runstate="Runnable" seed="666431618" result="Passed" start-time="2018-04-24 08:08:58Z" end-time="2018-04-24 08:08:58Z" duration="0.005106" asserts="1" />
        <test-case id="1033" name="PlayerPayFineImmediately" fullname="Test.Test.PlayerPayFineImmediately" methodname="PlayerPayFineImmediately" classname="Test.Test" runstate="Runnable" seed="1372482098" result="Passed" start-time="2018-04-24 08:08:58Z" end-time="2018-04-24 08:08:58Z" duration="0.004882" asserts="2" />
        <test-case id="1034" name="PlayerThrowsDoubleThreeTimes" fullname="Test.Test.PlayerThrowsDoubleThreeTimes" methodname="PlayerThrowsDoubleThreeTimes" classname="Test.Test" runstate="Runnable" seed="373099577" result="Passed" start-time="2018-04-24 08:08:58Z" end-time="2018-04-24 08:08:58Z" duration="0.002306" asserts="1" />
        <test-case id="1017" name="TestAuctionField" fullname="Test.Test.TestAuctionField" methodname="TestAuctionField" classname="Test.Test" runstate="Runnable" seed="1269790862" result="Passed" start-time="2018-04-24 08:08:58Z" end-time="2018-04-24 08:08:58Z" duration="0.009525" asserts="2" />
        <test-case id="1024" name="TestBuyAndRentSupplierField" fullname="Test.Test.TestBuyAndRentSupplierField" methodname="TestBuyAndRentSupplierField" classname="Test.Test" runstate="Runnable" seed="139591994" result="Passed" start-time="2018-04-24 08:08:58Z" end-time="2018-04-24 08:08:58Z" duration="0.008023" asserts="3" />
        <test-case id="1008" name="TestBuyCurrentField" fullname="Test.Test.TestBuyCurrentField" methodname="TestBuyCurrentField" classname="Test.Test" runstate="Runnable" seed="1286597042" result="Passed" start-time="2018-04-24 08:08:58Z" end-time="2018-04-24 08:08:58Z" duration="0.002997" asserts="3" />
        <test-case id="1016" name="TestBuyInAuction" fullname="Test.Test.TestBuyInAuction" methodname="TestBuyInAuction" classname="Test.Test" runstate="Runnable" seed="412881645" result="Passed" start-time="2018-04-24 08:08:58Z" end-time="2018-04-24 08:08:58Z" duration="0.001233" asserts="2" />
        <test-case id="1027" name="TestBuySupplierFieldInAuction" fullname="Test.Test.TestBuySupplierFieldInAuction" methodname="TestBuySupplierFieldInAuction" classname="Test.Test" runstate="Runnable" seed="1721341079" result="Passed" start-time="2018-04-24 08:08:58Z" end-time="2018-04-24 08:08:58Z" duration="0.004001" asserts="2" />
        <test-case id="1049" name="TestChangeField" fullname="Test.Test.TestChangeField" methodname="TestChangeField" classname="Test.Test" runstate="Runnable" seed="174772973" result="Passed" start-time="2018-04-24 08:08:58Z" end-time="2018-04-24 08:08:58Z" duration="0.044936" asserts="0" />
        <test-case id="1048" name="TestCommunityChestField" fullname="Test.Test.TestCommunityChestField" methodname="TestCommunityChestField" classname="Test.Test" runstate="Runnable" seed="76427486" result="Passed" start-time="2018-04-24 08:08:58Z" end-time="2018-04-24 08:08:58Z" duration="0.002087" asserts="0" />
        <test-case id="1002" name="TestCrossedStartField" fullname="Test.Test.TestCrossedStartField" methodname="TestCrossedStartField" classname="Test.Test" runstate="Runnable" seed="1700078043" result="Passed" start-time="2018-04-24 08:08:58Z" end-time="2018-04-24 08:08:58Z" duration="0.001911" asserts="1" />
        <test-case id="1014" name="TestExChangeFieldMoney" fullname="Test.Test.TestExChangeFieldMoney" methodname="TestExChangeFieldMoney" classname="Test.Test" runstate="Runnable" seed="1954878322" result="Passed" start-time="2018-04-24 08:08:58Z" end-time="2018-04-24 08:08:58Z" duration="0.002518" asserts="5" />
        <test-case id="1015" name="TestExChangeFieldwithField" fullname="Test.Test.TestExChangeFieldwithField" methodname="TestExChangeFieldwithField" classname="Test.Test" runstate="Runnable" seed="1627455962" result="Passed" start-time="2018-04-24 08:08:58Z" end-time="2018-04-24 08:08:58Z" duration="0.001982" asserts="2" />
        <test-case id="1029" name="TestexChangeSupplierFieldMoney" fullname="Test.Test.TestexChangeSupplierFieldMoney" methodname="TestexChangeSupplierFieldMoney" classname="Test.Test" runstate="Runnable" seed="834134447" result="Passed" start-time="2018-04-24 08:08:58Z" end-time="2018-04-24 08:08:58Z" duration="0.001915" asserts="5" />
        <test-case id="1028" name="TestExChangeSupplierFieldwithField" fullname="Test.Test.TestExChangeSupplierFieldwithField" methodname="TestExChangeSupplierFieldwithField" classname="Test.Test" runstate="Runnable" seed="1483137495" result="Passed" start-time="2018-04-24 08:08:58Z" end-time="2018-04-24 08:08:58Z" duration="0.001886" asserts="2" />
        <test-case id="1021" name="TestExChangeTrainStationFieldMoney" fullname="Test.Test.TestExChangeTrainStationFieldMoney" methodname="TestExChangeTrainStationFieldMoney" classname="Test.Test" runstate="Runnable" seed="286974763" result="Passed" start-time="2018-04-24 08:08:58Z" end-time="2018-04-24 08:08:58Z" duration="0.004349" asserts="5" />
        <test-case id="1022" name="TestExChangeTrainStationFieldwithField" fullname="Test.Test.TestExChangeTrainStationFieldwithField" methodname="TestExChangeTrainStationFieldwithField" classname="Test.Test" runstate="Runnable" seed="274291428" result="Passed" start-time="2018-04-24 08:08:58Z" end-time="2018-04-24 08:08:58Z" duration="0.002157" asserts="2" />
        <test-case id="1004" name="TestGameOver" fullname="Test.Test.TestGameOver" methodname="TestGameOver" classname="Test.Test" runstate="Runnable" seed="661204674" result="Passed" start-time="2018-04-24 08:08:58Z" end-time="2018-04-24 08:08:58Z" duration="0.005593" asserts="2" />
        <test-case id="1036" name="TestGetMoneyFromPlayersCard" fullname="Test.Test.TestGetMoneyFromPlayersCard" methodname="TestGetMoneyFromPlayersCard" classname="Test.Test" runstate="Runnable" seed="1466638585" result="Passed" start-time="2018-04-24 08:08:58Z" end-time="2018-04-24 08:08:58Z" duration="0.001185" asserts="3" />
        <test-case id="1039" name="TestGoToJailCard" fullname="Test.Test.TestGoToJailCard" methodname="TestGoToJailCard" classname="Test.Test" runstate="Runnable" seed="1679899220" result="Passed" start-time="2018-04-24 08:08:58Z" end-time="2018-04-24 08:08:58Z" duration="0.002413" asserts="2" />
        <test-case id="1030" name="TestGoToJailField" fullname="Test.Test.TestGoToJailField" methodname="TestGoToJailField" classname="Test.Test" runstate="Runnable" seed="1931790153" result="Passed" start-time="2018-04-24 08:08:58Z" end-time="2018-04-24 08:08:58Z" duration="0.001146" asserts="3" />
        <test-case id="1035" name="TestMoneyCard" fullname="Test.Test.TestMoneyCard" methodname="TestMoneyCard" classname="Test.Test" runstate="Runnable" seed="424903467" result="Passed" start-time="2018-04-24 08:08:58Z" end-time="2018-04-24 08:08:58Z" duration="0.001530" asserts="2" />
        <test-case id="1044" name="TestMoveCardBackWards" fullname="Test.Test.TestMoveCardBackWards" methodname="TestMoveCardBackWards" classname="Test.Test" runstate="Runnable" seed="1021152114" result="Passed" start-time="2018-04-24 08:08:58Z" end-time="2018-04-24 08:08:58Z" duration="0.002450" asserts="1" />
        <test-case id="1045" name="TestMoveCardBackWardsAndCrossStart" fullname="Test.Test.TestMoveCardBackWardsAndCrossStart" methodname="TestMoveCardBackWardsAndCrossStart" classname="Test.Test" runstate="Runnable" seed="1534723750" result="Passed" start-time="2018-04-24 08:08:58Z" end-time="2018-04-24 08:08:58Z" duration="0.001029" asserts="1" />
        <test-case id="1042" name="TestMoveCardForwards" fullname="Test.Test.TestMoveCardForwards" methodname="TestMoveCardForwards" classname="Test.Test" runstate="Runnable" seed="1585597926" result="Passed" start-time="2018-04-24 08:08:58Z" end-time="2018-04-24 08:08:58Z" duration="0.001020" asserts="1" />
        <test-case id="1043" name="TestMoveCardForwardsAndCrossStart" fullname="Test.Test.TestMoveCardForwardsAndCrossStart" methodname="TestMoveCardForwardsAndCrossStart" classname="Test.Test" runstate="Runnable" seed="2014952231" result="Passed" start-time="2018-04-24 08:08:58Z" end-time="2018-04-24 08:08:58Z" duration="0.001147" asserts="2" />
        <test-case id="1041" name="TestMoveToCard" fullname="Test.Test.TestMoveToCard" methodname="TestMoveToCard" classname="Test.Test" runstate="Runnable" seed="572950378" result="Passed" start-time="2018-04-24 08:08:58Z" end-time="2018-04-24 08:08:58Z" duration="0.001087" asserts="1" />
        <test-case id="1040" name="TestMoveToCardAndCrossStart" fullname="Test.Test.TestMoveToCardAndCrossStart" methodname="TestMoveToCardAndCrossStart" classname="Test.Test" runstate="Runnable" seed="333142154" result="Passed" start-time="2018-04-24 08:08:58Z" end-time="2018-04-24 08:08:58Z" duration="0.001096" asserts="2" />
        <test-case id="1001" name="TestNextTurn" fullname="Test.Test.TestNextTurn" methodname="TestNextTurn" classname="Test.Test" runstate="Runnable" seed="1153924897" result="Passed" start-time="2018-04-24 08:08:59Z" end-time="2018-04-24 08:08:59Z" duration="0.001883" asserts="3" />
        <test-case id="1013" name="TestPayOffMortage" fullname="Test.Test.TestPayOffMortage" methodname="TestPayOffMortage" classname="Test.Test" runstate="Runnable" seed="711203036" result="Passed" start-time="2018-04-24 08:08:59Z" end-time="2018-04-24 08:08:59Z" duration="0.003164" asserts="5" />
        <test-case id="1026" name="TestPayOffMortageSupplierField" fullname="Test.Test.TestPayOffMortageSupplierField" methodname="TestPayOffMortageSupplierField" classname="Test.Test" runstate="Runnable" seed="642367662" result="Passed" start-time="2018-04-24 08:08:59Z" end-time="2018-04-24 08:08:59Z" duration="0.003055" asserts="5" />
        <test-case id="1020" name="TestPayOffMortageTrainStation" fullname="Test.Test.TestPayOffMortageTrainStation" methodname="TestPayOffMortageTrainStation" classname="Test.Test" runstate="Runnable" seed="1550676389" result="Passed" start-time="2018-04-24 08:08:59Z" end-time="2018-04-24 08:08:59Z" duration="0.003549" asserts="5" />
        <test-case id="1038" name="TestPayPlayersCard" fullname="Test.Test.TestPayPlayersCard" methodname="TestPayPlayersCard" classname="Test.Test" runstate="Runnable" seed="188122240" result="Passed" start-time="2018-04-24 08:08:59Z" end-time="2018-04-24 08:08:59Z" duration="0.001744" asserts="3" />
        <test-case id="1011" name="TestPayRent" fullname="Test.Test.TestPayRent" methodname="TestPayRent" classname="Test.Test" runstate="Runnable" seed="1923274464" result="Passed" start-time="2018-04-24 08:08:59Z" end-time="2018-04-24 08:08:59Z" duration="0.001437" asserts="2" />
        <test-case id="1031" name="TestPlayerThrowsDouble" fullname="Test.Test.TestPlayerThrowsDouble" methodname="TestPlayerThrowsDouble" classname="Test.Test" runstate="Runnable" seed="1504373814" result="Passed" start-time="2018-04-24 08:08:59Z" end-time="2018-04-24 08:08:59Z" duration="0.001239" asserts="3" />
        <test-case id="1032" name="TestPlayerTried3Times" fullname="Test.Test.TestPlayerTried3Times" methodname="TestPlayerTried3Times" classname="Test.Test" runstate="Runnable" seed="874840131" result="Passed" start-time="2018-04-24 08:08:59Z" end-time="2018-04-24 08:08:59Z" duration="0.001496" asserts="4" />
        <test-case id="1007" name="TestRemovePlayer" fullname="Test.Test.TestRemovePlayer" methodname="TestRemovePlayer" classname="Test.Test" runstate="Runnable" seed="364186679" result="Passed" start-time="2018-04-24 08:08:59Z" end-time="2018-04-24 08:08:59Z" duration="0.002234" asserts="4" />
        <test-case id="1010" name="TestSellHouse" fullname="Test.Test.TestSellHouse" methodname="TestSellHouse" classname="Test.Test" runstate="Runnable" seed="600567691" result="Passed" start-time="2018-04-24 08:08:59Z" end-time="2018-04-24 08:08:59Z" duration="0.002762" asserts="4" />
        <test-case id="1006" name="TestSetPlayerPosition" fullname="Test.Test.TestSetPlayerPosition" methodname="TestSetPlayerPosition" classname="Test.Test" runstate="Runnable" seed="1766882739" result="Passed" start-time="2018-04-24 08:08:59Z" end-time="2018-04-24 08:08:59Z" duration="0.000912" asserts="1" />
        <test-case id="1037" name="TestStreetRepairCard" fullname="Test.Test.TestStreetRepairCard" methodname="TestStreetRepairCard" classname="Test.Test" runstate="Runnable" seed="412163130" result="Passed" start-time="2018-04-24 08:08:59Z" end-time="2018-04-24 08:08:59Z" duration="0.002530" asserts="1" />
        <test-case id="1012" name="TestTakeMortage" fullname="Test.Test.TestTakeMortage" methodname="TestTakeMortage" classname="Test.Test" runstate="Runnable" seed="46177260" result="Passed" start-time="2018-04-24 08:08:59Z" end-time="2018-04-24 08:08:59Z" duration="0.002750" asserts="7" />
        <test-case id="1025" name="TestTakeMortageSupplierField" fullname="Test.Test.TestTakeMortageSupplierField" methodname="TestTakeMortageSupplierField" classname="Test.Test" runstate="Runnable" seed="1332419108" result="Passed" start-time="2018-04-24 08:08:59Z" end-time="2018-04-24 08:08:59Z" duration="0.002108" asserts="6" />
        <test-case id="1019" name="TestTakeMortageTrainStation" fullname="Test.Test.TestTakeMortageTrainStation" methodname="TestTakeMortageTrainStation" classname="Test.Test" runstate="Runnable" seed="1423168361" result="Passed" start-time="2018-04-24 08:08:59Z" end-time="2018-04-24 08:08:59Z" duration="0.002745" asserts="6" />
        <test-case id="1018" name="TestTrainStationField" fullname="Test.Test.TestTrainStationField" methodname="TestTrainStationField" classname="Test.Test" runstate="Runnable" seed="1671904830" result="Passed" start-time="2018-04-24 08:08:59Z" end-time="2018-04-24 08:08:59Z" duration="0.002521" asserts="3" />
        <test-case id="1023" name="TestTrainStationFieldBuyInAuction" fullname="Test.Test.TestTrainStationFieldBuyInAuction" methodname="TestTrainStationFieldBuyInAuction" classname="Test.Test" runstate="Runnable" seed="638011730" result="Passed" start-time="2018-04-24 08:08:59Z" end-time="2018-04-24 08:08:59Z" duration="0.001577" asserts="2" />
        <test-case id="1009" name="TestUpdateLevel" fullname="Test.Test.TestUpdateLevel" methodname="TestUpdateLevel" classname="Test.Test" runstate="Runnable" seed="545157851" result="Passed" start-time="2018-04-24 08:08:59Z" end-time="2018-04-24 08:08:59Z" duration="0.002548" asserts="6" />
      </test-suite>
    </test-suite>
  </test-suite>
</test-run>