<?xml version="1.0" encoding="utf-8"?>
<test-run id="2" name="Test.exe" fullname="C:/Users/jsiedersberger/Documents/GitHub/Monopoly2.0/Monopoly/Test/bin/Debug/Test.exe" testcasecount="45" result="Passed" start-time="2018-04-23 12:50:33Z" end-time="2018-04-23 12:50:33Z" duration="0.767166" total="45" passed="45" failed="0" inconclusive="0" skipped="0" asserts="127" random-seed="588991078">
  <command-line><![CDATA["C:\Users\jsiedersberger\Documents\GitHub\Monopoly2.0\Monopoly\Test\bin\Debug\Test.exe"]]></command-line>
  <filter />
  <test-suite type="Assembly" id="1046" name="Test.exe" fullname="C:/Users/jsiedersberger/Documents/GitHub/Monopoly2.0/Monopoly/Test/bin/Debug/Test.exe" runstate="Runnable" testcasecount="45" result="Passed" start-time="2018-04-23 12:50:33Z" end-time="2018-04-23 12:50:33Z" duration="0.767166" total="45" passed="45" failed="0" warnings="0" inconclusive="0" skipped="0" asserts="127">
    <environment framework-version="3.7.1.0" clr-version="4.0.30319.42000" os-version="Microsoft Windows NT 6.2.9200.0" platform="Win32NT" cwd="C:\Users\jsiedersberger\Documents\GitHub\Monopoly2.0\Monopoly\Test" machine-name="W-SIEDERSB-10" user="jsiedersberger" user-domain="DE" culture="de-DE" uiculture="de-DE" os-architecture="x86" />
    <settings>
      <setting name="WorkDirectory" value="C:\Users\jsiedersberger\Documents\GitHub\Monopoly2.0\Monopoly\Test" />
      <setting name="NumberOfTestWorkers" value="2" />
    </settings>
    <properties>
      <property name="_PID" value="4604" />
      <property name="_APPDOMAIN" value="Test.exe" />
    </properties>
    <test-suite type="TestSuite" id="1047" name="Test" fullname="Test" runstate="Runnable" testcasecount="45" result="Passed" start-time="2018-04-23 12:50:33Z" end-time="2018-04-23 12:50:33Z" duration="0.745602" total="45" passed="45" failed="0" warnings="0" inconclusive="0" skipped="0" asserts="127">
      <test-suite type="TestFixture" id="1000" name="Test" fullname="Test.Test" classname="Test.Test" runstate="Runnable" testcasecount="45" result="Passed" start-time="2018-04-23 12:50:33Z" end-time="2018-04-23 12:50:33Z" duration="0.741657" total="45" passed="45" failed="0" warnings="0" inconclusive="0" skipped="0" asserts="127">
        <test-case id="1043" name="GetOutofJail" fullname="Test.Test.GetOutofJail" methodname="GetOutofJail" classname="Test.Test" runstate="Runnable" seed="507581228" result="Passed" start-time="2018-04-23 12:50:33Z" end-time="2018-04-23 12:50:33Z" duration="0.391665" asserts="2" />
        <test-case id="1042" name="GoToNextMemberofGroup" fullname="Test.Test.GoToNextMemberofGroup" methodname="GoToNextMemberofGroup" classname="Test.Test" runstate="Runnable" seed="2120582226" result="Passed" start-time="2018-04-23 12:50:33Z" end-time="2018-04-23 12:50:33Z" duration="0.008017" asserts="2" />
        <test-case id="1005" name="PlayerDoesNotHaveEnoughMoney" fullname="Test.Test.PlayerDoesNotHaveEnoughMoney" methodname="PlayerDoesNotHaveEnoughMoney" classname="Test.Test" runstate="Runnable" seed="1057839333" result="Passed" start-time="2018-04-23 12:50:33Z" end-time="2018-04-23 12:50:33Z" duration="0.022681" asserts="1" />
        <test-case id="1003" name="PlayerIsBankrupt" fullname="Test.Test.PlayerIsBankrupt" methodname="PlayerIsBankrupt" classname="Test.Test" runstate="Runnable" seed="1835581431" result="Passed" start-time="2018-04-23 12:50:33Z" end-time="2018-04-23 12:50:33Z" duration="0.004638" asserts="1" />
        <test-case id="1033" name="PlayerPayFineImmediately" fullname="Test.Test.PlayerPayFineImmediately" methodname="PlayerPayFineImmediately" classname="Test.Test" runstate="Runnable" seed="155367721" result="Passed" start-time="2018-04-23 12:50:33Z" end-time="2018-04-23 12:50:33Z" duration="0.004456" asserts="2" />
        <test-case id="1034" name="PlayerThrowsDoubleThreeTimes" fullname="Test.Test.PlayerThrowsDoubleThreeTimes" methodname="PlayerThrowsDoubleThreeTimes" classname="Test.Test" runstate="Runnable" seed="1284302960" result="Passed" start-time="2018-04-23 12:50:33Z" end-time="2018-04-23 12:50:33Z" duration="0.001828" asserts="1" />
        <test-case id="1017" name="TestAuctionField" fullname="Test.Test.TestAuctionField" methodname="TestAuctionField" classname="Test.Test" runstate="Runnable" seed="156892579" result="Passed" start-time="2018-04-23 12:50:33Z" end-time="2018-04-23 12:50:33Z" duration="0.006132" asserts="2" />
        <test-case id="1024" name="TestBuyAndRentSupplierField" fullname="Test.Test.TestBuyAndRentSupplierField" methodname="TestBuyAndRentSupplierField" classname="Test.Test" runstate="Runnable" seed="517760605" result="Passed" start-time="2018-04-23 12:50:33Z" end-time="2018-04-23 12:50:33Z" duration="0.006892" asserts="1" />
        <test-case id="1008" name="TestBuyCurrentField" fullname="Test.Test.TestBuyCurrentField" methodname="TestBuyCurrentField" classname="Test.Test" runstate="Runnable" seed="1545933200" result="Passed" start-time="2018-04-23 12:50:33Z" end-time="2018-04-23 12:50:33Z" duration="0.002274" asserts="3" />
        <test-case id="1016" name="TestBuyInAuction" fullname="Test.Test.TestBuyInAuction" methodname="TestBuyInAuction" classname="Test.Test" runstate="Runnable" seed="351423125" result="Passed" start-time="2018-04-23 12:50:33Z" end-time="2018-04-23 12:50:33Z" duration="0.000978" asserts="2" />
        <test-case id="1027" name="TestBuySupplierFieldInAuction" fullname="Test.Test.TestBuySupplierFieldInAuction" methodname="TestBuySupplierFieldInAuction" classname="Test.Test" runstate="Runnable" seed="348686111" result="Passed" start-time="2018-04-23 12:50:33Z" end-time="2018-04-23 12:50:33Z" duration="0.001710" asserts="2" />
        <test-case id="1045" name="TestChangeField" fullname="Test.Test.TestChangeField" methodname="TestChangeField" classname="Test.Test" runstate="Runnable" seed="1370425669" result="Passed" start-time="2018-04-23 12:50:33Z" end-time="2018-04-23 12:50:33Z" duration="0.045077" asserts="0" />
        <test-case id="1044" name="TestCommunityChestField" fullname="Test.Test.TestCommunityChestField" methodname="TestCommunityChestField" classname="Test.Test" runstate="Runnable" seed="619093828" result="Passed" start-time="2018-04-23 12:50:33Z" end-time="2018-04-23 12:50:33Z" duration="0.002031" asserts="0" />
        <test-case id="1002" name="TestCrossedStartField" fullname="Test.Test.TestCrossedStartField" methodname="TestCrossedStartField" classname="Test.Test" runstate="Runnable" seed="1440795124" result="Passed" start-time="2018-04-23 12:50:33Z" end-time="2018-04-23 12:50:33Z" duration="0.002419" asserts="1" />
        <test-case id="1014" name="TestExChangeFieldMoney" fullname="Test.Test.TestExChangeFieldMoney" methodname="TestExChangeFieldMoney" classname="Test.Test" runstate="Runnable" seed="1201378820" result="Passed" start-time="2018-04-23 12:50:33Z" end-time="2018-04-23 12:50:33Z" duration="0.002659" asserts="5" />
        <test-case id="1015" name="TestExChangeFieldwithField" fullname="Test.Test.TestExChangeFieldwithField" methodname="TestExChangeFieldwithField" classname="Test.Test" runstate="Runnable" seed="868699076" result="Passed" start-time="2018-04-23 12:50:33Z" end-time="2018-04-23 12:50:33Z" duration="0.001924" asserts="2" />
        <test-case id="1029" name="TestexChangeSupplierFieldMoney" fullname="Test.Test.TestexChangeSupplierFieldMoney" methodname="TestexChangeSupplierFieldMoney" classname="Test.Test" runstate="Runnable" seed="1470696226" result="Passed" start-time="2018-04-23 12:50:33Z" end-time="2018-04-23 12:50:33Z" duration="0.001838" asserts="5" />
        <test-case id="1028" name="TestExChangeSupplierFieldwithField" fullname="Test.Test.TestExChangeSupplierFieldwithField" methodname="TestExChangeSupplierFieldwithField" classname="Test.Test" runstate="Runnable" seed="1671693265" result="Passed" start-time="2018-04-23 12:50:33Z" end-time="2018-04-23 12:50:33Z" duration="0.001870" asserts="2" />
        <test-case id="1021" name="TestExChangeTrainStationFieldMoney" fullname="Test.Test.TestExChangeTrainStationFieldMoney" methodname="TestExChangeTrainStationFieldMoney" classname="Test.Test" runstate="Runnable" seed="260104924" result="Passed" start-time="2018-04-23 12:50:33Z" end-time="2018-04-23 12:50:33Z" duration="0.004614" asserts="5" />
        <test-case id="1022" name="TestExChangeTrainStationFieldwithField" fullname="Test.Test.TestExChangeTrainStationFieldwithField" methodname="TestExChangeTrainStationFieldwithField" classname="Test.Test" runstate="Runnable" seed="1671802328" result="Passed" start-time="2018-04-23 12:50:33Z" end-time="2018-04-23 12:50:33Z" duration="0.002051" asserts="2" />
        <test-case id="1004" name="TestGameOver" fullname="Test.Test.TestGameOver" methodname="TestGameOver" classname="Test.Test" runstate="Runnable" seed="583745815" result="Passed" start-time="2018-04-23 12:50:33Z" end-time="2018-04-23 12:50:33Z" duration="0.006015" asserts="2" />
        <test-case id="1036" name="TestGetMoneyFromPlayersCard" fullname="Test.Test.TestGetMoneyFromPlayersCard" methodname="TestGetMoneyFromPlayersCard" classname="Test.Test" runstate="Runnable" seed="1589436512" result="Passed" start-time="2018-04-23 12:50:33Z" end-time="2018-04-23 12:50:33Z" duration="0.001751" asserts="3" />
        <test-case id="1039" name="TestGoToJailCard" fullname="Test.Test.TestGoToJailCard" methodname="TestGoToJailCard" classname="Test.Test" runstate="Runnable" seed="35002696" result="Passed" start-time="2018-04-23 12:50:33Z" end-time="2018-04-23 12:50:33Z" duration="0.001194" asserts="2" />
        <test-case id="1030" name="TestGoToJailField" fullname="Test.Test.TestGoToJailField" methodname="TestGoToJailField" classname="Test.Test" runstate="Runnable" seed="1053282745" result="Passed" start-time="2018-04-23 12:50:33Z" end-time="2018-04-23 12:50:33Z" duration="0.001947" asserts="3" />
        <test-case id="1035" name="TestMoneyCard" fullname="Test.Test.TestMoneyCard" methodname="TestMoneyCard" classname="Test.Test" runstate="Runnable" seed="149580784" result="Passed" start-time="2018-04-23 12:50:33Z" end-time="2018-04-23 12:50:33Z" duration="0.001560" asserts="2" />
        <test-case id="1041" name="TestMoveCard" fullname="Test.Test.TestMoveCard" methodname="TestMoveCard" classname="Test.Test" runstate="Runnable" seed="934338901" result="Passed" start-time="2018-04-23 12:50:33Z" end-time="2018-04-23 12:50:33Z" duration="0.002244" asserts="2" />
        <test-case id="1040" name="TestMoveToCard" fullname="Test.Test.TestMoveToCard" methodname="TestMoveToCard" classname="Test.Test" runstate="Runnable" seed="543243314" result="Passed" start-time="2018-04-23 12:50:33Z" end-time="2018-04-23 12:50:33Z" duration="0.001034" asserts="2" />
        <test-case id="1001" name="TestNextTurn" fullname="Test.Test.TestNextTurn" methodname="TestNextTurn" classname="Test.Test" runstate="Runnable" seed="1740938277" result="Passed" start-time="2018-04-23 12:50:33Z" end-time="2018-04-23 12:50:33Z" duration="0.000975" asserts="3" />
        <test-case id="1013" name="TestPayOffMortage" fullname="Test.Test.TestPayOffMortage" methodname="TestPayOffMortage" classname="Test.Test" runstate="Runnable" seed="677417777" result="Passed" start-time="2018-04-23 12:50:33Z" end-time="2018-04-23 12:50:33Z" duration="0.003155" asserts="5" />
        <test-case id="1026" name="TestPayOffMortageSupplierField" fullname="Test.Test.TestPayOffMortageSupplierField" methodname="TestPayOffMortageSupplierField" classname="Test.Test" runstate="Runnable" seed="2076061523" result="Passed" start-time="2018-04-23 12:50:33Z" end-time="2018-04-23 12:50:33Z" duration="0.002995" asserts="5" />
        <test-case id="1020" name="TestPayOffMortageTrainStation" fullname="Test.Test.TestPayOffMortageTrainStation" methodname="TestPayOffMortageTrainStation" classname="Test.Test" runstate="Runnable" seed="1379815106" result="Passed" start-time="2018-04-23 12:50:33Z" end-time="2018-04-23 12:50:33Z" duration="0.003605" asserts="5" />
        <test-case id="1038" name="TestPayPlayersCard" fullname="Test.Test.TestPayPlayersCard" methodname="TestPayPlayersCard" classname="Test.Test" runstate="Runnable" seed="591174290" result="Passed" start-time="2018-04-23 12:50:33Z" end-time="2018-04-23 12:50:33Z" duration="0.001632" asserts="3" />
        <test-case id="1011" name="TestPayRent" fullname="Test.Test.TestPayRent" methodname="TestPayRent" classname="Test.Test" runstate="Runnable" seed="38223604" result="Passed" start-time="2018-04-23 12:50:33Z" end-time="2018-04-23 12:50:33Z" duration="0.001343" asserts="2" />
        <test-case id="1031" name="TestPlayerThrowsDouble" fullname="Test.Test.TestPlayerThrowsDouble" methodname="TestPlayerThrowsDouble" classname="Test.Test" runstate="Runnable" seed="792560427" result="Passed" start-time="2018-04-23 12:50:33Z" end-time="2018-04-23 12:50:33Z" duration="0.001185" asserts="3" />
        <test-case id="1032" name="TestPlayerTried3Times" fullname="Test.Test.TestPlayerTried3Times" methodname="TestPlayerTried3Times" classname="Test.Test" runstate="Runnable" seed="1081245117" result="Passed" start-time="2018-04-23 12:50:33Z" end-time="2018-04-23 12:50:33Z" duration="0.001393" asserts="4" />
        <test-case id="1007" name="TestRemovePlayer" fullname="Test.Test.TestRemovePlayer" methodname="TestRemovePlayer" classname="Test.Test" runstate="Runnable" seed="1418631600" result="Passed" start-time="2018-04-23 12:50:33Z" end-time="2018-04-23 12:50:33Z" duration="0.001865" asserts="4" />
        <test-case id="1010" name="TestSellHouse" fullname="Test.Test.TestSellHouse" methodname="TestSellHouse" classname="Test.Test" runstate="Runnable" seed="883545258" result="Passed" start-time="2018-04-23 12:50:33Z" end-time="2018-04-23 12:50:33Z" duration="0.002644" asserts="4" />
        <test-case id="1006" name="TestSetPlayerPosition" fullname="Test.Test.TestSetPlayerPosition" methodname="TestSetPlayerPosition" classname="Test.Test" runstate="Runnable" seed="1910606618" result="Passed" start-time="2018-04-23 12:50:33Z" end-time="2018-04-23 12:50:33Z" duration="0.000883" asserts="1" />
        <test-case id="1037" name="TestStreetRepairCard" fullname="Test.Test.TestStreetRepairCard" methodname="TestStreetRepairCard" classname="Test.Test" runstate="Runnable" seed="738264839" result="Passed" start-time="2018-04-23 12:50:33Z" end-time="2018-04-23 12:50:33Z" duration="0.001500" asserts="1" />
        <test-case id="1012" name="TestTakeMortage" fullname="Test.Test.TestTakeMortage" methodname="TestTakeMortage" classname="Test.Test" runstate="Runnable" seed="2038835033" result="Passed" start-time="2018-04-23 12:50:33Z" end-time="2018-04-23 12:50:33Z" duration="0.002701" asserts="7" />
        <test-case id="1025" name="TestTakeMortageSupplierField" fullname="Test.Test.TestTakeMortageSupplierField" methodname="TestTakeMortageSupplierField" classname="Test.Test" runstate="Runnable" seed="1863828735" result="Passed" start-time="2018-04-23 12:50:33Z" end-time="2018-04-23 12:50:33Z" duration="0.002119" asserts="6" />
        <test-case id="1019" name="TestTakeMortageTrainStation" fullname="Test.Test.TestTakeMortageTrainStation" methodname="TestTakeMortageTrainStation" classname="Test.Test" runstate="Runnable" seed="680284596" result="Passed" start-time="2018-04-23 12:50:33Z" end-time="2018-04-23 12:50:33Z" duration="0.002496" asserts="6" />
        <test-case id="1018" name="TestTrainStationField" fullname="Test.Test.TestTrainStationField" methodname="TestTrainStationField" classname="Test.Test" runstate="Runnable" seed="1079991250" result="Passed" start-time="2018-04-23 12:50:33Z" end-time="2018-04-23 12:50:33Z" duration="0.002502" asserts="3" />
        <test-case id="1023" name="TestTrainStationFieldBuyInAuction" fullname="Test.Test.TestTrainStationFieldBuyInAuction" methodname="TestTrainStationFieldBuyInAuction" classname="Test.Test" runstate="Runnable" seed="1122380273" result="Passed" start-time="2018-04-23 12:50:33Z" end-time="2018-04-23 12:50:33Z" duration="0.001529" asserts="2" />
        <test-case id="1009" name="TestUpdateLevel" fullname="Test.Test.TestUpdateLevel" methodname="TestUpdateLevel" classname="Test.Test" runstate="Runnable" seed="1057290042" result="Passed" start-time="2018-04-23 12:50:33Z" end-time="2018-04-23 12:50:33Z" duration="0.002445" asserts="6" />
      </test-suite>
    </test-suite>
  </test-suite>
</test-run>