<?xml version="1.0" encoding="utf-8"?>
<test-run id="2" name="Test.exe" fullname="C:/Users/jsiedersberger/Documents/GitHub/Monopoly2.0/Monopoly/Test/bin/Debug/Test.exe" testcasecount="49" result="Passed" start-time="2018-04-24 08:12:41Z" end-time="2018-04-24 08:12:43Z" duration="2.108418" total="49" passed="49" failed="0" inconclusive="0" skipped="0" asserts="133" random-seed="391639315">
  <command-line><![CDATA["C:\Users\jsiedersberger\Documents\GitHub\Monopoly2.0\Monopoly\Test\bin\Debug\Test.exe"]]></command-line>
  <filter />
  <test-suite type="Assembly" id="1050" name="Test.exe" fullname="C:/Users/jsiedersberger/Documents/GitHub/Monopoly2.0/Monopoly/Test/bin/Debug/Test.exe" runstate="Runnable" testcasecount="49" result="Passed" start-time="2018-04-24 08:12:41Z" end-time="2018-04-24 08:12:43Z" duration="2.108418" total="49" passed="49" failed="0" warnings="0" inconclusive="0" skipped="0" asserts="133">
    <environment framework-version="3.7.1.0" clr-version="4.0.30319.42000" os-version="Microsoft Windows NT 6.2.9200.0" platform="Win32NT" cwd="C:\Users\jsiedersberger\Documents\GitHub\Monopoly2.0\Monopoly\Test" machine-name="W-SIEDERSB-10" user="jsiedersberger" user-domain="DE" culture="de-DE" uiculture="de-DE" os-architecture="x86" />
    <settings>
      <setting name="WorkDirectory" value="C:\Users\jsiedersberger\Documents\GitHub\Monopoly2.0\Monopoly\Test" />
      <setting name="NumberOfTestWorkers" value="2" />
    </settings>
    <properties>
      <property name="_PID" value="12088" />
      <property name="_APPDOMAIN" value="Test.exe" />
    </properties>
    <test-suite type="TestSuite" id="1051" name="Test" fullname="Test" runstate="Runnable" testcasecount="49" result="Passed" start-time="2018-04-24 08:12:41Z" end-time="2018-04-24 08:12:43Z" duration="2.063124" total="49" passed="49" failed="0" warnings="0" inconclusive="0" skipped="0" asserts="133">
      <test-suite type="TestFixture" id="1000" name="Test" fullname="Test.Test" classname="Test.Test" runstate="Runnable" testcasecount="49" result="Passed" start-time="2018-04-24 08:12:41Z" end-time="2018-04-24 08:12:43Z" duration="2.034914" total="49" passed="49" failed="0" warnings="0" inconclusive="0" skipped="0" asserts="133">
        <test-case id="1047" name="GetOutofJail" fullname="Test.Test.GetOutofJail" methodname="GetOutofJail" classname="Test.Test" runstate="Runnable" seed="1931275418" result="Passed" start-time="2018-04-24 08:12:41Z" end-time="2018-04-24 08:12:41Z" duration="0.462375" asserts="2" />
        <test-case id="1046" name="GoToNextMemberofGroup" fullname="Test.Test.GoToNextMemberofGroup" methodname="GoToNextMemberofGroup" classname="Test.Test" runstate="Runnable" seed="1932932774" result="Passed" start-time="2018-04-24 08:12:41Z" end-time="2018-04-24 08:12:41Z" duration="0.007837" asserts="2" />
        <test-case id="1005" name="PlayerDoesNotHaveEnoughMoney" fullname="Test.Test.PlayerDoesNotHaveEnoughMoney" methodname="PlayerDoesNotHaveEnoughMoney" classname="Test.Test" runstate="Runnable" seed="832171322" result="Passed" start-time="2018-04-24 08:12:41Z" end-time="2018-04-24 08:12:41Z" duration="0.022682" asserts="1" />
        <test-case id="1003" name="PlayerIsBankrupt" fullname="Test.Test.PlayerIsBankrupt" methodname="PlayerIsBankrupt" classname="Test.Test" runstate="Runnable" seed="2061391733" result="Passed" start-time="2018-04-24 08:12:42Z" end-time="2018-04-24 08:12:42Z" duration="0.004744" asserts="1" />
        <test-case id="1033" name="PlayerPayFineImmediately" fullname="Test.Test.PlayerPayFineImmediately" methodname="PlayerPayFineImmediately" classname="Test.Test" runstate="Runnable" seed="1510724169" result="Passed" start-time="2018-04-24 08:12:42Z" end-time="2018-04-24 08:12:42Z" duration="0.004515" asserts="2" />
        <test-case id="1034" name="PlayerThrowsDoubleThreeTimes" fullname="Test.Test.PlayerThrowsDoubleThreeTimes" methodname="PlayerThrowsDoubleThreeTimes" classname="Test.Test" runstate="Runnable" seed="529691783" result="Passed" start-time="2018-04-24 08:12:42Z" end-time="2018-04-24 08:12:42Z" duration="0.001899" asserts="1" />
        <test-case id="1017" name="TestAuctionField" fullname="Test.Test.TestAuctionField" methodname="TestAuctionField" classname="Test.Test" runstate="Runnable" seed="1066896203" result="Passed" start-time="2018-04-24 08:12:42Z" end-time="2018-04-24 08:12:42Z" duration="0.006184" asserts="2" />
        <test-case id="1024" name="TestBuyAndRentSupplierField" fullname="Test.Test.TestBuyAndRentSupplierField" methodname="TestBuyAndRentSupplierField" classname="Test.Test" runstate="Runnable" seed="1205060000" result="Passed" start-time="2018-04-24 08:12:42Z" end-time="2018-04-24 08:12:42Z" duration="0.007410" asserts="3" />
        <test-case id="1008" name="TestBuyCurrentField" fullname="Test.Test.TestBuyCurrentField" methodname="TestBuyCurrentField" classname="Test.Test" runstate="Runnable" seed="1245282461" result="Passed" start-time="2018-04-24 08:12:42Z" end-time="2018-04-24 08:12:42Z" duration="0.002377" asserts="3" />
        <test-case id="1016" name="TestBuyInAuction" fullname="Test.Test.TestBuyInAuction" methodname="TestBuyInAuction" classname="Test.Test" runstate="Runnable" seed="812456334" result="Passed" start-time="2018-04-24 08:12:42Z" end-time="2018-04-24 08:12:42Z" duration="0.001212" asserts="2" />
        <test-case id="1027" name="TestBuySupplierFieldInAuction" fullname="Test.Test.TestBuySupplierFieldInAuction" methodname="TestBuySupplierFieldInAuction" classname="Test.Test" runstate="Runnable" seed="117960303" result="Passed" start-time="2018-04-24 08:12:42Z" end-time="2018-04-24 08:12:42Z" duration="0.001916" asserts="2" />
        <test-case id="1049" name="TestChangeField" fullname="Test.Test.TestChangeField" methodname="TestChangeField" classname="Test.Test" runstate="Runnable" seed="1034060356" result="Passed" start-time="2018-04-24 08:12:42Z" end-time="2018-04-24 08:12:42Z" duration="0.043876" asserts="0" />
        <test-case id="1048" name="TestCommunityChestField" fullname="Test.Test.TestCommunityChestField" methodname="TestCommunityChestField" classname="Test.Test" runstate="Runnable" seed="854188492" result="Passed" start-time="2018-04-24 08:12:42Z" end-time="2018-04-24 08:12:42Z" duration="0.001536" asserts="0" />
        <test-case id="1002" name="TestCrossedStartField" fullname="Test.Test.TestCrossedStartField" methodname="TestCrossedStartField" classname="Test.Test" runstate="Runnable" seed="513392595" result="Passed" start-time="2018-04-24 08:12:42Z" end-time="2018-04-24 08:12:42Z" duration="0.002000" asserts="1" />
        <test-case id="1014" name="TestExChangeFieldMoney" fullname="Test.Test.TestExChangeFieldMoney" methodname="TestExChangeFieldMoney" classname="Test.Test" runstate="Runnable" seed="1028806078" result="Passed" start-time="2018-04-24 08:12:42Z" end-time="2018-04-24 08:12:42Z" duration="0.002525" asserts="5" />
        <test-case id="1015" name="TestExChangeFieldwithField" fullname="Test.Test.TestExChangeFieldwithField" methodname="TestExChangeFieldwithField" classname="Test.Test" runstate="Runnable" seed="908948107" result="Passed" start-time="2018-04-24 08:12:42Z" end-time="2018-04-24 08:12:42Z" duration="0.002053" asserts="2" />
        <test-case id="1029" name="TestexChangeSupplierFieldMoney" fullname="Test.Test.TestexChangeSupplierFieldMoney" methodname="TestexChangeSupplierFieldMoney" classname="Test.Test" runstate="Runnable" seed="509698698" result="Passed" start-time="2018-04-24 08:12:42Z" end-time="2018-04-24 08:12:42Z" duration="0.001943" asserts="5" />
        <test-case id="1028" name="TestExChangeSupplierFieldwithField" fullname="Test.Test.TestExChangeSupplierFieldwithField" methodname="TestExChangeSupplierFieldwithField" classname="Test.Test" runstate="Runnable" seed="1973424241" result="Passed" start-time="2018-04-24 08:12:42Z" end-time="2018-04-24 08:12:42Z" duration="0.001883" asserts="2" />
        <test-case id="1021" name="TestExChangeTrainStationFieldMoney" fullname="Test.Test.TestExChangeTrainStationFieldMoney" methodname="TestExChangeTrainStationFieldMoney" classname="Test.Test" runstate="Runnable" seed="569362837" result="Passed" start-time="2018-04-24 08:12:42Z" end-time="2018-04-24 08:12:42Z" duration="0.004393" asserts="5" />
        <test-case id="1022" name="TestExChangeTrainStationFieldwithField" fullname="Test.Test.TestExChangeTrainStationFieldwithField" methodname="TestExChangeTrainStationFieldwithField" classname="Test.Test" runstate="Runnable" seed="2124284061" result="Passed" start-time="2018-04-24 08:12:42Z" end-time="2018-04-24 08:12:42Z" duration="0.002099" asserts="2" />
        <test-case id="1004" name="TestGameOver" fullname="Test.Test.TestGameOver" methodname="TestGameOver" classname="Test.Test" runstate="Runnable" seed="1312522274" result="Passed" start-time="2018-04-24 08:12:42Z" end-time="2018-04-24 08:12:42Z" duration="0.005748" asserts="2" />
        <test-case id="1036" name="TestGetMoneyFromPlayersCard" fullname="Test.Test.TestGetMoneyFromPlayersCard" methodname="TestGetMoneyFromPlayersCard" classname="Test.Test" runstate="Runnable" seed="1897382534" result="Passed" start-time="2018-04-24 08:12:42Z" end-time="2018-04-24 08:12:42Z" duration="0.001678" asserts="3" />
        <test-case id="1039" name="TestGoToJailCard" fullname="Test.Test.TestGoToJailCard" methodname="TestGoToJailCard" classname="Test.Test" runstate="Runnable" seed="1567109660" result="Passed" start-time="2018-04-24 08:12:42Z" end-time="2018-04-24 08:12:42Z" duration="0.002178" asserts="2" />
        <test-case id="1030" name="TestGoToJailField" fullname="Test.Test.TestGoToJailField" methodname="TestGoToJailField" classname="Test.Test" runstate="Runnable" seed="1250479659" result="Passed" start-time="2018-04-24 08:12:42Z" end-time="2018-04-24 08:12:42Z" duration="0.001200" asserts="3" />
        <test-case id="1035" name="TestMoneyCard" fullname="Test.Test.TestMoneyCard" methodname="TestMoneyCard" classname="Test.Test" runstate="Runnable" seed="146136784" result="Passed" start-time="2018-04-24 08:12:42Z" end-time="2018-04-24 08:12:42Z" duration="0.001476" asserts="2" />
        <test-case id="1044" name="TestMoveCardBackWards" fullname="Test.Test.TestMoveCardBackWards" methodname="TestMoveCardBackWards" classname="Test.Test" runstate="Runnable" seed="2043789245" result="Passed" start-time="2018-04-24 08:12:42Z" end-time="2018-04-24 08:12:42Z" duration="0.002411" asserts="1" />
        <test-case id="1045" name="TestMoveCardBackWardsAndCrossStart" fullname="Test.Test.TestMoveCardBackWardsAndCrossStart" methodname="TestMoveCardBackWardsAndCrossStart" classname="Test.Test" runstate="Runnable" seed="1542730919" result="Passed" start-time="2018-04-24 08:12:42Z" end-time="2018-04-24 08:12:42Z" duration="0.001022" asserts="1" />
        <test-case id="1042" name="TestMoveCardForwards" fullname="Test.Test.TestMoveCardForwards" methodname="TestMoveCardForwards" classname="Test.Test" runstate="Runnable" seed="2035748047" result="Passed" start-time="2018-04-24 08:12:42Z" end-time="2018-04-24 08:12:42Z" duration="0.001017" asserts="1" />
        <test-case id="1043" name="TestMoveCardForwardsAndCrossStart" fullname="Test.Test.TestMoveCardForwardsAndCrossStart" methodname="TestMoveCardForwardsAndCrossStart" classname="Test.Test" runstate="Runnable" seed="713561496" result="Passed" start-time="2018-04-24 08:12:42Z" end-time="2018-04-24 08:12:42Z" duration="0.001104" asserts="2" />
        <test-case id="1041" name="TestMoveToCard" fullname="Test.Test.TestMoveToCard" methodname="TestMoveToCard" classname="Test.Test" runstate="Runnable" seed="2113625798" result="Passed" start-time="2018-04-24 08:12:42Z" end-time="2018-04-24 08:12:42Z" duration="0.001678" asserts="1" />
        <test-case id="1040" name="TestMoveToCardAndCrossStart" fullname="Test.Test.TestMoveToCardAndCrossStart" methodname="TestMoveToCardAndCrossStart" classname="Test.Test" runstate="Runnable" seed="796925234" result="Passed" start-time="2018-04-24 08:12:42Z" end-time="2018-04-24 08:12:42Z" duration="0.001092" asserts="2" />
        <test-case id="1001" name="TestNextTurn" fullname="Test.Test.TestNextTurn" methodname="TestNextTurn" classname="Test.Test" runstate="Runnable" seed="2074734528" result="Passed" start-time="2018-04-24 08:12:42Z" end-time="2018-04-24 08:12:42Z" duration="0.001805" asserts="3" />
        <test-case id="1013" name="TestPayOffMortage" fullname="Test.Test.TestPayOffMortage" methodname="TestPayOffMortage" classname="Test.Test" runstate="Runnable" seed="827614060" result="Passed" start-time="2018-04-24 08:12:42Z" end-time="2018-04-24 08:12:42Z" duration="0.003139" asserts="5" />
        <test-case id="1026" name="TestPayOffMortageSupplierField" fullname="Test.Test.TestPayOffMortageSupplierField" methodname="TestPayOffMortageSupplierField" classname="Test.Test" runstate="Runnable" seed="603327353" result="Passed" start-time="2018-04-24 08:12:42Z" end-time="2018-04-24 08:12:42Z" duration="0.003001" asserts="5" />
        <test-case id="1020" name="TestPayOffMortageTrainStation" fullname="Test.Test.TestPayOffMortageTrainStation" methodname="TestPayOffMortageTrainStation" classname="Test.Test" runstate="Runnable" seed="1234060838" result="Passed" start-time="2018-04-24 08:12:43Z" end-time="2018-04-24 08:12:43Z" duration="0.003564" asserts="5" />
        <test-case id="1038" name="TestPayPlayersCard" fullname="Test.Test.TestPayPlayersCard" methodname="TestPayPlayersCard" classname="Test.Test" runstate="Runnable" seed="1741630973" result="Passed" start-time="2018-04-24 08:12:43Z" end-time="2018-04-24 08:12:43Z" duration="0.001765" asserts="3" />
        <test-case id="1011" name="TestPayRent" fullname="Test.Test.TestPayRent" methodname="TestPayRent" classname="Test.Test" runstate="Runnable" seed="1065473794" result="Passed" start-time="2018-04-24 08:12:43Z" end-time="2018-04-24 08:12:43Z" duration="0.001420" asserts="2" />
        <test-case id="1031" name="TestPlayerThrowsDouble" fullname="Test.Test.TestPlayerThrowsDouble" methodname="TestPlayerThrowsDouble" classname="Test.Test" runstate="Runnable" seed="458538396" result="Passed" start-time="2018-04-24 08:12:43Z" end-time="2018-04-24 08:12:43Z" duration="0.001306" asserts="3" />
        <test-case id="1032" name="TestPlayerTried3Times" fullname="Test.Test.TestPlayerTried3Times" methodname="TestPlayerTried3Times" classname="Test.Test" runstate="Runnable" seed="524442057" result="Passed" start-time="2018-04-24 08:12:43Z" end-time="2018-04-24 08:12:43Z" duration="0.001474" asserts="4" />
        <test-case id="1007" name="TestRemovePlayer" fullname="Test.Test.TestRemovePlayer" methodname="TestRemovePlayer" classname="Test.Test" runstate="Runnable" seed="1447611116" result="Passed" start-time="2018-04-24 08:12:43Z" end-time="2018-04-24 08:12:43Z" duration="0.002006" asserts="4" />
        <test-case id="1010" name="TestSellHouse" fullname="Test.Test.TestSellHouse" methodname="TestSellHouse" classname="Test.Test" runstate="Runnable" seed="572646715" result="Passed" start-time="2018-04-24 08:12:43Z" end-time="2018-04-24 08:12:43Z" duration="0.002487" asserts="4" />
        <test-case id="1006" name="TestSetPlayerPosition" fullname="Test.Test.TestSetPlayerPosition" methodname="TestSetPlayerPosition" classname="Test.Test" runstate="Runnable" seed="1142031679" result="Passed" start-time="2018-04-24 08:12:43Z" end-time="2018-04-24 08:12:43Z" duration="0.000895" asserts="1" />
        <test-case id="1037" name="TestStreetRepairCard" fullname="Test.Test.TestStreetRepairCard" methodname="TestStreetRepairCard" classname="Test.Test" runstate="Runnable" seed="153220802" result="Passed" start-time="2018-04-24 08:12:43Z" end-time="2018-04-24 08:12:43Z" duration="0.002229" asserts="1" />
        <test-case id="1012" name="TestTakeMortage" fullname="Test.Test.TestTakeMortage" methodname="TestTakeMortage" classname="Test.Test" runstate="Runnable" seed="502393724" result="Passed" start-time="2018-04-24 08:12:43Z" end-time="2018-04-24 08:12:43Z" duration="0.002882" asserts="7" />
        <test-case id="1025" name="TestTakeMortageSupplierField" fullname="Test.Test.TestTakeMortageSupplierField" methodname="TestTakeMortageSupplierField" classname="Test.Test" runstate="Runnable" seed="88921268" result="Passed" start-time="2018-04-24 08:12:43Z" end-time="2018-04-24 08:12:43Z" duration="0.002093" asserts="6" />
        <test-case id="1019" name="TestTakeMortageTrainStation" fullname="Test.Test.TestTakeMortageTrainStation" methodname="TestTakeMortageTrainStation" classname="Test.Test" runstate="Runnable" seed="935439633" result="Passed" start-time="2018-04-24 08:12:43Z" end-time="2018-04-24 08:12:43Z" duration="0.002669" asserts="6" />
        <test-case id="1018" name="TestTrainStationField" fullname="Test.Test.TestTrainStationField" methodname="TestTrainStationField" classname="Test.Test" runstate="Runnable" seed="2035718387" result="Passed" start-time="2018-04-24 08:12:43Z" end-time="2018-04-24 08:12:43Z" duration="0.002541" asserts="3" />
        <test-case id="1023" name="TestTrainStationFieldBuyInAuction" fullname="Test.Test.TestTrainStationFieldBuyInAuction" methodname="TestTrainStationFieldBuyInAuction" classname="Test.Test" runstate="Runnable" seed="879595791" result="Passed" start-time="2018-04-24 08:12:43Z" end-time="2018-04-24 08:12:43Z" duration="0.001637" asserts="2" />
        <test-case id="1009" name="TestUpdateLevel" fullname="Test.Test.TestUpdateLevel" methodname="TestUpdateLevel" classname="Test.Test" runstate="Runnable" seed="951257663" result="Passed" start-time="2018-04-24 08:12:43Z" end-time="2018-04-24 08:12:43Z" duration="0.002609" asserts="6" />
      </test-suite>
    </test-suite>
  </test-suite>
</test-run>