<?xml version="1.0" encoding="utf-8"?>
<test-run id="2" name="Test.exe" fullname="C:/Users/jsiedersberger/Documents/GitHub/Monopoly2.0/Monopoly/Test/bin/Debug/Test.exe" testcasecount="12" result="Passed" start-time="2018-03-29 13:33:00Z" end-time="2018-03-29 13:33:01Z" duration="0.580227" total="12" passed="12" failed="0" inconclusive="0" skipped="0" asserts="45" random-seed="1924764023">
  <command-line><![CDATA["C:\Users\jsiedersberger\Documents\GitHub\Monopoly2.0\Monopoly\Test\bin\Debug\Test.exe"]]></command-line>
  <filter />
  <test-suite type="Assembly" id="1013" name="Test.exe" fullname="C:/Users/jsiedersberger/Documents/GitHub/Monopoly2.0/Monopoly/Test/bin/Debug/Test.exe" runstate="Runnable" testcasecount="12" result="Passed" start-time="2018-03-29 13:33:00Z" end-time="2018-03-29 13:33:01Z" duration="0.580227" total="12" passed="12" failed="0" warnings="0" inconclusive="0" skipped="0" asserts="45">
    <environment framework-version="3.7.1.0" clr-version="4.0.30319.42000" os-version="Microsoft Windows NT 6.2.9200.0" platform="Win32NT" cwd="C:\Users\jsiedersberger\Documents\GitHub\Monopoly2.0\Monopoly\Test" machine-name="W-SIEDERSB-10" user="jsiedersberger" user-domain="DE" culture="de-DE" uiculture="de-DE" os-architecture="x86" />
    <settings>
      <setting name="WorkDirectory" value="C:\Users\jsiedersberger\Documents\GitHub\Monopoly2.0\Monopoly\Test" />
      <setting name="NumberOfTestWorkers" value="2" />
    </settings>
    <properties>
      <property name="_PID" value="9780" />
      <property name="_APPDOMAIN" value="Test.exe" />
    </properties>
    <test-suite type="TestSuite" id="1014" name="Test" fullname="Test" runstate="Runnable" testcasecount="12" result="Passed" start-time="2018-03-29 13:33:00Z" end-time="2018-03-29 13:33:01Z" duration="0.558657" total="12" passed="12" failed="0" warnings="0" inconclusive="0" skipped="0" asserts="45">
      <test-suite type="TestFixture" id="1000" name="Test" fullname="Test.Test" classname="Test.Test" runstate="Runnable" testcasecount="12" result="Passed" start-time="2018-03-29 13:33:00Z" end-time="2018-03-29 13:33:01Z" duration="0.554546" total="12" passed="12" failed="0" warnings="0" inconclusive="0" skipped="0" asserts="45">
        <test-case id="1002" name="TestBuyCurrentField" fullname="Test.Test.TestBuyCurrentField" methodname="TestBuyCurrentField" classname="Test.Test" runstate="Runnable" seed="464531782" result="Passed" start-time="2018-03-29 13:33:00Z" end-time="2018-03-29 13:33:01Z" duration="0.420977" asserts="3" />
        <test-case id="1006" name="TestCrossedStartField" fullname="Test.Test.TestCrossedStartField" methodname="TestCrossedStartField" classname="Test.Test" runstate="Runnable" seed="1075154495" result="Passed" start-time="2018-03-29 13:33:01Z" end-time="2018-03-29 13:33:01Z" duration="0.052041" asserts="1" />
        <test-case id="1001" name="TestNextTurn" fullname="Test.Test.TestNextTurn" methodname="TestNextTurn" classname="Test.Test" runstate="Runnable" seed="1193014933" result="Passed" start-time="2018-03-29 13:33:01Z" end-time="2018-03-29 13:33:01Z" duration="0.001754" asserts="3" />
        <test-case id="1008" name="TestPayOffMortage" fullname="Test.Test.TestPayOffMortage" methodname="TestPayOffMortage" classname="Test.Test" runstate="Runnable" seed="1782159090" result="Passed" start-time="2018-03-29 13:33:01Z" end-time="2018-03-29 13:33:01Z" duration="0.002774" asserts="5" />
        <test-case id="1012" name="TestPayOffMortageTrainStation" fullname="Test.Test.TestPayOffMortageTrainStation" methodname="TestPayOffMortageTrainStation" classname="Test.Test" runstate="Runnable" seed="1628692348" result="Passed" start-time="2018-03-29 13:33:01Z" end-time="2018-03-29 13:33:01Z" duration="0.005705" asserts="5" />
        <test-case id="1004" name="TestPayRent" fullname="Test.Test.TestPayRent" methodname="TestPayRent" classname="Test.Test" runstate="Runnable" seed="741097823" result="Passed" start-time="2018-03-29 13:33:01Z" end-time="2018-03-29 13:33:01Z" duration="0.002716" asserts="2" />
        <test-case id="1009" name="TestSellHouse" fullname="Test.Test.TestSellHouse" methodname="TestSellHouse" classname="Test.Test" runstate="Runnable" seed="1829221391" result="Passed" start-time="2018-03-29 13:33:01Z" end-time="2018-03-29 13:33:01Z" duration="0.002003" asserts="4" />
        <test-case id="1005" name="TestSetPlayerPosition" fullname="Test.Test.TestSetPlayerPosition" methodname="TestSetPlayerPosition" classname="Test.Test" runstate="Runnable" seed="707613552" result="Passed" start-time="2018-03-29 13:33:01Z" end-time="2018-03-29 13:33:01Z" duration="0.000756" asserts="1" />
        <test-case id="1007" name="TestTakeMortage" fullname="Test.Test.TestTakeMortage" methodname="TestTakeMortage" classname="Test.Test" runstate="Runnable" seed="545572479" result="Passed" start-time="2018-03-29 13:33:01Z" end-time="2018-03-29 13:33:01Z" duration="0.002221" asserts="7" />
        <test-case id="1011" name="TestTakeMortageTrainStation" fullname="Test.Test.TestTakeMortageTrainStation" methodname="TestTakeMortageTrainStation" classname="Test.Test" runstate="Runnable" seed="1312860921" result="Passed" start-time="2018-03-29 13:33:01Z" end-time="2018-03-29 13:33:01Z" duration="0.002052" asserts="6" />
        <test-case id="1010" name="TestTrainStationField" fullname="Test.Test.TestTrainStationField" methodname="TestTrainStationField" classname="Test.Test" runstate="Runnable" seed="566346846" result="Passed" start-time="2018-03-29 13:33:01Z" end-time="2018-03-29 13:33:01Z" duration="0.001658" asserts="2" />
        <test-case id="1003" name="TestUpdateLevel" fullname="Test.Test.TestUpdateLevel" methodname="TestUpdateLevel" classname="Test.Test" runstate="Runnable" seed="2097517200" result="Passed" start-time="2018-03-29 13:33:01Z" end-time="2018-03-29 13:33:01Z" duration="0.002066" asserts="6" />
      </test-suite>
    </test-suite>
  </test-suite>
</test-run>