<?xml version="1.0" encoding="utf-8"?>
<test-run id="2" name="Test.exe" fullname="C:/Users/jsiedersberger/Documents/Visual Studio 2017/Projects/Monopoly/Test/bin/Debug/Test.exe" testcasecount="1" result="Passed" start-time="2018-03-09 08:23:16Z" end-time="2018-03-09 08:24:22Z" duration="66.125269" total="1" passed="1" failed="0" inconclusive="0" skipped="0" asserts="0" random-seed="1846214473">
  <command-line><![CDATA["C:\Users\jsiedersberger\Documents\Visual Studio 2017\Projects\Monopoly\Test\bin\Debug\Test.exe" ]]></command-line>
  <filter />
  <test-suite type="Assembly" id="1002" name="Test.exe" fullname="C:/Users/jsiedersberger/Documents/Visual Studio 2017/Projects/Monopoly/Test/bin/Debug/Test.exe" runstate="Runnable" testcasecount="1" result="Passed" start-time="2018-03-09 08:23:16Z" end-time="2018-03-09 08:24:22Z" duration="66.125269" total="1" passed="1" failed="0" warnings="0" inconclusive="0" skipped="0" asserts="0">
    <environment framework-version="3.7.1.0" clr-version="4.0.30319.42000" os-version="Microsoft Windows NT 6.2.9200.0" platform="Win32NT" cwd="C:\Users\jsiedersberger\Documents\Visual Studio 2017\Projects\Monopoly\Test\bin\Debug" machine-name="W-SIEDERSB-10" user="jsiedersberger" user-domain="DE" culture="de-DE" uiculture="de-DE" os-architecture="x86" />
    <settings>
      <setting name="WorkDirectory" value="C:\Users\jsiedersberger\Documents\Visual Studio 2017\Projects\Monopoly\Test\bin\Debug" />
      <setting name="NumberOfTestWorkers" value="2" />
    </settings>
    <properties>
      <property name="_PID" value="11008" />
      <property name="_APPDOMAIN" value="Test.exe" />
    </properties>
    <test-suite type="TestSuite" id="1003" name="Test" fullname="Test" runstate="Runnable" testcasecount="1" result="Passed" start-time="2018-03-09 08:23:16Z" end-time="2018-03-09 08:24:22Z" duration="66.095123" total="1" passed="1" failed="0" warnings="0" inconclusive="0" skipped="0" asserts="0">
      <test-suite type="TestFixture" id="1000" name="Test" fullname="Test.Test" classname="Test.Test" runstate="Runnable" testcasecount="1" result="Passed" start-time="2018-03-09 08:23:16Z" end-time="2018-03-09 08:24:22Z" duration="66.066858" total="1" passed="1" failed="0" warnings="0" inconclusive="0" skipped="0" asserts="0">
        <test-case id="1001" name="Test1" fullname="Test.Test.Test1" methodname="Test1" classname="Test.Test" runstate="Runnable" seed="935411388" result="Passed" start-time="2018-03-09 08:23:16Z" end-time="2018-03-09 08:24:22Z" duration="66.038847" asserts="0" />
      </test-suite>
    </test-suite>
  </test-suite>
</test-run>