<?xml version="1.0" encoding="utf-8"?>
<test-run id="2" name="Test.exe" fullname="C:/Users/jsiedersberger/Documents/GitHub/Monopoly2.0/Monopoly/Test/bin/Debug/Test.exe" testcasecount="43" result="Passed" start-time="2018-04-23 12:23:53Z" end-time="2018-04-23 12:23:54Z" duration="0.274930" total="43" passed="43" failed="0" inconclusive="0" skipped="0" asserts="127" random-seed="448422090">
  <command-line><![CDATA["C:\Users\jsiedersberger\Documents\GitHub\Monopoly2.0\Monopoly\Test\bin\Debug\Test.exe"   ]]></command-line>
  <filter />
  <test-suite type="Assembly" id="1044" name="Test.exe" fullname="C:/Users/jsiedersberger/Documents/GitHub/Monopoly2.0/Monopoly/Test/bin/Debug/Test.exe" runstate="Runnable" testcasecount="43" result="Passed" start-time="2018-04-23 12:23:53Z" end-time="2018-04-23 12:23:54Z" duration="0.274930" total="43" passed="43" failed="0" warnings="0" inconclusive="0" skipped="0" asserts="127">
    <environment framework-version="3.7.1.0" clr-version="4.0.30319.42000" os-version="Microsoft Windows NT 6.2.9200.0" platform="Win32NT" cwd="C:\Users\jsiedersberger\Documents\GitHub\Monopoly2.0\Monopoly\Test\bin\Debug" machine-name="W-SIEDERSB-10" user="jsiedersberger" user-domain="DE" culture="de-DE" uiculture="de-DE" os-architecture="x86" />
    <settings>
      <setting name="WorkDirectory" value="C:\Users\jsiedersberger\Documents\GitHub\Monopoly2.0\Monopoly\Test\bin\Debug" />
      <setting name="NumberOfTestWorkers" value="2" />
    </settings>
    <properties>
      <property name="_PID" value="14328" />
      <property name="_APPDOMAIN" value="Test.exe" />
    </properties>
    <test-suite type="TestSuite" id="1045" name="Test" fullname="Test" runstate="Runnable" testcasecount="43" result="Passed" start-time="2018-04-23 12:23:53Z" end-time="2018-04-23 12:23:54Z" duration="0.259836" total="43" passed="43" failed="0" warnings="0" inconclusive="0" skipped="0" asserts="127">
      <test-suite type="TestFixture" id="1000" name="Test" fullname="Test.Test" classname="Test.Test" runstate="Runnable" testcasecount="43" result="Passed" start-time="2018-04-23 12:23:53Z" end-time="2018-04-23 12:23:54Z" duration="0.255391" total="43" passed="43" failed="0" warnings="0" inconclusive="0" skipped="0" asserts="127">
        <test-case id="1043" name="GetOutofJail" fullname="Test.Test.GetOutofJail" methodname="GetOutofJail" classname="Test.Test" runstate="Runnable" seed="81005566" result="Passed" start-time="2018-04-23 12:23:53Z" end-time="2018-04-23 12:23:53Z" duration="0.029464" asserts="2" />
        <test-case id="1042" name="GoToNextMemberofGroup" fullname="Test.Test.GoToNextMemberofGroup" methodname="GoToNextMemberofGroup" classname="Test.Test" runstate="Runnable" seed="444345914" result="Passed" start-time="2018-04-23 12:23:53Z" end-time="2018-04-23 12:23:53Z" duration="0.003937" asserts="2" />
        <test-case id="1005" name="PlayerDoesNotHaveEnoughMoney" fullname="Test.Test.PlayerDoesNotHaveEnoughMoney" methodname="PlayerDoesNotHaveEnoughMoney" classname="Test.Test" runstate="Runnable" seed="1087332949" result="Passed" start-time="2018-04-23 12:23:53Z" end-time="2018-04-23 12:23:53Z" duration="0.016236" asserts="1" />
        <test-case id="1003" name="PlayerIsBankrupt" fullname="Test.Test.PlayerIsBankrupt" methodname="PlayerIsBankrupt" classname="Test.Test" runstate="Runnable" seed="1918383917" result="Passed" start-time="2018-04-23 12:23:53Z" end-time="2018-04-23 12:23:53Z" duration="0.001913" asserts="1" />
        <test-case id="1033" name="PlayerPayFineImmediately" fullname="Test.Test.PlayerPayFineImmediately" methodname="PlayerPayFineImmediately" classname="Test.Test" runstate="Runnable" seed="1162351375" result="Passed" start-time="2018-04-23 12:23:53Z" end-time="2018-04-23 12:23:53Z" duration="0.001989" asserts="2" />
        <test-case id="1034" name="PlayerThrowsDoubleThreeTimes" fullname="Test.Test.PlayerThrowsDoubleThreeTimes" methodname="PlayerThrowsDoubleThreeTimes" classname="Test.Test" runstate="Runnable" seed="1854184182" result="Passed" start-time="2018-04-23 12:23:53Z" end-time="2018-04-23 12:23:53Z" duration="0.000717" asserts="1" />
        <test-case id="1017" name="TestAuctionField" fullname="Test.Test.TestAuctionField" methodname="TestAuctionField" classname="Test.Test" runstate="Runnable" seed="1280863911" result="Passed" start-time="2018-04-23 12:23:53Z" end-time="2018-04-23 12:23:53Z" duration="0.002374" asserts="2" />
        <test-case id="1024" name="TestBuyAndRentSupplierField" fullname="Test.Test.TestBuyAndRentSupplierField" methodname="TestBuyAndRentSupplierField" classname="Test.Test" runstate="Runnable" seed="16999127" result="Passed" start-time="2018-04-23 12:23:53Z" end-time="2018-04-23 12:23:53Z" duration="0.002539" asserts="1" />
        <test-case id="1008" name="TestBuyCurrentField" fullname="Test.Test.TestBuyCurrentField" methodname="TestBuyCurrentField" classname="Test.Test" runstate="Runnable" seed="77151006" result="Passed" start-time="2018-04-23 12:23:53Z" end-time="2018-04-23 12:23:53Z" duration="0.001321" asserts="3" />
        <test-case id="1016" name="TestBuyInAuction" fullname="Test.Test.TestBuyInAuction" methodname="TestBuyInAuction" classname="Test.Test" runstate="Runnable" seed="962224422" result="Passed" start-time="2018-04-23 12:23:53Z" end-time="2018-04-23 12:23:53Z" duration="0.000450" asserts="2" />
        <test-case id="1027" name="TestBuySupplierFieldInAuction" fullname="Test.Test.TestBuySupplierFieldInAuction" methodname="TestBuySupplierFieldInAuction" classname="Test.Test" runstate="Runnable" seed="117280108" result="Passed" start-time="2018-04-23 12:23:53Z" end-time="2018-04-23 12:23:53Z" duration="0.000721" asserts="2" />
        <test-case id="1002" name="TestCrossedStartField" fullname="Test.Test.TestCrossedStartField" methodname="TestCrossedStartField" classname="Test.Test" runstate="Runnable" seed="1869831490" result="Passed" start-time="2018-04-23 12:23:53Z" end-time="2018-04-23 12:23:53Z" duration="0.005025" asserts="1" />
        <test-case id="1014" name="TestExChangeFieldMoney" fullname="Test.Test.TestExChangeFieldMoney" methodname="TestExChangeFieldMoney" classname="Test.Test" runstate="Runnable" seed="585092706" result="Passed" start-time="2018-04-23 12:23:53Z" end-time="2018-04-23 12:23:53Z" duration="0.001484" asserts="5" />
        <test-case id="1015" name="TestExChangeFieldwithField" fullname="Test.Test.TestExChangeFieldwithField" methodname="TestExChangeFieldwithField" classname="Test.Test" runstate="Runnable" seed="339675557" result="Passed" start-time="2018-04-23 12:23:53Z" end-time="2018-04-23 12:23:53Z" duration="0.000846" asserts="2" />
        <test-case id="1029" name="TestexChangeSupplierFieldMoney" fullname="Test.Test.TestexChangeSupplierFieldMoney" methodname="TestexChangeSupplierFieldMoney" classname="Test.Test" runstate="Runnable" seed="2091238643" result="Passed" start-time="2018-04-23 12:23:53Z" end-time="2018-04-23 12:23:53Z" duration="0.001019" asserts="5" />
        <test-case id="1028" name="TestExChangeSupplierFieldwithField" fullname="Test.Test.TestExChangeSupplierFieldwithField" methodname="TestExChangeSupplierFieldwithField" classname="Test.Test" runstate="Runnable" seed="110848380" result="Passed" start-time="2018-04-23 12:23:53Z" end-time="2018-04-23 12:23:53Z" duration="0.000792" asserts="2" />
        <test-case id="1021" name="TestExChangeTrainStationFieldMoney" fullname="Test.Test.TestExChangeTrainStationFieldMoney" methodname="TestExChangeTrainStationFieldMoney" classname="Test.Test" runstate="Runnable" seed="1603288210" result="Passed" start-time="2018-04-23 12:23:54Z" end-time="2018-04-23 12:23:54Z" duration="0.002015" asserts="5" />
        <test-case id="1022" name="TestExChangeTrainStationFieldwithField" fullname="Test.Test.TestExChangeTrainStationFieldwithField" methodname="TestExChangeTrainStationFieldwithField" classname="Test.Test" runstate="Runnable" seed="1023215212" result="Passed" start-time="2018-04-23 12:23:54Z" end-time="2018-04-23 12:23:54Z" duration="0.000805" asserts="2" />
        <test-case id="1004" name="TestGameOver" fullname="Test.Test.TestGameOver" methodname="TestGameOver" classname="Test.Test" runstate="Runnable" seed="959998643" result="Passed" start-time="2018-04-23 12:23:54Z" end-time="2018-04-23 12:23:54Z" duration="0.002777" asserts="2" />
        <test-case id="1036" name="TestGetMoneyFromPlayersCard" fullname="Test.Test.TestGetMoneyFromPlayersCard" methodname="TestGetMoneyFromPlayersCard" classname="Test.Test" runstate="Runnable" seed="1896369476" result="Passed" start-time="2018-04-23 12:23:54Z" end-time="2018-04-23 12:23:54Z" duration="0.000729" asserts="3" />
        <test-case id="1039" name="TestGoToJailCard" fullname="Test.Test.TestGoToJailCard" methodname="TestGoToJailCard" classname="Test.Test" runstate="Runnable" seed="1865834505" result="Passed" start-time="2018-04-23 12:23:54Z" end-time="2018-04-23 12:23:54Z" duration="0.000513" asserts="2" />
        <test-case id="1030" name="TestGoToJailField" fullname="Test.Test.TestGoToJailField" methodname="TestGoToJailField" classname="Test.Test" runstate="Runnable" seed="120323377" result="Passed" start-time="2018-04-23 12:23:54Z" end-time="2018-04-23 12:23:54Z" duration="0.000487" asserts="3" />
        <test-case id="1035" name="TestMoneyCard" fullname="Test.Test.TestMoneyCard" methodname="TestMoneyCard" classname="Test.Test" runstate="Runnable" seed="128686137" result="Passed" start-time="2018-04-23 12:23:54Z" end-time="2018-04-23 12:23:54Z" duration="0.000573" asserts="2" />
        <test-case id="1041" name="TestMoveCard" fullname="Test.Test.TestMoveCard" methodname="TestMoveCard" classname="Test.Test" runstate="Runnable" seed="706347680" result="Passed" start-time="2018-04-23 12:23:54Z" end-time="2018-04-23 12:23:54Z" duration="0.000918" asserts="2" />
        <test-case id="1040" name="TestMoveToCard" fullname="Test.Test.TestMoveToCard" methodname="TestMoveToCard" classname="Test.Test" runstate="Runnable" seed="906371017" result="Passed" start-time="2018-04-23 12:23:54Z" end-time="2018-04-23 12:23:54Z" duration="0.000821" asserts="2" />
        <test-case id="1001" name="TestNextTurn" fullname="Test.Test.TestNextTurn" methodname="TestNextTurn" classname="Test.Test" runstate="Runnable" seed="1771198332" result="Passed" start-time="2018-04-23 12:23:54Z" end-time="2018-04-23 12:23:54Z" duration="0.000461" asserts="3" />
        <test-case id="1013" name="TestPayOffMortage" fullname="Test.Test.TestPayOffMortage" methodname="TestPayOffMortage" classname="Test.Test" runstate="Runnable" seed="1793623554" result="Passed" start-time="2018-04-23 12:23:54Z" end-time="2018-04-23 12:23:54Z" duration="0.001662" asserts="5" />
        <test-case id="1026" name="TestPayOffMortageSupplierField" fullname="Test.Test.TestPayOffMortageSupplierField" methodname="TestPayOffMortageSupplierField" classname="Test.Test" runstate="Runnable" seed="1344470154" result="Passed" start-time="2018-04-23 12:23:54Z" end-time="2018-04-23 12:23:54Z" duration="0.001624" asserts="5" />
        <test-case id="1020" name="TestPayOffMortageTrainStation" fullname="Test.Test.TestPayOffMortageTrainStation" methodname="TestPayOffMortageTrainStation" classname="Test.Test" runstate="Runnable" seed="317361919" result="Passed" start-time="2018-04-23 12:23:54Z" end-time="2018-04-23 12:23:54Z" duration="0.001777" asserts="5" />
        <test-case id="1038" name="TestPayPlayersCard" fullname="Test.Test.TestPayPlayersCard" methodname="TestPayPlayersCard" classname="Test.Test" runstate="Runnable" seed="1325747700" result="Passed" start-time="2018-04-23 12:23:54Z" end-time="2018-04-23 12:23:54Z" duration="0.000728" asserts="3" />
        <test-case id="1011" name="TestPayRent" fullname="Test.Test.TestPayRent" methodname="TestPayRent" classname="Test.Test" runstate="Runnable" seed="174641126" result="Passed" start-time="2018-04-23 12:23:54Z" end-time="2018-04-23 12:23:54Z" duration="0.000563" asserts="2" />
        <test-case id="1031" name="TestPlayerThrowsDouble" fullname="Test.Test.TestPlayerThrowsDouble" methodname="TestPlayerThrowsDouble" classname="Test.Test" runstate="Runnable" seed="1709826525" result="Passed" start-time="2018-04-23 12:23:54Z" end-time="2018-04-23 12:23:54Z" duration="0.000529" asserts="3" />
        <test-case id="1032" name="TestPlayerTried3Times" fullname="Test.Test.TestPlayerTried3Times" methodname="TestPlayerTried3Times" classname="Test.Test" runstate="Runnable" seed="533438420" result="Passed" start-time="2018-04-23 12:23:54Z" end-time="2018-04-23 12:23:54Z" duration="0.000699" asserts="4" />
        <test-case id="1007" name="TestRemovePlayer" fullname="Test.Test.TestRemovePlayer" methodname="TestRemovePlayer" classname="Test.Test" runstate="Runnable" seed="794121477" result="Passed" start-time="2018-04-23 12:23:54Z" end-time="2018-04-23 12:23:54Z" duration="0.001208" asserts="4" />
        <test-case id="1010" name="TestSellHouse" fullname="Test.Test.TestSellHouse" methodname="TestSellHouse" classname="Test.Test" runstate="Runnable" seed="1604706670" result="Passed" start-time="2018-04-23 12:23:54Z" end-time="2018-04-23 12:23:54Z" duration="0.001310" asserts="4" />
        <test-case id="1006" name="TestSetPlayerPosition" fullname="Test.Test.TestSetPlayerPosition" methodname="TestSetPlayerPosition" classname="Test.Test" runstate="Runnable" seed="1895539854" result="Passed" start-time="2018-04-23 12:23:54Z" end-time="2018-04-23 12:23:54Z" duration="0.000344" asserts="1" />
        <test-case id="1037" name="TestStreetRepairCard" fullname="Test.Test.TestStreetRepairCard" methodname="TestStreetRepairCard" classname="Test.Test" runstate="Runnable" seed="536647686" result="Passed" start-time="2018-04-23 12:23:54Z" end-time="2018-04-23 12:23:54Z" duration="0.000786" asserts="1" />
        <test-case id="1012" name="TestTakeMortage" fullname="Test.Test.TestTakeMortage" methodname="TestTakeMortage" classname="Test.Test" runstate="Runnable" seed="1717945" result="Passed" start-time="2018-04-23 12:23:54Z" end-time="2018-04-23 12:23:54Z" duration="0.001684" asserts="7" />
        <test-case id="1025" name="TestTakeMortageSupplierField" fullname="Test.Test.TestTakeMortageSupplierField" methodname="TestTakeMortageSupplierField" classname="Test.Test" runstate="Runnable" seed="599857667" result="Passed" start-time="2018-04-23 12:23:54Z" end-time="2018-04-23 12:23:54Z" duration="0.001384" asserts="6" />
        <test-case id="1019" name="TestTakeMortageTrainStation" fullname="Test.Test.TestTakeMortageTrainStation" methodname="TestTakeMortageTrainStation" classname="Test.Test" runstate="Runnable" seed="988675270" result="Passed" start-time="2018-04-23 12:23:54Z" end-time="2018-04-23 12:23:54Z" duration="0.001441" asserts="6" />
        <test-case id="1018" name="TestTrainStationField" fullname="Test.Test.TestTrainStationField" methodname="TestTrainStationField" classname="Test.Test" runstate="Runnable" seed="715170862" result="Passed" start-time="2018-04-23 12:23:54Z" end-time="2018-04-23 12:23:54Z" duration="0.001274" asserts="3" />
        <test-case id="1023" name="TestTrainStationFieldBuyInAuction" fullname="Test.Test.TestTrainStationFieldBuyInAuction" methodname="TestTrainStationFieldBuyInAuction" classname="Test.Test" runstate="Runnable" seed="1741079225" result="Passed" start-time="2018-04-23 12:23:54Z" end-time="2018-04-23 12:23:54Z" duration="0.000643" asserts="2" />
        <test-case id="1009" name="TestUpdateLevel" fullname="Test.Test.TestUpdateLevel" methodname="TestUpdateLevel" classname="Test.Test" runstate="Runnable" seed="550787047" result="Passed" start-time="2018-04-23 12:23:54Z" end-time="2018-04-23 12:23:54Z" duration="0.001529" asserts="6" />
      </test-suite>
    </test-suite>
  </test-suite>
</test-run>