<?xml version="1.0" encoding="utf-8"?>
<test-run id="2" name="Test.exe" fullname="C:/Users/jsiedersberger/Documents/GitHub/Monopoly2.0/Monopoly/Test/bin/Debug/Test.exe" testcasecount="48" result="Failed" start-time="2018-05-23 11:17:57Z" end-time="2018-05-23 11:17:58Z" duration="0.366903" total="48" passed="18" failed="30" inconclusive="0" skipped="0" asserts="52" random-seed="1784935341">
  <command-line><![CDATA["C:\Users\jsiedersberger\Documents\GitHub\Monopoly2.0\Monopoly\Test\bin\Debug\Test.exe" ]]></command-line>
  <filter />
  <test-suite type="Assembly" id="1049" name="Test.exe" fullname="C:/Users/jsiedersberger/Documents/GitHub/Monopoly2.0/Monopoly/Test/bin/Debug/Test.exe" runstate="Runnable" testcasecount="48" result="Failed" site="Child" start-time="2018-05-23 11:17:57Z" end-time="2018-05-23 11:17:58Z" duration="0.366903" total="48" passed="18" failed="30" warnings="0" inconclusive="0" skipped="0" asserts="52">
    <environment framework-version="3.7.1.0" clr-version="4.0.30319.42000" os-version="Microsoft Windows NT 6.2.9200.0" platform="Win32NT" cwd="C:\Users\jsiedersberger\Documents\GitHub\Monopoly2.0\Monopoly\Test\bin\Debug" machine-name="W-SIEDERSB-10" user="jsiedersberger" user-domain="DE" culture="de-DE" uiculture="de-DE" os-architecture="x86" />
    <settings>
      <setting name="WorkDirectory" value="C:\Users\jsiedersberger\Documents\GitHub\Monopoly2.0\Monopoly\Test\bin\Debug" />
      <setting name="NumberOfTestWorkers" value="2" />
    </settings>
    <properties>
      <property name="_PID" value="16336" />
      <property name="_APPDOMAIN" value="Test.exe" />
    </properties>
    <failure>
      <message><![CDATA[One or more child tests had errors]]></message>
    </failure>
    <test-suite type="TestSuite" id="1050" name="Test" fullname="Test" runstate="Runnable" testcasecount="48" result="Failed" site="Child" start-time="2018-05-23 11:17:57Z" end-time="2018-05-23 11:17:58Z" duration="0.352660" total="48" passed="18" failed="30" warnings="0" inconclusive="0" skipped="0" asserts="52">
      <failure>
        <message><![CDATA[One or more child tests had errors]]></message>
      </failure>
      <test-suite type="TestFixture" id="1000" name="Test" fullname="Test.Test" classname="Test.Test" runstate="Runnable" testcasecount="48" result="Failed" site="Child" start-time="2018-05-23 11:17:57Z" end-time="2018-05-23 11:17:58Z" duration="0.346520" total="48" passed="18" failed="30" warnings="0" inconclusive="0" skipped="0" asserts="52">
        <failure>
          <message><![CDATA[One or more child tests had errors]]></message>
        </failure>
        <test-case id="1047" name="GetOutofJail" fullname="Test.Test.GetOutofJail" methodname="GetOutofJail" classname="Test.Test" runstate="Runnable" seed="1400050225" result="Failed" label="Error" start-time="2018-05-23 11:17:57Z" end-time="2018-05-23 11:17:57Z" duration="0.041002" asserts="0">
          <failure>
            <message><![CDATA[System.InvalidOperationException : The player is not in Jail and has not to be removed]]></message>
            <stack-trace><![CDATA[   bei Monopoly.Game.RemovePlayerFromPrison(Player player) in C:\Users\jsiedersberger\Documents\GitHub\Monopoly2.0\Monopoly\Monopoly\Game\Game.cs:Zeile 189.
   bei Monopoly.Cards.GetOutOfJailCard.UseCard(Player player) in C:\Users\jsiedersberger\Documents\GitHub\Monopoly2.0\Monopoly\Monopoly\Cards\GetOutOfJailCard.cs:Zeile 24.
   bei Test.Test.GetOutofJail() in C:\Users\jsiedersberger\Documents\GitHub\Monopoly2.0\Monopoly\Test\Test.cs:Zeile 714.]]></stack-trace>
          </failure>
        </test-case>
        <test-case id="1046" name="GoToNextMemberofGroup" fullname="Test.Test.GoToNextMemberofGroup" methodname="GoToNextMemberofGroup" classname="Test.Test" runstate="Runnable" seed="1830531043" result="Failed" start-time="2018-05-23 11:17:57Z" end-time="2018-05-23 11:17:57Z" duration="0.021819" asserts="2">
          <failure>
            <message><![CDATA[  Expected: 5
  But was:  15
]]></message>
            <stack-trace><![CDATA[bei Test.Test.GoToNextMemberofGroup() in C:\Users\jsiedersberger\Documents\GitHub\Monopoly2.0\Monopoly\Test\Test.cs:Zeile 704.
]]></stack-trace>
          </failure>
          <assertions>
            <assertion result="Failed">
              <message><![CDATA[  Expected: 5
  But was:  15
]]></message>
              <stack-trace><![CDATA[bei Test.Test.GoToNextMemberofGroup() in C:\Users\jsiedersberger\Documents\GitHub\Monopoly2.0\Monopoly\Test\Test.cs:Zeile 704.
]]></stack-trace>
            </assertion>
          </assertions>
        </test-case>
        <test-case id="1005" name="PlayerDoesNotHaveEnoughMoney" fullname="Test.Test.PlayerDoesNotHaveEnoughMoney" methodname="PlayerDoesNotHaveEnoughMoney" classname="Test.Test" runstate="Runnable" seed="328538544" result="Failed" label="Error" start-time="2018-05-23 11:17:57Z" end-time="2018-05-23 11:17:57Z" duration="0.002567" asserts="0">
          <failure>
            <message><![CDATA[System.InvalidCastException : Das Objekt des Typs "Monopoly.Fields.CommunityChestField" kann nicht in Typ "Monopoly.StreetField" umgewandelt werden.]]></message>
            <stack-trace><![CDATA[   bei Test.Test.PlayerDoesNotHaveEnoughMoney() in C:\Users\jsiedersberger\Documents\GitHub\Monopoly2.0\Monopoly\Test\Test.cs:Zeile 89.]]></stack-trace>
          </failure>
        </test-case>
        <test-case id="1003" name="PlayerIsBankrupt" fullname="Test.Test.PlayerIsBankrupt" methodname="PlayerIsBankrupt" classname="Test.Test" runstate="Runnable" seed="118591961" result="Failed" label="Error" start-time="2018-05-23 11:17:57Z" end-time="2018-05-23 11:17:57Z" duration="0.001685" asserts="0">
          <failure>
            <message><![CDATA[System.InvalidCastException : Das Objekt des Typs "Monopoly.Fields.CommunityChestField" kann nicht in Typ "Monopoly.StreetField" umgewandelt werden.]]></message>
            <stack-trace><![CDATA[   bei Test.Test.PlayerIsBankrupt() in C:\Users\jsiedersberger\Documents\GitHub\Monopoly2.0\Monopoly\Test\Test.cs:Zeile 45.]]></stack-trace>
          </failure>
        </test-case>
        <test-case id="1033" name="PlayerPayFineImmediately" fullname="Test.Test.PlayerPayFineImmediately" methodname="PlayerPayFineImmediately" classname="Test.Test" runstate="Runnable" seed="1890031020" result="Failed" label="Error" start-time="2018-05-23 11:17:57Z" end-time="2018-05-23 11:17:57Z" duration="0.001644" asserts="0">
          <failure>
            <message><![CDATA[System.InvalidOperationException : The player is not in Jail and has not to be removed]]></message>
            <stack-trace><![CDATA[   bei Monopoly.Game.RemovePlayerFromPrison(Player player) in C:\Users\jsiedersberger\Documents\GitHub\Monopoly2.0\Monopoly\Monopoly\Game\Game.cs:Zeile 189.
   bei Monopoly.Game.PayFineImmediately(Player player) in C:\Users\jsiedersberger\Documents\GitHub\Monopoly2.0\Monopoly\Monopoly\Game\Game.cs:Zeile 181.
   bei Test.Test.PlayerPayFineImmediately() in C:\Users\jsiedersberger\Documents\GitHub\Monopoly2.0\Monopoly\Test\Test.cs:Zeile 544.]]></stack-trace>
          </failure>
        </test-case>
        <test-case id="1034" name="PlayerThrowsDoubleThreeTimes" fullname="Test.Test.PlayerThrowsDoubleThreeTimes" methodname="PlayerThrowsDoubleThreeTimes" classname="Test.Test" runstate="Runnable" seed="22704588" result="Passed" start-time="2018-05-23 11:17:57Z" end-time="2018-05-23 11:17:57Z" duration="0.010874" asserts="1" />
        <test-case id="1017" name="TestAuctionField" fullname="Test.Test.TestAuctionField" methodname="TestAuctionField" classname="Test.Test" runstate="Runnable" seed="2137962611" result="Passed" start-time="2018-05-23 11:17:57Z" end-time="2018-05-23 11:17:57Z" duration="0.003070" asserts="2" />
        <test-case id="1024" name="TestBuyAndRentSupplierField" fullname="Test.Test.TestBuyAndRentSupplierField" methodname="TestBuyAndRentSupplierField" classname="Test.Test" runstate="Runnable" seed="1475346260" result="Failed" label="Error" start-time="2018-05-23 11:17:57Z" end-time="2018-05-23 11:17:57Z" duration="0.003444" asserts="0">
          <failure>
            <message><![CDATA[System.InvalidCastException : Das Objekt des Typs "Monopoly.Fields.ChangeField" kann nicht in Typ "Monopoly.SupplierField" umgewandelt werden.]]></message>
            <stack-trace><![CDATA[   bei Test.Test.TestBuyAndRentSupplierField() in C:\Users\jsiedersberger\Documents\GitHub\Monopoly2.0\Monopoly\Test\Test.cs:Zeile 397.]]></stack-trace>
          </failure>
        </test-case>
        <test-case id="1008" name="TestBuyCurrentField" fullname="Test.Test.TestBuyCurrentField" methodname="TestBuyCurrentField" classname="Test.Test" runstate="Runnable" seed="591141461" result="Passed" start-time="2018-05-23 11:17:57Z" end-time="2018-05-23 11:17:57Z" duration="0.010219" asserts="3" />
        <test-case id="1016" name="TestBuyInAuction" fullname="Test.Test.TestBuyInAuction" methodname="TestBuyInAuction" classname="Test.Test" runstate="Runnable" seed="899323769" result="Passed" start-time="2018-05-23 11:17:57Z" end-time="2018-05-23 11:17:57Z" duration="0.000525" asserts="2" />
        <test-case id="1027" name="TestBuySupplierFieldInAuction" fullname="Test.Test.TestBuySupplierFieldInAuction" methodname="TestBuySupplierFieldInAuction" classname="Test.Test" runstate="Runnable" seed="422416727" result="Failed" label="Error" start-time="2018-05-23 11:17:57Z" end-time="2018-05-23 11:17:57Z" duration="0.001157" asserts="0">
          <failure>
            <message><![CDATA[System.InvalidCastException : Das Objekt des Typs "Monopoly.Fields.ChangeField" kann nicht in Typ "Monopoly.SupplierField" umgewandelt werden.]]></message>
            <stack-trace><![CDATA[   bei Test.Test.TestBuySupplierFieldInAuction() in C:\Users\jsiedersberger\Documents\GitHub\Monopoly2.0\Monopoly\Test\Test.cs:Zeile 464.]]></stack-trace>
          </failure>
        </test-case>
        <test-case id="1048" name="TestCommunityChestField" fullname="Test.Test.TestCommunityChestField" methodname="TestCommunityChestField" classname="Test.Test" runstate="Runnable" seed="634840474" result="Passed" start-time="2018-05-23 11:17:57Z" end-time="2018-05-23 11:17:57Z" duration="0.000336" asserts="0" />
        <test-case id="1002" name="TestCrossedStartField" fullname="Test.Test.TestCrossedStartField" methodname="TestCrossedStartField" classname="Test.Test" runstate="Runnable" seed="1019958202" result="Failed" start-time="2018-05-23 11:17:57Z" end-time="2018-05-23 11:17:57Z" duration="0.001640" asserts="1">
          <failure>
            <message><![CDATA[  Expected: True
  But was:  False
]]></message>
            <stack-trace><![CDATA[bei Test.Test.TestCrossedStartField() in C:\Users\jsiedersberger\Documents\GitHub\Monopoly2.0\Monopoly\Test\Test.cs:Zeile 37.
]]></stack-trace>
          </failure>
          <assertions>
            <assertion result="Failed">
              <message><![CDATA[  Expected: True
  But was:  False
]]></message>
              <stack-trace><![CDATA[bei Test.Test.TestCrossedStartField() in C:\Users\jsiedersberger\Documents\GitHub\Monopoly2.0\Monopoly\Test\Test.cs:Zeile 37.
]]></stack-trace>
            </assertion>
          </assertions>
        </test-case>
        <test-case id="1014" name="TestExChangeFieldMoney" fullname="Test.Test.TestExChangeFieldMoney" methodname="TestExChangeFieldMoney" classname="Test.Test" runstate="Runnable" seed="424390606" result="Passed" start-time="2018-05-23 11:17:57Z" end-time="2018-05-23 11:17:57Z" duration="0.001286" asserts="5" />
        <test-case id="1015" name="TestExChangeFieldwithField" fullname="Test.Test.TestExChangeFieldwithField" methodname="TestExChangeFieldwithField" classname="Test.Test" runstate="Runnable" seed="1769737804" result="Failed" label="Error" start-time="2018-05-23 11:17:57Z" end-time="2018-05-23 11:17:57Z" duration="0.001333" asserts="0">
          <failure>
            <message><![CDATA[System.InvalidCastException : Das Objekt des Typs "Monopoly.Fields.CommunityChestField" kann nicht in Typ "Monopoly.StreetField" umgewandelt werden.]]></message>
            <stack-trace><![CDATA[   bei Test.Test.TestExChangeFieldwithField() in C:\Users\jsiedersberger\Documents\GitHub\Monopoly2.0\Monopoly\Test\Test.cs:Zeile 259.]]></stack-trace>
          </failure>
        </test-case>
        <test-case id="1029" name="TestexChangeSupplierFieldMoney" fullname="Test.Test.TestexChangeSupplierFieldMoney" methodname="TestexChangeSupplierFieldMoney" classname="Test.Test" runstate="Runnable" seed="1262082756" result="Failed" label="Error" start-time="2018-05-23 11:17:57Z" end-time="2018-05-23 11:17:57Z" duration="0.001363" asserts="0">
          <failure>
            <message><![CDATA[System.InvalidCastException : Das Objekt des Typs "Monopoly.Fields.ChangeField" kann nicht in Typ "Monopoly.SupplierField" umgewandelt werden.]]></message>
            <stack-trace><![CDATA[   bei Test.Test.TestexChangeSupplierFieldMoney() in C:\Users\jsiedersberger\Documents\GitHub\Monopoly2.0\Monopoly\Test\Test.cs:Zeile 487.]]></stack-trace>
          </failure>
        </test-case>
        <test-case id="1028" name="TestExChangeSupplierFieldwithField" fullname="Test.Test.TestExChangeSupplierFieldwithField" methodname="TestExChangeSupplierFieldwithField" classname="Test.Test" runstate="Runnable" seed="681145290" result="Failed" label="Error" start-time="2018-05-23 11:17:57Z" end-time="2018-05-23 11:17:57Z" duration="0.001123" asserts="0">
          <failure>
            <message><![CDATA[System.InvalidCastException : Das Objekt des Typs "Monopoly.Fields.ChangeField" kann nicht in Typ "Monopoly.SupplierField" umgewandelt werden.]]></message>
            <stack-trace><![CDATA[   bei Test.Test.TestExChangeSupplierFieldwithField() in C:\Users\jsiedersberger\Documents\GitHub\Monopoly2.0\Monopoly\Test\Test.cs:Zeile 475.]]></stack-trace>
          </failure>
        </test-case>
        <test-case id="1021" name="TestExChangeTrainStationFieldMoney" fullname="Test.Test.TestExChangeTrainStationFieldMoney" methodname="TestExChangeTrainStationFieldMoney" classname="Test.Test" runstate="Runnable" seed="1496997184" result="Passed" start-time="2018-05-23 11:17:57Z" end-time="2018-05-23 11:17:57Z" duration="0.003644" asserts="5" />
        <test-case id="1022" name="TestExChangeTrainStationFieldwithField" fullname="Test.Test.TestExChangeTrainStationFieldwithField" methodname="TestExChangeTrainStationFieldwithField" classname="Test.Test" runstate="Runnable" seed="1555408157" result="Passed" start-time="2018-05-23 11:17:57Z" end-time="2018-05-23 11:17:57Z" duration="0.000962" asserts="2" />
        <test-case id="1004" name="TestGameOver" fullname="Test.Test.TestGameOver" methodname="TestGameOver" classname="Test.Test" runstate="Runnable" seed="969992059" result="Passed" start-time="2018-05-23 11:17:58Z" end-time="2018-05-23 11:17:58Z" duration="0.003453" asserts="2" />
        <test-case id="1036" name="TestGetMoneyFromPlayersCard" fullname="Test.Test.TestGetMoneyFromPlayersCard" methodname="TestGetMoneyFromPlayersCard" classname="Test.Test" runstate="Runnable" seed="1552284425" result="Passed" start-time="2018-05-23 11:17:58Z" end-time="2018-05-23 11:17:58Z" duration="0.000760" asserts="3" />
        <test-case id="1039" name="TestGoToJailCard" fullname="Test.Test.TestGoToJailCard" methodname="TestGoToJailCard" classname="Test.Test" runstate="Runnable" seed="1961713971" result="Passed" start-time="2018-05-23 11:17:58Z" end-time="2018-05-23 11:17:58Z" duration="0.001088" asserts="2" />
        <test-case id="1030" name="TestGoToJailField" fullname="Test.Test.TestGoToJailField" methodname="TestGoToJailField" classname="Test.Test" runstate="Runnable" seed="1731291003" result="Failed" start-time="2018-05-23 11:17:58Z" end-time="2018-05-23 11:17:58Z" duration="0.001461" asserts="1">
          <failure>
            <message><![CDATA[  Expected: True
  But was:  False
]]></message>
            <stack-trace><![CDATA[bei Test.Test.TestGoToJailField() in C:\Users\jsiedersberger\Documents\GitHub\Monopoly2.0\Monopoly\Test\Test.cs:Zeile 505.
]]></stack-trace>
          </failure>
          <assertions>
            <assertion result="Failed">
              <message><![CDATA[  Expected: True
  But was:  False
]]></message>
              <stack-trace><![CDATA[bei Test.Test.TestGoToJailField() in C:\Users\jsiedersberger\Documents\GitHub\Monopoly2.0\Monopoly\Test\Test.cs:Zeile 505.
]]></stack-trace>
            </assertion>
          </assertions>
        </test-case>
        <test-case id="1035" name="TestMoneyCard" fullname="Test.Test.TestMoneyCard" methodname="TestMoneyCard" classname="Test.Test" runstate="Runnable" seed="1835226386" result="Passed" start-time="2018-05-23 11:17:58Z" end-time="2018-05-23 11:17:58Z" duration="0.000493" asserts="2" />
        <test-case id="1044" name="TestMoveCardBackWards" fullname="Test.Test.TestMoveCardBackWards" methodname="TestMoveCardBackWards" classname="Test.Test" runstate="Runnable" seed="2092776209" result="Failed" start-time="2018-05-23 11:17:58Z" end-time="2018-05-23 11:17:58Z" duration="0.003663" asserts="1">
          <failure>
            <message><![CDATA[  Expected: 7
  But was:  8
]]></message>
            <stack-trace><![CDATA[bei Test.Test.TestMoveCardBackWards() in C:\Users\jsiedersberger\Documents\GitHub\Monopoly2.0\Monopoly\Test\Test.cs:Zeile 680.
]]></stack-trace>
          </failure>
          <assertions>
            <assertion result="Failed">
              <message><![CDATA[  Expected: 7
  But was:  8
]]></message>
              <stack-trace><![CDATA[bei Test.Test.TestMoveCardBackWards() in C:\Users\jsiedersberger\Documents\GitHub\Monopoly2.0\Monopoly\Test\Test.cs:Zeile 680.
]]></stack-trace>
            </assertion>
          </assertions>
        </test-case>
        <test-case id="1045" name="TestMoveCardBackWardsAndCrossStart" fullname="Test.Test.TestMoveCardBackWardsAndCrossStart" methodname="TestMoveCardBackWardsAndCrossStart" classname="Test.Test" runstate="Runnable" seed="1511645959" result="Failed" start-time="2018-05-23 11:17:58Z" end-time="2018-05-23 11:17:58Z" duration="0.001543" asserts="1">
          <failure>
            <message><![CDATA[  Expected: 10
  But was:  37
]]></message>
            <stack-trace><![CDATA[bei Test.Test.TestMoveCardBackWardsAndCrossStart() in C:\Users\jsiedersberger\Documents\GitHub\Monopoly2.0\Monopoly\Test\Test.cs:Zeile 691.
]]></stack-trace>
          </failure>
          <assertions>
            <assertion result="Failed">
              <message><![CDATA[  Expected: 10
  But was:  37
]]></message>
              <stack-trace><![CDATA[bei Test.Test.TestMoveCardBackWardsAndCrossStart() in C:\Users\jsiedersberger\Documents\GitHub\Monopoly2.0\Monopoly\Test\Test.cs:Zeile 691.
]]></stack-trace>
            </assertion>
          </assertions>
        </test-case>
        <test-case id="1042" name="TestMoveCardForwards" fullname="Test.Test.TestMoveCardForwards" methodname="TestMoveCardForwards" classname="Test.Test" runstate="Runnable" seed="259525711" result="Passed" start-time="2018-05-23 11:17:58Z" end-time="2018-05-23 11:17:58Z" duration="0.000412" asserts="1" />
        <test-case id="1043" name="TestMoveCardForwardsAndCrossStart" fullname="Test.Test.TestMoveCardForwardsAndCrossStart" methodname="TestMoveCardForwardsAndCrossStart" classname="Test.Test" runstate="Runnable" seed="438523610" result="Failed" start-time="2018-05-23 11:17:58Z" end-time="2018-05-23 11:17:58Z" duration="0.001613" asserts="1">
          <failure>
            <message><![CDATA[  Expected: 0
  But was:  13
]]></message>
            <stack-trace><![CDATA[bei Test.Test.TestMoveCardForwardsAndCrossStart() in C:\Users\jsiedersberger\Documents\GitHub\Monopoly2.0\Monopoly\Test\Test.cs:Zeile 668.
]]></stack-trace>
          </failure>
          <assertions>
            <assertion result="Failed">
              <message><![CDATA[  Expected: 0
  But was:  13
]]></message>
              <stack-trace><![CDATA[bei Test.Test.TestMoveCardForwardsAndCrossStart() in C:\Users\jsiedersberger\Documents\GitHub\Monopoly2.0\Monopoly\Test\Test.cs:Zeile 668.
]]></stack-trace>
            </assertion>
          </assertions>
        </test-case>
        <test-case id="1041" name="TestMoveToCard" fullname="Test.Test.TestMoveToCard" methodname="TestMoveToCard" classname="Test.Test" runstate="Runnable" seed="797773972" result="Passed" start-time="2018-05-23 11:17:58Z" end-time="2018-05-23 11:17:58Z" duration="0.000439" asserts="1" />
        <test-case id="1040" name="TestMoveToCardAndCrossStart" fullname="Test.Test.TestMoveToCardAndCrossStart" methodname="TestMoveToCardAndCrossStart" classname="Test.Test" runstate="Runnable" seed="736391700" result="Passed" start-time="2018-05-23 11:17:58Z" end-time="2018-05-23 11:17:58Z" duration="0.000472" asserts="2" />
        <test-case id="1001" name="TestNextTurn" fullname="Test.Test.TestNextTurn" methodname="TestNextTurn" classname="Test.Test" runstate="Runnable" seed="1976246234" result="Failed" start-time="2018-05-23 11:17:58Z" end-time="2018-05-23 11:17:58Z" duration="0.001703" asserts="1">
          <failure>
            <message><![CDATA[  Expected: <Monopoly.Player>
  But was:  <Monopoly.Player>
]]></message>
            <stack-trace><![CDATA[bei Test.Test.TestNextTurn() in C:\Users\jsiedersberger\Documents\GitHub\Monopoly2.0\Monopoly\Test\Test.cs:Zeile 20.
]]></stack-trace>
          </failure>
          <assertions>
            <assertion result="Failed">
              <message><![CDATA[  Expected: <Monopoly.Player>
  But was:  <Monopoly.Player>
]]></message>
              <stack-trace><![CDATA[bei Test.Test.TestNextTurn() in C:\Users\jsiedersberger\Documents\GitHub\Monopoly2.0\Monopoly\Test\Test.cs:Zeile 20.
]]></stack-trace>
            </assertion>
          </assertions>
        </test-case>
        <test-case id="1013" name="TestPayOffMortage" fullname="Test.Test.TestPayOffMortage" methodname="TestPayOffMortage" classname="Test.Test" runstate="Runnable" seed="1586050617" result="Failed" label="Error" start-time="2018-05-23 11:17:58Z" end-time="2018-05-23 11:17:58Z" duration="0.001441" asserts="0">
          <failure>
            <message><![CDATA[System.InvalidCastException : Das Objekt des Typs "Monopoly.Fields.CommunityChestField" kann nicht in Typ "Monopoly.StreetField" umgewandelt werden.]]></message>
            <stack-trace><![CDATA[   bei Test.Test.TestPayOffMortage() in C:\Users\jsiedersberger\Documents\GitHub\Monopoly2.0\Monopoly\Test\Test.cs:Zeile 226.]]></stack-trace>
          </failure>
        </test-case>
        <test-case id="1026" name="TestPayOffMortageSupplierField" fullname="Test.Test.TestPayOffMortageSupplierField" methodname="TestPayOffMortageSupplierField" classname="Test.Test" runstate="Runnable" seed="686258532" result="Failed" label="Error" start-time="2018-05-23 11:17:58Z" end-time="2018-05-23 11:17:58Z" duration="0.001516" asserts="0">
          <failure>
            <message><![CDATA[System.InvalidCastException : Das Objekt des Typs "Monopoly.Fields.ChangeField" kann nicht in Typ "Monopoly.SupplierField" umgewandelt werden.]]></message>
            <stack-trace><![CDATA[   bei Test.Test.TestPayOffMortageSupplierField() in C:\Users\jsiedersberger\Documents\GitHub\Monopoly2.0\Monopoly\Test\Test.cs:Zeile 446.]]></stack-trace>
          </failure>
        </test-case>
        <test-case id="1020" name="TestPayOffMortageTrainStation" fullname="Test.Test.TestPayOffMortageTrainStation" methodname="TestPayOffMortageTrainStation" classname="Test.Test" runstate="Runnable" seed="1074709659" result="Failed" label="Error" start-time="2018-05-23 11:17:58Z" end-time="2018-05-23 11:17:58Z" duration="0.001686" asserts="0">
          <failure>
            <message><![CDATA[System.InvalidCastException : Das Objekt des Typs "Monopoly.StreetField" kann nicht in Typ "Monopoly.TrainstationField" umgewandelt werden.]]></message>
            <stack-trace><![CDATA[   bei Test.Test.TestPayOffMortageTrainStation() in C:\Users\jsiedersberger\Documents\GitHub\Monopoly2.0\Monopoly\Test\Test.cs:Zeile 339.]]></stack-trace>
          </failure>
        </test-case>
        <test-case id="1038" name="TestPayPlayersCard" fullname="Test.Test.TestPayPlayersCard" methodname="TestPayPlayersCard" classname="Test.Test" runstate="Runnable" seed="1839149542" result="Passed" start-time="2018-05-23 11:17:58Z" end-time="2018-05-23 11:17:58Z" duration="0.000780" asserts="3" />
        <test-case id="1011" name="TestPayRent" fullname="Test.Test.TestPayRent" methodname="TestPayRent" classname="Test.Test" runstate="Runnable" seed="1378291300" result="Failed" label="Error" start-time="2018-05-23 11:17:58Z" end-time="2018-05-23 11:17:58Z" duration="0.001577" asserts="0">
          <failure>
            <message><![CDATA[System.InvalidCastException : Das Objekt des Typs "Monopoly.Fields.CommunityChestField" kann nicht in Typ "Monopoly.StreetField" umgewandelt werden.]]></message>
            <stack-trace><![CDATA[   bei Test.Test.TestPayRent() in C:\Users\jsiedersberger\Documents\GitHub\Monopoly2.0\Monopoly\Test\Test.cs:Zeile 186.]]></stack-trace>
          </failure>
        </test-case>
        <test-case id="1031" name="TestPlayerThrowsDouble" fullname="Test.Test.TestPlayerThrowsDouble" methodname="TestPlayerThrowsDouble" classname="Test.Test" runstate="Runnable" seed="459606279" result="Failed" start-time="2018-05-23 11:17:58Z" end-time="2018-05-23 11:17:58Z" duration="0.002267" asserts="1">
          <failure>
            <message><![CDATA[  Expected: True
  But was:  False
]]></message>
            <stack-trace><![CDATA[bei Test.Test.TestPlayerThrowsDouble() in C:\Users\jsiedersberger\Documents\GitHub\Monopoly2.0\Monopoly\Test\Test.cs:Zeile 516.
]]></stack-trace>
          </failure>
          <assertions>
            <assertion result="Failed">
              <message><![CDATA[  Expected: True
  But was:  False
]]></message>
              <stack-trace><![CDATA[bei Test.Test.TestPlayerThrowsDouble() in C:\Users\jsiedersberger\Documents\GitHub\Monopoly2.0\Monopoly\Test\Test.cs:Zeile 516.
]]></stack-trace>
            </assertion>
          </assertions>
        </test-case>
        <test-case id="1032" name="TestPlayerTried3Times" fullname="Test.Test.TestPlayerTried3Times" methodname="TestPlayerTried3Times" classname="Test.Test" runstate="Runnable" seed="311768783" result="Failed" start-time="2018-05-23 11:17:58Z" end-time="2018-05-23 11:17:58Z" duration="0.001755" asserts="1">
          <failure>
            <message><![CDATA[  Expected: True
  But was:  False
]]></message>
            <stack-trace><![CDATA[bei Test.Test.TestPlayerTried3Times() in C:\Users\jsiedersberger\Documents\GitHub\Monopoly2.0\Monopoly\Test\Test.cs:Zeile 529.
]]></stack-trace>
          </failure>
          <assertions>
            <assertion result="Failed">
              <message><![CDATA[  Expected: True
  But was:  False
]]></message>
              <stack-trace><![CDATA[bei Test.Test.TestPlayerTried3Times() in C:\Users\jsiedersberger\Documents\GitHub\Monopoly2.0\Monopoly\Test\Test.cs:Zeile 529.
]]></stack-trace>
            </assertion>
          </assertions>
        </test-case>
        <test-case id="1007" name="TestRemovePlayer" fullname="Test.Test.TestRemovePlayer" methodname="TestRemovePlayer" classname="Test.Test" runstate="Runnable" seed="1673842947" result="Failed" label="Error" start-time="2018-05-23 11:17:58Z" end-time="2018-05-23 11:17:58Z" duration="0.002936" asserts="3">
          <failure>
            <message><![CDATA[System.ArgumentOutOfRangeException : Der Index lag außerhalb des Bereichs. Er darf nicht negativ und kleiner als die Sammlung sein.
Parametername: index]]></message>
            <stack-trace><![CDATA[   bei System.ThrowHelper.ThrowArgumentOutOfRangeException(ExceptionArgument argument, ExceptionResource resource)
   bei System.Collections.Generic.List`1.get_Item(Int32 index)
   bei Test.Test.TestRemovePlayer() in C:\Users\jsiedersberger\Documents\GitHub\Monopoly2.0\Monopoly\Test\Test.cs:Zeile 126.]]></stack-trace>
          </failure>
        </test-case>
        <test-case id="1010" name="TestSellHouse" fullname="Test.Test.TestSellHouse" methodname="TestSellHouse" classname="Test.Test" runstate="Runnable" seed="455785485" result="Failed" label="Error" start-time="2018-05-23 11:17:58Z" end-time="2018-05-23 11:17:58Z" duration="0.001629" asserts="0">
          <failure>
            <message><![CDATA[System.InvalidCastException : Das Objekt des Typs "Monopoly.Fields.CommunityChestField" kann nicht in Typ "Monopoly.StreetField" umgewandelt werden.]]></message>
            <stack-trace><![CDATA[   bei Test.Test.TestSellHouse() in C:\Users\jsiedersberger\Documents\GitHub\Monopoly2.0\Monopoly\Test\Test.cs:Zeile 169.]]></stack-trace>
          </failure>
        </test-case>
        <test-case id="1006" name="TestSetPlayerPosition" fullname="Test.Test.TestSetPlayerPosition" methodname="TestSetPlayerPosition" classname="Test.Test" runstate="Runnable" seed="1773213108" result="Passed" start-time="2018-05-23 11:17:58Z" end-time="2018-05-23 11:17:58Z" duration="0.000379" asserts="1" />
        <test-case id="1037" name="TestStreetRepairCard" fullname="Test.Test.TestStreetRepairCard" methodname="TestStreetRepairCard" classname="Test.Test" runstate="Runnable" seed="389389016" result="Failed" label="Error" start-time="2018-05-23 11:17:58Z" end-time="2018-05-23 11:17:58Z" duration="0.001132" asserts="0">
          <failure>
            <message><![CDATA[System.InvalidCastException : Das Objekt des Typs "Monopoly.Fields.CommunityChestField" kann nicht in Typ "Monopoly.StreetField" umgewandelt werden.]]></message>
            <stack-trace><![CDATA[   bei Test.Test.TestStreetRepairCard() in C:\Users\jsiedersberger\Documents\GitHub\Monopoly2.0\Monopoly\Test\Test.cs:Zeile 591.]]></stack-trace>
          </failure>
        </test-case>
        <test-case id="1012" name="TestTakeMortage" fullname="Test.Test.TestTakeMortage" methodname="TestTakeMortage" classname="Test.Test" runstate="Runnable" seed="190908470" result="Failed" label="Error" start-time="2018-05-23 11:17:58Z" end-time="2018-05-23 11:17:58Z" duration="0.004547" asserts="0">
          <failure>
            <message><![CDATA[System.InvalidCastException : Das Objekt des Typs "Monopoly.Fields.CommunityChestField" kann nicht in Typ "Monopoly.StreetField" umgewandelt werden.]]></message>
            <stack-trace><![CDATA[   bei Test.Test.TestTakeMortage() in C:\Users\jsiedersberger\Documents\GitHub\Monopoly2.0\Monopoly\Test\Test.cs:Zeile 202.]]></stack-trace>
          </failure>
        </test-case>
        <test-case id="1025" name="TestTakeMortageSupplierField" fullname="Test.Test.TestTakeMortageSupplierField" methodname="TestTakeMortageSupplierField" classname="Test.Test" runstate="Runnable" seed="1039357245" result="Failed" label="Error" start-time="2018-05-23 11:17:58Z" end-time="2018-05-23 11:17:58Z" duration="0.001540" asserts="0">
          <failure>
            <message><![CDATA[System.InvalidCastException : Das Objekt des Typs "Monopoly.Fields.ChangeField" kann nicht in Typ "Monopoly.SupplierField" umgewandelt werden.]]></message>
            <stack-trace><![CDATA[   bei Test.Test.TestTakeMortageSupplierField() in C:\Users\jsiedersberger\Documents\GitHub\Monopoly2.0\Monopoly\Test\Test.cs:Zeile 425.]]></stack-trace>
          </failure>
        </test-case>
        <test-case id="1019" name="TestTakeMortageTrainStation" fullname="Test.Test.TestTakeMortageTrainStation" methodname="TestTakeMortageTrainStation" classname="Test.Test" runstate="Runnable" seed="332730042" result="Failed" label="Error" start-time="2018-05-23 11:17:58Z" end-time="2018-05-23 11:17:58Z" duration="0.001451" asserts="0">
          <failure>
            <message><![CDATA[System.InvalidCastException : Das Objekt des Typs "Monopoly.StreetField" kann nicht in Typ "Monopoly.TrainstationField" umgewandelt werden.]]></message>
            <stack-trace><![CDATA[   bei Test.Test.TestTakeMortageTrainStation() in C:\Users\jsiedersberger\Documents\GitHub\Monopoly2.0\Monopoly\Test\Test.cs:Zeile 318.]]></stack-trace>
          </failure>
        </test-case>
        <test-case id="1018" name="TestTrainStationField" fullname="Test.Test.TestTrainStationField" methodname="TestTrainStationField" classname="Test.Test" runstate="Runnable" seed="276230664" result="Failed" label="Error" start-time="2018-05-23 11:17:58Z" end-time="2018-05-23 11:17:58Z" duration="0.001452" asserts="0">
          <failure>
            <message><![CDATA[System.InvalidCastException : Das Objekt des Typs "Monopoly.StreetField" kann nicht in Typ "Monopoly.TrainstationField" umgewandelt werden.]]></message>
            <stack-trace><![CDATA[   bei Test.Test.TestTrainStationField() in C:\Users\jsiedersberger\Documents\GitHub\Monopoly2.0\Monopoly\Test\Test.cs:Zeile 302.]]></stack-trace>
          </failure>
        </test-case>
        <test-case id="1023" name="TestTrainStationFieldBuyInAuction" fullname="Test.Test.TestTrainStationFieldBuyInAuction" methodname="TestTrainStationFieldBuyInAuction" classname="Test.Test" runstate="Runnable" seed="129788647" result="Passed" start-time="2018-05-23 11:17:58Z" end-time="2018-05-23 11:17:58Z" duration="0.000737" asserts="2" />
        <test-case id="1009" name="TestUpdateLevel" fullname="Test.Test.TestUpdateLevel" methodname="TestUpdateLevel" classname="Test.Test" runstate="Runnable" seed="964903120" result="Failed" label="Error" start-time="2018-05-23 11:17:58Z" end-time="2018-05-23 11:17:58Z" duration="0.001599" asserts="0">
          <failure>
            <message><![CDATA[System.InvalidCastException : Das Objekt des Typs "Monopoly.Fields.CommunityChestField" kann nicht in Typ "Monopoly.StreetField" umgewandelt werden.]]></message>
            <stack-trace><![CDATA[   bei Test.Test.TestUpdateLevel() in C:\Users\jsiedersberger\Documents\GitHub\Monopoly2.0\Monopoly\Test\Test.cs:Zeile 151.]]></stack-trace>
          </failure>
        </test-case>
      </test-suite>
    </test-suite>
  </test-suite>
</test-run>