<?xml version="1.0" encoding="utf-8"?>
<test-run id="2" name="Test.exe" fullname="C:/Users/jsiedersberger/Documents/GitHub/Monopoly2.0/Monopoly/Test/bin/Debug/Test.exe" testcasecount="1" result="Failed" start-time="2018-03-09 13:37:48Z" end-time="2018-03-09 13:38:02Z" duration="14.082679" total="1" passed="0" failed="1" inconclusive="0" skipped="0" asserts="0" random-seed="1411725197">
  <command-line><![CDATA["C:\Users\jsiedersberger\Documents\GitHub\Monopoly2.0\Monopoly\Test\bin\Debug\Test.exe" ]]></command-line>
  <filter />
  <test-suite type="Assembly" id="1002" name="Test.exe" fullname="C:/Users/jsiedersberger/Documents/GitHub/Monopoly2.0/Monopoly/Test/bin/Debug/Test.exe" runstate="Runnable" testcasecount="1" result="Failed" site="Child" start-time="2018-03-09 13:37:48Z" end-time="2018-03-09 13:38:02Z" duration="14.082679" total="1" passed="0" failed="1" warnings="0" inconclusive="0" skipped="0" asserts="0">
    <environment framework-version="3.7.1.0" clr-version="4.0.30319.42000" os-version="Microsoft Windows NT 6.2.9200.0" platform="Win32NT" cwd="C:\Users\jsiedersberger\Documents\GitHub\Monopoly2.0\Monopoly\Test\bin\Debug" machine-name="W-SIEDERSB-10" user="jsiedersberger" user-domain="DE" culture="de-DE" uiculture="de-DE" os-architecture="x86" />
    <settings>
      <setting name="WorkDirectory" value="C:\Users\jsiedersberger\Documents\GitHub\Monopoly2.0\Monopoly\Test\bin\Debug" />
      <setting name="NumberOfTestWorkers" value="2" />
    </settings>
    <properties>
      <property name="_PID" value="5912" />
      <property name="_APPDOMAIN" value="Test.exe" />
    </properties>
    <failure>
      <message><![CDATA[One or more child tests had errors]]></message>
    </failure>
    <test-suite type="TestSuite" id="1003" name="Test" fullname="Test" runstate="Runnable" testcasecount="1" result="Failed" site="Child" start-time="2018-03-09 13:37:48Z" end-time="2018-03-09 13:38:02Z" duration="14.068675" total="1" passed="0" failed="1" warnings="0" inconclusive="0" skipped="0" asserts="0">
      <failure>
        <message><![CDATA[One or more child tests had errors]]></message>
      </failure>
      <test-suite type="TestFixture" id="1000" name="Test" fullname="Test.Test" classname="Test.Test" runstate="Runnable" testcasecount="1" result="Failed" site="Child" start-time="2018-03-09 13:37:48Z" end-time="2018-03-09 13:38:02Z" duration="14.048370" total="1" passed="0" failed="1" warnings="0" inconclusive="0" skipped="0" asserts="0">
        <failure>
          <message><![CDATA[One or more child tests had errors]]></message>
        </failure>
        <test-case id="1001" name="TestNextTurn" fullname="Test.Test.TestNextTurn" methodname="TestNextTurn" classname="Test.Test" runstate="Runnable" seed="1608236908" result="Failed" label="Error" start-time="2018-03-09 13:37:48Z" end-time="2018-03-09 13:38:02Z" duration="14.038016" asserts="0">
          <failure>
            <message><![CDATA[System.InvalidOperationException : The Street is already owned by Player XXX]]></message>
            <stack-trace><![CDATA[   bei Monopoly.StreetField.Buy() in C:\Users\jsiedersberger\Documents\GitHub\Monopoly2.0\Monopoly\Monopoly\StreetField.cs:Zeile 61.
   bei Monopoly.Game.BuyCurrentField() in C:\Users\jsiedersberger\Documents\GitHub\Monopoly2.0\Monopoly\Monopoly\Game.cs:Zeile 78.
   bei Test.Test.TestNextTurn() in C:\Users\jsiedersberger\Documents\GitHub\Monopoly2.0\Monopoly\Test\Test.cs:Zeile 19.]]></stack-trace>
          </failure>
        </test-case>
      </test-suite>
    </test-suite>
  </test-suite>
</test-run>