<?xml version="1.0" encoding="utf-8"?>
<test-run id="2" name="Test.exe" fullname="C:/Users/jsiedersberger/Documents/GitHub/Monopoly2.0/Monopoly/Test/bin/Debug/Test.exe" testcasecount="13" result="Passed" start-time="2018-04-03 13:30:54Z" end-time="2018-04-03 13:30:54Z" duration="0.134875" total="13" passed="13" failed="0" inconclusive="0" skipped="0" asserts="46" random-seed="561024590">
  <command-line><![CDATA["C:\Users\jsiedersberger\Documents\GitHub\Monopoly2.0\Monopoly\Test\bin\Debug\Test.exe"   ]]></command-line>
  <filter />
  <test-suite type="Assembly" id="1014" name="Test.exe" fullname="C:/Users/jsiedersberger/Documents/GitHub/Monopoly2.0/Monopoly/Test/bin/Debug/Test.exe" runstate="Runnable" testcasecount="13" result="Passed" start-time="2018-04-03 13:30:54Z" end-time="2018-04-03 13:30:54Z" duration="0.134875" total="13" passed="13" failed="0" warnings="0" inconclusive="0" skipped="0" asserts="46">
    <environment framework-version="3.7.1.0" clr-version="4.0.30319.42000" os-version="Microsoft Windows NT 6.2.9200.0" platform="Win32NT" cwd="C:\Users\jsiedersberger\Documents\GitHub\Monopoly2.0\Monopoly\Test\bin\Debug" machine-name="W-SIEDERSB-10" user="jsiedersberger" user-domain="DE" culture="de-DE" uiculture="de-DE" os-architecture="x86" />
    <settings>
      <setting name="WorkDirectory" value="C:\Users\jsiedersberger\Documents\GitHub\Monopoly2.0\Monopoly\Test\bin\Debug" />
      <setting name="NumberOfTestWorkers" value="2" />
    </settings>
    <properties>
      <property name="_PID" value="5968" />
      <property name="_APPDOMAIN" value="Test.exe" />
    </properties>
    <test-suite type="TestSuite" id="1015" name="Test" fullname="Test" runstate="Runnable" testcasecount="13" result="Passed" start-time="2018-04-03 13:30:54Z" end-time="2018-04-03 13:30:54Z" duration="0.120764" total="13" passed="13" failed="0" warnings="0" inconclusive="0" skipped="0" asserts="46">
      <test-suite type="TestFixture" id="1000" name="Test" fullname="Test.Test" classname="Test.Test" runstate="Runnable" testcasecount="13" result="Passed" start-time="2018-04-03 13:30:54Z" end-time="2018-04-03 13:30:54Z" duration="0.116413" total="13" passed="13" failed="0" warnings="0" inconclusive="0" skipped="0" asserts="46">
        <test-case id="1002" name="TestBuyCurrentField" fullname="Test.Test.TestBuyCurrentField" methodname="TestBuyCurrentField" classname="Test.Test" runstate="Runnable" seed="1254103928" result="Passed" start-time="2018-04-03 13:30:54Z" end-time="2018-04-03 13:30:54Z" duration="0.037282" asserts="3" />
        <test-case id="1006" name="TestCrossedStartField" fullname="Test.Test.TestCrossedStartField" methodname="TestCrossedStartField" classname="Test.Test" runstate="Runnable" seed="790297641" result="Passed" start-time="2018-04-03 13:30:54Z" end-time="2018-04-03 13:30:54Z" duration="0.010162" asserts="1" />
        <test-case id="1001" name="TestNextTurn" fullname="Test.Test.TestNextTurn" methodname="TestNextTurn" classname="Test.Test" runstate="Runnable" seed="511386041" result="Passed" start-time="2018-04-03 13:30:54Z" end-time="2018-04-03 13:30:54Z" duration="0.000709" asserts="3" />
        <test-case id="1008" name="TestPayOffMortage" fullname="Test.Test.TestPayOffMortage" methodname="TestPayOffMortage" classname="Test.Test" runstate="Runnable" seed="1860324938" result="Passed" start-time="2018-04-03 13:30:54Z" end-time="2018-04-03 13:30:54Z" duration="0.001929" asserts="5" />
        <test-case id="1012" name="TestPayOffMortageTrainStation" fullname="Test.Test.TestPayOffMortageTrainStation" methodname="TestPayOffMortageTrainStation" classname="Test.Test" runstate="Runnable" seed="436927284" result="Passed" start-time="2018-04-03 13:30:54Z" end-time="2018-04-03 13:30:54Z" duration="0.003257" asserts="5" />
        <test-case id="1004" name="TestPayRent" fullname="Test.Test.TestPayRent" methodname="TestPayRent" classname="Test.Test" runstate="Runnable" seed="1826177597" result="Passed" start-time="2018-04-03 13:30:54Z" end-time="2018-04-03 13:30:54Z" duration="0.001353" asserts="2" />
        <test-case id="1009" name="TestSellHouse" fullname="Test.Test.TestSellHouse" methodname="TestSellHouse" classname="Test.Test" runstate="Runnable" seed="1116647557" result="Passed" start-time="2018-04-03 13:30:54Z" end-time="2018-04-03 13:30:54Z" duration="0.001397" asserts="4" />
        <test-case id="1005" name="TestSetPlayerPosition" fullname="Test.Test.TestSetPlayerPosition" methodname="TestSetPlayerPosition" classname="Test.Test" runstate="Runnable" seed="524864928" result="Passed" start-time="2018-04-03 13:30:54Z" end-time="2018-04-03 13:30:54Z" duration="0.000395" asserts="1" />
        <test-case id="1013" name="TestSupplier" fullname="Test.Test.TestSupplier" methodname="TestSupplier" classname="Test.Test" runstate="Runnable" seed="205270876" result="Passed" start-time="2018-04-03 13:30:54Z" end-time="2018-04-03 13:30:54Z" duration="0.000282" asserts="0" />
        <test-case id="1007" name="TestTakeMortage" fullname="Test.Test.TestTakeMortage" methodname="TestTakeMortage" classname="Test.Test" runstate="Runnable" seed="110391542" result="Passed" start-time="2018-04-03 13:30:54Z" end-time="2018-04-03 13:30:54Z" duration="0.001857" asserts="7" />
        <test-case id="1011" name="TestTakeMortageTrainStation" fullname="Test.Test.TestTakeMortageTrainStation" methodname="TestTakeMortageTrainStation" classname="Test.Test" runstate="Runnable" seed="1314227658" result="Passed" start-time="2018-04-03 13:30:54Z" end-time="2018-04-03 13:30:54Z" duration="0.001403" asserts="6" />
        <test-case id="1010" name="TestTrainStationField" fullname="Test.Test.TestTrainStationField" methodname="TestTrainStationField" classname="Test.Test" runstate="Runnable" seed="216468769" result="Passed" start-time="2018-04-03 13:30:54Z" end-time="2018-04-03 13:30:54Z" duration="0.001421" asserts="3" />
        <test-case id="1003" name="TestUpdateLevel" fullname="Test.Test.TestUpdateLevel" methodname="TestUpdateLevel" classname="Test.Test" runstate="Runnable" seed="1638136012" result="Passed" start-time="2018-04-03 13:30:54Z" end-time="2018-04-03 13:30:54Z" duration="0.001735" asserts="6" />
      </test-suite>
    </test-suite>
  </test-suite>
</test-run>