<?xml version="1.0" encoding="utf-8"?>
<test-run id="2" name="Test.exe" fullname="C:/Users/jsiedersberger/Documents/GitHub/Monopoly2.0/Monopoly/Test/bin/Debug/Test.exe" testcasecount="12" result="Passed" start-time="2018-04-09 08:40:22Z" end-time="2018-04-09 08:40:22Z" duration="0.462499" total="12" passed="12" failed="0" inconclusive="0" skipped="0" asserts="39" random-seed="1229713691">
  <command-line><![CDATA["C:\Users\jsiedersberger\Documents\GitHub\Monopoly2.0\Monopoly\Test\bin\Debug\Test.exe"   ]]></command-line>
  <filter />
  <test-suite type="Assembly" id="1013" name="Test.exe" fullname="C:/Users/jsiedersberger/Documents/GitHub/Monopoly2.0/Monopoly/Test/bin/Debug/Test.exe" runstate="Runnable" testcasecount="12" result="Passed" start-time="2018-04-09 08:40:22Z" end-time="2018-04-09 08:40:22Z" duration="0.462499" total="12" passed="12" failed="0" warnings="0" inconclusive="0" skipped="0" asserts="39">
    <environment framework-version="3.7.1.0" clr-version="4.0.30319.42000" os-version="Microsoft Windows NT 6.2.9200.0" platform="Win32NT" cwd="C:\Users\jsiedersberger\Documents\GitHub\Monopoly2.0\Monopoly\Test\bin\Debug" machine-name="W-SIEDERSB-10" user="jsiedersberger" user-domain="DE" culture="de-DE" uiculture="de-DE" os-architecture="x86" />
    <settings>
      <setting name="WorkDirectory" value="C:\Users\jsiedersberger\Documents\GitHub\Monopoly2.0\Monopoly\Test\bin\Debug" />
      <setting name="NumberOfTestWorkers" value="2" />
    </settings>
    <properties>
      <property name="_PID" value="11016" />
      <property name="_APPDOMAIN" value="Test.exe" />
    </properties>
    <test-suite type="TestSuite" id="1014" name="Test" fullname="Test" runstate="Runnable" testcasecount="12" result="Passed" start-time="2018-04-09 08:40:22Z" end-time="2018-04-09 08:40:22Z" duration="0.422748" total="12" passed="12" failed="0" warnings="0" inconclusive="0" skipped="0" asserts="39">
      <test-suite type="TestFixture" id="1000" name="Test" fullname="Test.Test" classname="Test.Test" runstate="Runnable" testcasecount="12" result="Passed" start-time="2018-04-09 08:40:22Z" end-time="2018-04-09 08:40:22Z" duration="0.391797" total="12" passed="12" failed="0" warnings="0" inconclusive="0" skipped="0" asserts="39">
        <test-case id="1012" name="PlayerDoesNotHaveEnoughMoney" fullname="Test.Test.PlayerDoesNotHaveEnoughMoney" methodname="PlayerDoesNotHaveEnoughMoney" classname="Test.Test" runstate="Runnable" seed="1810874874" result="Passed" start-time="2018-04-09 08:40:22Z" end-time="2018-04-09 08:40:22Z" duration="0.028687" asserts="1" />
        <test-case id="1011" name="PlayerIsBankrupt" fullname="Test.Test.PlayerIsBankrupt" methodname="PlayerIsBankrupt" classname="Test.Test" runstate="Runnable" seed="1471793252" result="Passed" start-time="2018-04-09 08:40:22Z" end-time="2018-04-09 08:40:22Z" duration="0.002138" asserts="1" />
        <test-case id="1002" name="TestBuyCurrentField" fullname="Test.Test.TestBuyCurrentField" methodname="TestBuyCurrentField" classname="Test.Test" runstate="Runnable" seed="159267833" result="Passed" start-time="2018-04-09 08:40:22Z" end-time="2018-04-09 08:40:22Z" duration="0.009972" asserts="3" />
        <test-case id="1006" name="TestCrossedStartField" fullname="Test.Test.TestCrossedStartField" methodname="TestCrossedStartField" classname="Test.Test" runstate="Runnable" seed="110757252" result="Passed" start-time="2018-04-09 08:40:22Z" end-time="2018-04-09 08:40:22Z" duration="0.008356" asserts="1" />
        <test-case id="1010" name="TestExChangeField" fullname="Test.Test.TestExChangeField" methodname="TestExChangeField" classname="Test.Test" runstate="Runnable" seed="897103319" result="Passed" start-time="2018-04-09 08:40:22Z" end-time="2018-04-09 08:40:22Z" duration="0.001417" asserts="5" />
        <test-case id="1001" name="TestNextTurn" fullname="Test.Test.TestNextTurn" methodname="TestNextTurn" classname="Test.Test" runstate="Runnable" seed="1299620772" result="Passed" start-time="2018-04-09 08:40:22Z" end-time="2018-04-09 08:40:22Z" duration="0.000565" asserts="3" />
        <test-case id="1008" name="TestPayOffMortage" fullname="Test.Test.TestPayOffMortage" methodname="TestPayOffMortage" classname="Test.Test" runstate="Runnable" seed="1099417975" result="Passed" start-time="2018-04-09 08:40:22Z" end-time="2018-04-09 08:40:22Z" duration="0.001958" asserts="5" />
        <test-case id="1004" name="TestPayRent" fullname="Test.Test.TestPayRent" methodname="TestPayRent" classname="Test.Test" runstate="Runnable" seed="1832711386" result="Passed" start-time="2018-04-09 08:40:22Z" end-time="2018-04-09 08:40:22Z" duration="0.000695" asserts="2" />
        <test-case id="1009" name="TestSellHouse" fullname="Test.Test.TestSellHouse" methodname="TestSellHouse" classname="Test.Test" runstate="Runnable" seed="1989015814" result="Passed" start-time="2018-04-09 08:40:22Z" end-time="2018-04-09 08:40:22Z" duration="0.001547" asserts="4" />
        <test-case id="1005" name="TestSetPlayerPosition" fullname="Test.Test.TestSetPlayerPosition" methodname="TestSetPlayerPosition" classname="Test.Test" runstate="Runnable" seed="1381229830" result="Passed" start-time="2018-04-09 08:40:22Z" end-time="2018-04-09 08:40:22Z" duration="0.000472" asserts="1" />
        <test-case id="1007" name="TestTakeMortage" fullname="Test.Test.TestTakeMortage" methodname="TestTakeMortage" classname="Test.Test" runstate="Runnable" seed="90503490" result="Passed" start-time="2018-04-09 08:40:22Z" end-time="2018-04-09 08:40:22Z" duration="0.001759" asserts="7" />
        <test-case id="1003" name="TestUpdateLevel" fullname="Test.Test.TestUpdateLevel" methodname="TestUpdateLevel" classname="Test.Test" runstate="Runnable" seed="545542827" result="Passed" start-time="2018-04-09 08:40:22Z" end-time="2018-04-09 08:40:22Z" duration="0.001808" asserts="6" />
      </test-suite>
    </test-suite>
  </test-suite>
</test-run>