<?xml version="1.0" encoding="utf-8"?>
<test-run id="2" name="Test.exe" fullname="C:/Users/jsiedersberger/Documents/GitHub/Monopoly2.0/Monopoly/Test/bin/Debug/Test.exe" testcasecount="48" result="Passed" start-time="2018-04-24 12:06:51Z" end-time="2018-04-24 12:06:52Z" duration="0.308799" total="48" passed="48" failed="0" inconclusive="0" skipped="0" asserts="133" random-seed="1620639469">
  <command-line><![CDATA["C:\Users\jsiedersberger\Documents\GitHub\Monopoly2.0\Monopoly\Test\bin\Debug\Test.exe"   ]]></command-line>
  <filter />
  <test-suite type="Assembly" id="1049" name="Test.exe" fullname="C:/Users/jsiedersberger/Documents/GitHub/Monopoly2.0/Monopoly/Test/bin/Debug/Test.exe" runstate="Runnable" testcasecount="48" result="Passed" start-time="2018-04-24 12:06:51Z" end-time="2018-04-24 12:06:52Z" duration="0.308799" total="48" passed="48" failed="0" warnings="0" inconclusive="0" skipped="0" asserts="133">
    <environment framework-version="3.7.1.0" clr-version="4.0.30319.42000" os-version="Microsoft Windows NT 6.2.9200.0" platform="Win32NT" cwd="C:\Users\jsiedersberger\Documents\GitHub\Monopoly2.0\Monopoly\Test\bin\Debug" machine-name="W-SIEDERSB-10" user="jsiedersberger" user-domain="DE" culture="de-DE" uiculture="de-DE" os-architecture="x86" />
    <settings>
      <setting name="WorkDirectory" value="C:\Users\jsiedersberger\Documents\GitHub\Monopoly2.0\Monopoly\Test\bin\Debug" />
      <setting name="NumberOfTestWorkers" value="2" />
    </settings>
    <properties>
      <property name="_PID" value="7984" />
      <property name="_APPDOMAIN" value="Test.exe" />
    </properties>
    <test-suite type="TestSuite" id="1050" name="Test" fullname="Test" runstate="Runnable" testcasecount="48" result="Passed" start-time="2018-04-24 12:06:51Z" end-time="2018-04-24 12:06:52Z" duration="0.294797" total="48" passed="48" failed="0" warnings="0" inconclusive="0" skipped="0" asserts="133">
      <test-suite type="TestFixture" id="1000" name="Test" fullname="Test.Test" classname="Test.Test" runstate="Runnable" testcasecount="48" result="Passed" start-time="2018-04-24 12:06:51Z" end-time="2018-04-24 12:06:52Z" duration="0.290635" total="48" passed="48" failed="0" warnings="0" inconclusive="0" skipped="0" asserts="133">
        <test-case id="1047" name="GetOutofJail" fullname="Test.Test.GetOutofJail" methodname="GetOutofJail" classname="Test.Test" runstate="Runnable" seed="2128915363" result="Passed" start-time="2018-04-24 12:06:51Z" end-time="2018-04-24 12:06:51Z" duration="0.030014" asserts="2" />
        <test-case id="1046" name="GoToNextMemberofGroup" fullname="Test.Test.GoToNextMemberofGroup" methodname="GoToNextMemberofGroup" classname="Test.Test" runstate="Runnable" seed="1136854683" result="Passed" start-time="2018-04-24 12:06:51Z" end-time="2018-04-24 12:06:51Z" duration="0.004093" asserts="2" />
        <test-case id="1005" name="PlayerDoesNotHaveEnoughMoney" fullname="Test.Test.PlayerDoesNotHaveEnoughMoney" methodname="PlayerDoesNotHaveEnoughMoney" classname="Test.Test" runstate="Runnable" seed="97605459" result="Passed" start-time="2018-04-24 12:06:51Z" end-time="2018-04-24 12:06:51Z" duration="0.017973" asserts="1" />
        <test-case id="1003" name="PlayerIsBankrupt" fullname="Test.Test.PlayerIsBankrupt" methodname="PlayerIsBankrupt" classname="Test.Test" runstate="Runnable" seed="1505832353" result="Passed" start-time="2018-04-24 12:06:51Z" end-time="2018-04-24 12:06:51Z" duration="0.002098" asserts="1" />
        <test-case id="1033" name="PlayerPayFineImmediately" fullname="Test.Test.PlayerPayFineImmediately" methodname="PlayerPayFineImmediately" classname="Test.Test" runstate="Runnable" seed="1344024404" result="Passed" start-time="2018-04-24 12:06:51Z" end-time="2018-04-24 12:06:51Z" duration="0.001983" asserts="2" />
        <test-case id="1034" name="PlayerThrowsDoubleThreeTimes" fullname="Test.Test.PlayerThrowsDoubleThreeTimes" methodname="PlayerThrowsDoubleThreeTimes" classname="Test.Test" runstate="Runnable" seed="836778102" result="Passed" start-time="2018-04-24 12:06:51Z" end-time="2018-04-24 12:06:51Z" duration="0.000820" asserts="1" />
        <test-case id="1017" name="TestAuctionField" fullname="Test.Test.TestAuctionField" methodname="TestAuctionField" classname="Test.Test" runstate="Runnable" seed="1117884772" result="Passed" start-time="2018-04-24 12:06:52Z" end-time="2018-04-24 12:06:52Z" duration="0.002520" asserts="2" />
        <test-case id="1024" name="TestBuyAndRentSupplierField" fullname="Test.Test.TestBuyAndRentSupplierField" methodname="TestBuyAndRentSupplierField" classname="Test.Test" runstate="Runnable" seed="931736674" result="Passed" start-time="2018-04-24 12:06:52Z" end-time="2018-04-24 12:06:52Z" duration="0.002714" asserts="3" />
        <test-case id="1008" name="TestBuyCurrentField" fullname="Test.Test.TestBuyCurrentField" methodname="TestBuyCurrentField" classname="Test.Test" runstate="Runnable" seed="601575823" result="Passed" start-time="2018-04-24 12:06:52Z" end-time="2018-04-24 12:06:52Z" duration="0.001423" asserts="3" />
        <test-case id="1016" name="TestBuyInAuction" fullname="Test.Test.TestBuyInAuction" methodname="TestBuyInAuction" classname="Test.Test" runstate="Runnable" seed="605638025" result="Passed" start-time="2018-04-24 12:06:52Z" end-time="2018-04-24 12:06:52Z" duration="0.000528" asserts="2" />
        <test-case id="1027" name="TestBuySupplierFieldInAuction" fullname="Test.Test.TestBuySupplierFieldInAuction" methodname="TestBuySupplierFieldInAuction" classname="Test.Test" runstate="Runnable" seed="1688004662" result="Passed" start-time="2018-04-24 12:06:52Z" end-time="2018-04-24 12:06:52Z" duration="0.000862" asserts="2" />
        <test-case id="1048" name="TestCommunityChestField" fullname="Test.Test.TestCommunityChestField" methodname="TestCommunityChestField" classname="Test.Test" runstate="Runnable" seed="1526558407" result="Passed" start-time="2018-04-24 12:06:52Z" end-time="2018-04-24 12:06:52Z" duration="0.006118" asserts="0" />
        <test-case id="1002" name="TestCrossedStartField" fullname="Test.Test.TestCrossedStartField" methodname="TestCrossedStartField" classname="Test.Test" runstate="Runnable" seed="1821519779" result="Passed" start-time="2018-04-24 12:06:52Z" end-time="2018-04-24 12:06:52Z" duration="0.000754" asserts="1" />
        <test-case id="1014" name="TestExChangeFieldMoney" fullname="Test.Test.TestExChangeFieldMoney" methodname="TestExChangeFieldMoney" classname="Test.Test" runstate="Runnable" seed="131979087" result="Passed" start-time="2018-04-24 12:06:52Z" end-time="2018-04-24 12:06:52Z" duration="0.001488" asserts="5" />
        <test-case id="1015" name="TestExChangeFieldwithField" fullname="Test.Test.TestExChangeFieldwithField" methodname="TestExChangeFieldwithField" classname="Test.Test" runstate="Runnable" seed="897440661" result="Passed" start-time="2018-04-24 12:06:52Z" end-time="2018-04-24 12:06:52Z" duration="0.000986" asserts="2" />
        <test-case id="1029" name="TestexChangeSupplierFieldMoney" fullname="Test.Test.TestexChangeSupplierFieldMoney" methodname="TestexChangeSupplierFieldMoney" classname="Test.Test" runstate="Runnable" seed="207773203" result="Passed" start-time="2018-04-24 12:06:52Z" end-time="2018-04-24 12:06:52Z" duration="0.001159" asserts="5" />
        <test-case id="1028" name="TestExChangeSupplierFieldwithField" fullname="Test.Test.TestExChangeSupplierFieldwithField" methodname="TestExChangeSupplierFieldwithField" classname="Test.Test" runstate="Runnable" seed="1811257834" result="Passed" start-time="2018-04-24 12:06:52Z" end-time="2018-04-24 12:06:52Z" duration="0.000970" asserts="2" />
        <test-case id="1021" name="TestExChangeTrainStationFieldMoney" fullname="Test.Test.TestExChangeTrainStationFieldMoney" methodname="TestExChangeTrainStationFieldMoney" classname="Test.Test" runstate="Runnable" seed="1531639395" result="Passed" start-time="2018-04-24 12:06:52Z" end-time="2018-04-24 12:06:52Z" duration="0.002847" asserts="5" />
        <test-case id="1022" name="TestExChangeTrainStationFieldwithField" fullname="Test.Test.TestExChangeTrainStationFieldwithField" methodname="TestExChangeTrainStationFieldwithField" classname="Test.Test" runstate="Runnable" seed="1624987108" result="Passed" start-time="2018-04-24 12:06:52Z" end-time="2018-04-24 12:06:52Z" duration="0.000954" asserts="2" />
        <test-case id="1004" name="TestGameOver" fullname="Test.Test.TestGameOver" methodname="TestGameOver" classname="Test.Test" runstate="Runnable" seed="2091785529" result="Passed" start-time="2018-04-24 12:06:52Z" end-time="2018-04-24 12:06:52Z" duration="0.003367" asserts="2" />
        <test-case id="1036" name="TestGetMoneyFromPlayersCard" fullname="Test.Test.TestGetMoneyFromPlayersCard" methodname="TestGetMoneyFromPlayersCard" classname="Test.Test" runstate="Runnable" seed="1156227610" result="Passed" start-time="2018-04-24 12:06:52Z" end-time="2018-04-24 12:06:52Z" duration="0.000859" asserts="3" />
        <test-case id="1039" name="TestGoToJailCard" fullname="Test.Test.TestGoToJailCard" methodname="TestGoToJailCard" classname="Test.Test" runstate="Runnable" seed="1072347626" result="Passed" start-time="2018-04-24 12:06:52Z" end-time="2018-04-24 12:06:52Z" duration="0.000587" asserts="2" />
        <test-case id="1030" name="TestGoToJailField" fullname="Test.Test.TestGoToJailField" methodname="TestGoToJailField" classname="Test.Test" runstate="Runnable" seed="173890494" result="Passed" start-time="2018-04-24 12:06:52Z" end-time="2018-04-24 12:06:52Z" duration="0.000499" asserts="3" />
        <test-case id="1035" name="TestMoneyCard" fullname="Test.Test.TestMoneyCard" methodname="TestMoneyCard" classname="Test.Test" runstate="Runnable" seed="1068959983" result="Passed" start-time="2018-04-24 12:06:52Z" end-time="2018-04-24 12:06:52Z" duration="0.000608" asserts="2" />
        <test-case id="1044" name="TestMoveCardBackWards" fullname="Test.Test.TestMoveCardBackWards" methodname="TestMoveCardBackWards" classname="Test.Test" runstate="Runnable" seed="1757851104" result="Passed" start-time="2018-04-24 12:06:52Z" end-time="2018-04-24 12:06:52Z" duration="0.001217" asserts="1" />
        <test-case id="1045" name="TestMoveCardBackWardsAndCrossStart" fullname="Test.Test.TestMoveCardBackWardsAndCrossStart" methodname="TestMoveCardBackWardsAndCrossStart" classname="Test.Test" runstate="Runnable" seed="1605060659" result="Passed" start-time="2018-04-24 12:06:52Z" end-time="2018-04-24 12:06:52Z" duration="0.000460" asserts="1" />
        <test-case id="1042" name="TestMoveCardForwards" fullname="Test.Test.TestMoveCardForwards" methodname="TestMoveCardForwards" classname="Test.Test" runstate="Runnable" seed="531251657" result="Passed" start-time="2018-04-24 12:06:52Z" end-time="2018-04-24 12:06:52Z" duration="0.000462" asserts="1" />
        <test-case id="1043" name="TestMoveCardForwardsAndCrossStart" fullname="Test.Test.TestMoveCardForwardsAndCrossStart" methodname="TestMoveCardForwardsAndCrossStart" classname="Test.Test" runstate="Runnable" seed="404078754" result="Passed" start-time="2018-04-24 12:06:52Z" end-time="2018-04-24 12:06:52Z" duration="0.000505" asserts="2" />
        <test-case id="1041" name="TestMoveToCard" fullname="Test.Test.TestMoveToCard" methodname="TestMoveToCard" classname="Test.Test" runstate="Runnable" seed="330577412" result="Passed" start-time="2018-04-24 12:06:52Z" end-time="2018-04-24 12:06:52Z" duration="0.000401" asserts="1" />
        <test-case id="1040" name="TestMoveToCardAndCrossStart" fullname="Test.Test.TestMoveToCardAndCrossStart" methodname="TestMoveToCardAndCrossStart" classname="Test.Test" runstate="Runnable" seed="1599908876" result="Passed" start-time="2018-04-24 12:06:52Z" end-time="2018-04-24 12:06:52Z" duration="0.000500" asserts="2" />
        <test-case id="1001" name="TestNextTurn" fullname="Test.Test.TestNextTurn" methodname="TestNextTurn" classname="Test.Test" runstate="Runnable" seed="1500469795" result="Passed" start-time="2018-04-24 12:06:52Z" end-time="2018-04-24 12:06:52Z" duration="0.000838" asserts="3" />
        <test-case id="1013" name="TestPayOffMortage" fullname="Test.Test.TestPayOffMortage" methodname="TestPayOffMortage" classname="Test.Test" runstate="Runnable" seed="1428688807" result="Passed" start-time="2018-04-24 12:06:52Z" end-time="2018-04-24 12:06:52Z" duration="0.001766" asserts="5" />
        <test-case id="1026" name="TestPayOffMortageSupplierField" fullname="Test.Test.TestPayOffMortageSupplierField" methodname="TestPayOffMortageSupplierField" classname="Test.Test" runstate="Runnable" seed="390435705" result="Passed" start-time="2018-04-24 12:06:52Z" end-time="2018-04-24 12:06:52Z" duration="0.001951" asserts="5" />
        <test-case id="1020" name="TestPayOffMortageTrainStation" fullname="Test.Test.TestPayOffMortageTrainStation" methodname="TestPayOffMortageTrainStation" classname="Test.Test" runstate="Runnable" seed="12361366" result="Passed" start-time="2018-04-24 12:06:52Z" end-time="2018-04-24 12:06:52Z" duration="0.002149" asserts="5" />
        <test-case id="1038" name="TestPayPlayersCard" fullname="Test.Test.TestPayPlayersCard" methodname="TestPayPlayersCard" classname="Test.Test" runstate="Runnable" seed="1238815026" result="Passed" start-time="2018-04-24 12:06:52Z" end-time="2018-04-24 12:06:52Z" duration="0.000779" asserts="3" />
        <test-case id="1011" name="TestPayRent" fullname="Test.Test.TestPayRent" methodname="TestPayRent" classname="Test.Test" runstate="Runnable" seed="1225971450" result="Passed" start-time="2018-04-24 12:06:52Z" end-time="2018-04-24 12:06:52Z" duration="0.000578" asserts="2" />
        <test-case id="1031" name="TestPlayerThrowsDouble" fullname="Test.Test.TestPlayerThrowsDouble" methodname="TestPlayerThrowsDouble" classname="Test.Test" runstate="Runnable" seed="2053419322" result="Passed" start-time="2018-04-24 12:06:52Z" end-time="2018-04-24 12:06:52Z" duration="0.000711" asserts="3" />
        <test-case id="1032" name="TestPlayerTried3Times" fullname="Test.Test.TestPlayerTried3Times" methodname="TestPlayerTried3Times" classname="Test.Test" runstate="Runnable" seed="1259512142" result="Passed" start-time="2018-04-24 12:06:52Z" end-time="2018-04-24 12:06:52Z" duration="0.000760" asserts="4" />
        <test-case id="1007" name="TestRemovePlayer" fullname="Test.Test.TestRemovePlayer" methodname="TestRemovePlayer" classname="Test.Test" runstate="Runnable" seed="1045311755" result="Passed" start-time="2018-04-24 12:06:52Z" end-time="2018-04-24 12:06:52Z" duration="0.001325" asserts="4" />
        <test-case id="1010" name="TestSellHouse" fullname="Test.Test.TestSellHouse" methodname="TestSellHouse" classname="Test.Test" runstate="Runnable" seed="909040721" result="Passed" start-time="2018-04-24 12:06:52Z" end-time="2018-04-24 12:06:52Z" duration="0.001410" asserts="4" />
        <test-case id="1006" name="TestSetPlayerPosition" fullname="Test.Test.TestSetPlayerPosition" methodname="TestSetPlayerPosition" classname="Test.Test" runstate="Runnable" seed="1317739726" result="Passed" start-time="2018-04-24 12:06:52Z" end-time="2018-04-24 12:06:52Z" duration="0.000539" asserts="1" />
        <test-case id="1037" name="TestStreetRepairCard" fullname="Test.Test.TestStreetRepairCard" methodname="TestStreetRepairCard" classname="Test.Test" runstate="Runnable" seed="1368442958" result="Passed" start-time="2018-04-24 12:06:52Z" end-time="2018-04-24 12:06:52Z" duration="0.000851" asserts="1" />
        <test-case id="1012" name="TestTakeMortage" fullname="Test.Test.TestTakeMortage" methodname="TestTakeMortage" classname="Test.Test" runstate="Runnable" seed="938747931" result="Passed" start-time="2018-04-24 12:06:52Z" end-time="2018-04-24 12:06:52Z" duration="0.001893" asserts="7" />
        <test-case id="1025" name="TestTakeMortageSupplierField" fullname="Test.Test.TestTakeMortageSupplierField" methodname="TestTakeMortageSupplierField" classname="Test.Test" runstate="Runnable" seed="1440532868" result="Passed" start-time="2018-04-24 12:06:52Z" end-time="2018-04-24 12:06:52Z" duration="0.001487" asserts="6" />
        <test-case id="1019" name="TestTakeMortageTrainStation" fullname="Test.Test.TestTakeMortageTrainStation" methodname="TestTakeMortageTrainStation" classname="Test.Test" runstate="Runnable" seed="150887081" result="Passed" start-time="2018-04-24 12:06:52Z" end-time="2018-04-24 12:06:52Z" duration="0.001593" asserts="6" />
        <test-case id="1018" name="TestTrainStationField" fullname="Test.Test.TestTrainStationField" methodname="TestTrainStationField" classname="Test.Test" runstate="Runnable" seed="178158052" result="Passed" start-time="2018-04-24 12:06:52Z" end-time="2018-04-24 12:06:52Z" duration="0.001413" asserts="3" />
        <test-case id="1023" name="TestTrainStationFieldBuyInAuction" fullname="Test.Test.TestTrainStationFieldBuyInAuction" methodname="TestTrainStationFieldBuyInAuction" classname="Test.Test" runstate="Runnable" seed="680573001" result="Passed" start-time="2018-04-24 12:06:52Z" end-time="2018-04-24 12:06:52Z" duration="0.000683" asserts="2" />
        <test-case id="1009" name="TestUpdateLevel" fullname="Test.Test.TestUpdateLevel" methodname="TestUpdateLevel" classname="Test.Test" runstate="Runnable" seed="573900176" result="Passed" start-time="2018-04-24 12:06:52Z" end-time="2018-04-24 12:06:52Z" duration="0.001643" asserts="6" />
      </test-suite>
    </test-suite>
  </test-suite>
</test-run>