<?xml version="1.0" encoding="utf-8"?>
<test-run id="2" name="Test.exe" fullname="C:/Users/jsiedersberger/Documents/GitHub/Monopoly2.0/Monopoly/Test/bin/Debug/Test.exe" testcasecount="6" result="Passed" start-time="2018-03-27 07:14:43Z" end-time="2018-03-27 07:14:43Z" duration="0.281148" total="6" passed="6" failed="0" inconclusive="0" skipped="0" asserts="10" random-seed="179516995">
  <command-line><![CDATA["C:\Users\jsiedersberger\Documents\GitHub\Monopoly2.0\Monopoly\Test\bin\Debug\Test.exe"   ]]></command-line>
  <filter />
  <test-suite type="Assembly" id="1007" name="Test.exe" fullname="C:/Users/jsiedersberger/Documents/GitHub/Monopoly2.0/Monopoly/Test/bin/Debug/Test.exe" runstate="Runnable" testcasecount="6" result="Passed" start-time="2018-03-27 07:14:43Z" end-time="2018-03-27 07:14:43Z" duration="0.281148" total="6" passed="6" failed="0" warnings="0" inconclusive="0" skipped="0" asserts="10">
    <environment framework-version="3.7.1.0" clr-version="4.0.30319.42000" os-version="Microsoft Windows NT 6.2.9200.0" platform="Win32NT" cwd="C:\Users\jsiedersberger\Documents\GitHub\Monopoly2.0\Monopoly\Test\bin\Debug" machine-name="W-SIEDERSB-10" user="jsiedersberger" user-domain="DE" culture="de-DE" uiculture="de-DE" os-architecture="x86" />
    <settings>
      <setting name="WorkDirectory" value="C:\Users\jsiedersberger\Documents\GitHub\Monopoly2.0\Monopoly\Test\bin\Debug" />
      <setting name="NumberOfTestWorkers" value="2" />
    </settings>
    <properties>
      <property name="_PID" value="11148" />
      <property name="_APPDOMAIN" value="Test.exe" />
    </properties>
    <test-suite type="TestSuite" id="1008" name="Test" fullname="Test" runstate="Runnable" testcasecount="6" result="Passed" start-time="2018-03-27 07:14:43Z" end-time="2018-03-27 07:14:43Z" duration="0.255441" total="6" passed="6" failed="0" warnings="0" inconclusive="0" skipped="0" asserts="10">
      <test-suite type="TestFixture" id="1000" name="Test" fullname="Test.Test" classname="Test.Test" runstate="Runnable" testcasecount="6" result="Passed" start-time="2018-03-27 07:14:43Z" end-time="2018-03-27 07:14:43Z" duration="0.218137" total="6" passed="6" failed="0" warnings="0" inconclusive="0" skipped="0" asserts="10">
        <test-case id="1002" name="TestBuyCurrentField" fullname="Test.Test.TestBuyCurrentField" methodname="TestBuyCurrentField" classname="Test.Test" runstate="Runnable" seed="858490807" result="Passed" start-time="2018-03-27 07:14:43Z" end-time="2018-03-27 07:14:43Z" duration="0.022429" asserts="2" />
        <test-case id="1006" name="TestCrossedStartField" fullname="Test.Test.TestCrossedStartField" methodname="TestCrossedStartField" classname="Test.Test" runstate="Runnable" seed="1096134503" result="Passed" start-time="2018-03-27 07:14:43Z" end-time="2018-03-27 07:14:43Z" duration="0.008090" asserts="1" />
        <test-case id="1001" name="TestNextTurn" fullname="Test.Test.TestNextTurn" methodname="TestNextTurn" classname="Test.Test" runstate="Runnable" seed="354435951" result="Passed" start-time="2018-03-27 07:14:43Z" end-time="2018-03-27 07:14:43Z" duration="0.000592" asserts="3" />
        <test-case id="1004" name="TestPayRent" fullname="Test.Test.TestPayRent" methodname="TestPayRent" classname="Test.Test" runstate="Runnable" seed="919376510" result="Passed" start-time="2018-03-27 07:14:43Z" end-time="2018-03-27 07:14:43Z" duration="0.001077" asserts="1" />
        <test-case id="1005" name="TestSetPlayerPosition" fullname="Test.Test.TestSetPlayerPosition" methodname="TestSetPlayerPosition" classname="Test.Test" runstate="Runnable" seed="1369978725" result="Passed" start-time="2018-03-27 07:14:43Z" end-time="2018-03-27 07:14:43Z" duration="0.000544" asserts="1" />
        <test-case id="1003" name="TestUpdateLevel" fullname="Test.Test.TestUpdateLevel" methodname="TestUpdateLevel" classname="Test.Test" runstate="Runnable" seed="1875642147" result="Passed" start-time="2018-03-27 07:14:43Z" end-time="2018-03-27 07:14:43Z" duration="0.000591" asserts="2" />
      </test-suite>
    </test-suite>
  </test-suite>
</test-run>