<?xml version="1.0" encoding="utf-8"?>
<test-run id="2" name="Test.exe" fullname="C:/Users/jsiedersberger/Documents/GitHub/Monopoly2.0/Monopoly/Test/bin/Debug/Test.exe" testcasecount="29" result="Passed" start-time="2018-04-11 11:14:02Z" end-time="2018-04-11 11:14:02Z" duration="0.275915" total="29" passed="29" failed="0" inconclusive="0" skipped="0" asserts="95" random-seed="265864678">
  <command-line><![CDATA["C:\Users\jsiedersberger\Documents\GitHub\Monopoly2.0\Monopoly\Test\bin\Debug\Test.exe"   ]]></command-line>
  <filter />
  <test-suite type="Assembly" id="1030" name="Test.exe" fullname="C:/Users/jsiedersberger/Documents/GitHub/Monopoly2.0/Monopoly/Test/bin/Debug/Test.exe" runstate="Runnable" testcasecount="29" result="Passed" start-time="2018-04-11 11:14:02Z" end-time="2018-04-11 11:14:02Z" duration="0.275915" total="29" passed="29" failed="0" warnings="0" inconclusive="0" skipped="0" asserts="95">
    <environment framework-version="3.7.1.0" clr-version="4.0.30319.42000" os-version="Microsoft Windows NT 6.2.9200.0" platform="Win32NT" cwd="C:\Users\jsiedersberger\Documents\GitHub\Monopoly2.0\Monopoly\Test\bin\Debug" machine-name="W-SIEDERSB-10" user="jsiedersberger" user-domain="DE" culture="de-DE" uiculture="de-DE" os-architecture="x86" />
    <settings>
      <setting name="WorkDirectory" value="C:\Users\jsiedersberger\Documents\GitHub\Monopoly2.0\Monopoly\Test\bin\Debug" />
      <setting name="NumberOfTestWorkers" value="2" />
    </settings>
    <properties>
      <property name="_PID" value="8256" />
      <property name="_APPDOMAIN" value="Test.exe" />
    </properties>
    <test-suite type="TestSuite" id="1031" name="Test" fullname="Test" runstate="Runnable" testcasecount="29" result="Passed" start-time="2018-04-11 11:14:02Z" end-time="2018-04-11 11:14:02Z" duration="0.261565" total="29" passed="29" failed="0" warnings="0" inconclusive="0" skipped="0" asserts="95">
      <test-suite type="TestFixture" id="1000" name="Test" fullname="Test.Test" classname="Test.Test" runstate="Runnable" testcasecount="29" result="Passed" start-time="2018-04-11 11:14:02Z" end-time="2018-04-11 11:14:02Z" duration="0.256460" total="29" passed="29" failed="0" warnings="0" inconclusive="0" skipped="0" asserts="95">
        <test-case id="1005" name="PlayerDoesNotHaveEnoughMoney" fullname="Test.Test.PlayerDoesNotHaveEnoughMoney" methodname="PlayerDoesNotHaveEnoughMoney" classname="Test.Test" runstate="Runnable" seed="345341284" result="Passed" start-time="2018-04-11 11:14:02Z" end-time="2018-04-11 11:14:02Z" duration="0.038427" asserts="1" />
        <test-case id="1003" name="PlayerIsBankrupt" fullname="Test.Test.PlayerIsBankrupt" methodname="PlayerIsBankrupt" classname="Test.Test" runstate="Runnable" seed="579725960" result="Passed" start-time="2018-04-11 11:14:02Z" end-time="2018-04-11 11:14:02Z" duration="0.002263" asserts="1" />
        <test-case id="1017" name="TestAuctionField" fullname="Test.Test.TestAuctionField" methodname="TestAuctionField" classname="Test.Test" runstate="Runnable" seed="602655132" result="Passed" start-time="2018-04-11 11:14:02Z" end-time="2018-04-11 11:14:02Z" duration="0.011819" asserts="2" />
        <test-case id="1024" name="TestBuyAndRentSupplierField" fullname="Test.Test.TestBuyAndRentSupplierField" methodname="TestBuyAndRentSupplierField" classname="Test.Test" runstate="Runnable" seed="1479330785" result="Passed" start-time="2018-04-11 11:14:02Z" end-time="2018-04-11 11:14:02Z" duration="0.002918" asserts="1" />
        <test-case id="1008" name="TestBuyCurrentField" fullname="Test.Test.TestBuyCurrentField" methodname="TestBuyCurrentField" classname="Test.Test" runstate="Runnable" seed="1584910418" result="Passed" start-time="2018-04-11 11:14:02Z" end-time="2018-04-11 11:14:02Z" duration="0.002220" asserts="3" />
        <test-case id="1016" name="TestBuyInAuction" fullname="Test.Test.TestBuyInAuction" methodname="TestBuyInAuction" classname="Test.Test" runstate="Runnable" seed="1983632395" result="Passed" start-time="2018-04-11 11:14:02Z" end-time="2018-04-11 11:14:02Z" duration="0.000565" asserts="2" />
        <test-case id="1027" name="TestBuySupplierFieldInAuction" fullname="Test.Test.TestBuySupplierFieldInAuction" methodname="TestBuySupplierFieldInAuction" classname="Test.Test" runstate="Runnable" seed="1518020313" result="Passed" start-time="2018-04-11 11:14:02Z" end-time="2018-04-11 11:14:02Z" duration="0.000868" asserts="2" />
        <test-case id="1002" name="TestCrossedStartField" fullname="Test.Test.TestCrossedStartField" methodname="TestCrossedStartField" classname="Test.Test" runstate="Runnable" seed="134359914" result="Passed" start-time="2018-04-11 11:14:02Z" end-time="2018-04-11 11:14:02Z" duration="0.011975" asserts="1" />
        <test-case id="1014" name="TestExChangeFieldMoney" fullname="Test.Test.TestExChangeFieldMoney" methodname="TestExChangeFieldMoney" classname="Test.Test" runstate="Runnable" seed="873112088" result="Passed" start-time="2018-04-11 11:14:02Z" end-time="2018-04-11 11:14:02Z" duration="0.002913" asserts="5" />
        <test-case id="1015" name="TestExChangeFieldwithField" fullname="Test.Test.TestExChangeFieldwithField" methodname="TestExChangeFieldwithField" classname="Test.Test" runstate="Runnable" seed="2833932" result="Passed" start-time="2018-04-11 11:14:02Z" end-time="2018-04-11 11:14:02Z" duration="0.000940" asserts="2" />
        <test-case id="1029" name="TestexChangeSupplierFieldMoney" fullname="Test.Test.TestexChangeSupplierFieldMoney" methodname="TestexChangeSupplierFieldMoney" classname="Test.Test" runstate="Runnable" seed="566376125" result="Passed" start-time="2018-04-11 11:14:02Z" end-time="2018-04-11 11:14:02Z" duration="0.001331" asserts="5" />
        <test-case id="1028" name="TestExChangeSupplierFieldwithField" fullname="Test.Test.TestExChangeSupplierFieldwithField" methodname="TestExChangeSupplierFieldwithField" classname="Test.Test" runstate="Runnable" seed="587262310" result="Passed" start-time="2018-04-11 11:14:02Z" end-time="2018-04-11 11:14:02Z" duration="0.000902" asserts="2" />
        <test-case id="1021" name="TestExChangeTrainStationFieldMoney" fullname="Test.Test.TestExChangeTrainStationFieldMoney" methodname="TestExChangeTrainStationFieldMoney" classname="Test.Test" runstate="Runnable" seed="1429401601" result="Passed" start-time="2018-04-11 11:14:02Z" end-time="2018-04-11 11:14:02Z" duration="0.003295" asserts="5" />
        <test-case id="1022" name="TestExChangeTrainStationFieldwithField" fullname="Test.Test.TestExChangeTrainStationFieldwithField" methodname="TestExChangeTrainStationFieldwithField" classname="Test.Test" runstate="Runnable" seed="1795976373" result="Passed" start-time="2018-04-11 11:14:02Z" end-time="2018-04-11 11:14:02Z" duration="0.000984" asserts="2" />
        <test-case id="1004" name="TestGameOver" fullname="Test.Test.TestGameOver" methodname="TestGameOver" classname="Test.Test" runstate="Runnable" seed="570501834" result="Passed" start-time="2018-04-11 11:14:02Z" end-time="2018-04-11 11:14:02Z" duration="0.003954" asserts="2" />
        <test-case id="1001" name="TestNextTurn" fullname="Test.Test.TestNextTurn" methodname="TestNextTurn" classname="Test.Test" runstate="Runnable" seed="655371558" result="Passed" start-time="2018-04-11 11:14:02Z" end-time="2018-04-11 11:14:02Z" duration="0.000599" asserts="3" />
        <test-case id="1013" name="TestPayOffMortage" fullname="Test.Test.TestPayOffMortage" methodname="TestPayOffMortage" classname="Test.Test" runstate="Runnable" seed="1636007344" result="Passed" start-time="2018-04-11 11:14:02Z" end-time="2018-04-11 11:14:02Z" duration="0.001995" asserts="5" />
        <test-case id="1026" name="TestPayOffMortageSupplierField" fullname="Test.Test.TestPayOffMortageSupplierField" methodname="TestPayOffMortageSupplierField" classname="Test.Test" runstate="Runnable" seed="1973278312" result="Passed" start-time="2018-04-11 11:14:02Z" end-time="2018-04-11 11:14:02Z" duration="0.002262" asserts="5" />
        <test-case id="1020" name="TestPayOffMortageTrainStation" fullname="Test.Test.TestPayOffMortageTrainStation" methodname="TestPayOffMortageTrainStation" classname="Test.Test" runstate="Runnable" seed="181306203" result="Passed" start-time="2018-04-11 11:14:02Z" end-time="2018-04-11 11:14:02Z" duration="0.001973" asserts="5" />
        <test-case id="1011" name="TestPayRent" fullname="Test.Test.TestPayRent" methodname="TestPayRent" classname="Test.Test" runstate="Runnable" seed="1825214815" result="Passed" start-time="2018-04-11 11:14:02Z" end-time="2018-04-11 11:14:02Z" duration="0.000649" asserts="2" />
        <test-case id="1007" name="TestRemovePlayer" fullname="Test.Test.TestRemovePlayer" methodname="TestRemovePlayer" classname="Test.Test" runstate="Runnable" seed="1577602981" result="Passed" start-time="2018-04-11 11:14:02Z" end-time="2018-04-11 11:14:02Z" duration="0.001859" asserts="4" />
        <test-case id="1010" name="TestSellHouse" fullname="Test.Test.TestSellHouse" methodname="TestSellHouse" classname="Test.Test" runstate="Runnable" seed="487641303" result="Passed" start-time="2018-04-11 11:14:02Z" end-time="2018-04-11 11:14:02Z" duration="0.001707" asserts="4" />
        <test-case id="1006" name="TestSetPlayerPosition" fullname="Test.Test.TestSetPlayerPosition" methodname="TestSetPlayerPosition" classname="Test.Test" runstate="Runnable" seed="1959331739" result="Passed" start-time="2018-04-11 11:14:02Z" end-time="2018-04-11 11:14:02Z" duration="0.000539" asserts="1" />
        <test-case id="1012" name="TestTakeMortage" fullname="Test.Test.TestTakeMortage" methodname="TestTakeMortage" classname="Test.Test" runstate="Runnable" seed="1590982356" result="Passed" start-time="2018-04-11 11:14:02Z" end-time="2018-04-11 11:14:02Z" duration="0.003122" asserts="7" />
        <test-case id="1025" name="TestTakeMortageSupplierField" fullname="Test.Test.TestTakeMortageSupplierField" methodname="TestTakeMortageSupplierField" classname="Test.Test" runstate="Runnable" seed="1745877971" result="Passed" start-time="2018-04-11 11:14:02Z" end-time="2018-04-11 11:14:02Z" duration="0.002323" asserts="6" />
        <test-case id="1019" name="TestTakeMortageTrainStation" fullname="Test.Test.TestTakeMortageTrainStation" methodname="TestTakeMortageTrainStation" classname="Test.Test" runstate="Runnable" seed="490160238" result="Passed" start-time="2018-04-11 11:14:02Z" end-time="2018-04-11 11:14:02Z" duration="0.001638" asserts="6" />
        <test-case id="1018" name="TestTrainStationField" fullname="Test.Test.TestTrainStationField" methodname="TestTrainStationField" classname="Test.Test" runstate="Runnable" seed="697909720" result="Passed" start-time="2018-04-11 11:14:02Z" end-time="2018-04-11 11:14:02Z" duration="0.002293" asserts="3" />
        <test-case id="1023" name="TestTrainStationFieldBuyInAuction" fullname="Test.Test.TestTrainStationFieldBuyInAuction" methodname="TestTrainStationFieldBuyInAuction" classname="Test.Test" runstate="Runnable" seed="236884567" result="Passed" start-time="2018-04-11 11:14:02Z" end-time="2018-04-11 11:14:02Z" duration="0.000948" asserts="2" />
        <test-case id="1009" name="TestUpdateLevel" fullname="Test.Test.TestUpdateLevel" methodname="TestUpdateLevel" classname="Test.Test" runstate="Runnable" seed="221933806" result="Passed" start-time="2018-04-11 11:14:02Z" end-time="2018-04-11 11:14:02Z" duration="0.001768" asserts="6" />
      </test-suite>
    </test-suite>
  </test-suite>
</test-run>