<?xml version="1.0" encoding="utf-8"?>
<test-run id="2" name="Test.exe" fullname="C:/Users/jsiedersberger/Documents/GitHub/Monopoly2.0/Monopoly/Test/bin/Debug/Test.exe" testcasecount="13" result="Passed" start-time="2018-04-03 13:12:52Z" end-time="2018-04-03 13:12:52Z" duration="0.200814" total="13" passed="13" failed="0" inconclusive="0" skipped="0" asserts="46" random-seed="1013557311">
  <command-line><![CDATA["C:\Users\jsiedersberger\Documents\GitHub\Monopoly2.0\Monopoly\Test\bin\Debug\Test.exe"   ]]></command-line>
  <filter />
  <test-suite type="Assembly" id="1014" name="Test.exe" fullname="C:/Users/jsiedersberger/Documents/GitHub/Monopoly2.0/Monopoly/Test/bin/Debug/Test.exe" runstate="Runnable" testcasecount="13" result="Passed" start-time="2018-04-03 13:12:52Z" end-time="2018-04-03 13:12:52Z" duration="0.200814" total="13" passed="13" failed="0" warnings="0" inconclusive="0" skipped="0" asserts="46">
    <environment framework-version="3.7.1.0" clr-version="4.0.30319.42000" os-version="Microsoft Windows NT 6.2.9200.0" platform="Win32NT" cwd="C:\Users\jsiedersberger\Documents\GitHub\Monopoly2.0\Monopoly\Test\bin\Debug" machine-name="W-SIEDERSB-10" user="jsiedersberger" user-domain="DE" culture="de-DE" uiculture="de-DE" os-architecture="x86" />
    <settings>
      <setting name="WorkDirectory" value="C:\Users\jsiedersberger\Documents\GitHub\Monopoly2.0\Monopoly\Test\bin\Debug" />
      <setting name="NumberOfTestWorkers" value="2" />
    </settings>
    <properties>
      <property name="_PID" value="9828" />
      <property name="_APPDOMAIN" value="Test.exe" />
    </properties>
    <test-suite type="TestSuite" id="1015" name="Test" fullname="Test" runstate="Runnable" testcasecount="13" result="Passed" start-time="2018-04-03 13:12:52Z" end-time="2018-04-03 13:12:52Z" duration="0.169924" total="13" passed="13" failed="0" warnings="0" inconclusive="0" skipped="0" asserts="46">
      <test-suite type="TestFixture" id="1000" name="Test" fullname="Test.Test" classname="Test.Test" runstate="Runnable" testcasecount="13" result="Passed" start-time="2018-04-03 13:12:52Z" end-time="2018-04-03 13:12:52Z" duration="0.159428" total="13" passed="13" failed="0" warnings="0" inconclusive="0" skipped="0" asserts="46">
        <test-case id="1002" name="TestBuyCurrentField" fullname="Test.Test.TestBuyCurrentField" methodname="TestBuyCurrentField" classname="Test.Test" runstate="Runnable" seed="1441597646" result="Passed" start-time="2018-04-03 13:12:52Z" end-time="2018-04-03 13:12:52Z" duration="0.039819" asserts="3" />
        <test-case id="1006" name="TestCrossedStartField" fullname="Test.Test.TestCrossedStartField" methodname="TestCrossedStartField" classname="Test.Test" runstate="Runnable" seed="1612167098" result="Passed" start-time="2018-04-03 13:12:52Z" end-time="2018-04-03 13:12:52Z" duration="0.009441" asserts="1" />
        <test-case id="1001" name="TestNextTurn" fullname="Test.Test.TestNextTurn" methodname="TestNextTurn" classname="Test.Test" runstate="Runnable" seed="24905879" result="Passed" start-time="2018-04-03 13:12:52Z" end-time="2018-04-03 13:12:52Z" duration="0.000924" asserts="3" />
        <test-case id="1008" name="TestPayOffMortage" fullname="Test.Test.TestPayOffMortage" methodname="TestPayOffMortage" classname="Test.Test" runstate="Runnable" seed="1171435924" result="Passed" start-time="2018-04-03 13:12:52Z" end-time="2018-04-03 13:12:52Z" duration="0.001927" asserts="5" />
        <test-case id="1012" name="TestPayOffMortageTrainStation" fullname="Test.Test.TestPayOffMortageTrainStation" methodname="TestPayOffMortageTrainStation" classname="Test.Test" runstate="Runnable" seed="1415026458" result="Passed" start-time="2018-04-03 13:12:52Z" end-time="2018-04-03 13:12:52Z" duration="0.003254" asserts="5" />
        <test-case id="1004" name="TestPayRent" fullname="Test.Test.TestPayRent" methodname="TestPayRent" classname="Test.Test" runstate="Runnable" seed="2038459920" result="Passed" start-time="2018-04-03 13:12:52Z" end-time="2018-04-03 13:12:52Z" duration="0.001591" asserts="2" />
        <test-case id="1009" name="TestSellHouse" fullname="Test.Test.TestSellHouse" methodname="TestSellHouse" classname="Test.Test" runstate="Runnable" seed="502800133" result="Passed" start-time="2018-04-03 13:12:52Z" end-time="2018-04-03 13:12:52Z" duration="0.001446" asserts="4" />
        <test-case id="1005" name="TestSetPlayerPosition" fullname="Test.Test.TestSetPlayerPosition" methodname="TestSetPlayerPosition" classname="Test.Test" runstate="Runnable" seed="2089077913" result="Passed" start-time="2018-04-03 13:12:52Z" end-time="2018-04-03 13:12:52Z" duration="0.000466" asserts="1" />
        <test-case id="1013" name="TestSupplier" fullname="Test.Test.TestSupplier" methodname="TestSupplier" classname="Test.Test" runstate="Runnable" seed="1490623217" result="Passed" start-time="2018-04-03 13:12:52Z" end-time="2018-04-03 13:12:52Z" duration="0.000326" asserts="0" />
        <test-case id="1007" name="TestTakeMortage" fullname="Test.Test.TestTakeMortage" methodname="TestTakeMortage" classname="Test.Test" runstate="Runnable" seed="1771447025" result="Passed" start-time="2018-04-03 13:12:52Z" end-time="2018-04-03 13:12:52Z" duration="0.002067" asserts="7" />
        <test-case id="1011" name="TestTakeMortageTrainStation" fullname="Test.Test.TestTakeMortageTrainStation" methodname="TestTakeMortageTrainStation" classname="Test.Test" runstate="Runnable" seed="99101976" result="Passed" start-time="2018-04-03 13:12:52Z" end-time="2018-04-03 13:12:52Z" duration="0.001580" asserts="6" />
        <test-case id="1010" name="TestTrainStationField" fullname="Test.Test.TestTrainStationField" methodname="TestTrainStationField" classname="Test.Test" runstate="Runnable" seed="322892285" result="Passed" start-time="2018-04-03 13:12:52Z" end-time="2018-04-03 13:12:52Z" duration="0.001380" asserts="3" />
        <test-case id="1003" name="TestUpdateLevel" fullname="Test.Test.TestUpdateLevel" methodname="TestUpdateLevel" classname="Test.Test" runstate="Runnable" seed="323501330" result="Passed" start-time="2018-04-03 13:12:52Z" end-time="2018-04-03 13:12:52Z" duration="0.001780" asserts="6" />
      </test-suite>
    </test-suite>
  </test-suite>
</test-run>