<?xml version="1.0" encoding="utf-8"?>
<test-run id="2" name="Test.exe" fullname="C:/Users/jsiedersberger/Documents/GitHub/Monopoly2.0/Monopoly/Test/bin/Debug/Test.exe" testcasecount="44" result="Passed" start-time="2018-04-23 14:09:37Z" end-time="2018-04-23 14:09:37Z" duration="0.287773" total="44" passed="44" failed="0" inconclusive="0" skipped="0" asserts="127" random-seed="1141212145">
  <command-line><![CDATA["C:\Users\jsiedersberger\Documents\GitHub\Monopoly2.0\Monopoly\Test\bin\Debug\Test.exe"   ]]></command-line>
  <filter />
  <test-suite type="Assembly" id="1045" name="Test.exe" fullname="C:/Users/jsiedersberger/Documents/GitHub/Monopoly2.0/Monopoly/Test/bin/Debug/Test.exe" runstate="Runnable" testcasecount="44" result="Passed" start-time="2018-04-23 14:09:37Z" end-time="2018-04-23 14:09:37Z" duration="0.287773" total="44" passed="44" failed="0" warnings="0" inconclusive="0" skipped="0" asserts="127">
    <environment framework-version="3.7.1.0" clr-version="4.0.30319.42000" os-version="Microsoft Windows NT 6.2.9200.0" platform="Win32NT" cwd="C:\Users\jsiedersberger\Documents\GitHub\Monopoly2.0\Monopoly\Test\bin\Debug" machine-name="W-SIEDERSB-10" user="jsiedersberger" user-domain="DE" culture="de-DE" uiculture="de-DE" os-architecture="x86" />
    <settings>
      <setting name="WorkDirectory" value="C:\Users\jsiedersberger\Documents\GitHub\Monopoly2.0\Monopoly\Test\bin\Debug" />
      <setting name="NumberOfTestWorkers" value="2" />
    </settings>
    <properties>
      <property name="_PID" value="7220" />
      <property name="_APPDOMAIN" value="Test.exe" />
    </properties>
    <test-suite type="TestSuite" id="1046" name="Test" fullname="Test" runstate="Runnable" testcasecount="44" result="Passed" start-time="2018-04-23 14:09:37Z" end-time="2018-04-23 14:09:37Z" duration="0.272767" total="44" passed="44" failed="0" warnings="0" inconclusive="0" skipped="0" asserts="127">
      <test-suite type="TestFixture" id="1000" name="Test" fullname="Test.Test" classname="Test.Test" runstate="Runnable" testcasecount="44" result="Passed" start-time="2018-04-23 14:09:37Z" end-time="2018-04-23 14:09:37Z" duration="0.268356" total="44" passed="44" failed="0" warnings="0" inconclusive="0" skipped="0" asserts="127">
        <test-case id="1043" name="GetOutofJail" fullname="Test.Test.GetOutofJail" methodname="GetOutofJail" classname="Test.Test" runstate="Runnable" seed="1344360873" result="Passed" start-time="2018-04-23 14:09:37Z" end-time="2018-04-23 14:09:37Z" duration="0.037611" asserts="2" />
        <test-case id="1042" name="GoToNextMemberofGroup" fullname="Test.Test.GoToNextMemberofGroup" methodname="GoToNextMemberofGroup" classname="Test.Test" runstate="Runnable" seed="309177451" result="Passed" start-time="2018-04-23 14:09:37Z" end-time="2018-04-23 14:09:37Z" duration="0.003846" asserts="2" />
        <test-case id="1005" name="PlayerDoesNotHaveEnoughMoney" fullname="Test.Test.PlayerDoesNotHaveEnoughMoney" methodname="PlayerDoesNotHaveEnoughMoney" classname="Test.Test" runstate="Runnable" seed="1029691320" result="Passed" start-time="2018-04-23 14:09:37Z" end-time="2018-04-23 14:09:37Z" duration="0.018789" asserts="1" />
        <test-case id="1003" name="PlayerIsBankrupt" fullname="Test.Test.PlayerIsBankrupt" methodname="PlayerIsBankrupt" classname="Test.Test" runstate="Runnable" seed="594627089" result="Passed" start-time="2018-04-23 14:09:37Z" end-time="2018-04-23 14:09:37Z" duration="0.001825" asserts="1" />
        <test-case id="1033" name="PlayerPayFineImmediately" fullname="Test.Test.PlayerPayFineImmediately" methodname="PlayerPayFineImmediately" classname="Test.Test" runstate="Runnable" seed="667289534" result="Passed" start-time="2018-04-23 14:09:37Z" end-time="2018-04-23 14:09:37Z" duration="0.001728" asserts="2" />
        <test-case id="1034" name="PlayerThrowsDoubleThreeTimes" fullname="Test.Test.PlayerThrowsDoubleThreeTimes" methodname="PlayerThrowsDoubleThreeTimes" classname="Test.Test" runstate="Runnable" seed="931360082" result="Passed" start-time="2018-04-23 14:09:37Z" end-time="2018-04-23 14:09:37Z" duration="0.000633" asserts="1" />
        <test-case id="1017" name="TestAuctionField" fullname="Test.Test.TestAuctionField" methodname="TestAuctionField" classname="Test.Test" runstate="Runnable" seed="1742206794" result="Passed" start-time="2018-04-23 14:09:37Z" end-time="2018-04-23 14:09:37Z" duration="0.002246" asserts="2" />
        <test-case id="1024" name="TestBuyAndRentSupplierField" fullname="Test.Test.TestBuyAndRentSupplierField" methodname="TestBuyAndRentSupplierField" classname="Test.Test" runstate="Runnable" seed="254407545" result="Passed" start-time="2018-04-23 14:09:37Z" end-time="2018-04-23 14:09:37Z" duration="0.002434" asserts="1" />
        <test-case id="1008" name="TestBuyCurrentField" fullname="Test.Test.TestBuyCurrentField" methodname="TestBuyCurrentField" classname="Test.Test" runstate="Runnable" seed="35587897" result="Passed" start-time="2018-04-23 14:09:37Z" end-time="2018-04-23 14:09:37Z" duration="0.001563" asserts="3" />
        <test-case id="1016" name="TestBuyInAuction" fullname="Test.Test.TestBuyInAuction" methodname="TestBuyInAuction" classname="Test.Test" runstate="Runnable" seed="649535195" result="Passed" start-time="2018-04-23 14:09:37Z" end-time="2018-04-23 14:09:37Z" duration="0.000402" asserts="2" />
        <test-case id="1027" name="TestBuySupplierFieldInAuction" fullname="Test.Test.TestBuySupplierFieldInAuction" methodname="TestBuySupplierFieldInAuction" classname="Test.Test" runstate="Runnable" seed="416110672" result="Passed" start-time="2018-04-23 14:09:37Z" end-time="2018-04-23 14:09:37Z" duration="0.000643" asserts="2" />
        <test-case id="1044" name="TestCommunityChestField" fullname="Test.Test.TestCommunityChestField" methodname="TestCommunityChestField" classname="Test.Test" runstate="Runnable" seed="280976929" result="Passed" start-time="2018-04-23 14:09:37Z" end-time="2018-04-23 14:09:37Z" duration="0.005814" asserts="0" />
        <test-case id="1002" name="TestCrossedStartField" fullname="Test.Test.TestCrossedStartField" methodname="TestCrossedStartField" classname="Test.Test" runstate="Runnable" seed="380928435" result="Passed" start-time="2018-04-23 14:09:37Z" end-time="2018-04-23 14:09:37Z" duration="0.000807" asserts="1" />
        <test-case id="1014" name="TestExChangeFieldMoney" fullname="Test.Test.TestExChangeFieldMoney" methodname="TestExChangeFieldMoney" classname="Test.Test" runstate="Runnable" seed="1443552602" result="Passed" start-time="2018-04-23 14:09:37Z" end-time="2018-04-23 14:09:37Z" duration="0.001594" asserts="5" />
        <test-case id="1015" name="TestExChangeFieldwithField" fullname="Test.Test.TestExChangeFieldwithField" methodname="TestExChangeFieldwithField" classname="Test.Test" runstate="Runnable" seed="2067566181" result="Passed" start-time="2018-04-23 14:09:37Z" end-time="2018-04-23 14:09:37Z" duration="0.000784" asserts="2" />
        <test-case id="1029" name="TestexChangeSupplierFieldMoney" fullname="Test.Test.TestexChangeSupplierFieldMoney" methodname="TestexChangeSupplierFieldMoney" classname="Test.Test" runstate="Runnable" seed="252683022" result="Passed" start-time="2018-04-23 14:09:37Z" end-time="2018-04-23 14:09:37Z" duration="0.000948" asserts="5" />
        <test-case id="1028" name="TestExChangeSupplierFieldwithField" fullname="Test.Test.TestExChangeSupplierFieldwithField" methodname="TestExChangeSupplierFieldwithField" classname="Test.Test" runstate="Runnable" seed="2124322485" result="Passed" start-time="2018-04-23 14:09:37Z" end-time="2018-04-23 14:09:37Z" duration="0.000738" asserts="2" />
        <test-case id="1021" name="TestExChangeTrainStationFieldMoney" fullname="Test.Test.TestExChangeTrainStationFieldMoney" methodname="TestExChangeTrainStationFieldMoney" classname="Test.Test" runstate="Runnable" seed="366235692" result="Passed" start-time="2018-04-23 14:09:37Z" end-time="2018-04-23 14:09:37Z" duration="0.001944" asserts="5" />
        <test-case id="1022" name="TestExChangeTrainStationFieldwithField" fullname="Test.Test.TestExChangeTrainStationFieldwithField" methodname="TestExChangeTrainStationFieldwithField" classname="Test.Test" runstate="Runnable" seed="413312521" result="Passed" start-time="2018-04-23 14:09:37Z" end-time="2018-04-23 14:09:37Z" duration="0.000770" asserts="2" />
        <test-case id="1004" name="TestGameOver" fullname="Test.Test.TestGameOver" methodname="TestGameOver" classname="Test.Test" runstate="Runnable" seed="773930608" result="Passed" start-time="2018-04-23 14:09:37Z" end-time="2018-04-23 14:09:37Z" duration="0.002661" asserts="2" />
        <test-case id="1036" name="TestGetMoneyFromPlayersCard" fullname="Test.Test.TestGetMoneyFromPlayersCard" methodname="TestGetMoneyFromPlayersCard" classname="Test.Test" runstate="Runnable" seed="904162760" result="Passed" start-time="2018-04-23 14:09:37Z" end-time="2018-04-23 14:09:37Z" duration="0.000659" asserts="3" />
        <test-case id="1039" name="TestGoToJailCard" fullname="Test.Test.TestGoToJailCard" methodname="TestGoToJailCard" classname="Test.Test" runstate="Runnable" seed="1565526002" result="Passed" start-time="2018-04-23 14:09:37Z" end-time="2018-04-23 14:09:37Z" duration="0.000470" asserts="2" />
        <test-case id="1030" name="TestGoToJailField" fullname="Test.Test.TestGoToJailField" methodname="TestGoToJailField" classname="Test.Test" runstate="Runnable" seed="1315993776" result="Passed" start-time="2018-04-23 14:09:37Z" end-time="2018-04-23 14:09:37Z" duration="0.000455" asserts="3" />
        <test-case id="1035" name="TestMoneyCard" fullname="Test.Test.TestMoneyCard" methodname="TestMoneyCard" classname="Test.Test" runstate="Runnable" seed="240118948" result="Passed" start-time="2018-04-23 14:09:37Z" end-time="2018-04-23 14:09:37Z" duration="0.000391" asserts="2" />
        <test-case id="1041" name="TestMoveCard" fullname="Test.Test.TestMoveCard" methodname="TestMoveCard" classname="Test.Test" runstate="Runnable" seed="1478539447" result="Passed" start-time="2018-04-23 14:09:37Z" end-time="2018-04-23 14:09:37Z" duration="0.000855" asserts="2" />
        <test-case id="1040" name="TestMoveToCard" fullname="Test.Test.TestMoveToCard" methodname="TestMoveToCard" classname="Test.Test" runstate="Runnable" seed="1520822462" result="Passed" start-time="2018-04-23 14:09:37Z" end-time="2018-04-23 14:09:37Z" duration="0.000811" asserts="2" />
        <test-case id="1001" name="TestNextTurn" fullname="Test.Test.TestNextTurn" methodname="TestNextTurn" classname="Test.Test" runstate="Runnable" seed="1360154423" result="Passed" start-time="2018-04-23 14:09:37Z" end-time="2018-04-23 14:09:37Z" duration="0.000413" asserts="3" />
        <test-case id="1013" name="TestPayOffMortage" fullname="Test.Test.TestPayOffMortage" methodname="TestPayOffMortage" classname="Test.Test" runstate="Runnable" seed="1356475803" result="Passed" start-time="2018-04-23 14:09:37Z" end-time="2018-04-23 14:09:37Z" duration="0.001661" asserts="5" />
        <test-case id="1026" name="TestPayOffMortageSupplierField" fullname="Test.Test.TestPayOffMortageSupplierField" methodname="TestPayOffMortageSupplierField" classname="Test.Test" runstate="Runnable" seed="1114849759" result="Passed" start-time="2018-04-23 14:09:37Z" end-time="2018-04-23 14:09:37Z" duration="0.001621" asserts="5" />
        <test-case id="1020" name="TestPayOffMortageTrainStation" fullname="Test.Test.TestPayOffMortageTrainStation" methodname="TestPayOffMortageTrainStation" classname="Test.Test" runstate="Runnable" seed="1912156334" result="Passed" start-time="2018-04-23 14:09:37Z" end-time="2018-04-23 14:09:37Z" duration="0.002125" asserts="5" />
        <test-case id="1038" name="TestPayPlayersCard" fullname="Test.Test.TestPayPlayersCard" methodname="TestPayPlayersCard" classname="Test.Test" runstate="Runnable" seed="2037210283" result="Passed" start-time="2018-04-23 14:09:37Z" end-time="2018-04-23 14:09:37Z" duration="0.000668" asserts="3" />
        <test-case id="1011" name="TestPayRent" fullname="Test.Test.TestPayRent" methodname="TestPayRent" classname="Test.Test" runstate="Runnable" seed="630147638" result="Passed" start-time="2018-04-23 14:09:37Z" end-time="2018-04-23 14:09:37Z" duration="0.000490" asserts="2" />
        <test-case id="1031" name="TestPlayerThrowsDouble" fullname="Test.Test.TestPlayerThrowsDouble" methodname="TestPlayerThrowsDouble" classname="Test.Test" runstate="Runnable" seed="599546351" result="Passed" start-time="2018-04-23 14:09:37Z" end-time="2018-04-23 14:09:37Z" duration="0.000485" asserts="3" />
        <test-case id="1032" name="TestPlayerTried3Times" fullname="Test.Test.TestPlayerTried3Times" methodname="TestPlayerTried3Times" classname="Test.Test" runstate="Runnable" seed="1784208885" result="Passed" start-time="2018-04-23 14:09:37Z" end-time="2018-04-23 14:09:37Z" duration="0.000622" asserts="4" />
        <test-case id="1007" name="TestRemovePlayer" fullname="Test.Test.TestRemovePlayer" methodname="TestRemovePlayer" classname="Test.Test" runstate="Runnable" seed="675502175" result="Passed" start-time="2018-04-23 14:09:37Z" end-time="2018-04-23 14:09:37Z" duration="0.001154" asserts="4" />
        <test-case id="1010" name="TestSellHouse" fullname="Test.Test.TestSellHouse" methodname="TestSellHouse" classname="Test.Test" runstate="Runnable" seed="157368590" result="Passed" start-time="2018-04-23 14:09:37Z" end-time="2018-04-23 14:09:37Z" duration="0.001268" asserts="4" />
        <test-case id="1006" name="TestSetPlayerPosition" fullname="Test.Test.TestSetPlayerPosition" methodname="TestSetPlayerPosition" classname="Test.Test" runstate="Runnable" seed="757763403" result="Passed" start-time="2018-04-23 14:09:37Z" end-time="2018-04-23 14:09:37Z" duration="0.000299" asserts="1" />
        <test-case id="1037" name="TestStreetRepairCard" fullname="Test.Test.TestStreetRepairCard" methodname="TestStreetRepairCard" classname="Test.Test" runstate="Runnable" seed="653017067" result="Passed" start-time="2018-04-23 14:09:37Z" end-time="2018-04-23 14:09:37Z" duration="0.000755" asserts="1" />
        <test-case id="1012" name="TestTakeMortage" fullname="Test.Test.TestTakeMortage" methodname="TestTakeMortage" classname="Test.Test" runstate="Runnable" seed="1197570349" result="Passed" start-time="2018-04-23 14:09:37Z" end-time="2018-04-23 14:09:37Z" duration="0.001830" asserts="7" />
        <test-case id="1025" name="TestTakeMortageSupplierField" fullname="Test.Test.TestTakeMortageSupplierField" methodname="TestTakeMortageSupplierField" classname="Test.Test" runstate="Runnable" seed="1863180201" result="Passed" start-time="2018-04-23 14:09:37Z" end-time="2018-04-23 14:09:37Z" duration="0.001261" asserts="6" />
        <test-case id="1019" name="TestTakeMortageTrainStation" fullname="Test.Test.TestTakeMortageTrainStation" methodname="TestTakeMortageTrainStation" classname="Test.Test" runstate="Runnable" seed="675399909" result="Passed" start-time="2018-04-23 14:09:37Z" end-time="2018-04-23 14:09:37Z" duration="0.001337" asserts="6" />
        <test-case id="1018" name="TestTrainStationField" fullname="Test.Test.TestTrainStationField" methodname="TestTrainStationField" classname="Test.Test" runstate="Runnable" seed="2034308983" result="Passed" start-time="2018-04-23 14:09:37Z" end-time="2018-04-23 14:09:37Z" duration="0.001215" asserts="3" />
        <test-case id="1023" name="TestTrainStationFieldBuyInAuction" fullname="Test.Test.TestTrainStationFieldBuyInAuction" methodname="TestTrainStationFieldBuyInAuction" classname="Test.Test" runstate="Runnable" seed="1655908003" result="Passed" start-time="2018-04-23 14:09:37Z" end-time="2018-04-23 14:09:37Z" duration="0.000585" asserts="2" />
        <test-case id="1009" name="TestUpdateLevel" fullname="Test.Test.TestUpdateLevel" methodname="TestUpdateLevel" classname="Test.Test" runstate="Runnable" seed="1332266227" result="Passed" start-time="2018-04-23 14:09:37Z" end-time="2018-04-23 14:09:37Z" duration="0.001490" asserts="6" />
      </test-suite>
    </test-suite>
  </test-suite>
</test-run>