<?xml version="1.0" encoding="utf-8"?>
<test-run id="2" name="Test.exe" fullname="C:/Users/jsiedersberger/Documents/GitHub/Monopoly2.0/Monopoly/Test/bin/Debug/Test.exe" testcasecount="12" result="Passed" start-time="2018-03-29 13:36:27Z" end-time="2018-03-29 13:36:27Z" duration="0.128783" total="12" passed="12" failed="0" inconclusive="0" skipped="0" asserts="46" random-seed="2010743149">
  <command-line><![CDATA["C:\Users\jsiedersberger\Documents\GitHub\Monopoly2.0\Monopoly\Test\bin\Debug\Test.exe"   ]]></command-line>
  <filter />
  <test-suite type="Assembly" id="1013" name="Test.exe" fullname="C:/Users/jsiedersberger/Documents/GitHub/Monopoly2.0/Monopoly/Test/bin/Debug/Test.exe" runstate="Runnable" testcasecount="12" result="Passed" start-time="2018-03-29 13:36:27Z" end-time="2018-03-29 13:36:27Z" duration="0.128783" total="12" passed="12" failed="0" warnings="0" inconclusive="0" skipped="0" asserts="46">
    <environment framework-version="3.7.1.0" clr-version="4.0.30319.42000" os-version="Microsoft Windows NT 6.2.9200.0" platform="Win32NT" cwd="C:\Users\jsiedersberger\Documents\GitHub\Monopoly2.0\Monopoly\Test\bin\Debug" machine-name="W-SIEDERSB-10" user="jsiedersberger" user-domain="DE" culture="de-DE" uiculture="de-DE" os-architecture="x86" />
    <settings>
      <setting name="WorkDirectory" value="C:\Users\jsiedersberger\Documents\GitHub\Monopoly2.0\Monopoly\Test\bin\Debug" />
      <setting name="NumberOfTestWorkers" value="2" />
    </settings>
    <properties>
      <property name="_PID" value="4988" />
      <property name="_APPDOMAIN" value="Test.exe" />
    </properties>
    <test-suite type="TestSuite" id="1014" name="Test" fullname="Test" runstate="Runnable" testcasecount="12" result="Passed" start-time="2018-03-29 13:36:27Z" end-time="2018-03-29 13:36:27Z" duration="0.114785" total="12" passed="12" failed="0" warnings="0" inconclusive="0" skipped="0" asserts="46">
      <test-suite type="TestFixture" id="1000" name="Test" fullname="Test.Test" classname="Test.Test" runstate="Runnable" testcasecount="12" result="Passed" start-time="2018-03-29 13:36:27Z" end-time="2018-03-29 13:36:27Z" duration="0.110347" total="12" passed="12" failed="0" warnings="0" inconclusive="0" skipped="0" asserts="46">
        <test-case id="1002" name="TestBuyCurrentField" fullname="Test.Test.TestBuyCurrentField" methodname="TestBuyCurrentField" classname="Test.Test" runstate="Runnable" seed="170093116" result="Passed" start-time="2018-03-29 13:36:27Z" end-time="2018-03-29 13:36:27Z" duration="0.037122" asserts="3" />
        <test-case id="1006" name="TestCrossedStartField" fullname="Test.Test.TestCrossedStartField" methodname="TestCrossedStartField" classname="Test.Test" runstate="Runnable" seed="485096022" result="Passed" start-time="2018-03-29 13:36:27Z" end-time="2018-03-29 13:36:27Z" duration="0.009430" asserts="1" />
        <test-case id="1001" name="TestNextTurn" fullname="Test.Test.TestNextTurn" methodname="TestNextTurn" classname="Test.Test" runstate="Runnable" seed="1026494513" result="Passed" start-time="2018-03-29 13:36:27Z" end-time="2018-03-29 13:36:27Z" duration="0.000539" asserts="3" />
        <test-case id="1008" name="TestPayOffMortage" fullname="Test.Test.TestPayOffMortage" methodname="TestPayOffMortage" classname="Test.Test" runstate="Runnable" seed="579414668" result="Passed" start-time="2018-03-29 13:36:27Z" end-time="2018-03-29 13:36:27Z" duration="0.001703" asserts="5" />
        <test-case id="1012" name="TestPayOffMortageTrainStation" fullname="Test.Test.TestPayOffMortageTrainStation" methodname="TestPayOffMortageTrainStation" classname="Test.Test" runstate="Runnable" seed="500350987" result="Passed" start-time="2018-03-29 13:36:27Z" end-time="2018-03-29 13:36:27Z" duration="0.002865" asserts="5" />
        <test-case id="1004" name="TestPayRent" fullname="Test.Test.TestPayRent" methodname="TestPayRent" classname="Test.Test" runstate="Runnable" seed="1619797824" result="Passed" start-time="2018-03-29 13:36:27Z" end-time="2018-03-29 13:36:27Z" duration="0.001237" asserts="2" />
        <test-case id="1009" name="TestSellHouse" fullname="Test.Test.TestSellHouse" methodname="TestSellHouse" classname="Test.Test" runstate="Runnable" seed="1502631136" result="Passed" start-time="2018-03-29 13:36:27Z" end-time="2018-03-29 13:36:27Z" duration="0.001259" asserts="4" />
        <test-case id="1005" name="TestSetPlayerPosition" fullname="Test.Test.TestSetPlayerPosition" methodname="TestSetPlayerPosition" classname="Test.Test" runstate="Runnable" seed="106005383" result="Passed" start-time="2018-03-29 13:36:27Z" end-time="2018-03-29 13:36:27Z" duration="0.000377" asserts="1" />
        <test-case id="1007" name="TestTakeMortage" fullname="Test.Test.TestTakeMortage" methodname="TestTakeMortage" classname="Test.Test" runstate="Runnable" seed="1245281282" result="Passed" start-time="2018-03-29 13:36:27Z" end-time="2018-03-29 13:36:27Z" duration="0.001655" asserts="7" />
        <test-case id="1011" name="TestTakeMortageTrainStation" fullname="Test.Test.TestTakeMortageTrainStation" methodname="TestTakeMortageTrainStation" classname="Test.Test" runstate="Runnable" seed="598616118" result="Passed" start-time="2018-03-29 13:36:27Z" end-time="2018-03-29 13:36:27Z" duration="0.001432" asserts="6" />
        <test-case id="1010" name="TestTrainStationField" fullname="Test.Test.TestTrainStationField" methodname="TestTrainStationField" classname="Test.Test" runstate="Runnable" seed="2098454075" result="Passed" start-time="2018-03-29 13:36:27Z" end-time="2018-03-29 13:36:27Z" duration="0.001585" asserts="3" />
        <test-case id="1003" name="TestUpdateLevel" fullname="Test.Test.TestUpdateLevel" methodname="TestUpdateLevel" classname="Test.Test" runstate="Runnable" seed="999286071" result="Passed" start-time="2018-03-29 13:36:27Z" end-time="2018-03-29 13:36:27Z" duration="0.001495" asserts="6" />
      </test-suite>
    </test-suite>
  </test-suite>
</test-run>