<?xml version="1.0" encoding="utf-8"?>
<test-run id="2" name="Test.exe" fullname="C:/Users/jsiedersberger/Documents/GitHub/Monopoly2.0/Monopoly/Test/bin/Debug/Test.exe" testcasecount="13" result="Passed" start-time="2018-04-09 09:54:53Z" end-time="2018-04-09 09:54:54Z" duration="0.138902" total="13" passed="13" failed="0" inconclusive="0" skipped="0" asserts="41" random-seed="1450745016">
  <command-line><![CDATA["C:\Users\jsiedersberger\Documents\GitHub\Monopoly2.0\Monopoly\Test\bin\Debug\Test.exe"   ]]></command-line>
  <filter />
  <test-suite type="Assembly" id="1014" name="Test.exe" fullname="C:/Users/jsiedersberger/Documents/GitHub/Monopoly2.0/Monopoly/Test/bin/Debug/Test.exe" runstate="Runnable" testcasecount="13" result="Passed" start-time="2018-04-09 09:54:53Z" end-time="2018-04-09 09:54:54Z" duration="0.138902" total="13" passed="13" failed="0" warnings="0" inconclusive="0" skipped="0" asserts="41">
    <environment framework-version="3.7.1.0" clr-version="4.0.30319.42000" os-version="Microsoft Windows NT 6.2.9200.0" platform="Win32NT" cwd="C:\Users\jsiedersberger\Documents\GitHub\Monopoly2.0\Monopoly\Test\bin\Debug" machine-name="W-SIEDERSB-10" user="jsiedersberger" user-domain="DE" culture="de-DE" uiculture="de-DE" os-architecture="x86" />
    <settings>
      <setting name="WorkDirectory" value="C:\Users\jsiedersberger\Documents\GitHub\Monopoly2.0\Monopoly\Test\bin\Debug" />
      <setting name="NumberOfTestWorkers" value="2" />
    </settings>
    <properties>
      <property name="_PID" value="9176" />
      <property name="_APPDOMAIN" value="Test.exe" />
    </properties>
    <test-suite type="TestSuite" id="1015" name="Test" fullname="Test" runstate="Runnable" testcasecount="13" result="Passed" start-time="2018-04-09 09:54:53Z" end-time="2018-04-09 09:54:54Z" duration="0.125783" total="13" passed="13" failed="0" warnings="0" inconclusive="0" skipped="0" asserts="41">
      <test-suite type="TestFixture" id="1000" name="Test" fullname="Test.Test" classname="Test.Test" runstate="Runnable" testcasecount="13" result="Passed" start-time="2018-04-09 09:54:53Z" end-time="2018-04-09 09:54:54Z" duration="0.121329" total="13" passed="13" failed="0" warnings="0" inconclusive="0" skipped="0" asserts="41">
        <test-case id="1013" name="PlayerDoesNotHaveEnoughMoney" fullname="Test.Test.PlayerDoesNotHaveEnoughMoney" methodname="PlayerDoesNotHaveEnoughMoney" classname="Test.Test" runstate="Runnable" seed="591619640" result="Passed" start-time="2018-04-09 09:54:53Z" end-time="2018-04-09 09:54:53Z" duration="0.030156" asserts="1" />
        <test-case id="1012" name="PlayerIsBankrupt" fullname="Test.Test.PlayerIsBankrupt" methodname="PlayerIsBankrupt" classname="Test.Test" runstate="Runnable" seed="1977512529" result="Passed" start-time="2018-04-09 09:54:53Z" end-time="2018-04-09 09:54:53Z" duration="0.002344" asserts="1" />
        <test-case id="1002" name="TestBuyCurrentField" fullname="Test.Test.TestBuyCurrentField" methodname="TestBuyCurrentField" classname="Test.Test" runstate="Runnable" seed="583257521" result="Passed" start-time="2018-04-09 09:54:53Z" end-time="2018-04-09 09:54:53Z" duration="0.009725" asserts="3" />
        <test-case id="1006" name="TestCrossedStartField" fullname="Test.Test.TestCrossedStartField" methodname="TestCrossedStartField" classname="Test.Test" runstate="Runnable" seed="1427049906" result="Passed" start-time="2018-04-09 09:54:53Z" end-time="2018-04-09 09:54:53Z" duration="0.011385" asserts="1" />
        <test-case id="1010" name="TestExChangeFieldMoney" fullname="Test.Test.TestExChangeFieldMoney" methodname="TestExChangeFieldMoney" classname="Test.Test" runstate="Runnable" seed="1286055727" result="Passed" start-time="2018-04-09 09:54:53Z" end-time="2018-04-09 09:54:53Z" duration="0.001266" asserts="5" />
        <test-case id="1011" name="TestExChangeFieldwithField" fullname="Test.Test.TestExChangeFieldwithField" methodname="TestExChangeFieldwithField" classname="Test.Test" runstate="Runnable" seed="363242889" result="Passed" start-time="2018-04-09 09:54:53Z" end-time="2018-04-09 09:54:53Z" duration="0.000794" asserts="2" />
        <test-case id="1001" name="TestNextTurn" fullname="Test.Test.TestNextTurn" methodname="TestNextTurn" classname="Test.Test" runstate="Runnable" seed="163148372" result="Passed" start-time="2018-04-09 09:54:54Z" end-time="2018-04-09 09:54:54Z" duration="0.000449" asserts="3" />
        <test-case id="1008" name="TestPayOffMortage" fullname="Test.Test.TestPayOffMortage" methodname="TestPayOffMortage" classname="Test.Test" runstate="Runnable" seed="2066627734" result="Passed" start-time="2018-04-09 09:54:54Z" end-time="2018-04-09 09:54:54Z" duration="0.002164" asserts="5" />
        <test-case id="1004" name="TestPayRent" fullname="Test.Test.TestPayRent" methodname="TestPayRent" classname="Test.Test" runstate="Runnable" seed="1094047811" result="Passed" start-time="2018-04-09 09:54:54Z" end-time="2018-04-09 09:54:54Z" duration="0.000542" asserts="2" />
        <test-case id="1009" name="TestSellHouse" fullname="Test.Test.TestSellHouse" methodname="TestSellHouse" classname="Test.Test" runstate="Runnable" seed="1103043176" result="Passed" start-time="2018-04-09 09:54:54Z" end-time="2018-04-09 09:54:54Z" duration="0.001921" asserts="4" />
        <test-case id="1005" name="TestSetPlayerPosition" fullname="Test.Test.TestSetPlayerPosition" methodname="TestSetPlayerPosition" classname="Test.Test" runstate="Runnable" seed="693650633" result="Passed" start-time="2018-04-09 09:54:54Z" end-time="2018-04-09 09:54:54Z" duration="0.000436" asserts="1" />
        <test-case id="1007" name="TestTakeMortage" fullname="Test.Test.TestTakeMortage" methodname="TestTakeMortage" classname="Test.Test" runstate="Runnable" seed="1287882219" result="Passed" start-time="2018-04-09 09:54:54Z" end-time="2018-04-09 09:54:54Z" duration="0.001795" asserts="7" />
        <test-case id="1003" name="TestUpdateLevel" fullname="Test.Test.TestUpdateLevel" methodname="TestUpdateLevel" classname="Test.Test" runstate="Runnable" seed="1933702926" result="Passed" start-time="2018-04-09 09:54:54Z" end-time="2018-04-09 09:54:54Z" duration="0.001793" asserts="6" />
      </test-suite>
    </test-suite>
  </test-suite>
</test-run>