<?xml version="1.0" encoding="utf-8"?>
<test-run id="2" name="Test.exe" fullname="C:/Users/jsiedersberger/Documents/GitHub/Monopoly2.0/Monopoly/Test/bin/Debug/Test.exe" testcasecount="37" result="Passed" start-time="2018-04-12 14:12:35Z" end-time="2018-04-12 14:12:35Z" duration="0.277867" total="37" passed="37" failed="0" inconclusive="0" skipped="0" asserts="115" random-seed="33267747">
  <command-line><![CDATA["C:\Users\jsiedersberger\Documents\GitHub\Monopoly2.0\Monopoly\Test\bin\Debug\Test.exe"   ]]></command-line>
  <filter />
  <test-suite type="Assembly" id="1038" name="Test.exe" fullname="C:/Users/jsiedersberger/Documents/GitHub/Monopoly2.0/Monopoly/Test/bin/Debug/Test.exe" runstate="Runnable" testcasecount="37" result="Passed" start-time="2018-04-12 14:12:35Z" end-time="2018-04-12 14:12:35Z" duration="0.277867" total="37" passed="37" failed="0" warnings="0" inconclusive="0" skipped="0" asserts="115">
    <environment framework-version="3.7.1.0" clr-version="4.0.30319.42000" os-version="Microsoft Windows NT 6.2.9200.0" platform="Win32NT" cwd="C:\Users\jsiedersberger\Documents\GitHub\Monopoly2.0\Monopoly\Test\bin\Debug" machine-name="W-SIEDERSB-10" user="jsiedersberger" user-domain="DE" culture="de-DE" uiculture="de-DE" os-architecture="x86" />
    <settings>
      <setting name="WorkDirectory" value="C:\Users\jsiedersberger\Documents\GitHub\Monopoly2.0\Monopoly\Test\bin\Debug" />
      <setting name="NumberOfTestWorkers" value="2" />
    </settings>
    <properties>
      <property name="_PID" value="6508" />
      <property name="_APPDOMAIN" value="Test.exe" />
    </properties>
    <test-suite type="TestSuite" id="1039" name="Test" fullname="Test" runstate="Runnable" testcasecount="37" result="Passed" start-time="2018-04-12 14:12:35Z" end-time="2018-04-12 14:12:35Z" duration="0.263777" total="37" passed="37" failed="0" warnings="0" inconclusive="0" skipped="0" asserts="115">
      <test-suite type="TestFixture" id="1000" name="Test" fullname="Test.Test" classname="Test.Test" runstate="Runnable" testcasecount="37" result="Passed" start-time="2018-04-12 14:12:35Z" end-time="2018-04-12 14:12:35Z" duration="0.259338" total="37" passed="37" failed="0" warnings="0" inconclusive="0" skipped="0" asserts="115">
        <test-case id="1005" name="PlayerDoesNotHaveEnoughMoney" fullname="Test.Test.PlayerDoesNotHaveEnoughMoney" methodname="PlayerDoesNotHaveEnoughMoney" classname="Test.Test" runstate="Runnable" seed="1957464150" result="Passed" start-time="2018-04-12 14:12:35Z" end-time="2018-04-12 14:12:35Z" duration="0.031866" asserts="1" />
        <test-case id="1003" name="PlayerIsBankrupt" fullname="Test.Test.PlayerIsBankrupt" methodname="PlayerIsBankrupt" classname="Test.Test" runstate="Runnable" seed="204191171" result="Passed" start-time="2018-04-12 14:12:35Z" end-time="2018-04-12 14:12:35Z" duration="0.016981" asserts="1" />
        <test-case id="1033" name="PlayerPayFineImmediately" fullname="Test.Test.PlayerPayFineImmediately" methodname="PlayerPayFineImmediately" classname="Test.Test" runstate="Runnable" seed="1053559394" result="Passed" start-time="2018-04-12 14:12:35Z" end-time="2018-04-12 14:12:35Z" duration="0.010576" asserts="2" />
        <test-case id="1017" name="TestAuctionField" fullname="Test.Test.TestAuctionField" methodname="TestAuctionField" classname="Test.Test" runstate="Runnable" seed="958638364" result="Passed" start-time="2018-04-12 14:12:35Z" end-time="2018-04-12 14:12:35Z" duration="0.002465" asserts="2" />
        <test-case id="1024" name="TestBuyAndRentSupplierField" fullname="Test.Test.TestBuyAndRentSupplierField" methodname="TestBuyAndRentSupplierField" classname="Test.Test" runstate="Runnable" seed="16182890" result="Passed" start-time="2018-04-12 14:12:35Z" end-time="2018-04-12 14:12:35Z" duration="0.002821" asserts="1" />
        <test-case id="1008" name="TestBuyCurrentField" fullname="Test.Test.TestBuyCurrentField" methodname="TestBuyCurrentField" classname="Test.Test" runstate="Runnable" seed="996667351" result="Passed" start-time="2018-04-12 14:12:35Z" end-time="2018-04-12 14:12:35Z" duration="0.001723" asserts="3" />
        <test-case id="1016" name="TestBuyInAuction" fullname="Test.Test.TestBuyInAuction" methodname="TestBuyInAuction" classname="Test.Test" runstate="Runnable" seed="1438142602" result="Passed" start-time="2018-04-12 14:12:35Z" end-time="2018-04-12 14:12:35Z" duration="0.000558" asserts="2" />
        <test-case id="1027" name="TestBuySupplierFieldInAuction" fullname="Test.Test.TestBuySupplierFieldInAuction" methodname="TestBuySupplierFieldInAuction" classname="Test.Test" runstate="Runnable" seed="1890752492" result="Passed" start-time="2018-04-12 14:12:35Z" end-time="2018-04-12 14:12:35Z" duration="0.000878" asserts="2" />
        <test-case id="1002" name="TestCrossedStartField" fullname="Test.Test.TestCrossedStartField" methodname="TestCrossedStartField" classname="Test.Test" runstate="Runnable" seed="1776186849" result="Passed" start-time="2018-04-12 14:12:35Z" end-time="2018-04-12 14:12:35Z" duration="0.011083" asserts="1" />
        <test-case id="1014" name="TestExChangeFieldMoney" fullname="Test.Test.TestExChangeFieldMoney" methodname="TestExChangeFieldMoney" classname="Test.Test" runstate="Runnable" seed="1695886759" result="Passed" start-time="2018-04-12 14:12:35Z" end-time="2018-04-12 14:12:35Z" duration="0.001354" asserts="5" />
        <test-case id="1015" name="TestExChangeFieldwithField" fullname="Test.Test.TestExChangeFieldwithField" methodname="TestExChangeFieldwithField" classname="Test.Test" runstate="Runnable" seed="751990336" result="Passed" start-time="2018-04-12 14:12:35Z" end-time="2018-04-12 14:12:35Z" duration="0.000922" asserts="2" />
        <test-case id="1029" name="TestexChangeSupplierFieldMoney" fullname="Test.Test.TestexChangeSupplierFieldMoney" methodname="TestexChangeSupplierFieldMoney" classname="Test.Test" runstate="Runnable" seed="917692687" result="Passed" start-time="2018-04-12 14:12:35Z" end-time="2018-04-12 14:12:35Z" duration="0.001205" asserts="5" />
        <test-case id="1028" name="TestExChangeSupplierFieldwithField" fullname="Test.Test.TestExChangeSupplierFieldwithField" methodname="TestExChangeSupplierFieldwithField" classname="Test.Test" runstate="Runnable" seed="1885399467" result="Passed" start-time="2018-04-12 14:12:35Z" end-time="2018-04-12 14:12:35Z" duration="0.000826" asserts="2" />
        <test-case id="1021" name="TestExChangeTrainStationFieldMoney" fullname="Test.Test.TestExChangeTrainStationFieldMoney" methodname="TestExChangeTrainStationFieldMoney" classname="Test.Test" runstate="Runnable" seed="695950128" result="Passed" start-time="2018-04-12 14:12:35Z" end-time="2018-04-12 14:12:35Z" duration="0.002041" asserts="5" />
        <test-case id="1022" name="TestExChangeTrainStationFieldwithField" fullname="Test.Test.TestExChangeTrainStationFieldwithField" methodname="TestExChangeTrainStationFieldwithField" classname="Test.Test" runstate="Runnable" seed="406068360" result="Passed" start-time="2018-04-12 14:12:35Z" end-time="2018-04-12 14:12:35Z" duration="0.000796" asserts="2" />
        <test-case id="1004" name="TestGameOver" fullname="Test.Test.TestGameOver" methodname="TestGameOver" classname="Test.Test" runstate="Runnable" seed="307536259" result="Passed" start-time="2018-04-12 14:12:35Z" end-time="2018-04-12 14:12:35Z" duration="0.002687" asserts="2" />
        <test-case id="1035" name="TestGetMoneyFromPlayersCard" fullname="Test.Test.TestGetMoneyFromPlayersCard" methodname="TestGetMoneyFromPlayersCard" classname="Test.Test" runstate="Runnable" seed="1165476685" result="Passed" start-time="2018-04-12 14:12:35Z" end-time="2018-04-12 14:12:35Z" duration="0.000781" asserts="3" />
        <test-case id="1030" name="TestGoToJailField" fullname="Test.Test.TestGoToJailField" methodname="TestGoToJailField" classname="Test.Test" runstate="Runnable" seed="427008625" result="Passed" start-time="2018-04-12 14:12:35Z" end-time="2018-04-12 14:12:35Z" duration="0.000448" asserts="3" />
        <test-case id="1034" name="TestMoneyCard" fullname="Test.Test.TestMoneyCard" methodname="TestMoneyCard" classname="Test.Test" runstate="Runnable" seed="65919618" result="Passed" start-time="2018-04-12 14:12:35Z" end-time="2018-04-12 14:12:35Z" duration="0.000518" asserts="1" />
        <test-case id="1001" name="TestNextTurn" fullname="Test.Test.TestNextTurn" methodname="TestNextTurn" classname="Test.Test" runstate="Runnable" seed="2031288696" result="Passed" start-time="2018-04-12 14:12:35Z" end-time="2018-04-12 14:12:35Z" duration="0.000387" asserts="3" />
        <test-case id="1013" name="TestPayOffMortage" fullname="Test.Test.TestPayOffMortage" methodname="TestPayOffMortage" classname="Test.Test" runstate="Runnable" seed="139876999" result="Passed" start-time="2018-04-12 14:12:35Z" end-time="2018-04-12 14:12:35Z" duration="0.001627" asserts="5" />
        <test-case id="1026" name="TestPayOffMortageSupplierField" fullname="Test.Test.TestPayOffMortageSupplierField" methodname="TestPayOffMortageSupplierField" classname="Test.Test" runstate="Runnable" seed="839271702" result="Passed" start-time="2018-04-12 14:12:35Z" end-time="2018-04-12 14:12:35Z" duration="0.001554" asserts="5" />
        <test-case id="1020" name="TestPayOffMortageTrainStation" fullname="Test.Test.TestPayOffMortageTrainStation" methodname="TestPayOffMortageTrainStation" classname="Test.Test" runstate="Runnable" seed="1303720732" result="Passed" start-time="2018-04-12 14:12:35Z" end-time="2018-04-12 14:12:35Z" duration="0.001627" asserts="5" />
        <test-case id="1037" name="TestPayPlayersCard" fullname="Test.Test.TestPayPlayersCard" methodname="TestPayPlayersCard" classname="Test.Test" runstate="Runnable" seed="1223784668" result="Passed" start-time="2018-04-12 14:12:35Z" end-time="2018-04-12 14:12:35Z" duration="0.000830" asserts="3" />
        <test-case id="1011" name="TestPayRent" fullname="Test.Test.TestPayRent" methodname="TestPayRent" classname="Test.Test" runstate="Runnable" seed="1654017612" result="Passed" start-time="2018-04-12 14:12:35Z" end-time="2018-04-12 14:12:35Z" duration="0.000509" asserts="2" />
        <test-case id="1031" name="TestPlayerThrowsDouble" fullname="Test.Test.TestPlayerThrowsDouble" methodname="TestPlayerThrowsDouble" classname="Test.Test" runstate="Runnable" seed="825871618" result="Passed" start-time="2018-04-12 14:12:35Z" end-time="2018-04-12 14:12:35Z" duration="0.000554" asserts="3" />
        <test-case id="1032" name="TestPlayerTried3Times" fullname="Test.Test.TestPlayerTried3Times" methodname="TestPlayerTried3Times" classname="Test.Test" runstate="Runnable" seed="1096936548" result="Passed" start-time="2018-04-12 14:12:35Z" end-time="2018-04-12 14:12:35Z" duration="0.000773" asserts="4" />
        <test-case id="1007" name="TestRemovePlayer" fullname="Test.Test.TestRemovePlayer" methodname="TestRemovePlayer" classname="Test.Test" runstate="Runnable" seed="1648270074" result="Passed" start-time="2018-04-12 14:12:35Z" end-time="2018-04-12 14:12:35Z" duration="0.001224" asserts="4" />
        <test-case id="1010" name="TestSellHouse" fullname="Test.Test.TestSellHouse" methodname="TestSellHouse" classname="Test.Test" runstate="Runnable" seed="158271134" result="Passed" start-time="2018-04-12 14:12:35Z" end-time="2018-04-12 14:12:35Z" duration="0.001326" asserts="4" />
        <test-case id="1006" name="TestSetPlayerPosition" fullname="Test.Test.TestSetPlayerPosition" methodname="TestSetPlayerPosition" classname="Test.Test" runstate="Runnable" seed="1791093049" result="Passed" start-time="2018-04-12 14:12:35Z" end-time="2018-04-12 14:12:35Z" duration="0.000296" asserts="1" />
        <test-case id="1036" name="TestStreetRepairCard" fullname="Test.Test.TestStreetRepairCard" methodname="TestStreetRepairCard" classname="Test.Test" runstate="Runnable" seed="1041364200" result="Passed" start-time="2018-04-12 14:12:35Z" end-time="2018-04-12 14:12:35Z" duration="0.000863" asserts="1" />
        <test-case id="1012" name="TestTakeMortage" fullname="Test.Test.TestTakeMortage" methodname="TestTakeMortage" classname="Test.Test" runstate="Runnable" seed="1742709363" result="Passed" start-time="2018-04-12 14:12:35Z" end-time="2018-04-12 14:12:35Z" duration="0.001658" asserts="7" />
        <test-case id="1025" name="TestTakeMortageSupplierField" fullname="Test.Test.TestTakeMortageSupplierField" methodname="TestTakeMortageSupplierField" classname="Test.Test" runstate="Runnable" seed="581067692" result="Passed" start-time="2018-04-12 14:12:35Z" end-time="2018-04-12 14:12:35Z" duration="0.001273" asserts="6" />
        <test-case id="1019" name="TestTakeMortageTrainStation" fullname="Test.Test.TestTakeMortageTrainStation" methodname="TestTakeMortageTrainStation" classname="Test.Test" runstate="Runnable" seed="1194560408" result="Passed" start-time="2018-04-12 14:12:35Z" end-time="2018-04-12 14:12:35Z" duration="0.001333" asserts="6" />
        <test-case id="1018" name="TestTrainStationField" fullname="Test.Test.TestTrainStationField" methodname="TestTrainStationField" classname="Test.Test" runstate="Runnable" seed="1587585892" result="Passed" start-time="2018-04-12 14:12:35Z" end-time="2018-04-12 14:12:35Z" duration="0.001427" asserts="3" />
        <test-case id="1023" name="TestTrainStationFieldBuyInAuction" fullname="Test.Test.TestTrainStationFieldBuyInAuction" methodname="TestTrainStationFieldBuyInAuction" classname="Test.Test" runstate="Runnable" seed="1469846671" result="Passed" start-time="2018-04-12 14:12:35Z" end-time="2018-04-12 14:12:35Z" duration="0.000583" asserts="2" />
        <test-case id="1009" name="TestUpdateLevel" fullname="Test.Test.TestUpdateLevel" methodname="TestUpdateLevel" classname="Test.Test" runstate="Runnable" seed="304161793" result="Passed" start-time="2018-04-12 14:12:35Z" end-time="2018-04-12 14:12:35Z" duration="0.001495" asserts="6" />
      </test-suite>
    </test-suite>
  </test-suite>
</test-run>