<?xml version="1.0" encoding="utf-8"?>
<test-run id="2" name="Test.exe" fullname="C:/Users/jsiedersberger/Documents/GitHub/Monopoly2.0/Monopoly/Test/bin/Debug/Test.exe" testcasecount="16" result="Passed" start-time="2018-04-10 13:57:00Z" end-time="2018-04-10 13:57:00Z" duration="0.148949" total="16" passed="16" failed="0" inconclusive="0" skipped="0" asserts="49" random-seed="1400761044">
  <command-line><![CDATA["C:\Users\jsiedersberger\Documents\GitHub\Monopoly2.0\Monopoly\Test\bin\Debug\Test.exe"   ]]></command-line>
  <filter />
  <test-suite type="Assembly" id="1017" name="Test.exe" fullname="C:/Users/jsiedersberger/Documents/GitHub/Monopoly2.0/Monopoly/Test/bin/Debug/Test.exe" runstate="Runnable" testcasecount="16" result="Passed" start-time="2018-04-10 13:57:00Z" end-time="2018-04-10 13:57:00Z" duration="0.148949" total="16" passed="16" failed="0" warnings="0" inconclusive="0" skipped="0" asserts="49">
    <environment framework-version="3.7.1.0" clr-version="4.0.30319.42000" os-version="Microsoft Windows NT 6.2.9200.0" platform="Win32NT" cwd="C:\Users\jsiedersberger\Documents\GitHub\Monopoly2.0\Monopoly\Test\bin\Debug" machine-name="W-SIEDERSB-10" user="jsiedersberger" user-domain="DE" culture="de-DE" uiculture="de-DE" os-architecture="x86" />
    <settings>
      <setting name="WorkDirectory" value="C:\Users\jsiedersberger\Documents\GitHub\Monopoly2.0\Monopoly\Test\bin\Debug" />
      <setting name="NumberOfTestWorkers" value="2" />
    </settings>
    <properties>
      <property name="_PID" value="824" />
      <property name="_APPDOMAIN" value="Test.exe" />
    </properties>
    <test-suite type="TestSuite" id="1018" name="Test" fullname="Test" runstate="Runnable" testcasecount="16" result="Passed" start-time="2018-04-10 13:57:00Z" end-time="2018-04-10 13:57:00Z" duration="0.135718" total="16" passed="16" failed="0" warnings="0" inconclusive="0" skipped="0" asserts="49">
      <test-suite type="TestFixture" id="1000" name="Test" fullname="Test.Test" classname="Test.Test" runstate="Runnable" testcasecount="16" result="Passed" start-time="2018-04-10 13:57:00Z" end-time="2018-04-10 13:57:00Z" duration="0.131873" total="16" passed="16" failed="0" warnings="0" inconclusive="0" skipped="0" asserts="49">
        <test-case id="1014" name="PlayerDoesNotHaveEnoughMoney" fullname="Test.Test.PlayerDoesNotHaveEnoughMoney" methodname="PlayerDoesNotHaveEnoughMoney" classname="Test.Test" runstate="Runnable" seed="1612993153" result="Passed" start-time="2018-04-10 13:57:00Z" end-time="2018-04-10 13:57:00Z" duration="0.028618" asserts="1" />
        <test-case id="1013" name="PlayerIsBankrupt" fullname="Test.Test.PlayerIsBankrupt" methodname="PlayerIsBankrupt" classname="Test.Test" runstate="Runnable" seed="335498191" result="Passed" start-time="2018-04-10 13:57:00Z" end-time="2018-04-10 13:57:00Z" duration="0.002035" asserts="1" />
        <test-case id="1016" name="TestAuctionField" fullname="Test.Test.TestAuctionField" methodname="TestAuctionField" classname="Test.Test" runstate="Runnable" seed="1154433200" result="Passed" start-time="2018-04-10 13:57:00Z" end-time="2018-04-10 13:57:00Z" duration="0.010969" asserts="2" />
        <test-case id="1002" name="TestBuyCurrentField" fullname="Test.Test.TestBuyCurrentField" methodname="TestBuyCurrentField" classname="Test.Test" runstate="Runnable" seed="2091686669" result="Passed" start-time="2018-04-10 13:57:00Z" end-time="2018-04-10 13:57:00Z" duration="0.001521" asserts="3" />
        <test-case id="1012" name="TestBuyInAuction" fullname="Test.Test.TestBuyInAuction" methodname="TestBuyInAuction" classname="Test.Test" runstate="Runnable" seed="2096512729" result="Passed" start-time="2018-04-10 13:57:00Z" end-time="2018-04-10 13:57:00Z" duration="0.000657" asserts="2" />
        <test-case id="1006" name="TestCrossedStartField" fullname="Test.Test.TestCrossedStartField" methodname="TestCrossedStartField" classname="Test.Test" runstate="Runnable" seed="1845376316" result="Passed" start-time="2018-04-10 13:57:00Z" end-time="2018-04-10 13:57:00Z" duration="0.008861" asserts="1" />
        <test-case id="1010" name="TestExChangeFieldMoney" fullname="Test.Test.TestExChangeFieldMoney" methodname="TestExChangeFieldMoney" classname="Test.Test" runstate="Runnable" seed="1299733619" result="Passed" start-time="2018-04-10 13:57:00Z" end-time="2018-04-10 13:57:00Z" duration="0.001279" asserts="5" />
        <test-case id="1011" name="TestExChangeFieldwithField" fullname="Test.Test.TestExChangeFieldwithField" methodname="TestExChangeFieldwithField" classname="Test.Test" runstate="Runnable" seed="86234536" result="Passed" start-time="2018-04-10 13:57:00Z" end-time="2018-04-10 13:57:00Z" duration="0.000906" asserts="2" />
        <test-case id="1001" name="TestNextTurn" fullname="Test.Test.TestNextTurn" methodname="TestNextTurn" classname="Test.Test" runstate="Runnable" seed="1347304505" result="Passed" start-time="2018-04-10 13:57:00Z" end-time="2018-04-10 13:57:00Z" duration="0.000541" asserts="3" />
        <test-case id="1008" name="TestPayOffMortage" fullname="Test.Test.TestPayOffMortage" methodname="TestPayOffMortage" classname="Test.Test" runstate="Runnable" seed="830997416" result="Passed" start-time="2018-04-10 13:57:00Z" end-time="2018-04-10 13:57:00Z" duration="0.001756" asserts="5" />
        <test-case id="1004" name="TestPayRent" fullname="Test.Test.TestPayRent" methodname="TestPayRent" classname="Test.Test" runstate="Runnable" seed="1109920309" result="Passed" start-time="2018-04-10 13:57:00Z" end-time="2018-04-10 13:57:00Z" duration="0.000568" asserts="2" />
        <test-case id="1015" name="TestRemovePlayer1" fullname="Test.Test.TestRemovePlayer1" methodname="TestRemovePlayer1" classname="Test.Test" runstate="Runnable" seed="1354999046" result="Passed" start-time="2018-04-10 13:57:00Z" end-time="2018-04-10 13:57:00Z" duration="0.002133" asserts="4" />
        <test-case id="1009" name="TestSellHouse" fullname="Test.Test.TestSellHouse" methodname="TestSellHouse" classname="Test.Test" runstate="Runnable" seed="224225349" result="Passed" start-time="2018-04-10 13:57:00Z" end-time="2018-04-10 13:57:00Z" duration="0.001381" asserts="4" />
        <test-case id="1005" name="TestSetPlayerPosition" fullname="Test.Test.TestSetPlayerPosition" methodname="TestSetPlayerPosition" classname="Test.Test" runstate="Runnable" seed="1581227973" result="Passed" start-time="2018-04-10 13:57:00Z" end-time="2018-04-10 13:57:00Z" duration="0.000293" asserts="1" />
        <test-case id="1007" name="TestTakeMortage" fullname="Test.Test.TestTakeMortage" methodname="TestTakeMortage" classname="Test.Test" runstate="Runnable" seed="629832925" result="Passed" start-time="2018-04-10 13:57:00Z" end-time="2018-04-10 13:57:00Z" duration="0.001847" asserts="7" />
        <test-case id="1003" name="TestUpdateLevel" fullname="Test.Test.TestUpdateLevel" methodname="TestUpdateLevel" classname="Test.Test" runstate="Runnable" seed="285701411" result="Passed" start-time="2018-04-10 13:57:00Z" end-time="2018-04-10 13:57:00Z" duration="0.001920" asserts="6" />
      </test-suite>
    </test-suite>
  </test-suite>
</test-run>