<?xml version="1.0" encoding="utf-8"?>
<test-run id="2" name="Test.exe" fullname="C:/Users/jsiedersberger/Documents/GitHub/Monopoly2.0/Monopoly/Test/bin/Debug/Test.exe" testcasecount="49" result="Passed" start-time="2018-04-24 08:08:48Z" end-time="2018-04-24 08:08:49Z" duration="1.656305" total="49" passed="49" failed="0" inconclusive="0" skipped="0" asserts="133" random-seed="953907131">
  <command-line><![CDATA["C:\Users\jsiedersberger\Documents\GitHub\Monopoly2.0\Monopoly\Test\bin\Debug\Test.exe"   ]]></command-line>
  <filter />
  <test-suite type="Assembly" id="1050" name="Test.exe" fullname="C:/Users/jsiedersberger/Documents/GitHub/Monopoly2.0/Monopoly/Test/bin/Debug/Test.exe" runstate="Runnable" testcasecount="49" result="Passed" start-time="2018-04-24 08:08:48Z" end-time="2018-04-24 08:08:49Z" duration="1.656305" total="49" passed="49" failed="0" warnings="0" inconclusive="0" skipped="0" asserts="133">
    <environment framework-version="3.7.1.0" clr-version="4.0.30319.42000" os-version="Microsoft Windows NT 6.2.9200.0" platform="Win32NT" cwd="C:\Users\jsiedersberger\Documents\GitHub\Monopoly2.0\Monopoly\Test\bin\Debug" machine-name="W-SIEDERSB-10" user="jsiedersberger" user-domain="DE" culture="de-DE" uiculture="de-DE" os-architecture="x86" />
    <settings>
      <setting name="WorkDirectory" value="C:\Users\jsiedersberger\Documents\GitHub\Monopoly2.0\Monopoly\Test\bin\Debug" />
      <setting name="NumberOfTestWorkers" value="2" />
    </settings>
    <properties>
      <property name="_PID" value="11256" />
      <property name="_APPDOMAIN" value="Test.exe" />
    </properties>
    <test-suite type="TestSuite" id="1051" name="Test" fullname="Test" runstate="Runnable" testcasecount="49" result="Passed" start-time="2018-04-24 08:08:48Z" end-time="2018-04-24 08:08:49Z" duration="1.626369" total="49" passed="49" failed="0" warnings="0" inconclusive="0" skipped="0" asserts="133">
      <test-suite type="TestFixture" id="1000" name="Test" fullname="Test.Test" classname="Test.Test" runstate="Runnable" testcasecount="49" result="Passed" start-time="2018-04-24 08:08:48Z" end-time="2018-04-24 08:08:49Z" duration="1.595692" total="49" passed="49" failed="0" warnings="0" inconclusive="0" skipped="0" asserts="133">
        <test-case id="1047" name="GetOutofJail" fullname="Test.Test.GetOutofJail" methodname="GetOutofJail" classname="Test.Test" runstate="Runnable" seed="352831282" result="Passed" start-time="2018-04-24 08:08:48Z" end-time="2018-04-24 08:08:48Z" duration="0.027903" asserts="2" />
        <test-case id="1046" name="GoToNextMemberofGroup" fullname="Test.Test.GoToNextMemberofGroup" methodname="GoToNextMemberofGroup" classname="Test.Test" runstate="Runnable" seed="1872835594" result="Passed" start-time="2018-04-24 08:08:48Z" end-time="2018-04-24 08:08:48Z" duration="0.004073" asserts="2" />
        <test-case id="1005" name="PlayerDoesNotHaveEnoughMoney" fullname="Test.Test.PlayerDoesNotHaveEnoughMoney" methodname="PlayerDoesNotHaveEnoughMoney" classname="Test.Test" runstate="Runnable" seed="2085650984" result="Passed" start-time="2018-04-24 08:08:48Z" end-time="2018-04-24 08:08:48Z" duration="0.015495" asserts="1" />
        <test-case id="1003" name="PlayerIsBankrupt" fullname="Test.Test.PlayerIsBankrupt" methodname="PlayerIsBankrupt" classname="Test.Test" runstate="Runnable" seed="326241586" result="Passed" start-time="2018-04-24 08:08:48Z" end-time="2018-04-24 08:08:48Z" duration="0.002022" asserts="1" />
        <test-case id="1033" name="PlayerPayFineImmediately" fullname="Test.Test.PlayerPayFineImmediately" methodname="PlayerPayFineImmediately" classname="Test.Test" runstate="Runnable" seed="991617800" result="Passed" start-time="2018-04-24 08:08:48Z" end-time="2018-04-24 08:08:48Z" duration="0.001927" asserts="2" />
        <test-case id="1034" name="PlayerThrowsDoubleThreeTimes" fullname="Test.Test.PlayerThrowsDoubleThreeTimes" methodname="PlayerThrowsDoubleThreeTimes" classname="Test.Test" runstate="Runnable" seed="369306656" result="Passed" start-time="2018-04-24 08:08:48Z" end-time="2018-04-24 08:08:48Z" duration="0.000810" asserts="1" />
        <test-case id="1017" name="TestAuctionField" fullname="Test.Test.TestAuctionField" methodname="TestAuctionField" classname="Test.Test" runstate="Runnable" seed="832707352" result="Passed" start-time="2018-04-24 08:08:48Z" end-time="2018-04-24 08:08:48Z" duration="0.006126" asserts="2" />
        <test-case id="1024" name="TestBuyAndRentSupplierField" fullname="Test.Test.TestBuyAndRentSupplierField" methodname="TestBuyAndRentSupplierField" classname="Test.Test" runstate="Runnable" seed="206218559" result="Passed" start-time="2018-04-24 08:08:48Z" end-time="2018-04-24 08:08:48Z" duration="0.002789" asserts="3" />
        <test-case id="1008" name="TestBuyCurrentField" fullname="Test.Test.TestBuyCurrentField" methodname="TestBuyCurrentField" classname="Test.Test" runstate="Runnable" seed="499594574" result="Passed" start-time="2018-04-24 08:08:48Z" end-time="2018-04-24 08:08:48Z" duration="0.001460" asserts="3" />
        <test-case id="1016" name="TestBuyInAuction" fullname="Test.Test.TestBuyInAuction" methodname="TestBuyInAuction" classname="Test.Test" runstate="Runnable" seed="2113688919" result="Passed" start-time="2018-04-24 08:08:48Z" end-time="2018-04-24 08:08:48Z" duration="0.000600" asserts="2" />
        <test-case id="1027" name="TestBuySupplierFieldInAuction" fullname="Test.Test.TestBuySupplierFieldInAuction" methodname="TestBuySupplierFieldInAuction" classname="Test.Test" runstate="Runnable" seed="617314424" result="Passed" start-time="2018-04-24 08:08:48Z" end-time="2018-04-24 08:08:48Z" duration="0.000841" asserts="2" />
        <test-case id="1049" name="TestChangeField" fullname="Test.Test.TestChangeField" methodname="TestChangeField" classname="Test.Test" runstate="Runnable" seed="405616956" result="Passed" start-time="2018-04-24 08:08:48Z" end-time="2018-04-24 08:08:48Z" duration="0.005971" asserts="0" />
        <test-case id="1048" name="TestCommunityChestField" fullname="Test.Test.TestCommunityChestField" methodname="TestCommunityChestField" classname="Test.Test" runstate="Runnable" seed="1975065305" result="Passed" start-time="2018-04-24 08:08:48Z" end-time="2018-04-24 08:08:48Z" duration="0.000871" asserts="0" />
        <test-case id="1002" name="TestCrossedStartField" fullname="Test.Test.TestCrossedStartField" methodname="TestCrossedStartField" classname="Test.Test" runstate="Runnable" seed="1726002250" result="Passed" start-time="2018-04-24 08:08:48Z" end-time="2018-04-24 08:08:48Z" duration="0.000666" asserts="1" />
        <test-case id="1014" name="TestExChangeFieldMoney" fullname="Test.Test.TestExChangeFieldMoney" methodname="TestExChangeFieldMoney" classname="Test.Test" runstate="Runnable" seed="1843746476" result="Passed" start-time="2018-04-24 08:08:48Z" end-time="2018-04-24 08:08:48Z" duration="0.001282" asserts="5" />
        <test-case id="1015" name="TestExChangeFieldwithField" fullname="Test.Test.TestExChangeFieldwithField" methodname="TestExChangeFieldwithField" classname="Test.Test" runstate="Runnable" seed="1536399953" result="Passed" start-time="2018-04-24 08:08:48Z" end-time="2018-04-24 08:08:48Z" duration="0.001023" asserts="2" />
        <test-case id="1029" name="TestexChangeSupplierFieldMoney" fullname="Test.Test.TestexChangeSupplierFieldMoney" methodname="TestexChangeSupplierFieldMoney" classname="Test.Test" runstate="Runnable" seed="1458620590" result="Passed" start-time="2018-04-24 08:08:48Z" end-time="2018-04-24 08:08:48Z" duration="0.001130" asserts="5" />
        <test-case id="1028" name="TestExChangeSupplierFieldwithField" fullname="Test.Test.TestExChangeSupplierFieldwithField" methodname="TestExChangeSupplierFieldwithField" classname="Test.Test" runstate="Runnable" seed="941582271" result="Passed" start-time="2018-04-24 08:08:48Z" end-time="2018-04-24 08:08:48Z" duration="0.001041" asserts="2" />
        <test-case id="1021" name="TestExChangeTrainStationFieldMoney" fullname="Test.Test.TestExChangeTrainStationFieldMoney" methodname="TestExChangeTrainStationFieldMoney" classname="Test.Test" runstate="Runnable" seed="617645497" result="Passed" start-time="2018-04-24 08:08:49Z" end-time="2018-04-24 08:08:49Z" duration="0.002224" asserts="5" />
        <test-case id="1022" name="TestExChangeTrainStationFieldwithField" fullname="Test.Test.TestExChangeTrainStationFieldwithField" methodname="TestExChangeTrainStationFieldwithField" classname="Test.Test" runstate="Runnable" seed="1522856481" result="Passed" start-time="2018-04-24 08:08:49Z" end-time="2018-04-24 08:08:49Z" duration="0.000913" asserts="2" />
        <test-case id="1004" name="TestGameOver" fullname="Test.Test.TestGameOver" methodname="TestGameOver" classname="Test.Test" runstate="Runnable" seed="1126583430" result="Passed" start-time="2018-04-24 08:08:49Z" end-time="2018-04-24 08:08:49Z" duration="0.003164" asserts="2" />
        <test-case id="1036" name="TestGetMoneyFromPlayersCard" fullname="Test.Test.TestGetMoneyFromPlayersCard" methodname="TestGetMoneyFromPlayersCard" classname="Test.Test" runstate="Runnable" seed="1763540683" result="Passed" start-time="2018-04-24 08:08:49Z" end-time="2018-04-24 08:08:49Z" duration="0.000822" asserts="3" />
        <test-case id="1039" name="TestGoToJailCard" fullname="Test.Test.TestGoToJailCard" methodname="TestGoToJailCard" classname="Test.Test" runstate="Runnable" seed="1908972400" result="Passed" start-time="2018-04-24 08:08:49Z" end-time="2018-04-24 08:08:49Z" duration="0.000556" asserts="2" />
        <test-case id="1030" name="TestGoToJailField" fullname="Test.Test.TestGoToJailField" methodname="TestGoToJailField" classname="Test.Test" runstate="Runnable" seed="518104503" result="Passed" start-time="2018-04-24 08:08:49Z" end-time="2018-04-24 08:08:49Z" duration="0.000619" asserts="3" />
        <test-case id="1035" name="TestMoneyCard" fullname="Test.Test.TestMoneyCard" methodname="TestMoneyCard" classname="Test.Test" runstate="Runnable" seed="1822027482" result="Passed" start-time="2018-04-24 08:08:49Z" end-time="2018-04-24 08:08:49Z" duration="0.000655" asserts="2" />
        <test-case id="1044" name="TestMoveCardBackWards" fullname="Test.Test.TestMoveCardBackWards" methodname="TestMoveCardBackWards" classname="Test.Test" runstate="Runnable" seed="1895078961" result="Passed" start-time="2018-04-24 08:08:49Z" end-time="2018-04-24 08:08:49Z" duration="0.001148" asserts="1" />
        <test-case id="1045" name="TestMoveCardBackWardsAndCrossStart" fullname="Test.Test.TestMoveCardBackWardsAndCrossStart" methodname="TestMoveCardBackWardsAndCrossStart" classname="Test.Test" runstate="Runnable" seed="1834033972" result="Passed" start-time="2018-04-24 08:08:49Z" end-time="2018-04-24 08:08:49Z" duration="0.000525" asserts="1" />
        <test-case id="1042" name="TestMoveCardForwards" fullname="Test.Test.TestMoveCardForwards" methodname="TestMoveCardForwards" classname="Test.Test" runstate="Runnable" seed="1078686334" result="Passed" start-time="2018-04-24 08:08:49Z" end-time="2018-04-24 08:08:49Z" duration="0.000504" asserts="1" />
        <test-case id="1043" name="TestMoveCardForwardsAndCrossStart" fullname="Test.Test.TestMoveCardForwardsAndCrossStart" methodname="TestMoveCardForwardsAndCrossStart" classname="Test.Test" runstate="Runnable" seed="643434804" result="Passed" start-time="2018-04-24 08:08:49Z" end-time="2018-04-24 08:08:49Z" duration="0.000571" asserts="2" />
        <test-case id="1041" name="TestMoveToCard" fullname="Test.Test.TestMoveToCard" methodname="TestMoveToCard" classname="Test.Test" runstate="Runnable" seed="1909708516" result="Passed" start-time="2018-04-24 08:08:49Z" end-time="2018-04-24 08:08:49Z" duration="0.000766" asserts="1" />
        <test-case id="1040" name="TestMoveToCardAndCrossStart" fullname="Test.Test.TestMoveToCardAndCrossStart" methodname="TestMoveToCardAndCrossStart" classname="Test.Test" runstate="Runnable" seed="1924706230" result="Passed" start-time="2018-04-24 08:08:49Z" end-time="2018-04-24 08:08:49Z" duration="0.000615" asserts="2" />
        <test-case id="1001" name="TestNextTurn" fullname="Test.Test.TestNextTurn" methodname="TestNextTurn" classname="Test.Test" runstate="Runnable" seed="558902498" result="Passed" start-time="2018-04-24 08:08:49Z" end-time="2018-04-24 08:08:49Z" duration="0.000908" asserts="3" />
        <test-case id="1013" name="TestPayOffMortage" fullname="Test.Test.TestPayOffMortage" methodname="TestPayOffMortage" classname="Test.Test" runstate="Runnable" seed="956448314" result="Passed" start-time="2018-04-24 08:08:49Z" end-time="2018-04-24 08:08:49Z" duration="0.001879" asserts="5" />
        <test-case id="1026" name="TestPayOffMortageSupplierField" fullname="Test.Test.TestPayOffMortageSupplierField" methodname="TestPayOffMortageSupplierField" classname="Test.Test" runstate="Runnable" seed="172267803" result="Passed" start-time="2018-04-24 08:08:49Z" end-time="2018-04-24 08:08:49Z" duration="0.001819" asserts="5" />
        <test-case id="1020" name="TestPayOffMortageTrainStation" fullname="Test.Test.TestPayOffMortageTrainStation" methodname="TestPayOffMortageTrainStation" classname="Test.Test" runstate="Runnable" seed="1394923167" result="Passed" start-time="2018-04-24 08:08:49Z" end-time="2018-04-24 08:08:49Z" duration="0.003167" asserts="5" />
        <test-case id="1038" name="TestPayPlayersCard" fullname="Test.Test.TestPayPlayersCard" methodname="TestPayPlayersCard" classname="Test.Test" runstate="Runnable" seed="590380505" result="Passed" start-time="2018-04-24 08:08:49Z" end-time="2018-04-24 08:08:49Z" duration="0.000922" asserts="3" />
        <test-case id="1011" name="TestPayRent" fullname="Test.Test.TestPayRent" methodname="TestPayRent" classname="Test.Test" runstate="Runnable" seed="1047578978" result="Passed" start-time="2018-04-24 08:08:49Z" end-time="2018-04-24 08:08:49Z" duration="0.000676" asserts="2" />
        <test-case id="1031" name="TestPlayerThrowsDouble" fullname="Test.Test.TestPlayerThrowsDouble" methodname="TestPlayerThrowsDouble" classname="Test.Test" runstate="Runnable" seed="522346953" result="Passed" start-time="2018-04-24 08:08:49Z" end-time="2018-04-24 08:08:49Z" duration="0.000651" asserts="3" />
        <test-case id="1032" name="TestPlayerTried3Times" fullname="Test.Test.TestPlayerTried3Times" methodname="TestPlayerTried3Times" classname="Test.Test" runstate="Runnable" seed="1665909778" result="Passed" start-time="2018-04-24 08:08:49Z" end-time="2018-04-24 08:08:49Z" duration="0.000810" asserts="4" />
        <test-case id="1007" name="TestRemovePlayer" fullname="Test.Test.TestRemovePlayer" methodname="TestRemovePlayer" classname="Test.Test" runstate="Runnable" seed="1855919157" result="Passed" start-time="2018-04-24 08:08:49Z" end-time="2018-04-24 08:08:49Z" duration="0.001410" asserts="4" />
        <test-case id="1010" name="TestSellHouse" fullname="Test.Test.TestSellHouse" methodname="TestSellHouse" classname="Test.Test" runstate="Runnable" seed="404857937" result="Passed" start-time="2018-04-24 08:08:49Z" end-time="2018-04-24 08:08:49Z" duration="0.001571" asserts="4" />
        <test-case id="1006" name="TestSetPlayerPosition" fullname="Test.Test.TestSetPlayerPosition" methodname="TestSetPlayerPosition" classname="Test.Test" runstate="Runnable" seed="463533910" result="Passed" start-time="2018-04-24 08:08:49Z" end-time="2018-04-24 08:08:49Z" duration="0.000454" asserts="1" />
        <test-case id="1037" name="TestStreetRepairCard" fullname="Test.Test.TestStreetRepairCard" methodname="TestStreetRepairCard" classname="Test.Test" runstate="Runnable" seed="1565127234" result="Passed" start-time="2018-04-24 08:08:49Z" end-time="2018-04-24 08:08:49Z" duration="0.000673" asserts="1" />
        <test-case id="1012" name="TestTakeMortage" fullname="Test.Test.TestTakeMortage" methodname="TestTakeMortage" classname="Test.Test" runstate="Runnable" seed="907973339" result="Passed" start-time="2018-04-24 08:08:49Z" end-time="2018-04-24 08:08:49Z" duration="0.002048" asserts="7" />
        <test-case id="1025" name="TestTakeMortageSupplierField" fullname="Test.Test.TestTakeMortageSupplierField" methodname="TestTakeMortageSupplierField" classname="Test.Test" runstate="Runnable" seed="1468464047" result="Passed" start-time="2018-04-24 08:08:49Z" end-time="2018-04-24 08:08:49Z" duration="0.001552" asserts="6" />
        <test-case id="1019" name="TestTakeMortageTrainStation" fullname="Test.Test.TestTakeMortageTrainStation" methodname="TestTakeMortageTrainStation" classname="Test.Test" runstate="Runnable" seed="1663904674" result="Passed" start-time="2018-04-24 08:08:49Z" end-time="2018-04-24 08:08:49Z" duration="0.001808" asserts="6" />
        <test-case id="1018" name="TestTrainStationField" fullname="Test.Test.TestTrainStationField" methodname="TestTrainStationField" classname="Test.Test" runstate="Runnable" seed="1521773633" result="Passed" start-time="2018-04-24 08:08:49Z" end-time="2018-04-24 08:08:49Z" duration="0.001484" asserts="3" />
        <test-case id="1023" name="TestTrainStationFieldBuyInAuction" fullname="Test.Test.TestTrainStationFieldBuyInAuction" methodname="TestTrainStationFieldBuyInAuction" classname="Test.Test" runstate="Runnable" seed="893266157" result="Passed" start-time="2018-04-24 08:08:49Z" end-time="2018-04-24 08:08:49Z" duration="0.000799" asserts="2" />
        <test-case id="1009" name="TestUpdateLevel" fullname="Test.Test.TestUpdateLevel" methodname="TestUpdateLevel" classname="Test.Test" runstate="Runnable" seed="532057848" result="Passed" start-time="2018-04-24 08:08:49Z" end-time="2018-04-24 08:08:49Z" duration="0.001767" asserts="6" />
      </test-suite>
    </test-suite>
  </test-suite>
</test-run>