<?xml version="1.0" encoding="utf-8"?>
<test-run id="2" name="Test.exe" fullname="C:/Users/jsiedersberger/Documents/GitHub/Monopoly2.0/Monopoly/Test/bin/Debug/Test.exe" testcasecount="38" result="Passed" start-time="2018-04-12 14:50:30Z" end-time="2018-04-12 14:50:30Z" duration="0.295822" total="38" passed="38" failed="0" inconclusive="0" skipped="0" asserts="117" random-seed="263167573">
  <command-line><![CDATA["C:\Users\jsiedersberger\Documents\GitHub\Monopoly2.0\Monopoly\Test\bin\Debug\Test.exe"   ]]></command-line>
  <filter />
  <test-suite type="Assembly" id="1039" name="Test.exe" fullname="C:/Users/jsiedersberger/Documents/GitHub/Monopoly2.0/Monopoly/Test/bin/Debug/Test.exe" runstate="Runnable" testcasecount="38" result="Passed" start-time="2018-04-12 14:50:30Z" end-time="2018-04-12 14:50:30Z" duration="0.295822" total="38" passed="38" failed="0" warnings="0" inconclusive="0" skipped="0" asserts="117">
    <environment framework-version="3.7.1.0" clr-version="4.0.30319.42000" os-version="Microsoft Windows NT 6.2.9200.0" platform="Win32NT" cwd="C:\Users\jsiedersberger\Documents\GitHub\Monopoly2.0\Monopoly\Test\bin\Debug" machine-name="W-SIEDERSB-10" user="jsiedersberger" user-domain="DE" culture="de-DE" uiculture="de-DE" os-architecture="x86" />
    <settings>
      <setting name="WorkDirectory" value="C:\Users\jsiedersberger\Documents\GitHub\Monopoly2.0\Monopoly\Test\bin\Debug" />
      <setting name="NumberOfTestWorkers" value="2" />
    </settings>
    <properties>
      <property name="_PID" value="4908" />
      <property name="_APPDOMAIN" value="Test.exe" />
    </properties>
    <test-suite type="TestSuite" id="1040" name="Test" fullname="Test" runstate="Runnable" testcasecount="38" result="Passed" start-time="2018-04-12 14:50:30Z" end-time="2018-04-12 14:50:30Z" duration="0.281259" total="38" passed="38" failed="0" warnings="0" inconclusive="0" skipped="0" asserts="117">
      <test-suite type="TestFixture" id="1000" name="Test" fullname="Test.Test" classname="Test.Test" runstate="Runnable" testcasecount="38" result="Passed" start-time="2018-04-12 14:50:30Z" end-time="2018-04-12 14:50:30Z" duration="0.276385" total="38" passed="38" failed="0" warnings="0" inconclusive="0" skipped="0" asserts="117">
        <test-case id="1005" name="PlayerDoesNotHaveEnoughMoney" fullname="Test.Test.PlayerDoesNotHaveEnoughMoney" methodname="PlayerDoesNotHaveEnoughMoney" classname="Test.Test" runstate="Runnable" seed="956252672" result="Passed" start-time="2018-04-12 14:50:30Z" end-time="2018-04-12 14:50:30Z" duration="0.041160" asserts="1" />
        <test-case id="1003" name="PlayerIsBankrupt" fullname="Test.Test.PlayerIsBankrupt" methodname="PlayerIsBankrupt" classname="Test.Test" runstate="Runnable" seed="241874757" result="Passed" start-time="2018-04-12 14:50:30Z" end-time="2018-04-12 14:50:30Z" duration="0.002919" asserts="1" />
        <test-case id="1033" name="PlayerPayFineImmediately" fullname="Test.Test.PlayerPayFineImmediately" methodname="PlayerPayFineImmediately" classname="Test.Test" runstate="Runnable" seed="1436452035" result="Passed" start-time="2018-04-12 14:50:30Z" end-time="2018-04-12 14:50:30Z" duration="0.009905" asserts="2" />
        <test-case id="1017" name="TestAuctionField" fullname="Test.Test.TestAuctionField" methodname="TestAuctionField" classname="Test.Test" runstate="Runnable" seed="1385245324" result="Passed" start-time="2018-04-12 14:50:30Z" end-time="2018-04-12 14:50:30Z" duration="0.002359" asserts="2" />
        <test-case id="1024" name="TestBuyAndRentSupplierField" fullname="Test.Test.TestBuyAndRentSupplierField" methodname="TestBuyAndRentSupplierField" classname="Test.Test" runstate="Runnable" seed="1548093494" result="Passed" start-time="2018-04-12 14:50:30Z" end-time="2018-04-12 14:50:30Z" duration="0.002771" asserts="1" />
        <test-case id="1008" name="TestBuyCurrentField" fullname="Test.Test.TestBuyCurrentField" methodname="TestBuyCurrentField" classname="Test.Test" runstate="Runnable" seed="591889591" result="Passed" start-time="2018-04-12 14:50:30Z" end-time="2018-04-12 14:50:30Z" duration="0.001599" asserts="3" />
        <test-case id="1016" name="TestBuyInAuction" fullname="Test.Test.TestBuyInAuction" methodname="TestBuyInAuction" classname="Test.Test" runstate="Runnable" seed="108646894" result="Passed" start-time="2018-04-12 14:50:30Z" end-time="2018-04-12 14:50:30Z" duration="0.000965" asserts="2" />
        <test-case id="1027" name="TestBuySupplierFieldInAuction" fullname="Test.Test.TestBuySupplierFieldInAuction" methodname="TestBuySupplierFieldInAuction" classname="Test.Test" runstate="Runnable" seed="1219417407" result="Passed" start-time="2018-04-12 14:50:30Z" end-time="2018-04-12 14:50:30Z" duration="0.000897" asserts="2" />
        <test-case id="1002" name="TestCrossedStartField" fullname="Test.Test.TestCrossedStartField" methodname="TestCrossedStartField" classname="Test.Test" runstate="Runnable" seed="460613515" result="Passed" start-time="2018-04-12 14:50:30Z" end-time="2018-04-12 14:50:30Z" duration="0.012809" asserts="1" />
        <test-case id="1014" name="TestExChangeFieldMoney" fullname="Test.Test.TestExChangeFieldMoney" methodname="TestExChangeFieldMoney" classname="Test.Test" runstate="Runnable" seed="790542057" result="Passed" start-time="2018-04-12 14:50:30Z" end-time="2018-04-12 14:50:30Z" duration="0.001376" asserts="5" />
        <test-case id="1015" name="TestExChangeFieldwithField" fullname="Test.Test.TestExChangeFieldwithField" methodname="TestExChangeFieldwithField" classname="Test.Test" runstate="Runnable" seed="1244596724" result="Passed" start-time="2018-04-12 14:50:30Z" end-time="2018-04-12 14:50:30Z" duration="0.000827" asserts="2" />
        <test-case id="1029" name="TestexChangeSupplierFieldMoney" fullname="Test.Test.TestexChangeSupplierFieldMoney" methodname="TestexChangeSupplierFieldMoney" classname="Test.Test" runstate="Runnable" seed="156891418" result="Passed" start-time="2018-04-12 14:50:30Z" end-time="2018-04-12 14:50:30Z" duration="0.000909" asserts="5" />
        <test-case id="1028" name="TestExChangeSupplierFieldwithField" fullname="Test.Test.TestExChangeSupplierFieldwithField" methodname="TestExChangeSupplierFieldwithField" classname="Test.Test" runstate="Runnable" seed="30676488" result="Passed" start-time="2018-04-12 14:50:30Z" end-time="2018-04-12 14:50:30Z" duration="0.000743" asserts="2" />
        <test-case id="1021" name="TestExChangeTrainStationFieldMoney" fullname="Test.Test.TestExChangeTrainStationFieldMoney" methodname="TestExChangeTrainStationFieldMoney" classname="Test.Test" runstate="Runnable" seed="1854998008" result="Passed" start-time="2018-04-12 14:50:30Z" end-time="2018-04-12 14:50:30Z" duration="0.002068" asserts="5" />
        <test-case id="1022" name="TestExChangeTrainStationFieldwithField" fullname="Test.Test.TestExChangeTrainStationFieldwithField" methodname="TestExChangeTrainStationFieldwithField" classname="Test.Test" runstate="Runnable" seed="17330490" result="Passed" start-time="2018-04-12 14:50:30Z" end-time="2018-04-12 14:50:30Z" duration="0.000748" asserts="2" />
        <test-case id="1004" name="TestGameOver" fullname="Test.Test.TestGameOver" methodname="TestGameOver" classname="Test.Test" runstate="Runnable" seed="504099976" result="Passed" start-time="2018-04-12 14:50:30Z" end-time="2018-04-12 14:50:30Z" duration="0.002709" asserts="2" />
        <test-case id="1035" name="TestGetMoneyFromPlayersCard" fullname="Test.Test.TestGetMoneyFromPlayersCard" methodname="TestGetMoneyFromPlayersCard" classname="Test.Test" runstate="Runnable" seed="949338146" result="Passed" start-time="2018-04-12 14:50:30Z" end-time="2018-04-12 14:50:30Z" duration="0.000806" asserts="3" />
        <test-case id="1038" name="TestGoToJailCard" fullname="Test.Test.TestGoToJailCard" methodname="TestGoToJailCard" classname="Test.Test" runstate="Runnable" seed="761992918" result="Passed" start-time="2018-04-12 14:50:30Z" end-time="2018-04-12 14:50:30Z" duration="0.000592" asserts="2" />
        <test-case id="1030" name="TestGoToJailField" fullname="Test.Test.TestGoToJailField" methodname="TestGoToJailField" classname="Test.Test" runstate="Runnable" seed="774774761" result="Passed" start-time="2018-04-12 14:50:30Z" end-time="2018-04-12 14:50:30Z" duration="0.000429" asserts="3" />
        <test-case id="1034" name="TestMoneyCard" fullname="Test.Test.TestMoneyCard" methodname="TestMoneyCard" classname="Test.Test" runstate="Runnable" seed="334999498" result="Passed" start-time="2018-04-12 14:50:30Z" end-time="2018-04-12 14:50:30Z" duration="0.000546" asserts="1" />
        <test-case id="1001" name="TestNextTurn" fullname="Test.Test.TestNextTurn" methodname="TestNextTurn" classname="Test.Test" runstate="Runnable" seed="1916320516" result="Passed" start-time="2018-04-12 14:50:30Z" end-time="2018-04-12 14:50:30Z" duration="0.000638" asserts="3" />
        <test-case id="1013" name="TestPayOffMortage" fullname="Test.Test.TestPayOffMortage" methodname="TestPayOffMortage" classname="Test.Test" runstate="Runnable" seed="83954341" result="Passed" start-time="2018-04-12 14:50:30Z" end-time="2018-04-12 14:50:30Z" duration="0.001689" asserts="5" />
        <test-case id="1026" name="TestPayOffMortageSupplierField" fullname="Test.Test.TestPayOffMortageSupplierField" methodname="TestPayOffMortageSupplierField" classname="Test.Test" runstate="Runnable" seed="379944822" result="Passed" start-time="2018-04-12 14:50:30Z" end-time="2018-04-12 14:50:30Z" duration="0.001558" asserts="5" />
        <test-case id="1020" name="TestPayOffMortageTrainStation" fullname="Test.Test.TestPayOffMortageTrainStation" methodname="TestPayOffMortageTrainStation" classname="Test.Test" runstate="Runnable" seed="1946013860" result="Passed" start-time="2018-04-12 14:50:30Z" end-time="2018-04-12 14:50:30Z" duration="0.001656" asserts="5" />
        <test-case id="1037" name="TestPayPlayersCard" fullname="Test.Test.TestPayPlayersCard" methodname="TestPayPlayersCard" classname="Test.Test" runstate="Runnable" seed="1175422727" result="Passed" start-time="2018-04-12 14:50:30Z" end-time="2018-04-12 14:50:30Z" duration="0.000837" asserts="3" />
        <test-case id="1011" name="TestPayRent" fullname="Test.Test.TestPayRent" methodname="TestPayRent" classname="Test.Test" runstate="Runnable" seed="1976376965" result="Passed" start-time="2018-04-12 14:50:30Z" end-time="2018-04-12 14:50:30Z" duration="0.000598" asserts="2" />
        <test-case id="1031" name="TestPlayerThrowsDouble" fullname="Test.Test.TestPlayerThrowsDouble" methodname="TestPlayerThrowsDouble" classname="Test.Test" runstate="Runnable" seed="832814441" result="Passed" start-time="2018-04-12 14:50:30Z" end-time="2018-04-12 14:50:30Z" duration="0.001122" asserts="3" />
        <test-case id="1032" name="TestPlayerTried3Times" fullname="Test.Test.TestPlayerTried3Times" methodname="TestPlayerTried3Times" classname="Test.Test" runstate="Runnable" seed="2048260553" result="Passed" start-time="2018-04-12 14:50:30Z" end-time="2018-04-12 14:50:30Z" duration="0.000660" asserts="4" />
        <test-case id="1007" name="TestRemovePlayer" fullname="Test.Test.TestRemovePlayer" methodname="TestRemovePlayer" classname="Test.Test" runstate="Runnable" seed="913999527" result="Passed" start-time="2018-04-12 14:50:30Z" end-time="2018-04-12 14:50:30Z" duration="0.001175" asserts="4" />
        <test-case id="1010" name="TestSellHouse" fullname="Test.Test.TestSellHouse" methodname="TestSellHouse" classname="Test.Test" runstate="Runnable" seed="1592032242" result="Passed" start-time="2018-04-12 14:50:30Z" end-time="2018-04-12 14:50:30Z" duration="0.001319" asserts="4" />
        <test-case id="1006" name="TestSetPlayerPosition" fullname="Test.Test.TestSetPlayerPosition" methodname="TestSetPlayerPosition" classname="Test.Test" runstate="Runnable" seed="600693629" result="Passed" start-time="2018-04-12 14:50:30Z" end-time="2018-04-12 14:50:30Z" duration="0.000292" asserts="1" />
        <test-case id="1036" name="TestStreetRepairCard" fullname="Test.Test.TestStreetRepairCard" methodname="TestStreetRepairCard" classname="Test.Test" runstate="Runnable" seed="1280128092" result="Passed" start-time="2018-04-12 14:50:30Z" end-time="2018-04-12 14:50:30Z" duration="0.000949" asserts="1" />
        <test-case id="1012" name="TestTakeMortage" fullname="Test.Test.TestTakeMortage" methodname="TestTakeMortage" classname="Test.Test" runstate="Runnable" seed="795970657" result="Passed" start-time="2018-04-12 14:50:30Z" end-time="2018-04-12 14:50:30Z" duration="0.001660" asserts="7" />
        <test-case id="1025" name="TestTakeMortageSupplierField" fullname="Test.Test.TestTakeMortageSupplierField" methodname="TestTakeMortageSupplierField" classname="Test.Test" runstate="Runnable" seed="2003246197" result="Passed" start-time="2018-04-12 14:50:30Z" end-time="2018-04-12 14:50:30Z" duration="0.001650" asserts="6" />
        <test-case id="1019" name="TestTakeMortageTrainStation" fullname="Test.Test.TestTakeMortageTrainStation" methodname="TestTakeMortageTrainStation" classname="Test.Test" runstate="Runnable" seed="1750385869" result="Passed" start-time="2018-04-12 14:50:30Z" end-time="2018-04-12 14:50:30Z" duration="0.001369" asserts="6" />
        <test-case id="1018" name="TestTrainStationField" fullname="Test.Test.TestTrainStationField" methodname="TestTrainStationField" classname="Test.Test" runstate="Runnable" seed="1452735268" result="Passed" start-time="2018-04-12 14:50:30Z" end-time="2018-04-12 14:50:30Z" duration="0.002262" asserts="3" />
        <test-case id="1023" name="TestTrainStationFieldBuyInAuction" fullname="Test.Test.TestTrainStationFieldBuyInAuction" methodname="TestTrainStationFieldBuyInAuction" classname="Test.Test" runstate="Runnable" seed="487029442" result="Passed" start-time="2018-04-12 14:50:30Z" end-time="2018-04-12 14:50:30Z" duration="0.000610" asserts="2" />
        <test-case id="1009" name="TestUpdateLevel" fullname="Test.Test.TestUpdateLevel" methodname="TestUpdateLevel" classname="Test.Test" runstate="Runnable" seed="1952402259" result="Passed" start-time="2018-04-12 14:50:30Z" end-time="2018-04-12 14:50:30Z" duration="0.001553" asserts="6" />
      </test-suite>
    </test-suite>
  </test-suite>
</test-run>