<?xml version="1.0" encoding="utf-8"?>
<test-run id="2" name="Test.exe" fullname="C:/Users/jsiedersberger/Documents/GitHub/Monopoly2.0/Monopoly/Test/bin/Debug/Test.exe" testcasecount="9" result="Passed" start-time="2018-03-27 13:13:15Z" end-time="2018-03-27 13:13:15Z" duration="0.210951" total="9" passed="9" failed="0" inconclusive="0" skipped="0" asserts="25" random-seed="1055418526">
  <command-line><![CDATA["C:\Users\jsiedersberger\Documents\GitHub\Monopoly2.0\Monopoly\Test\bin\Debug\Test.exe"   ]]></command-line>
  <filter />
  <test-suite type="Assembly" id="1010" name="Test.exe" fullname="C:/Users/jsiedersberger/Documents/GitHub/Monopoly2.0/Monopoly/Test/bin/Debug/Test.exe" runstate="Runnable" testcasecount="9" result="Passed" start-time="2018-03-27 13:13:15Z" end-time="2018-03-27 13:13:15Z" duration="0.210951" total="9" passed="9" failed="0" warnings="0" inconclusive="0" skipped="0" asserts="25">
    <environment framework-version="3.7.1.0" clr-version="4.0.30319.42000" os-version="Microsoft Windows NT 6.2.9200.0" platform="Win32NT" cwd="C:\Users\jsiedersberger\Documents\GitHub\Monopoly2.0\Monopoly\Test\bin\Debug" machine-name="W-SIEDERSB-10" user="jsiedersberger" user-domain="DE" culture="de-DE" uiculture="de-DE" os-architecture="x86" />
    <settings>
      <setting name="WorkDirectory" value="C:\Users\jsiedersberger\Documents\GitHub\Monopoly2.0\Monopoly\Test\bin\Debug" />
      <setting name="NumberOfTestWorkers" value="2" />
    </settings>
    <properties>
      <property name="_PID" value="6804" />
      <property name="_APPDOMAIN" value="Test.exe" />
    </properties>
    <test-suite type="TestSuite" id="1011" name="Test" fullname="Test" runstate="Runnable" testcasecount="9" result="Passed" start-time="2018-03-27 13:13:15Z" end-time="2018-03-27 13:13:15Z" duration="0.195006" total="9" passed="9" failed="0" warnings="0" inconclusive="0" skipped="0" asserts="25">
      <test-suite type="TestFixture" id="1000" name="Test" fullname="Test.Test" classname="Test.Test" runstate="Runnable" testcasecount="9" result="Passed" start-time="2018-03-27 13:13:15Z" end-time="2018-03-27 13:13:15Z" duration="0.180375" total="9" passed="9" failed="0" warnings="0" inconclusive="0" skipped="0" asserts="25">
        <test-case id="1002" name="TestBuyCurrentField" fullname="Test.Test.TestBuyCurrentField" methodname="TestBuyCurrentField" classname="Test.Test" runstate="Runnable" seed="1207247195" result="Passed" start-time="2018-03-27 13:13:15Z" end-time="2018-03-27 13:13:15Z" duration="0.036438" asserts="3" />
        <test-case id="1006" name="TestCrossedStartField" fullname="Test.Test.TestCrossedStartField" methodname="TestCrossedStartField" classname="Test.Test" runstate="Runnable" seed="742862433" result="Passed" start-time="2018-03-27 13:13:15Z" end-time="2018-03-27 13:13:15Z" duration="0.011874" asserts="1" />
        <test-case id="1001" name="TestNextTurn" fullname="Test.Test.TestNextTurn" methodname="TestNextTurn" classname="Test.Test" runstate="Runnable" seed="1979327558" result="Passed" start-time="2018-03-27 13:13:15Z" end-time="2018-03-27 13:13:15Z" duration="0.001073" asserts="3" />
        <test-case id="1008" name="TestPayOffMortage" fullname="Test.Test.TestPayOffMortage" methodname="TestPayOffMortage" classname="Test.Test" runstate="Runnable" seed="1926140129" result="Passed" start-time="2018-03-27 13:13:15Z" end-time="2018-03-27 13:13:15Z" duration="0.001299" asserts="3" />
        <test-case id="1004" name="TestPayRent" fullname="Test.Test.TestPayRent" methodname="TestPayRent" classname="Test.Test" runstate="Runnable" seed="1709610881" result="Passed" start-time="2018-03-27 13:13:15Z" end-time="2018-03-27 13:13:15Z" duration="0.001254" asserts="1" />
        <test-case id="1009" name="TestSellHouse" fullname="Test.Test.TestSellHouse" methodname="TestSellHouse" classname="Test.Test" runstate="Runnable" seed="1171813255" result="Passed" start-time="2018-03-27 13:13:15Z" end-time="2018-03-27 13:13:15Z" duration="0.001018" asserts="2" />
        <test-case id="1005" name="TestSetPlayerPosition" fullname="Test.Test.TestSetPlayerPosition" methodname="TestSetPlayerPosition" classname="Test.Test" runstate="Runnable" seed="796982722" result="Passed" start-time="2018-03-27 13:13:15Z" end-time="2018-03-27 13:13:15Z" duration="0.000531" asserts="1" />
        <test-case id="1007" name="TestTakeMortage" fullname="Test.Test.TestTakeMortage" methodname="TestTakeMortage" classname="Test.Test" runstate="Runnable" seed="69386782" result="Passed" start-time="2018-03-27 13:13:15Z" end-time="2018-03-27 13:13:15Z" duration="0.001886" asserts="5" />
        <test-case id="1003" name="TestUpdateLevel" fullname="Test.Test.TestUpdateLevel" methodname="TestUpdateLevel" classname="Test.Test" runstate="Runnable" seed="2104134091" result="Passed" start-time="2018-03-27 13:13:15Z" end-time="2018-03-27 13:13:15Z" duration="0.002073" asserts="6" />
      </test-suite>
    </test-suite>
  </test-suite>
</test-run>