<?xml version="1.0" encoding="utf-8"?>
<test-run id="2" name="Test.exe" fullname="C:/Users/jsiedersberger/Documents/GitHub/Monopoly2.0/Monopoly/Test/bin/Debug/Test.exe" testcasecount="36" result="Passed" start-time="2018-04-12 13:48:55Z" end-time="2018-04-12 13:48:55Z" duration="0.233924" total="36" passed="36" failed="0" inconclusive="0" skipped="0" asserts="112" random-seed="1069785048">
  <command-line><![CDATA["C:\Users\jsiedersberger\Documents\GitHub\Monopoly2.0\Monopoly\Test\bin\Debug\Test.exe"   ]]></command-line>
  <filter />
  <test-suite type="Assembly" id="1037" name="Test.exe" fullname="C:/Users/jsiedersberger/Documents/GitHub/Monopoly2.0/Monopoly/Test/bin/Debug/Test.exe" runstate="Runnable" testcasecount="36" result="Passed" start-time="2018-04-12 13:48:55Z" end-time="2018-04-12 13:48:55Z" duration="0.233924" total="36" passed="36" failed="0" warnings="0" inconclusive="0" skipped="0" asserts="112">
    <environment framework-version="3.7.1.0" clr-version="4.0.30319.42000" os-version="Microsoft Windows NT 6.2.9200.0" platform="Win32NT" cwd="C:\Users\jsiedersberger\Documents\GitHub\Monopoly2.0\Monopoly\Test\bin\Debug" machine-name="W-SIEDERSB-10" user="jsiedersberger" user-domain="DE" culture="de-DE" uiculture="de-DE" os-architecture="x86" />
    <settings>
      <setting name="WorkDirectory" value="C:\Users\jsiedersberger\Documents\GitHub\Monopoly2.0\Monopoly\Test\bin\Debug" />
      <setting name="NumberOfTestWorkers" value="2" />
    </settings>
    <properties>
      <property name="_PID" value="3216" />
      <property name="_APPDOMAIN" value="Test.exe" />
    </properties>
    <test-suite type="TestSuite" id="1038" name="Test" fullname="Test" runstate="Runnable" testcasecount="36" result="Passed" start-time="2018-04-12 13:48:55Z" end-time="2018-04-12 13:48:55Z" duration="0.220834" total="36" passed="36" failed="0" warnings="0" inconclusive="0" skipped="0" asserts="112">
      <test-suite type="TestFixture" id="1000" name="Test" fullname="Test.Test" classname="Test.Test" runstate="Runnable" testcasecount="36" result="Passed" start-time="2018-04-12 13:48:55Z" end-time="2018-04-12 13:48:55Z" duration="0.216407" total="36" passed="36" failed="0" warnings="0" inconclusive="0" skipped="0" asserts="112">
        <test-case id="1005" name="PlayerDoesNotHaveEnoughMoney" fullname="Test.Test.PlayerDoesNotHaveEnoughMoney" methodname="PlayerDoesNotHaveEnoughMoney" classname="Test.Test" runstate="Runnable" seed="1923409628" result="Passed" start-time="2018-04-12 13:48:55Z" end-time="2018-04-12 13:48:55Z" duration="0.029477" asserts="1" />
        <test-case id="1003" name="PlayerIsBankrupt" fullname="Test.Test.PlayerIsBankrupt" methodname="PlayerIsBankrupt" classname="Test.Test" runstate="Runnable" seed="748516318" result="Passed" start-time="2018-04-12 13:48:55Z" end-time="2018-04-12 13:48:55Z" duration="0.001998" asserts="1" />
        <test-case id="1033" name="PlayerPayFineImmediately" fullname="Test.Test.PlayerPayFineImmediately" methodname="PlayerPayFineImmediately" classname="Test.Test" runstate="Runnable" seed="2044227129" result="Passed" start-time="2018-04-12 13:48:55Z" end-time="2018-04-12 13:48:55Z" duration="0.009458" asserts="2" />
        <test-case id="1017" name="TestAuctionField" fullname="Test.Test.TestAuctionField" methodname="TestAuctionField" classname="Test.Test" runstate="Runnable" seed="2061024781" result="Passed" start-time="2018-04-12 13:48:55Z" end-time="2018-04-12 13:48:55Z" duration="0.002642" asserts="2" />
        <test-case id="1024" name="TestBuyAndRentSupplierField" fullname="Test.Test.TestBuyAndRentSupplierField" methodname="TestBuyAndRentSupplierField" classname="Test.Test" runstate="Runnable" seed="1100755652" result="Passed" start-time="2018-04-12 13:48:55Z" end-time="2018-04-12 13:48:55Z" duration="0.002591" asserts="1" />
        <test-case id="1008" name="TestBuyCurrentField" fullname="Test.Test.TestBuyCurrentField" methodname="TestBuyCurrentField" classname="Test.Test" runstate="Runnable" seed="1747381959" result="Passed" start-time="2018-04-12 13:48:55Z" end-time="2018-04-12 13:48:55Z" duration="0.001465" asserts="3" />
        <test-case id="1016" name="TestBuyInAuction" fullname="Test.Test.TestBuyInAuction" methodname="TestBuyInAuction" classname="Test.Test" runstate="Runnable" seed="586191740" result="Passed" start-time="2018-04-12 13:48:55Z" end-time="2018-04-12 13:48:55Z" duration="0.000443" asserts="2" />
        <test-case id="1027" name="TestBuySupplierFieldInAuction" fullname="Test.Test.TestBuySupplierFieldInAuction" methodname="TestBuySupplierFieldInAuction" classname="Test.Test" runstate="Runnable" seed="310778451" result="Passed" start-time="2018-04-12 13:48:55Z" end-time="2018-04-12 13:48:55Z" duration="0.000708" asserts="2" />
        <test-case id="1002" name="TestCrossedStartField" fullname="Test.Test.TestCrossedStartField" methodname="TestCrossedStartField" classname="Test.Test" runstate="Runnable" seed="274478741" result="Passed" start-time="2018-04-12 13:48:55Z" end-time="2018-04-12 13:48:55Z" duration="0.007856" asserts="1" />
        <test-case id="1014" name="TestExChangeFieldMoney" fullname="Test.Test.TestExChangeFieldMoney" methodname="TestExChangeFieldMoney" classname="Test.Test" runstate="Runnable" seed="1903259364" result="Passed" start-time="2018-04-12 13:48:55Z" end-time="2018-04-12 13:48:55Z" duration="0.001202" asserts="5" />
        <test-case id="1015" name="TestExChangeFieldwithField" fullname="Test.Test.TestExChangeFieldwithField" methodname="TestExChangeFieldwithField" classname="Test.Test" runstate="Runnable" seed="1987318577" result="Passed" start-time="2018-04-12 13:48:55Z" end-time="2018-04-12 13:48:55Z" duration="0.000833" asserts="2" />
        <test-case id="1029" name="TestexChangeSupplierFieldMoney" fullname="Test.Test.TestexChangeSupplierFieldMoney" methodname="TestexChangeSupplierFieldMoney" classname="Test.Test" runstate="Runnable" seed="1129616907" result="Passed" start-time="2018-04-12 13:48:55Z" end-time="2018-04-12 13:48:55Z" duration="0.000970" asserts="5" />
        <test-case id="1028" name="TestExChangeSupplierFieldwithField" fullname="Test.Test.TestExChangeSupplierFieldwithField" methodname="TestExChangeSupplierFieldwithField" classname="Test.Test" runstate="Runnable" seed="57972177" result="Passed" start-time="2018-04-12 13:48:55Z" end-time="2018-04-12 13:48:55Z" duration="0.000848" asserts="2" />
        <test-case id="1021" name="TestExChangeTrainStationFieldMoney" fullname="Test.Test.TestExChangeTrainStationFieldMoney" methodname="TestExChangeTrainStationFieldMoney" classname="Test.Test" runstate="Runnable" seed="665688856" result="Passed" start-time="2018-04-12 13:48:55Z" end-time="2018-04-12 13:48:55Z" duration="0.001979" asserts="5" />
        <test-case id="1022" name="TestExChangeTrainStationFieldwithField" fullname="Test.Test.TestExChangeTrainStationFieldwithField" methodname="TestExChangeTrainStationFieldwithField" classname="Test.Test" runstate="Runnable" seed="819700315" result="Passed" start-time="2018-04-12 13:48:55Z" end-time="2018-04-12 13:48:55Z" duration="0.000788" asserts="2" />
        <test-case id="1004" name="TestGameOver" fullname="Test.Test.TestGameOver" methodname="TestGameOver" classname="Test.Test" runstate="Runnable" seed="1829283240" result="Passed" start-time="2018-04-12 13:48:55Z" end-time="2018-04-12 13:48:55Z" duration="0.003243" asserts="2" />
        <test-case id="1035" name="TestGetMoneyFromPlayersCard" fullname="Test.Test.TestGetMoneyFromPlayersCard" methodname="TestGetMoneyFromPlayersCard" classname="Test.Test" runstate="Runnable" seed="781514268" result="Passed" start-time="2018-04-12 13:48:55Z" end-time="2018-04-12 13:48:55Z" duration="0.000896" asserts="3" />
        <test-case id="1030" name="TestGoToJailField" fullname="Test.Test.TestGoToJailField" methodname="TestGoToJailField" classname="Test.Test" runstate="Runnable" seed="487397315" result="Passed" start-time="2018-04-12 13:48:55Z" end-time="2018-04-12 13:48:55Z" duration="0.000522" asserts="3" />
        <test-case id="1034" name="TestMoneyCard" fullname="Test.Test.TestMoneyCard" methodname="TestMoneyCard" classname="Test.Test" runstate="Runnable" seed="1006509912" result="Passed" start-time="2018-04-12 13:48:55Z" end-time="2018-04-12 13:48:55Z" duration="0.000582" asserts="1" />
        <test-case id="1001" name="TestNextTurn" fullname="Test.Test.TestNextTurn" methodname="TestNextTurn" classname="Test.Test" runstate="Runnable" seed="1004261614" result="Passed" start-time="2018-04-12 13:48:55Z" end-time="2018-04-12 13:48:55Z" duration="0.000463" asserts="3" />
        <test-case id="1013" name="TestPayOffMortage" fullname="Test.Test.TestPayOffMortage" methodname="TestPayOffMortage" classname="Test.Test" runstate="Runnable" seed="2076025895" result="Passed" start-time="2018-04-12 13:48:55Z" end-time="2018-04-12 13:48:55Z" duration="0.001701" asserts="5" />
        <test-case id="1026" name="TestPayOffMortageSupplierField" fullname="Test.Test.TestPayOffMortageSupplierField" methodname="TestPayOffMortageSupplierField" classname="Test.Test" runstate="Runnable" seed="294990116" result="Passed" start-time="2018-04-12 13:48:55Z" end-time="2018-04-12 13:48:55Z" duration="0.001642" asserts="5" />
        <test-case id="1020" name="TestPayOffMortageTrainStation" fullname="Test.Test.TestPayOffMortageTrainStation" methodname="TestPayOffMortageTrainStation" classname="Test.Test" runstate="Runnable" seed="118576109" result="Passed" start-time="2018-04-12 13:48:55Z" end-time="2018-04-12 13:48:55Z" duration="0.001672" asserts="5" />
        <test-case id="1011" name="TestPayRent" fullname="Test.Test.TestPayRent" methodname="TestPayRent" classname="Test.Test" runstate="Runnable" seed="228335546" result="Passed" start-time="2018-04-12 13:48:55Z" end-time="2018-04-12 13:48:55Z" duration="0.000558" asserts="2" />
        <test-case id="1031" name="TestPlayerThrowsDouble" fullname="Test.Test.TestPlayerThrowsDouble" methodname="TestPlayerThrowsDouble" classname="Test.Test" runstate="Runnable" seed="1893323762" result="Passed" start-time="2018-04-12 13:48:55Z" end-time="2018-04-12 13:48:55Z" duration="0.000620" asserts="3" />
        <test-case id="1032" name="TestPlayerTried3Times" fullname="Test.Test.TestPlayerTried3Times" methodname="TestPlayerTried3Times" classname="Test.Test" runstate="Runnable" seed="1058567018" result="Passed" start-time="2018-04-12 13:48:55Z" end-time="2018-04-12 13:48:55Z" duration="0.000767" asserts="4" />
        <test-case id="1007" name="TestRemovePlayer" fullname="Test.Test.TestRemovePlayer" methodname="TestRemovePlayer" classname="Test.Test" runstate="Runnable" seed="1173729446" result="Passed" start-time="2018-04-12 13:48:55Z" end-time="2018-04-12 13:48:55Z" duration="0.001240" asserts="4" />
        <test-case id="1010" name="TestSellHouse" fullname="Test.Test.TestSellHouse" methodname="TestSellHouse" classname="Test.Test" runstate="Runnable" seed="1558202469" result="Passed" start-time="2018-04-12 13:48:55Z" end-time="2018-04-12 13:48:55Z" duration="0.001338" asserts="4" />
        <test-case id="1006" name="TestSetPlayerPosition" fullname="Test.Test.TestSetPlayerPosition" methodname="TestSetPlayerPosition" classname="Test.Test" runstate="Runnable" seed="538376209" result="Passed" start-time="2018-04-12 13:48:55Z" end-time="2018-04-12 13:48:55Z" duration="0.000337" asserts="1" />
        <test-case id="1036" name="TestStreetRepairCard" fullname="Test.Test.TestStreetRepairCard" methodname="TestStreetRepairCard" classname="Test.Test" runstate="Runnable" seed="2080802321" result="Passed" start-time="2018-04-12 13:48:55Z" end-time="2018-04-12 13:48:55Z" duration="0.000912" asserts="1" />
        <test-case id="1012" name="TestTakeMortage" fullname="Test.Test.TestTakeMortage" methodname="TestTakeMortage" classname="Test.Test" runstate="Runnable" seed="1162231634" result="Passed" start-time="2018-04-12 13:48:55Z" end-time="2018-04-12 13:48:55Z" duration="0.001667" asserts="7" />
        <test-case id="1025" name="TestTakeMortageSupplierField" fullname="Test.Test.TestTakeMortageSupplierField" methodname="TestTakeMortageSupplierField" classname="Test.Test" runstate="Runnable" seed="1032493084" result="Passed" start-time="2018-04-12 13:48:55Z" end-time="2018-04-12 13:48:55Z" duration="0.001323" asserts="6" />
        <test-case id="1019" name="TestTakeMortageTrainStation" fullname="Test.Test.TestTakeMortageTrainStation" methodname="TestTakeMortageTrainStation" classname="Test.Test" runstate="Runnable" seed="1392094180" result="Passed" start-time="2018-04-12 13:48:55Z" end-time="2018-04-12 13:48:55Z" duration="0.001384" asserts="6" />
        <test-case id="1018" name="TestTrainStationField" fullname="Test.Test.TestTrainStationField" methodname="TestTrainStationField" classname="Test.Test" runstate="Runnable" seed="1871171245" result="Passed" start-time="2018-04-12 13:48:55Z" end-time="2018-04-12 13:48:55Z" duration="0.001258" asserts="3" />
        <test-case id="1023" name="TestTrainStationFieldBuyInAuction" fullname="Test.Test.TestTrainStationFieldBuyInAuction" methodname="TestTrainStationFieldBuyInAuction" classname="Test.Test" runstate="Runnable" seed="1660714892" result="Passed" start-time="2018-04-12 13:48:55Z" end-time="2018-04-12 13:48:55Z" duration="0.000640" asserts="2" />
        <test-case id="1009" name="TestUpdateLevel" fullname="Test.Test.TestUpdateLevel" methodname="TestUpdateLevel" classname="Test.Test" runstate="Runnable" seed="1595556324" result="Passed" start-time="2018-04-12 13:48:55Z" end-time="2018-04-12 13:48:55Z" duration="0.001518" asserts="6" />
      </test-suite>
    </test-suite>
  </test-suite>
</test-run>