<?xml version="1.0" encoding="utf-8"?>
<test-run id="2" name="Test.exe" fullname="C:/Users/jsiedersberger/Documents/GitHub/Monopoly2.0/Monopoly/Test/bin/Debug/Test.exe" testcasecount="11" result="Passed" start-time="2018-04-05 14:33:02Z" end-time="2018-04-05 14:33:02Z" duration="0.126894" total="11" passed="11" failed="0" inconclusive="0" skipped="0" asserts="38" random-seed="1714261662">
  <command-line><![CDATA["C:\Users\jsiedersberger\Documents\GitHub\Monopoly2.0\Monopoly\Test\bin\Debug\Test.exe"   ]]></command-line>
  <filter />
  <test-suite type="Assembly" id="1012" name="Test.exe" fullname="C:/Users/jsiedersberger/Documents/GitHub/Monopoly2.0/Monopoly/Test/bin/Debug/Test.exe" runstate="Runnable" testcasecount="11" result="Passed" start-time="2018-04-05 14:33:02Z" end-time="2018-04-05 14:33:02Z" duration="0.126894" total="11" passed="11" failed="0" warnings="0" inconclusive="0" skipped="0" asserts="38">
    <environment framework-version="3.7.1.0" clr-version="4.0.30319.42000" os-version="Microsoft Windows NT 6.2.9200.0" platform="Win32NT" cwd="C:\Users\jsiedersberger\Documents\GitHub\Monopoly2.0\Monopoly\Test\bin\Debug" machine-name="W-SIEDERSB-10" user="jsiedersberger" user-domain="DE" culture="de-DE" uiculture="de-DE" os-architecture="x86" />
    <settings>
      <setting name="WorkDirectory" value="C:\Users\jsiedersberger\Documents\GitHub\Monopoly2.0\Monopoly\Test\bin\Debug" />
      <setting name="NumberOfTestWorkers" value="2" />
    </settings>
    <properties>
      <property name="_PID" value="11676" />
      <property name="_APPDOMAIN" value="Test.exe" />
    </properties>
    <test-suite type="TestSuite" id="1013" name="Test" fullname="Test" runstate="Runnable" testcasecount="11" result="Passed" start-time="2018-04-05 14:33:02Z" end-time="2018-04-05 14:33:02Z" duration="0.112758" total="11" passed="11" failed="0" warnings="0" inconclusive="0" skipped="0" asserts="38">
      <test-suite type="TestFixture" id="1000" name="Test" fullname="Test.Test" classname="Test.Test" runstate="Runnable" testcasecount="11" result="Passed" start-time="2018-04-05 14:33:02Z" end-time="2018-04-05 14:33:02Z" duration="0.108416" total="11" passed="11" failed="0" warnings="0" inconclusive="0" skipped="0" asserts="38">
        <test-case id="1011" name="PlayerisBankrupt" fullname="Test.Test.PlayerisBankrupt" methodname="PlayerisBankrupt" classname="Test.Test" runstate="Runnable" seed="1003030400" result="Passed" start-time="2018-04-05 14:33:02Z" end-time="2018-04-05 14:33:02Z" duration="0.028925" asserts="1" />
        <test-case id="1002" name="TestBuyCurrentField" fullname="Test.Test.TestBuyCurrentField" methodname="TestBuyCurrentField" classname="Test.Test" runstate="Runnable" seed="2010634834" result="Passed" start-time="2018-04-05 14:33:02Z" end-time="2018-04-05 14:33:02Z" duration="0.019319" asserts="3" />
        <test-case id="1006" name="TestCrossedStartField" fullname="Test.Test.TestCrossedStartField" methodname="TestCrossedStartField" classname="Test.Test" runstate="Runnable" seed="1432535097" result="Passed" start-time="2018-04-05 14:33:02Z" end-time="2018-04-05 14:33:02Z" duration="0.002572" asserts="1" />
        <test-case id="1010" name="TestExChangeField" fullname="Test.Test.TestExChangeField" methodname="TestExChangeField" classname="Test.Test" runstate="Runnable" seed="1370021968" result="Passed" start-time="2018-04-05 14:33:02Z" end-time="2018-04-05 14:33:02Z" duration="0.001278" asserts="5" />
        <test-case id="1001" name="TestNextTurn" fullname="Test.Test.TestNextTurn" methodname="TestNextTurn" classname="Test.Test" runstate="Runnable" seed="1625953783" result="Passed" start-time="2018-04-05 14:33:02Z" end-time="2018-04-05 14:33:02Z" duration="0.000550" asserts="3" />
        <test-case id="1008" name="TestPayOffMortage" fullname="Test.Test.TestPayOffMortage" methodname="TestPayOffMortage" classname="Test.Test" runstate="Runnable" seed="1850370000" result="Passed" start-time="2018-04-05 14:33:02Z" end-time="2018-04-05 14:33:02Z" duration="0.001797" asserts="5" />
        <test-case id="1004" name="TestPayRent" fullname="Test.Test.TestPayRent" methodname="TestPayRent" classname="Test.Test" runstate="Runnable" seed="598911534" result="Passed" start-time="2018-04-05 14:33:02Z" end-time="2018-04-05 14:33:02Z" duration="0.000564" asserts="2" />
        <test-case id="1009" name="TestSellHouse" fullname="Test.Test.TestSellHouse" methodname="TestSellHouse" classname="Test.Test" runstate="Runnable" seed="1343862684" result="Passed" start-time="2018-04-05 14:33:02Z" end-time="2018-04-05 14:33:02Z" duration="0.001421" asserts="4" />
        <test-case id="1005" name="TestSetPlayerPosition" fullname="Test.Test.TestSetPlayerPosition" methodname="TestSetPlayerPosition" classname="Test.Test" runstate="Runnable" seed="651688056" result="Passed" start-time="2018-04-05 14:33:02Z" end-time="2018-04-05 14:33:02Z" duration="0.000296" asserts="1" />
        <test-case id="1007" name="TestTakeMortage" fullname="Test.Test.TestTakeMortage" methodname="TestTakeMortage" classname="Test.Test" runstate="Runnable" seed="757831556" result="Passed" start-time="2018-04-05 14:33:02Z" end-time="2018-04-05 14:33:02Z" duration="0.001774" asserts="7" />
        <test-case id="1003" name="TestUpdateLevel" fullname="Test.Test.TestUpdateLevel" methodname="TestUpdateLevel" classname="Test.Test" runstate="Runnable" seed="1349655831" result="Passed" start-time="2018-04-05 14:33:02Z" end-time="2018-04-05 14:33:02Z" duration="0.001823" asserts="6" />
      </test-suite>
    </test-suite>
  </test-suite>
</test-run>