<?xml version="1.0" encoding="utf-8"?>
<test-run id="2" name="Test.exe" fullname="C:/Users/jsiedersberger/Documents/GitHub/Monopoly2.0/Monopoly/Test/bin/Debug/Test.exe" testcasecount="39" result="Passed" start-time="2018-04-13 07:17:39Z" end-time="2018-04-13 07:17:40Z" duration="1.312201" total="39" passed="39" failed="0" inconclusive="0" skipped="0" asserts="119" random-seed="1250072243">
  <command-line><![CDATA["C:\Users\jsiedersberger\Documents\GitHub\Monopoly2.0\Monopoly\Test\bin\Debug\Test.exe"   ]]></command-line>
  <filter />
  <test-suite type="Assembly" id="1040" name="Test.exe" fullname="C:/Users/jsiedersberger/Documents/GitHub/Monopoly2.0/Monopoly/Test/bin/Debug/Test.exe" runstate="Runnable" testcasecount="39" result="Passed" start-time="2018-04-13 07:17:39Z" end-time="2018-04-13 07:17:40Z" duration="1.312201" total="39" passed="39" failed="0" warnings="0" inconclusive="0" skipped="0" asserts="119">
    <environment framework-version="3.7.1.0" clr-version="4.0.30319.42000" os-version="Microsoft Windows NT 6.2.9200.0" platform="Win32NT" cwd="C:\Users\jsiedersberger\Documents\GitHub\Monopoly2.0\Monopoly\Test\bin\Debug" machine-name="W-SIEDERSB-10" user="jsiedersberger" user-domain="DE" culture="de-DE" uiculture="de-DE" os-architecture="x86" />
    <settings>
      <setting name="WorkDirectory" value="C:\Users\jsiedersberger\Documents\GitHub\Monopoly2.0\Monopoly\Test\bin\Debug" />
      <setting name="NumberOfTestWorkers" value="2" />
    </settings>
    <properties>
      <property name="_PID" value="11780" />
      <property name="_APPDOMAIN" value="Test.exe" />
    </properties>
    <test-suite type="TestSuite" id="1041" name="Test" fullname="Test" runstate="Runnable" testcasecount="39" result="Passed" start-time="2018-04-13 07:17:39Z" end-time="2018-04-13 07:17:40Z" duration="1.282271" total="39" passed="39" failed="0" warnings="0" inconclusive="0" skipped="0" asserts="119">
      <test-suite type="TestFixture" id="1000" name="Test" fullname="Test.Test" classname="Test.Test" runstate="Runnable" testcasecount="39" result="Passed" start-time="2018-04-13 07:17:39Z" end-time="2018-04-13 07:17:40Z" duration="1.251754" total="39" passed="39" failed="0" warnings="0" inconclusive="0" skipped="0" asserts="119">
        <test-case id="1005" name="PlayerDoesNotHaveEnoughMoney" fullname="Test.Test.PlayerDoesNotHaveEnoughMoney" methodname="PlayerDoesNotHaveEnoughMoney" classname="Test.Test" runstate="Runnable" seed="1994367284" result="Passed" start-time="2018-04-13 07:17:39Z" end-time="2018-04-13 07:17:39Z" duration="0.030470" asserts="1" />
        <test-case id="1003" name="PlayerIsBankrupt" fullname="Test.Test.PlayerIsBankrupt" methodname="PlayerIsBankrupt" classname="Test.Test" runstate="Runnable" seed="877912453" result="Passed" start-time="2018-04-13 07:17:39Z" end-time="2018-04-13 07:17:39Z" duration="0.002045" asserts="1" />
        <test-case id="1033" name="PlayerPayFineImmediately" fullname="Test.Test.PlayerPayFineImmediately" methodname="PlayerPayFineImmediately" classname="Test.Test" runstate="Runnable" seed="1590636110" result="Passed" start-time="2018-04-13 07:17:39Z" end-time="2018-04-13 07:17:39Z" duration="0.009560" asserts="2" />
        <test-case id="1017" name="TestAuctionField" fullname="Test.Test.TestAuctionField" methodname="TestAuctionField" classname="Test.Test" runstate="Runnable" seed="2055787802" result="Passed" start-time="2018-04-13 07:17:39Z" end-time="2018-04-13 07:17:39Z" duration="0.002594" asserts="2" />
        <test-case id="1024" name="TestBuyAndRentSupplierField" fullname="Test.Test.TestBuyAndRentSupplierField" methodname="TestBuyAndRentSupplierField" classname="Test.Test" runstate="Runnable" seed="1124157539" result="Passed" start-time="2018-04-13 07:17:39Z" end-time="2018-04-13 07:17:39Z" duration="0.002699" asserts="1" />
        <test-case id="1008" name="TestBuyCurrentField" fullname="Test.Test.TestBuyCurrentField" methodname="TestBuyCurrentField" classname="Test.Test" runstate="Runnable" seed="1858758101" result="Passed" start-time="2018-04-13 07:17:39Z" end-time="2018-04-13 07:17:39Z" duration="0.001435" asserts="3" />
        <test-case id="1016" name="TestBuyInAuction" fullname="Test.Test.TestBuyInAuction" methodname="TestBuyInAuction" classname="Test.Test" runstate="Runnable" seed="444661234" result="Passed" start-time="2018-04-13 07:17:39Z" end-time="2018-04-13 07:17:39Z" duration="0.000498" asserts="2" />
        <test-case id="1027" name="TestBuySupplierFieldInAuction" fullname="Test.Test.TestBuySupplierFieldInAuction" methodname="TestBuySupplierFieldInAuction" classname="Test.Test" runstate="Runnable" seed="490787661" result="Passed" start-time="2018-04-13 07:17:39Z" end-time="2018-04-13 07:17:39Z" duration="0.000684" asserts="2" />
        <test-case id="1002" name="TestCrossedStartField" fullname="Test.Test.TestCrossedStartField" methodname="TestCrossedStartField" classname="Test.Test" runstate="Runnable" seed="1252638442" result="Passed" start-time="2018-04-13 07:17:39Z" end-time="2018-04-13 07:17:39Z" duration="0.007104" asserts="1" />
        <test-case id="1014" name="TestExChangeFieldMoney" fullname="Test.Test.TestExChangeFieldMoney" methodname="TestExChangeFieldMoney" classname="Test.Test" runstate="Runnable" seed="1513234031" result="Passed" start-time="2018-04-13 07:17:39Z" end-time="2018-04-13 07:17:39Z" duration="0.001205" asserts="5" />
        <test-case id="1015" name="TestExChangeFieldwithField" fullname="Test.Test.TestExChangeFieldwithField" methodname="TestExChangeFieldwithField" classname="Test.Test" runstate="Runnable" seed="1190405619" result="Passed" start-time="2018-04-13 07:17:39Z" end-time="2018-04-13 07:17:39Z" duration="0.000796" asserts="2" />
        <test-case id="1029" name="TestexChangeSupplierFieldMoney" fullname="Test.Test.TestexChangeSupplierFieldMoney" methodname="TestexChangeSupplierFieldMoney" classname="Test.Test" runstate="Runnable" seed="1106760071" result="Passed" start-time="2018-04-13 07:17:39Z" end-time="2018-04-13 07:17:39Z" duration="0.000924" asserts="5" />
        <test-case id="1028" name="TestExChangeSupplierFieldwithField" fullname="Test.Test.TestExChangeSupplierFieldwithField" methodname="TestExChangeSupplierFieldwithField" classname="Test.Test" runstate="Runnable" seed="1974457066" result="Passed" start-time="2018-04-13 07:17:40Z" end-time="2018-04-13 07:17:40Z" duration="0.000950" asserts="2" />
        <test-case id="1021" name="TestExChangeTrainStationFieldMoney" fullname="Test.Test.TestExChangeTrainStationFieldMoney" methodname="TestExChangeTrainStationFieldMoney" classname="Test.Test" runstate="Runnable" seed="1171788018" result="Passed" start-time="2018-04-13 07:17:40Z" end-time="2018-04-13 07:17:40Z" duration="0.002578" asserts="5" />
        <test-case id="1022" name="TestExChangeTrainStationFieldwithField" fullname="Test.Test.TestExChangeTrainStationFieldwithField" methodname="TestExChangeTrainStationFieldwithField" classname="Test.Test" runstate="Runnable" seed="515293428" result="Passed" start-time="2018-04-13 07:17:40Z" end-time="2018-04-13 07:17:40Z" duration="0.000801" asserts="2" />
        <test-case id="1004" name="TestGameOver" fullname="Test.Test.TestGameOver" methodname="TestGameOver" classname="Test.Test" runstate="Runnable" seed="2003483593" result="Passed" start-time="2018-04-13 07:17:40Z" end-time="2018-04-13 07:17:40Z" duration="0.002730" asserts="2" />
        <test-case id="1035" name="TestGetMoneyFromPlayersCard" fullname="Test.Test.TestGetMoneyFromPlayersCard" methodname="TestGetMoneyFromPlayersCard" classname="Test.Test" runstate="Runnable" seed="191018781" result="Passed" start-time="2018-04-13 07:17:40Z" end-time="2018-04-13 07:17:40Z" duration="0.000856" asserts="3" />
        <test-case id="1039" name="TestGoToCard" fullname="Test.Test.TestGoToCard" methodname="TestGoToCard" classname="Test.Test" runstate="Runnable" seed="578432779" result="Passed" start-time="2018-04-13 07:17:40Z" end-time="2018-04-13 07:17:40Z" duration="0.001080" asserts="2" />
        <test-case id="1038" name="TestGoToJailCard" fullname="Test.Test.TestGoToJailCard" methodname="TestGoToJailCard" classname="Test.Test" runstate="Runnable" seed="439151131" result="Passed" start-time="2018-04-13 07:17:40Z" end-time="2018-04-13 07:17:40Z" duration="0.000748" asserts="2" />
        <test-case id="1030" name="TestGoToJailField" fullname="Test.Test.TestGoToJailField" methodname="TestGoToJailField" classname="Test.Test" runstate="Runnable" seed="460221235" result="Passed" start-time="2018-04-13 07:17:40Z" end-time="2018-04-13 07:17:40Z" duration="0.000543" asserts="3" />
        <test-case id="1034" name="TestMoneyCard" fullname="Test.Test.TestMoneyCard" methodname="TestMoneyCard" classname="Test.Test" runstate="Runnable" seed="243611356" result="Passed" start-time="2018-04-13 07:17:40Z" end-time="2018-04-13 07:17:40Z" duration="0.000669" asserts="1" />
        <test-case id="1001" name="TestNextTurn" fullname="Test.Test.TestNextTurn" methodname="TestNextTurn" classname="Test.Test" runstate="Runnable" seed="523684704" result="Passed" start-time="2018-04-13 07:17:40Z" end-time="2018-04-13 07:17:40Z" duration="0.000462" asserts="3" />
        <test-case id="1013" name="TestPayOffMortage" fullname="Test.Test.TestPayOffMortage" methodname="TestPayOffMortage" classname="Test.Test" runstate="Runnable" seed="1219004345" result="Passed" start-time="2018-04-13 07:17:40Z" end-time="2018-04-13 07:17:40Z" duration="0.001819" asserts="5" />
        <test-case id="1026" name="TestPayOffMortageSupplierField" fullname="Test.Test.TestPayOffMortageSupplierField" methodname="TestPayOffMortageSupplierField" classname="Test.Test" runstate="Runnable" seed="2034393492" result="Passed" start-time="2018-04-13 07:17:40Z" end-time="2018-04-13 07:17:40Z" duration="0.001725" asserts="5" />
        <test-case id="1020" name="TestPayOffMortageTrainStation" fullname="Test.Test.TestPayOffMortageTrainStation" methodname="TestPayOffMortageTrainStation" classname="Test.Test" runstate="Runnable" seed="301303889" result="Passed" start-time="2018-04-13 07:17:40Z" end-time="2018-04-13 07:17:40Z" duration="0.001913" asserts="5" />
        <test-case id="1037" name="TestPayPlayersCard" fullname="Test.Test.TestPayPlayersCard" methodname="TestPayPlayersCard" classname="Test.Test" runstate="Runnable" seed="1127211044" result="Passed" start-time="2018-04-13 07:17:40Z" end-time="2018-04-13 07:17:40Z" duration="0.000886" asserts="3" />
        <test-case id="1011" name="TestPayRent" fullname="Test.Test.TestPayRent" methodname="TestPayRent" classname="Test.Test" runstate="Runnable" seed="1500930188" result="Passed" start-time="2018-04-13 07:17:40Z" end-time="2018-04-13 07:17:40Z" duration="0.000549" asserts="2" />
        <test-case id="1031" name="TestPlayerThrowsDouble" fullname="Test.Test.TestPlayerThrowsDouble" methodname="TestPlayerThrowsDouble" classname="Test.Test" runstate="Runnable" seed="139929723" result="Passed" start-time="2018-04-13 07:17:40Z" end-time="2018-04-13 07:17:40Z" duration="0.000708" asserts="3" />
        <test-case id="1032" name="TestPlayerTried3Times" fullname="Test.Test.TestPlayerTried3Times" methodname="TestPlayerTried3Times" classname="Test.Test" runstate="Runnable" seed="416085137" result="Passed" start-time="2018-04-13 07:17:40Z" end-time="2018-04-13 07:17:40Z" duration="0.000827" asserts="4" />
        <test-case id="1007" name="TestRemovePlayer" fullname="Test.Test.TestRemovePlayer" methodname="TestRemovePlayer" classname="Test.Test" runstate="Runnable" seed="191952344" result="Passed" start-time="2018-04-13 07:17:40Z" end-time="2018-04-13 07:17:40Z" duration="0.001246" asserts="4" />
        <test-case id="1010" name="TestSellHouse" fullname="Test.Test.TestSellHouse" methodname="TestSellHouse" classname="Test.Test" runstate="Runnable" seed="1727466032" result="Passed" start-time="2018-04-13 07:17:40Z" end-time="2018-04-13 07:17:40Z" duration="0.001389" asserts="4" />
        <test-case id="1006" name="TestSetPlayerPosition" fullname="Test.Test.TestSetPlayerPosition" methodname="TestSetPlayerPosition" classname="Test.Test" runstate="Runnable" seed="97708667" result="Passed" start-time="2018-04-13 07:17:40Z" end-time="2018-04-13 07:17:40Z" duration="0.000449" asserts="1" />
        <test-case id="1036" name="TestStreetRepairCard" fullname="Test.Test.TestStreetRepairCard" methodname="TestStreetRepairCard" classname="Test.Test" runstate="Runnable" seed="1151927947" result="Passed" start-time="2018-04-13 07:17:40Z" end-time="2018-04-13 07:17:40Z" duration="0.001318" asserts="1" />
        <test-case id="1012" name="TestTakeMortage" fullname="Test.Test.TestTakeMortage" methodname="TestTakeMortage" classname="Test.Test" runstate="Runnable" seed="230131912" result="Passed" start-time="2018-04-13 07:17:40Z" end-time="2018-04-13 07:17:40Z" duration="0.001931" asserts="7" />
        <test-case id="1025" name="TestTakeMortageSupplierField" fullname="Test.Test.TestTakeMortageSupplierField" methodname="TestTakeMortageSupplierField" classname="Test.Test" runstate="Runnable" seed="759270899" result="Passed" start-time="2018-04-13 07:17:40Z" end-time="2018-04-13 07:17:40Z" duration="0.001562" asserts="6" />
        <test-case id="1019" name="TestTakeMortageTrainStation" fullname="Test.Test.TestTakeMortageTrainStation" methodname="TestTakeMortageTrainStation" classname="Test.Test" runstate="Runnable" seed="277529150" result="Passed" start-time="2018-04-13 07:17:40Z" end-time="2018-04-13 07:17:40Z" duration="0.001577" asserts="6" />
        <test-case id="1018" name="TestTrainStationField" fullname="Test.Test.TestTrainStationField" methodname="TestTrainStationField" classname="Test.Test" runstate="Runnable" seed="1515354447" result="Passed" start-time="2018-04-13 07:17:40Z" end-time="2018-04-13 07:17:40Z" duration="0.001796" asserts="3" />
        <test-case id="1023" name="TestTrainStationFieldBuyInAuction" fullname="Test.Test.TestTrainStationFieldBuyInAuction" methodname="TestTrainStationFieldBuyInAuction" classname="Test.Test" runstate="Runnable" seed="1107542814" result="Passed" start-time="2018-04-13 07:17:40Z" end-time="2018-04-13 07:17:40Z" duration="0.000775" asserts="2" />
        <test-case id="1009" name="TestUpdateLevel" fullname="Test.Test.TestUpdateLevel" methodname="TestUpdateLevel" classname="Test.Test" runstate="Runnable" seed="348121178" result="Passed" start-time="2018-04-13 07:17:40Z" end-time="2018-04-13 07:17:40Z" duration="0.001756" asserts="6" />
      </test-suite>
    </test-suite>
  </test-suite>
</test-run>