<?xml version="1.0" encoding="utf-8"?>
<test-run id="2" name="Test.exe" fullname="C:/Users/jsiedersberger/Documents/GitHub/Monopoly2.0/Monopoly/Test/bin/Debug/Test.exe" testcasecount="9" result="Passed" start-time="2018-03-29 06:18:02Z" end-time="2018-03-29 06:18:02Z" duration="0.374907" total="9" passed="9" failed="0" inconclusive="0" skipped="0" asserts="32" random-seed="1453645997">
  <command-line><![CDATA["C:\Users\jsiedersberger\Documents\GitHub\Monopoly2.0\Monopoly\Test\bin\Debug\Test.exe"   ]]></command-line>
  <filter />
  <test-suite type="Assembly" id="1010" name="Test.exe" fullname="C:/Users/jsiedersberger/Documents/GitHub/Monopoly2.0/Monopoly/Test/bin/Debug/Test.exe" runstate="Runnable" testcasecount="9" result="Passed" start-time="2018-03-29 06:18:02Z" end-time="2018-03-29 06:18:02Z" duration="0.374907" total="9" passed="9" failed="0" warnings="0" inconclusive="0" skipped="0" asserts="32">
    <environment framework-version="3.7.1.0" clr-version="4.0.30319.42000" os-version="Microsoft Windows NT 6.2.9200.0" platform="Win32NT" cwd="C:\Users\jsiedersberger\Documents\GitHub\Monopoly2.0\Monopoly\Test\bin\Debug" machine-name="W-SIEDERSB-10" user="jsiedersberger" user-domain="DE" culture="de-DE" uiculture="de-DE" os-architecture="x86" />
    <settings>
      <setting name="WorkDirectory" value="C:\Users\jsiedersberger\Documents\GitHub\Monopoly2.0\Monopoly\Test\bin\Debug" />
      <setting name="NumberOfTestWorkers" value="2" />
    </settings>
    <properties>
      <property name="_PID" value="6336" />
      <property name="_APPDOMAIN" value="Test.exe" />
    </properties>
    <test-suite type="TestSuite" id="1011" name="Test" fullname="Test" runstate="Runnable" testcasecount="9" result="Passed" start-time="2018-03-29 06:18:02Z" end-time="2018-03-29 06:18:02Z" duration="0.344596" total="9" passed="9" failed="0" warnings="0" inconclusive="0" skipped="0" asserts="32">
      <test-suite type="TestFixture" id="1000" name="Test" fullname="Test.Test" classname="Test.Test" runstate="Runnable" testcasecount="9" result="Passed" start-time="2018-03-29 06:18:02Z" end-time="2018-03-29 06:18:02Z" duration="0.314166" total="9" passed="9" failed="0" warnings="0" inconclusive="0" skipped="0" asserts="32">
        <test-case id="1002" name="TestBuyCurrentField" fullname="Test.Test.TestBuyCurrentField" methodname="TestBuyCurrentField" classname="Test.Test" runstate="Runnable" seed="1932628383" result="Passed" start-time="2018-03-29 06:18:02Z" end-time="2018-03-29 06:18:02Z" duration="0.034731" asserts="3" />
        <test-case id="1006" name="TestCrossedStartField" fullname="Test.Test.TestCrossedStartField" methodname="TestCrossedStartField" classname="Test.Test" runstate="Runnable" seed="677330718" result="Passed" start-time="2018-03-29 06:18:02Z" end-time="2018-03-29 06:18:02Z" duration="0.008137" asserts="1" />
        <test-case id="1001" name="TestNextTurn" fullname="Test.Test.TestNextTurn" methodname="TestNextTurn" classname="Test.Test" runstate="Runnable" seed="2024908846" result="Passed" start-time="2018-03-29 06:18:02Z" end-time="2018-03-29 06:18:02Z" duration="0.000682" asserts="3" />
        <test-case id="1008" name="TestPayOffMortage" fullname="Test.Test.TestPayOffMortage" methodname="TestPayOffMortage" classname="Test.Test" runstate="Runnable" seed="468081134" result="Passed" start-time="2018-03-29 06:18:02Z" end-time="2018-03-29 06:18:02Z" duration="0.001961" asserts="5" />
        <test-case id="1004" name="TestPayRent" fullname="Test.Test.TestPayRent" methodname="TestPayRent" classname="Test.Test" runstate="Runnable" seed="2058667220" result="Passed" start-time="2018-03-29 06:18:02Z" end-time="2018-03-29 06:18:02Z" duration="0.001388" asserts="2" />
        <test-case id="1009" name="TestSellHouse" fullname="Test.Test.TestSellHouse" methodname="TestSellHouse" classname="Test.Test" runstate="Runnable" seed="1068565511" result="Passed" start-time="2018-03-29 06:18:02Z" end-time="2018-03-29 06:18:02Z" duration="0.001684" asserts="4" />
        <test-case id="1005" name="TestSetPlayerPosition" fullname="Test.Test.TestSetPlayerPosition" methodname="TestSetPlayerPosition" classname="Test.Test" runstate="Runnable" seed="2105121757" result="Passed" start-time="2018-03-29 06:18:02Z" end-time="2018-03-29 06:18:02Z" duration="0.000585" asserts="1" />
        <test-case id="1007" name="TestTakeMortage" fullname="Test.Test.TestTakeMortage" methodname="TestTakeMortage" classname="Test.Test" runstate="Runnable" seed="1516572503" result="Passed" start-time="2018-03-29 06:18:02Z" end-time="2018-03-29 06:18:02Z" duration="0.002004" asserts="7" />
        <test-case id="1003" name="TestUpdateLevel" fullname="Test.Test.TestUpdateLevel" methodname="TestUpdateLevel" classname="Test.Test" runstate="Runnable" seed="595507705" result="Passed" start-time="2018-03-29 06:18:02Z" end-time="2018-03-29 06:18:02Z" duration="0.002024" asserts="6" />
      </test-suite>
    </test-suite>
  </test-suite>
</test-run>