<?xml version="1.0" encoding="utf-8"?>
<test-run id="2" name="Test.exe" fullname="C:/Users/jsiedersberger/Documents/GitHub/Monopoly2.0/Monopoly/Test/bin/Debug/Test.exe" testcasecount="41" result="Passed" start-time="2018-04-13 12:41:27Z" end-time="2018-04-13 12:41:27Z" duration="0.305814" total="41" passed="41" failed="0" inconclusive="0" skipped="0" asserts="123" random-seed="934580194">
  <command-line><![CDATA["C:\Users\jsiedersberger\Documents\GitHub\Monopoly2.0\Monopoly\Test\bin\Debug\Test.exe"   ]]></command-line>
  <filter />
  <test-suite type="Assembly" id="1042" name="Test.exe" fullname="C:/Users/jsiedersberger/Documents/GitHub/Monopoly2.0/Monopoly/Test/bin/Debug/Test.exe" runstate="Runnable" testcasecount="41" result="Passed" start-time="2018-04-13 12:41:27Z" end-time="2018-04-13 12:41:27Z" duration="0.305814" total="41" passed="41" failed="0" warnings="0" inconclusive="0" skipped="0" asserts="123">
    <environment framework-version="3.7.1.0" clr-version="4.0.30319.42000" os-version="Microsoft Windows NT 6.2.9200.0" platform="Win32NT" cwd="C:\Users\jsiedersberger\Documents\GitHub\Monopoly2.0\Monopoly\Test\bin\Debug" machine-name="W-SIEDERSB-10" user="jsiedersberger" user-domain="DE" culture="de-DE" uiculture="de-DE" os-architecture="x86" />
    <settings>
      <setting name="WorkDirectory" value="C:\Users\jsiedersberger\Documents\GitHub\Monopoly2.0\Monopoly\Test\bin\Debug" />
      <setting name="NumberOfTestWorkers" value="2" />
    </settings>
    <properties>
      <property name="_PID" value="13684" />
      <property name="_APPDOMAIN" value="Test.exe" />
    </properties>
    <test-suite type="TestSuite" id="1043" name="Test" fullname="Test" runstate="Runnable" testcasecount="41" result="Passed" start-time="2018-04-13 12:41:27Z" end-time="2018-04-13 12:41:27Z" duration="0.291119" total="41" passed="41" failed="0" warnings="0" inconclusive="0" skipped="0" asserts="123">
      <test-suite type="TestFixture" id="1000" name="Test" fullname="Test.Test" classname="Test.Test" runstate="Runnable" testcasecount="41" result="Passed" start-time="2018-04-13 12:41:27Z" end-time="2018-04-13 12:41:27Z" duration="0.286878" total="41" passed="41" failed="0" warnings="0" inconclusive="0" skipped="0" asserts="123">
        <test-case id="1041" name="GoToNextMemberofGroup" fullname="Test.Test.GoToNextMemberofGroup" methodname="GoToNextMemberofGroup" classname="Test.Test" runstate="Runnable" seed="1885166051" result="Passed" start-time="2018-04-13 12:41:27Z" end-time="2018-04-13 12:41:27Z" duration="0.024793" asserts="2" />
        <test-case id="1005" name="PlayerDoesNotHaveEnoughMoney" fullname="Test.Test.PlayerDoesNotHaveEnoughMoney" methodname="PlayerDoesNotHaveEnoughMoney" classname="Test.Test" runstate="Runnable" seed="640157905" result="Passed" start-time="2018-04-13 12:41:27Z" end-time="2018-04-13 12:41:27Z" duration="0.015509" asserts="1" />
        <test-case id="1003" name="PlayerIsBankrupt" fullname="Test.Test.PlayerIsBankrupt" methodname="PlayerIsBankrupt" classname="Test.Test" runstate="Runnable" seed="9245363" result="Passed" start-time="2018-04-13 12:41:27Z" end-time="2018-04-13 12:41:27Z" duration="0.001941" asserts="1" />
        <test-case id="1033" name="PlayerPayFineImmediately" fullname="Test.Test.PlayerPayFineImmediately" methodname="PlayerPayFineImmediately" classname="Test.Test" runstate="Runnable" seed="1825113640" result="Passed" start-time="2018-04-13 12:41:27Z" end-time="2018-04-13 12:41:27Z" duration="0.001817" asserts="2" />
        <test-case id="1017" name="TestAuctionField" fullname="Test.Test.TestAuctionField" methodname="TestAuctionField" classname="Test.Test" runstate="Runnable" seed="2017331051" result="Passed" start-time="2018-04-13 12:41:27Z" end-time="2018-04-13 12:41:27Z" duration="0.002817" asserts="2" />
        <test-case id="1024" name="TestBuyAndRentSupplierField" fullname="Test.Test.TestBuyAndRentSupplierField" methodname="TestBuyAndRentSupplierField" classname="Test.Test" runstate="Runnable" seed="126209148" result="Passed" start-time="2018-04-13 12:41:27Z" end-time="2018-04-13 12:41:27Z" duration="0.002505" asserts="1" />
        <test-case id="1008" name="TestBuyCurrentField" fullname="Test.Test.TestBuyCurrentField" methodname="TestBuyCurrentField" classname="Test.Test" runstate="Runnable" seed="220083696" result="Passed" start-time="2018-04-13 12:41:27Z" end-time="2018-04-13 12:41:27Z" duration="0.001499" asserts="3" />
        <test-case id="1016" name="TestBuyInAuction" fullname="Test.Test.TestBuyInAuction" methodname="TestBuyInAuction" classname="Test.Test" runstate="Runnable" seed="670396069" result="Passed" start-time="2018-04-13 12:41:27Z" end-time="2018-04-13 12:41:27Z" duration="0.000542" asserts="2" />
        <test-case id="1027" name="TestBuySupplierFieldInAuction" fullname="Test.Test.TestBuySupplierFieldInAuction" methodname="TestBuySupplierFieldInAuction" classname="Test.Test" runstate="Runnable" seed="620091366" result="Passed" start-time="2018-04-13 12:41:27Z" end-time="2018-04-13 12:41:27Z" duration="0.000762" asserts="2" />
        <test-case id="1002" name="TestCrossedStartField" fullname="Test.Test.TestCrossedStartField" methodname="TestCrossedStartField" classname="Test.Test" runstate="Runnable" seed="778947264" result="Passed" start-time="2018-04-13 12:41:27Z" end-time="2018-04-13 12:41:27Z" duration="0.010892" asserts="1" />
        <test-case id="1014" name="TestExChangeFieldMoney" fullname="Test.Test.TestExChangeFieldMoney" methodname="TestExChangeFieldMoney" classname="Test.Test" runstate="Runnable" seed="1191462135" result="Passed" start-time="2018-04-13 12:41:27Z" end-time="2018-04-13 12:41:27Z" duration="0.001289" asserts="5" />
        <test-case id="1015" name="TestExChangeFieldwithField" fullname="Test.Test.TestExChangeFieldwithField" methodname="TestExChangeFieldwithField" classname="Test.Test" runstate="Runnable" seed="1443009694" result="Passed" start-time="2018-04-13 12:41:27Z" end-time="2018-04-13 12:41:27Z" duration="0.000835" asserts="2" />
        <test-case id="1029" name="TestexChangeSupplierFieldMoney" fullname="Test.Test.TestexChangeSupplierFieldMoney" methodname="TestexChangeSupplierFieldMoney" classname="Test.Test" runstate="Runnable" seed="1144088340" result="Passed" start-time="2018-04-13 12:41:27Z" end-time="2018-04-13 12:41:27Z" duration="0.000919" asserts="5" />
        <test-case id="1028" name="TestExChangeSupplierFieldwithField" fullname="Test.Test.TestExChangeSupplierFieldwithField" methodname="TestExChangeSupplierFieldwithField" classname="Test.Test" runstate="Runnable" seed="1205829023" result="Passed" start-time="2018-04-13 12:41:27Z" end-time="2018-04-13 12:41:27Z" duration="0.000783" asserts="2" />
        <test-case id="1021" name="TestExChangeTrainStationFieldMoney" fullname="Test.Test.TestExChangeTrainStationFieldMoney" methodname="TestExChangeTrainStationFieldMoney" classname="Test.Test" runstate="Runnable" seed="603009619" result="Passed" start-time="2018-04-13 12:41:27Z" end-time="2018-04-13 12:41:27Z" duration="0.002102" asserts="5" />
        <test-case id="1022" name="TestExChangeTrainStationFieldwithField" fullname="Test.Test.TestExChangeTrainStationFieldwithField" methodname="TestExChangeTrainStationFieldwithField" classname="Test.Test" runstate="Runnable" seed="2067226339" result="Passed" start-time="2018-04-13 12:41:27Z" end-time="2018-04-13 12:41:27Z" duration="0.000898" asserts="2" />
        <test-case id="1004" name="TestGameOver" fullname="Test.Test.TestGameOver" methodname="TestGameOver" classname="Test.Test" runstate="Runnable" seed="1853179473" result="Passed" start-time="2018-04-13 12:41:27Z" end-time="2018-04-13 12:41:27Z" duration="0.002823" asserts="2" />
        <test-case id="1035" name="TestGetMoneyFromPlayersCard" fullname="Test.Test.TestGetMoneyFromPlayersCard" methodname="TestGetMoneyFromPlayersCard" classname="Test.Test" runstate="Runnable" seed="1421316725" result="Passed" start-time="2018-04-13 12:41:27Z" end-time="2018-04-13 12:41:27Z" duration="0.001121" asserts="3" />
        <test-case id="1038" name="TestGoToJailCard" fullname="Test.Test.TestGoToJailCard" methodname="TestGoToJailCard" classname="Test.Test" runstate="Runnable" seed="1821814241" result="Passed" start-time="2018-04-13 12:41:27Z" end-time="2018-04-13 12:41:27Z" duration="0.000728" asserts="2" />
        <test-case id="1030" name="TestGoToJailField" fullname="Test.Test.TestGoToJailField" methodname="TestGoToJailField" classname="Test.Test" runstate="Runnable" seed="704496304" result="Passed" start-time="2018-04-13 12:41:27Z" end-time="2018-04-13 12:41:27Z" duration="0.000538" asserts="3" />
        <test-case id="1034" name="TestMoneyCard" fullname="Test.Test.TestMoneyCard" methodname="TestMoneyCard" classname="Test.Test" runstate="Runnable" seed="287090525" result="Passed" start-time="2018-04-13 12:41:27Z" end-time="2018-04-13 12:41:27Z" duration="0.000671" asserts="1" />
        <test-case id="1040" name="TestMoveCard" fullname="Test.Test.TestMoveCard" methodname="TestMoveCard" classname="Test.Test" runstate="Runnable" seed="530700900" result="Passed" start-time="2018-04-13 12:41:27Z" end-time="2018-04-13 12:41:27Z" duration="0.001228" asserts="2" />
        <test-case id="1039" name="TestMoveToCard" fullname="Test.Test.TestMoveToCard" methodname="TestMoveToCard" classname="Test.Test" runstate="Runnable" seed="741674821" result="Passed" start-time="2018-04-13 12:41:27Z" end-time="2018-04-13 12:41:27Z" duration="0.001111" asserts="2" />
        <test-case id="1001" name="TestNextTurn" fullname="Test.Test.TestNextTurn" methodname="TestNextTurn" classname="Test.Test" runstate="Runnable" seed="515873650" result="Passed" start-time="2018-04-13 12:41:27Z" end-time="2018-04-13 12:41:27Z" duration="0.000504" asserts="3" />
        <test-case id="1013" name="TestPayOffMortage" fullname="Test.Test.TestPayOffMortage" methodname="TestPayOffMortage" classname="Test.Test" runstate="Runnable" seed="1676982550" result="Passed" start-time="2018-04-13 12:41:27Z" end-time="2018-04-13 12:41:27Z" duration="0.001722" asserts="5" />
        <test-case id="1026" name="TestPayOffMortageSupplierField" fullname="Test.Test.TestPayOffMortageSupplierField" methodname="TestPayOffMortageSupplierField" classname="Test.Test" runstate="Runnable" seed="356124595" result="Passed" start-time="2018-04-13 12:41:27Z" end-time="2018-04-13 12:41:27Z" duration="0.001762" asserts="5" />
        <test-case id="1020" name="TestPayOffMortageTrainStation" fullname="Test.Test.TestPayOffMortageTrainStation" methodname="TestPayOffMortageTrainStation" classname="Test.Test" runstate="Runnable" seed="947521350" result="Passed" start-time="2018-04-13 12:41:27Z" end-time="2018-04-13 12:41:27Z" duration="0.001839" asserts="5" />
        <test-case id="1037" name="TestPayPlayersCard" fullname="Test.Test.TestPayPlayersCard" methodname="TestPayPlayersCard" classname="Test.Test" runstate="Runnable" seed="1149015909" result="Passed" start-time="2018-04-13 12:41:27Z" end-time="2018-04-13 12:41:27Z" duration="0.000899" asserts="3" />
        <test-case id="1011" name="TestPayRent" fullname="Test.Test.TestPayRent" methodname="TestPayRent" classname="Test.Test" runstate="Runnable" seed="1922634607" result="Passed" start-time="2018-04-13 12:41:27Z" end-time="2018-04-13 12:41:27Z" duration="0.000648" asserts="2" />
        <test-case id="1031" name="TestPlayerThrowsDouble" fullname="Test.Test.TestPlayerThrowsDouble" methodname="TestPlayerThrowsDouble" classname="Test.Test" runstate="Runnable" seed="1814601848" result="Passed" start-time="2018-04-13 12:41:27Z" end-time="2018-04-13 12:41:27Z" duration="0.000751" asserts="3" />
        <test-case id="1032" name="TestPlayerTried3Times" fullname="Test.Test.TestPlayerTried3Times" methodname="TestPlayerTried3Times" classname="Test.Test" runstate="Runnable" seed="143662643" result="Passed" start-time="2018-04-13 12:41:27Z" end-time="2018-04-13 12:41:27Z" duration="0.000767" asserts="4" />
        <test-case id="1007" name="TestRemovePlayer" fullname="Test.Test.TestRemovePlayer" methodname="TestRemovePlayer" classname="Test.Test" runstate="Runnable" seed="2059348708" result="Passed" start-time="2018-04-13 12:41:27Z" end-time="2018-04-13 12:41:27Z" duration="0.001864" asserts="4" />
        <test-case id="1010" name="TestSellHouse" fullname="Test.Test.TestSellHouse" methodname="TestSellHouse" classname="Test.Test" runstate="Runnable" seed="191523739" result="Passed" start-time="2018-04-13 12:41:27Z" end-time="2018-04-13 12:41:27Z" duration="0.001475" asserts="4" />
        <test-case id="1006" name="TestSetPlayerPosition" fullname="Test.Test.TestSetPlayerPosition" methodname="TestSetPlayerPosition" classname="Test.Test" runstate="Runnable" seed="1509461916" result="Passed" start-time="2018-04-13 12:41:27Z" end-time="2018-04-13 12:41:27Z" duration="0.000429" asserts="1" />
        <test-case id="1036" name="TestStreetRepairCard" fullname="Test.Test.TestStreetRepairCard" methodname="TestStreetRepairCard" classname="Test.Test" runstate="Runnable" seed="10809001" result="Passed" start-time="2018-04-13 12:41:27Z" end-time="2018-04-13 12:41:27Z" duration="0.001014" asserts="1" />
        <test-case id="1012" name="TestTakeMortage" fullname="Test.Test.TestTakeMortage" methodname="TestTakeMortage" classname="Test.Test" runstate="Runnable" seed="1525699922" result="Passed" start-time="2018-04-13 12:41:27Z" end-time="2018-04-13 12:41:27Z" duration="0.001857" asserts="7" />
        <test-case id="1025" name="TestTakeMortageSupplierField" fullname="Test.Test.TestTakeMortageSupplierField" methodname="TestTakeMortageSupplierField" classname="Test.Test" runstate="Runnable" seed="1653530572" result="Passed" start-time="2018-04-13 12:41:27Z" end-time="2018-04-13 12:41:27Z" duration="0.001510" asserts="6" />
        <test-case id="1019" name="TestTakeMortageTrainStation" fullname="Test.Test.TestTakeMortageTrainStation" methodname="TestTakeMortageTrainStation" classname="Test.Test" runstate="Runnable" seed="1778164447" result="Passed" start-time="2018-04-13 12:41:27Z" end-time="2018-04-13 12:41:27Z" duration="0.001724" asserts="6" />
        <test-case id="1018" name="TestTrainStationField" fullname="Test.Test.TestTrainStationField" methodname="TestTrainStationField" classname="Test.Test" runstate="Runnable" seed="1669194018" result="Passed" start-time="2018-04-13 12:41:27Z" end-time="2018-04-13 12:41:27Z" duration="0.001645" asserts="3" />
        <test-case id="1023" name="TestTrainStationFieldBuyInAuction" fullname="Test.Test.TestTrainStationFieldBuyInAuction" methodname="TestTrainStationFieldBuyInAuction" classname="Test.Test" runstate="Runnable" seed="181586920" result="Passed" start-time="2018-04-13 12:41:27Z" end-time="2018-04-13 12:41:27Z" duration="0.000767" asserts="2" />
        <test-case id="1009" name="TestUpdateLevel" fullname="Test.Test.TestUpdateLevel" methodname="TestUpdateLevel" classname="Test.Test" runstate="Runnable" seed="493077403" result="Passed" start-time="2018-04-13 12:41:27Z" end-time="2018-04-13 12:41:27Z" duration="0.001625" asserts="6" />
      </test-suite>
    </test-suite>
  </test-suite>
</test-run>