<?xml version="1.0" encoding="utf-8"?>
<test-run id="2" name="Test.exe" fullname="C:/Users/jsiedersberger/Documents/GitHub/Monopoly2.0/Monopoly/Test/bin/Debug/Test.exe" testcasecount="35" result="Passed" start-time="2018-04-12 13:21:06Z" end-time="2018-04-12 13:21:06Z" duration="0.259780" total="35" passed="35" failed="0" inconclusive="0" skipped="0" asserts="111" random-seed="1090615590">
  <command-line><![CDATA["C:\Users\jsiedersberger\Documents\GitHub\Monopoly2.0\Monopoly\Test\bin\Debug\Test.exe"   ]]></command-line>
  <filter />
  <test-suite type="Assembly" id="1036" name="Test.exe" fullname="C:/Users/jsiedersberger/Documents/GitHub/Monopoly2.0/Monopoly/Test/bin/Debug/Test.exe" runstate="Runnable" testcasecount="35" result="Passed" start-time="2018-04-12 13:21:06Z" end-time="2018-04-12 13:21:06Z" duration="0.259780" total="35" passed="35" failed="0" warnings="0" inconclusive="0" skipped="0" asserts="111">
    <environment framework-version="3.7.1.0" clr-version="4.0.30319.42000" os-version="Microsoft Windows NT 6.2.9200.0" platform="Win32NT" cwd="C:\Users\jsiedersberger\Documents\GitHub\Monopoly2.0\Monopoly\Test\bin\Debug" machine-name="W-SIEDERSB-10" user="jsiedersberger" user-domain="DE" culture="de-DE" uiculture="de-DE" os-architecture="x86" />
    <settings>
      <setting name="WorkDirectory" value="C:\Users\jsiedersberger\Documents\GitHub\Monopoly2.0\Monopoly\Test\bin\Debug" />
      <setting name="NumberOfTestWorkers" value="2" />
    </settings>
    <properties>
      <property name="_PID" value="980" />
      <property name="_APPDOMAIN" value="Test.exe" />
    </properties>
    <test-suite type="TestSuite" id="1037" name="Test" fullname="Test" runstate="Runnable" testcasecount="35" result="Passed" start-time="2018-04-12 13:21:06Z" end-time="2018-04-12 13:21:06Z" duration="0.245783" total="35" passed="35" failed="0" warnings="0" inconclusive="0" skipped="0" asserts="111">
      <test-suite type="TestFixture" id="1000" name="Test" fullname="Test.Test" classname="Test.Test" runstate="Runnable" testcasecount="35" result="Passed" start-time="2018-04-12 13:21:06Z" end-time="2018-04-12 13:21:06Z" duration="0.241336" total="35" passed="35" failed="0" warnings="0" inconclusive="0" skipped="0" asserts="111">
        <test-case id="1005" name="PlayerDoesNotHaveEnoughMoney" fullname="Test.Test.PlayerDoesNotHaveEnoughMoney" methodname="PlayerDoesNotHaveEnoughMoney" classname="Test.Test" runstate="Runnable" seed="1332828103" result="Passed" start-time="2018-04-12 13:21:06Z" end-time="2018-04-12 13:21:06Z" duration="0.040143" asserts="1" />
        <test-case id="1003" name="PlayerIsBankrupt" fullname="Test.Test.PlayerIsBankrupt" methodname="PlayerIsBankrupt" classname="Test.Test" runstate="Runnable" seed="540970861" result="Passed" start-time="2018-04-12 13:21:06Z" end-time="2018-04-12 13:21:06Z" duration="0.002078" asserts="1" />
        <test-case id="1033" name="PlayerPayFineImmediately" fullname="Test.Test.PlayerPayFineImmediately" methodname="PlayerPayFineImmediately" classname="Test.Test" runstate="Runnable" seed="1918767376" result="Passed" start-time="2018-04-12 13:21:06Z" end-time="2018-04-12 13:21:06Z" duration="0.010635" asserts="2" />
        <test-case id="1017" name="TestAuctionField" fullname="Test.Test.TestAuctionField" methodname="TestAuctionField" classname="Test.Test" runstate="Runnable" seed="1561676744" result="Passed" start-time="2018-04-12 13:21:06Z" end-time="2018-04-12 13:21:06Z" duration="0.002375" asserts="2" />
        <test-case id="1024" name="TestBuyAndRentSupplierField" fullname="Test.Test.TestBuyAndRentSupplierField" methodname="TestBuyAndRentSupplierField" classname="Test.Test" runstate="Runnable" seed="2119311412" result="Passed" start-time="2018-04-12 13:21:06Z" end-time="2018-04-12 13:21:06Z" duration="0.002911" asserts="1" />
        <test-case id="1008" name="TestBuyCurrentField" fullname="Test.Test.TestBuyCurrentField" methodname="TestBuyCurrentField" classname="Test.Test" runstate="Runnable" seed="143474128" result="Passed" start-time="2018-04-12 13:21:06Z" end-time="2018-04-12 13:21:06Z" duration="0.001534" asserts="3" />
        <test-case id="1016" name="TestBuyInAuction" fullname="Test.Test.TestBuyInAuction" methodname="TestBuyInAuction" classname="Test.Test" runstate="Runnable" seed="88304857" result="Passed" start-time="2018-04-12 13:21:06Z" end-time="2018-04-12 13:21:06Z" duration="0.000517" asserts="2" />
        <test-case id="1027" name="TestBuySupplierFieldInAuction" fullname="Test.Test.TestBuySupplierFieldInAuction" methodname="TestBuySupplierFieldInAuction" classname="Test.Test" runstate="Runnable" seed="243772979" result="Passed" start-time="2018-04-12 13:21:06Z" end-time="2018-04-12 13:21:06Z" duration="0.001214" asserts="2" />
        <test-case id="1002" name="TestCrossedStartField" fullname="Test.Test.TestCrossedStartField" methodname="TestCrossedStartField" classname="Test.Test" runstate="Runnable" seed="20213336" result="Passed" start-time="2018-04-12 13:21:06Z" end-time="2018-04-12 13:21:06Z" duration="0.009066" asserts="1" />
        <test-case id="1014" name="TestExChangeFieldMoney" fullname="Test.Test.TestExChangeFieldMoney" methodname="TestExChangeFieldMoney" classname="Test.Test" runstate="Runnable" seed="1781399310" result="Passed" start-time="2018-04-12 13:21:06Z" end-time="2018-04-12 13:21:06Z" duration="0.001200" asserts="5" />
        <test-case id="1015" name="TestExChangeFieldwithField" fullname="Test.Test.TestExChangeFieldwithField" methodname="TestExChangeFieldwithField" classname="Test.Test" runstate="Runnable" seed="2111744739" result="Passed" start-time="2018-04-12 13:21:06Z" end-time="2018-04-12 13:21:06Z" duration="0.000884" asserts="2" />
        <test-case id="1029" name="TestexChangeSupplierFieldMoney" fullname="Test.Test.TestexChangeSupplierFieldMoney" methodname="TestexChangeSupplierFieldMoney" classname="Test.Test" runstate="Runnable" seed="494983763" result="Passed" start-time="2018-04-12 13:21:06Z" end-time="2018-04-12 13:21:06Z" duration="0.001017" asserts="5" />
        <test-case id="1028" name="TestExChangeSupplierFieldwithField" fullname="Test.Test.TestExChangeSupplierFieldwithField" methodname="TestExChangeSupplierFieldwithField" classname="Test.Test" runstate="Runnable" seed="866016182" result="Passed" start-time="2018-04-12 13:21:06Z" end-time="2018-04-12 13:21:06Z" duration="0.000863" asserts="2" />
        <test-case id="1021" name="TestExChangeTrainStationFieldMoney" fullname="Test.Test.TestExChangeTrainStationFieldMoney" methodname="TestExChangeTrainStationFieldMoney" classname="Test.Test" runstate="Runnable" seed="1814218753" result="Passed" start-time="2018-04-12 13:21:06Z" end-time="2018-04-12 13:21:06Z" duration="0.002174" asserts="5" />
        <test-case id="1022" name="TestExChangeTrainStationFieldwithField" fullname="Test.Test.TestExChangeTrainStationFieldwithField" methodname="TestExChangeTrainStationFieldwithField" classname="Test.Test" runstate="Runnable" seed="1441073783" result="Passed" start-time="2018-04-12 13:21:06Z" end-time="2018-04-12 13:21:06Z" duration="0.000922" asserts="2" />
        <test-case id="1004" name="TestGameOver" fullname="Test.Test.TestGameOver" methodname="TestGameOver" classname="Test.Test" runstate="Runnable" seed="398522023" result="Passed" start-time="2018-04-12 13:21:06Z" end-time="2018-04-12 13:21:06Z" duration="0.002978" asserts="2" />
        <test-case id="1035" name="TestGetMoneyFromPlayersCard" fullname="Test.Test.TestGetMoneyFromPlayersCard" methodname="TestGetMoneyFromPlayersCard" classname="Test.Test" runstate="Runnable" seed="1216458529" result="Passed" start-time="2018-04-12 13:21:06Z" end-time="2018-04-12 13:21:06Z" duration="0.000975" asserts="3" />
        <test-case id="1030" name="TestGoToJailField" fullname="Test.Test.TestGoToJailField" methodname="TestGoToJailField" classname="Test.Test" runstate="Runnable" seed="1885114977" result="Passed" start-time="2018-04-12 13:21:06Z" end-time="2018-04-12 13:21:06Z" duration="0.000605" asserts="3" />
        <test-case id="1034" name="TestMoneyCard" fullname="Test.Test.TestMoneyCard" methodname="TestMoneyCard" classname="Test.Test" runstate="Runnable" seed="988308696" result="Passed" start-time="2018-04-12 13:21:06Z" end-time="2018-04-12 13:21:06Z" duration="0.000589" asserts="1" />
        <test-case id="1001" name="TestNextTurn" fullname="Test.Test.TestNextTurn" methodname="TestNextTurn" classname="Test.Test" runstate="Runnable" seed="1242654947" result="Passed" start-time="2018-04-12 13:21:06Z" end-time="2018-04-12 13:21:06Z" duration="0.000666" asserts="3" />
        <test-case id="1013" name="TestPayOffMortage" fullname="Test.Test.TestPayOffMortage" methodname="TestPayOffMortage" classname="Test.Test" runstate="Runnable" seed="1575782537" result="Passed" start-time="2018-04-12 13:21:06Z" end-time="2018-04-12 13:21:06Z" duration="0.001864" asserts="5" />
        <test-case id="1026" name="TestPayOffMortageSupplierField" fullname="Test.Test.TestPayOffMortageSupplierField" methodname="TestPayOffMortageSupplierField" classname="Test.Test" runstate="Runnable" seed="1273425353" result="Passed" start-time="2018-04-12 13:21:06Z" end-time="2018-04-12 13:21:06Z" duration="0.001909" asserts="5" />
        <test-case id="1020" name="TestPayOffMortageTrainStation" fullname="Test.Test.TestPayOffMortageTrainStation" methodname="TestPayOffMortageTrainStation" classname="Test.Test" runstate="Runnable" seed="676130383" result="Passed" start-time="2018-04-12 13:21:06Z" end-time="2018-04-12 13:21:06Z" duration="0.001687" asserts="5" />
        <test-case id="1011" name="TestPayRent" fullname="Test.Test.TestPayRent" methodname="TestPayRent" classname="Test.Test" runstate="Runnable" seed="2048522320" result="Passed" start-time="2018-04-12 13:21:06Z" end-time="2018-04-12 13:21:06Z" duration="0.000556" asserts="2" />
        <test-case id="1031" name="TestPlayerThrowsDouble" fullname="Test.Test.TestPlayerThrowsDouble" methodname="TestPlayerThrowsDouble" classname="Test.Test" runstate="Runnable" seed="1674864422" result="Passed" start-time="2018-04-12 13:21:06Z" end-time="2018-04-12 13:21:06Z" duration="0.000586" asserts="3" />
        <test-case id="1032" name="TestPlayerTried3Times" fullname="Test.Test.TestPlayerTried3Times" methodname="TestPlayerTried3Times" classname="Test.Test" runstate="Runnable" seed="1862358335" result="Passed" start-time="2018-04-12 13:21:06Z" end-time="2018-04-12 13:21:06Z" duration="0.000618" asserts="4" />
        <test-case id="1007" name="TestRemovePlayer" fullname="Test.Test.TestRemovePlayer" methodname="TestRemovePlayer" classname="Test.Test" runstate="Runnable" seed="269272824" result="Passed" start-time="2018-04-12 13:21:06Z" end-time="2018-04-12 13:21:06Z" duration="0.001231" asserts="4" />
        <test-case id="1010" name="TestSellHouse" fullname="Test.Test.TestSellHouse" methodname="TestSellHouse" classname="Test.Test" runstate="Runnable" seed="304666479" result="Passed" start-time="2018-04-12 13:21:06Z" end-time="2018-04-12 13:21:06Z" duration="0.001328" asserts="4" />
        <test-case id="1006" name="TestSetPlayerPosition" fullname="Test.Test.TestSetPlayerPosition" methodname="TestSetPlayerPosition" classname="Test.Test" runstate="Runnable" seed="156130584" result="Passed" start-time="2018-04-12 13:21:06Z" end-time="2018-04-12 13:21:06Z" duration="0.000289" asserts="1" />
        <test-case id="1012" name="TestTakeMortage" fullname="Test.Test.TestTakeMortage" methodname="TestTakeMortage" classname="Test.Test" runstate="Runnable" seed="1546957394" result="Passed" start-time="2018-04-12 13:21:06Z" end-time="2018-04-12 13:21:06Z" duration="0.001882" asserts="7" />
        <test-case id="1025" name="TestTakeMortageSupplierField" fullname="Test.Test.TestTakeMortageSupplierField" methodname="TestTakeMortageSupplierField" classname="Test.Test" runstate="Runnable" seed="1753516740" result="Passed" start-time="2018-04-12 13:21:06Z" end-time="2018-04-12 13:21:06Z" duration="0.001339" asserts="6" />
        <test-case id="1019" name="TestTakeMortageTrainStation" fullname="Test.Test.TestTakeMortageTrainStation" methodname="TestTakeMortageTrainStation" classname="Test.Test" runstate="Runnable" seed="1552894770" result="Passed" start-time="2018-04-12 13:21:06Z" end-time="2018-04-12 13:21:06Z" duration="0.001320" asserts="6" />
        <test-case id="1018" name="TestTrainStationField" fullname="Test.Test.TestTrainStationField" methodname="TestTrainStationField" classname="Test.Test" runstate="Runnable" seed="2074013793" result="Passed" start-time="2018-04-12 13:21:06Z" end-time="2018-04-12 13:21:06Z" duration="0.001222" asserts="3" />
        <test-case id="1023" name="TestTrainStationFieldBuyInAuction" fullname="Test.Test.TestTrainStationFieldBuyInAuction" methodname="TestTrainStationFieldBuyInAuction" classname="Test.Test" runstate="Runnable" seed="1475773717" result="Passed" start-time="2018-04-12 13:21:06Z" end-time="2018-04-12 13:21:06Z" duration="0.000598" asserts="2" />
        <test-case id="1009" name="TestUpdateLevel" fullname="Test.Test.TestUpdateLevel" methodname="TestUpdateLevel" classname="Test.Test" runstate="Runnable" seed="958963119" result="Passed" start-time="2018-04-12 13:21:06Z" end-time="2018-04-12 13:21:06Z" duration="0.001524" asserts="6" />
      </test-suite>
    </test-suite>
  </test-suite>
</test-run>