<?xml version="1.0" encoding="utf-8"?>
<test-run id="2" name="Test.exe" fullname="C:/Users/jsiedersberger/Documents/GitHub/Monopoly2.0/Monopoly/Test/bin/Debug/Test.exe" testcasecount="34" result="Passed" start-time="2018-04-12 13:00:28Z" end-time="2018-04-12 13:00:29Z" duration="0.239836" total="34" passed="34" failed="0" inconclusive="0" skipped="0" asserts="108" random-seed="182518941">
  <command-line><![CDATA["C:\Users\jsiedersberger\Documents\GitHub\Monopoly2.0\Monopoly\Test\bin\Debug\Test.exe"   ]]></command-line>
  <filter />
  <test-suite type="Assembly" id="1035" name="Test.exe" fullname="C:/Users/jsiedersberger/Documents/GitHub/Monopoly2.0/Monopoly/Test/bin/Debug/Test.exe" runstate="Runnable" testcasecount="34" result="Passed" start-time="2018-04-12 13:00:28Z" end-time="2018-04-12 13:00:29Z" duration="0.239836" total="34" passed="34" failed="0" warnings="0" inconclusive="0" skipped="0" asserts="108">
    <environment framework-version="3.7.1.0" clr-version="4.0.30319.42000" os-version="Microsoft Windows NT 6.2.9200.0" platform="Win32NT" cwd="C:\Users\jsiedersberger\Documents\GitHub\Monopoly2.0\Monopoly\Test\bin\Debug" machine-name="W-SIEDERSB-10" user="jsiedersberger" user-domain="DE" culture="de-DE" uiculture="de-DE" os-architecture="x86" />
    <settings>
      <setting name="WorkDirectory" value="C:\Users\jsiedersberger\Documents\GitHub\Monopoly2.0\Monopoly\Test\bin\Debug" />
      <setting name="NumberOfTestWorkers" value="2" />
    </settings>
    <properties>
      <property name="_PID" value="9480" />
      <property name="_APPDOMAIN" value="Test.exe" />
    </properties>
    <test-suite type="TestSuite" id="1036" name="Test" fullname="Test" runstate="Runnable" testcasecount="34" result="Passed" start-time="2018-04-12 13:00:28Z" end-time="2018-04-12 13:00:29Z" duration="0.226611" total="34" passed="34" failed="0" warnings="0" inconclusive="0" skipped="0" asserts="108">
      <test-suite type="TestFixture" id="1000" name="Test" fullname="Test.Test" classname="Test.Test" runstate="Runnable" testcasecount="34" result="Passed" start-time="2018-04-12 13:00:28Z" end-time="2018-04-12 13:00:29Z" duration="0.222384" total="34" passed="34" failed="0" warnings="0" inconclusive="0" skipped="0" asserts="108">
        <test-case id="1005" name="PlayerDoesNotHaveEnoughMoney" fullname="Test.Test.PlayerDoesNotHaveEnoughMoney" methodname="PlayerDoesNotHaveEnoughMoney" classname="Test.Test" runstate="Runnable" seed="1135048268" result="Passed" start-time="2018-04-12 13:00:28Z" end-time="2018-04-12 13:00:28Z" duration="0.040191" asserts="1" />
        <test-case id="1003" name="PlayerIsBankrupt" fullname="Test.Test.PlayerIsBankrupt" methodname="PlayerIsBankrupt" classname="Test.Test" runstate="Runnable" seed="372199230" result="Passed" start-time="2018-04-12 13:00:28Z" end-time="2018-04-12 13:00:28Z" duration="0.002023" asserts="1" />
        <test-case id="1033" name="PlayerPayFineImmediately" fullname="Test.Test.PlayerPayFineImmediately" methodname="PlayerPayFineImmediately" classname="Test.Test" runstate="Runnable" seed="403539713" result="Passed" start-time="2018-04-12 13:00:28Z" end-time="2018-04-12 13:00:28Z" duration="0.009984" asserts="2" />
        <test-case id="1017" name="TestAuctionField" fullname="Test.Test.TestAuctionField" methodname="TestAuctionField" classname="Test.Test" runstate="Runnable" seed="1244896174" result="Passed" start-time="2018-04-12 13:00:28Z" end-time="2018-04-12 13:00:29Z" duration="0.002319" asserts="2" />
        <test-case id="1024" name="TestBuyAndRentSupplierField" fullname="Test.Test.TestBuyAndRentSupplierField" methodname="TestBuyAndRentSupplierField" classname="Test.Test" runstate="Runnable" seed="1719338884" result="Passed" start-time="2018-04-12 13:00:29Z" end-time="2018-04-12 13:00:29Z" duration="0.002768" asserts="1" />
        <test-case id="1008" name="TestBuyCurrentField" fullname="Test.Test.TestBuyCurrentField" methodname="TestBuyCurrentField" classname="Test.Test" runstate="Runnable" seed="221563526" result="Passed" start-time="2018-04-12 13:00:29Z" end-time="2018-04-12 13:00:29Z" duration="0.002741" asserts="3" />
        <test-case id="1016" name="TestBuyInAuction" fullname="Test.Test.TestBuyInAuction" methodname="TestBuyInAuction" classname="Test.Test" runstate="Runnable" seed="374091741" result="Passed" start-time="2018-04-12 13:00:29Z" end-time="2018-04-12 13:00:29Z" duration="0.000469" asserts="2" />
        <test-case id="1027" name="TestBuySupplierFieldInAuction" fullname="Test.Test.TestBuySupplierFieldInAuction" methodname="TestBuySupplierFieldInAuction" classname="Test.Test" runstate="Runnable" seed="1977831047" result="Passed" start-time="2018-04-12 13:00:29Z" end-time="2018-04-12 13:00:29Z" duration="0.000715" asserts="2" />
        <test-case id="1002" name="TestCrossedStartField" fullname="Test.Test.TestCrossedStartField" methodname="TestCrossedStartField" classname="Test.Test" runstate="Runnable" seed="1539580764" result="Passed" start-time="2018-04-12 13:00:29Z" end-time="2018-04-12 13:00:29Z" duration="0.008817" asserts="1" />
        <test-case id="1014" name="TestExChangeFieldMoney" fullname="Test.Test.TestExChangeFieldMoney" methodname="TestExChangeFieldMoney" classname="Test.Test" runstate="Runnable" seed="1799404420" result="Passed" start-time="2018-04-12 13:00:29Z" end-time="2018-04-12 13:00:29Z" duration="0.001216" asserts="5" />
        <test-case id="1015" name="TestExChangeFieldwithField" fullname="Test.Test.TestExChangeFieldwithField" methodname="TestExChangeFieldwithField" classname="Test.Test" runstate="Runnable" seed="1515332647" result="Passed" start-time="2018-04-12 13:00:29Z" end-time="2018-04-12 13:00:29Z" duration="0.000829" asserts="2" />
        <test-case id="1029" name="TestexChangeSupplierFieldMoney" fullname="Test.Test.TestexChangeSupplierFieldMoney" methodname="TestexChangeSupplierFieldMoney" classname="Test.Test" runstate="Runnable" seed="563221351" result="Passed" start-time="2018-04-12 13:00:29Z" end-time="2018-04-12 13:00:29Z" duration="0.000933" asserts="5" />
        <test-case id="1028" name="TestExChangeSupplierFieldwithField" fullname="Test.Test.TestExChangeSupplierFieldwithField" methodname="TestExChangeSupplierFieldwithField" classname="Test.Test" runstate="Runnable" seed="2094331604" result="Passed" start-time="2018-04-12 13:00:29Z" end-time="2018-04-12 13:00:29Z" duration="0.000785" asserts="2" />
        <test-case id="1021" name="TestExChangeTrainStationFieldMoney" fullname="Test.Test.TestExChangeTrainStationFieldMoney" methodname="TestExChangeTrainStationFieldMoney" classname="Test.Test" runstate="Runnable" seed="50324447" result="Passed" start-time="2018-04-12 13:00:29Z" end-time="2018-04-12 13:00:29Z" duration="0.002042" asserts="5" />
        <test-case id="1022" name="TestExChangeTrainStationFieldwithField" fullname="Test.Test.TestExChangeTrainStationFieldwithField" methodname="TestExChangeTrainStationFieldwithField" classname="Test.Test" runstate="Runnable" seed="480779741" result="Passed" start-time="2018-04-12 13:00:29Z" end-time="2018-04-12 13:00:29Z" duration="0.000776" asserts="2" />
        <test-case id="1004" name="TestGameOver" fullname="Test.Test.TestGameOver" methodname="TestGameOver" classname="Test.Test" runstate="Runnable" seed="829036414" result="Passed" start-time="2018-04-12 13:00:29Z" end-time="2018-04-12 13:00:29Z" duration="0.002697" asserts="2" />
        <test-case id="1030" name="TestGoToJailField" fullname="Test.Test.TestGoToJailField" methodname="TestGoToJailField" classname="Test.Test" runstate="Runnable" seed="1020029443" result="Passed" start-time="2018-04-12 13:00:29Z" end-time="2018-04-12 13:00:29Z" duration="0.000490" asserts="3" />
        <test-case id="1034" name="TestMoneyCard" fullname="Test.Test.TestMoneyCard" methodname="TestMoneyCard" classname="Test.Test" runstate="Runnable" seed="473017318" result="Passed" start-time="2018-04-12 13:00:29Z" end-time="2018-04-12 13:00:29Z" duration="0.000601" asserts="1" />
        <test-case id="1001" name="TestNextTurn" fullname="Test.Test.TestNextTurn" methodname="TestNextTurn" classname="Test.Test" runstate="Runnable" seed="1045207657" result="Passed" start-time="2018-04-12 13:00:29Z" end-time="2018-04-12 13:00:29Z" duration="0.000449" asserts="3" />
        <test-case id="1013" name="TestPayOffMortage" fullname="Test.Test.TestPayOffMortage" methodname="TestPayOffMortage" classname="Test.Test" runstate="Runnable" seed="653129360" result="Passed" start-time="2018-04-12 13:00:29Z" end-time="2018-04-12 13:00:29Z" duration="0.001655" asserts="5" />
        <test-case id="1026" name="TestPayOffMortageSupplierField" fullname="Test.Test.TestPayOffMortageSupplierField" methodname="TestPayOffMortageSupplierField" classname="Test.Test" runstate="Runnable" seed="550778506" result="Passed" start-time="2018-04-12 13:00:29Z" end-time="2018-04-12 13:00:29Z" duration="0.001603" asserts="5" />
        <test-case id="1020" name="TestPayOffMortageTrainStation" fullname="Test.Test.TestPayOffMortageTrainStation" methodname="TestPayOffMortageTrainStation" classname="Test.Test" runstate="Runnable" seed="864030076" result="Passed" start-time="2018-04-12 13:00:29Z" end-time="2018-04-12 13:00:29Z" duration="0.001663" asserts="5" />
        <test-case id="1011" name="TestPayRent" fullname="Test.Test.TestPayRent" methodname="TestPayRent" classname="Test.Test" runstate="Runnable" seed="1246755682" result="Passed" start-time="2018-04-12 13:00:29Z" end-time="2018-04-12 13:00:29Z" duration="0.000559" asserts="2" />
        <test-case id="1031" name="TestPlayerThrowsDouble" fullname="Test.Test.TestPlayerThrowsDouble" methodname="TestPlayerThrowsDouble" classname="Test.Test" runstate="Runnable" seed="662417507" result="Passed" start-time="2018-04-12 13:00:29Z" end-time="2018-04-12 13:00:29Z" duration="0.000626" asserts="3" />
        <test-case id="1032" name="TestPlayerTried3Times" fullname="Test.Test.TestPlayerTried3Times" methodname="TestPlayerTried3Times" classname="Test.Test" runstate="Runnable" seed="718694615" result="Passed" start-time="2018-04-12 13:00:29Z" end-time="2018-04-12 13:00:29Z" duration="0.000662" asserts="4" />
        <test-case id="1007" name="TestRemovePlayer" fullname="Test.Test.TestRemovePlayer" methodname="TestRemovePlayer" classname="Test.Test" runstate="Runnable" seed="83659785" result="Passed" start-time="2018-04-12 13:00:29Z" end-time="2018-04-12 13:00:29Z" duration="0.001169" asserts="4" />
        <test-case id="1010" name="TestSellHouse" fullname="Test.Test.TestSellHouse" methodname="TestSellHouse" classname="Test.Test" runstate="Runnable" seed="1753710582" result="Passed" start-time="2018-04-12 13:00:29Z" end-time="2018-04-12 13:00:29Z" duration="0.001298" asserts="4" />
        <test-case id="1006" name="TestSetPlayerPosition" fullname="Test.Test.TestSetPlayerPosition" methodname="TestSetPlayerPosition" classname="Test.Test" runstate="Runnable" seed="1594994309" result="Passed" start-time="2018-04-12 13:00:29Z" end-time="2018-04-12 13:00:29Z" duration="0.000353" asserts="1" />
        <test-case id="1012" name="TestTakeMortage" fullname="Test.Test.TestTakeMortage" methodname="TestTakeMortage" classname="Test.Test" runstate="Runnable" seed="993099640" result="Passed" start-time="2018-04-12 13:00:29Z" end-time="2018-04-12 13:00:29Z" duration="0.001681" asserts="7" />
        <test-case id="1025" name="TestTakeMortageSupplierField" fullname="Test.Test.TestTakeMortageSupplierField" methodname="TestTakeMortageSupplierField" classname="Test.Test" runstate="Runnable" seed="1056070803" result="Passed" start-time="2018-04-12 13:00:29Z" end-time="2018-04-12 13:00:29Z" duration="0.001586" asserts="6" />
        <test-case id="1019" name="TestTakeMortageTrainStation" fullname="Test.Test.TestTakeMortageTrainStation" methodname="TestTakeMortageTrainStation" classname="Test.Test" runstate="Runnable" seed="643422109" result="Passed" start-time="2018-04-12 13:00:29Z" end-time="2018-04-12 13:00:29Z" duration="0.001373" asserts="6" />
        <test-case id="1018" name="TestTrainStationField" fullname="Test.Test.TestTrainStationField" methodname="TestTrainStationField" classname="Test.Test" runstate="Runnable" seed="1494842904" result="Passed" start-time="2018-04-12 13:00:29Z" end-time="2018-04-12 13:00:29Z" duration="0.001484" asserts="3" />
        <test-case id="1023" name="TestTrainStationFieldBuyInAuction" fullname="Test.Test.TestTrainStationFieldBuyInAuction" methodname="TestTrainStationFieldBuyInAuction" classname="Test.Test" runstate="Runnable" seed="329802039" result="Passed" start-time="2018-04-12 13:00:29Z" end-time="2018-04-12 13:00:29Z" duration="0.000640" asserts="2" />
        <test-case id="1009" name="TestUpdateLevel" fullname="Test.Test.TestUpdateLevel" methodname="TestUpdateLevel" classname="Test.Test" runstate="Runnable" seed="1471893421" result="Passed" start-time="2018-04-12 13:00:29Z" end-time="2018-04-12 13:00:29Z" duration="0.001536" asserts="6" />
      </test-suite>
    </test-suite>
  </test-suite>
</test-run>