<?xml version="1.0" encoding="utf-8"?>
<test-run id="2" name="Test.exe" fullname="C:/Users/jsiedersberger/Documents/GitHub/Monopoly2.0/Monopoly/Test/bin/Debug/Test.exe" testcasecount="16" result="Passed" start-time="2018-04-11 06:00:29Z" end-time="2018-04-11 06:00:30Z" duration="0.578521" total="16" passed="16" failed="0" inconclusive="0" skipped="0" asserts="49" random-seed="1515674584">
  <command-line><![CDATA["C:\Users\jsiedersberger\Documents\GitHub\Monopoly2.0\Monopoly\Test\bin\Debug\Test.exe"   ]]></command-line>
  <filter />
  <test-suite type="Assembly" id="1017" name="Test.exe" fullname="C:/Users/jsiedersberger/Documents/GitHub/Monopoly2.0/Monopoly/Test/bin/Debug/Test.exe" runstate="Runnable" testcasecount="16" result="Passed" start-time="2018-04-11 06:00:29Z" end-time="2018-04-11 06:00:30Z" duration="0.578521" total="16" passed="16" failed="0" warnings="0" inconclusive="0" skipped="0" asserts="49">
    <environment framework-version="3.7.1.0" clr-version="4.0.30319.42000" os-version="Microsoft Windows NT 6.2.9200.0" platform="Win32NT" cwd="C:\Users\jsiedersberger\Documents\GitHub\Monopoly2.0\Monopoly\Test\bin\Debug" machine-name="W-SIEDERSB-10" user="jsiedersberger" user-domain="DE" culture="de-DE" uiculture="de-DE" os-architecture="x86" />
    <settings>
      <setting name="WorkDirectory" value="C:\Users\jsiedersberger\Documents\GitHub\Monopoly2.0\Monopoly\Test\bin\Debug" />
      <setting name="NumberOfTestWorkers" value="2" />
    </settings>
    <properties>
      <property name="_PID" value="10044" />
      <property name="_APPDOMAIN" value="Test.exe" />
    </properties>
    <test-suite type="TestSuite" id="1018" name="Test" fullname="Test" runstate="Runnable" testcasecount="16" result="Passed" start-time="2018-04-11 06:00:29Z" end-time="2018-04-11 06:00:30Z" duration="0.547944" total="16" passed="16" failed="0" warnings="0" inconclusive="0" skipped="0" asserts="49">
      <test-suite type="TestFixture" id="1000" name="Test" fullname="Test.Test" classname="Test.Test" runstate="Runnable" testcasecount="16" result="Passed" start-time="2018-04-11 06:00:29Z" end-time="2018-04-11 06:00:30Z" duration="0.517155" total="16" passed="16" failed="0" warnings="0" inconclusive="0" skipped="0" asserts="49">
        <test-case id="1014" name="PlayerDoesNotHaveEnoughMoney" fullname="Test.Test.PlayerDoesNotHaveEnoughMoney" methodname="PlayerDoesNotHaveEnoughMoney" classname="Test.Test" runstate="Runnable" seed="735184537" result="Passed" start-time="2018-04-11 06:00:29Z" end-time="2018-04-11 06:00:29Z" duration="0.029133" asserts="1" />
        <test-case id="1013" name="PlayerIsBankrupt" fullname="Test.Test.PlayerIsBankrupt" methodname="PlayerIsBankrupt" classname="Test.Test" runstate="Runnable" seed="737675909" result="Passed" start-time="2018-04-11 06:00:29Z" end-time="2018-04-11 06:00:29Z" duration="0.002084" asserts="1" />
        <test-case id="1016" name="TestAuctionField" fullname="Test.Test.TestAuctionField" methodname="TestAuctionField" classname="Test.Test" runstate="Runnable" seed="1758328555" result="Passed" start-time="2018-04-11 06:00:29Z" end-time="2018-04-11 06:00:29Z" duration="0.010663" asserts="2" />
        <test-case id="1002" name="TestBuyCurrentField" fullname="Test.Test.TestBuyCurrentField" methodname="TestBuyCurrentField" classname="Test.Test" runstate="Runnable" seed="1436218525" result="Passed" start-time="2018-04-11 06:00:30Z" end-time="2018-04-11 06:00:30Z" duration="0.001624" asserts="3" />
        <test-case id="1012" name="TestBuyInAuction" fullname="Test.Test.TestBuyInAuction" methodname="TestBuyInAuction" classname="Test.Test" runstate="Runnable" seed="912240753" result="Passed" start-time="2018-04-11 06:00:30Z" end-time="2018-04-11 06:00:30Z" duration="0.000638" asserts="2" />
        <test-case id="1006" name="TestCrossedStartField" fullname="Test.Test.TestCrossedStartField" methodname="TestCrossedStartField" classname="Test.Test" runstate="Runnable" seed="1656174608" result="Passed" start-time="2018-04-11 06:00:30Z" end-time="2018-04-11 06:00:30Z" duration="0.009117" asserts="1" />
        <test-case id="1010" name="TestExChangeFieldMoney" fullname="Test.Test.TestExChangeFieldMoney" methodname="TestExChangeFieldMoney" classname="Test.Test" runstate="Runnable" seed="1239222409" result="Passed" start-time="2018-04-11 06:00:30Z" end-time="2018-04-11 06:00:30Z" duration="0.001376" asserts="5" />
        <test-case id="1011" name="TestExChangeFieldwithField" fullname="Test.Test.TestExChangeFieldwithField" methodname="TestExChangeFieldwithField" classname="Test.Test" runstate="Runnable" seed="498479920" result="Passed" start-time="2018-04-11 06:00:30Z" end-time="2018-04-11 06:00:30Z" duration="0.001009" asserts="2" />
        <test-case id="1001" name="TestNextTurn" fullname="Test.Test.TestNextTurn" methodname="TestNextTurn" classname="Test.Test" runstate="Runnable" seed="1215561395" result="Passed" start-time="2018-04-11 06:00:30Z" end-time="2018-04-11 06:00:30Z" duration="0.000601" asserts="3" />
        <test-case id="1008" name="TestPayOffMortage" fullname="Test.Test.TestPayOffMortage" methodname="TestPayOffMortage" classname="Test.Test" runstate="Runnable" seed="639412189" result="Passed" start-time="2018-04-11 06:00:30Z" end-time="2018-04-11 06:00:30Z" duration="0.001937" asserts="5" />
        <test-case id="1004" name="TestPayRent" fullname="Test.Test.TestPayRent" methodname="TestPayRent" classname="Test.Test" runstate="Runnable" seed="1446227424" result="Passed" start-time="2018-04-11 06:00:30Z" end-time="2018-04-11 06:00:30Z" duration="0.000704" asserts="2" />
        <test-case id="1015" name="TestRemovePlayer1" fullname="Test.Test.TestRemovePlayer1" methodname="TestRemovePlayer1" classname="Test.Test" runstate="Runnable" seed="768314341" result="Passed" start-time="2018-04-11 06:00:30Z" end-time="2018-04-11 06:00:30Z" duration="0.002333" asserts="4" />
        <test-case id="1009" name="TestSellHouse" fullname="Test.Test.TestSellHouse" methodname="TestSellHouse" classname="Test.Test" runstate="Runnable" seed="233597805" result="Passed" start-time="2018-04-11 06:00:30Z" end-time="2018-04-11 06:00:30Z" duration="0.001533" asserts="4" />
        <test-case id="1005" name="TestSetPlayerPosition" fullname="Test.Test.TestSetPlayerPosition" methodname="TestSetPlayerPosition" classname="Test.Test" runstate="Runnable" seed="804796629" result="Passed" start-time="2018-04-11 06:00:30Z" end-time="2018-04-11 06:00:30Z" duration="0.000467" asserts="1" />
        <test-case id="1007" name="TestTakeMortage" fullname="Test.Test.TestTakeMortage" methodname="TestTakeMortage" classname="Test.Test" runstate="Runnable" seed="209560890" result="Passed" start-time="2018-04-11 06:00:30Z" end-time="2018-04-11 06:00:30Z" duration="0.002317" asserts="7" />
        <test-case id="1003" name="TestUpdateLevel" fullname="Test.Test.TestUpdateLevel" methodname="TestUpdateLevel" classname="Test.Test" runstate="Runnable" seed="1260502202" result="Passed" start-time="2018-04-11 06:00:30Z" end-time="2018-04-11 06:00:30Z" duration="0.002002" asserts="6" />
      </test-suite>
    </test-suite>
  </test-suite>
</test-run>