<?xml version="1.0" encoding="utf-8"?>
<test-run id="2" name="Test.exe" fullname="C:/Users/jsiedersberger/Documents/GitHub/Monopoly2.0/Monopoly/Test/bin/Debug/Test.exe" testcasecount="5" result="Passed" start-time="2018-03-26 10:00:13Z" end-time="2018-03-26 10:00:13Z" duration="0.074842" total="5" passed="5" failed="0" inconclusive="0" skipped="0" asserts="9" random-seed="1461251481">
  <command-line><![CDATA["C:\Users\jsiedersberger\Documents\GitHub\Monopoly2.0\Monopoly\Test\bin\Debug\Test.exe"   ]]></command-line>
  <filter />
  <test-suite type="Assembly" id="1006" name="Test.exe" fullname="C:/Users/jsiedersberger/Documents/GitHub/Monopoly2.0/Monopoly/Test/bin/Debug/Test.exe" runstate="Runnable" testcasecount="5" result="Passed" start-time="2018-03-26 10:00:13Z" end-time="2018-03-26 10:00:13Z" duration="0.074842" total="5" passed="5" failed="0" warnings="0" inconclusive="0" skipped="0" asserts="9">
    <environment framework-version="3.7.1.0" clr-version="4.0.30319.42000" os-version="Microsoft Windows NT 6.2.9200.0" platform="Win32NT" cwd="C:\Users\jsiedersberger\Documents\GitHub\Monopoly2.0\Monopoly\Test\bin\Debug" machine-name="W-SIEDERSB-10" user="jsiedersberger" user-domain="DE" culture="de-DE" uiculture="de-DE" os-architecture="x86" />
    <settings>
      <setting name="WorkDirectory" value="C:\Users\jsiedersberger\Documents\GitHub\Monopoly2.0\Monopoly\Test\bin\Debug" />
      <setting name="NumberOfTestWorkers" value="2" />
    </settings>
    <properties>
      <property name="_PID" value="11160" />
      <property name="_APPDOMAIN" value="Test.exe" />
    </properties>
    <test-suite type="TestSuite" id="1007" name="Test" fullname="Test" runstate="Runnable" testcasecount="5" result="Passed" start-time="2018-03-26 10:00:13Z" end-time="2018-03-26 10:00:13Z" duration="0.060833" total="5" passed="5" failed="0" warnings="0" inconclusive="0" skipped="0" asserts="9">
      <test-suite type="TestFixture" id="1000" name="Test" fullname="Test.Test" classname="Test.Test" runstate="Runnable" testcasecount="5" result="Passed" start-time="2018-03-26 10:00:13Z" end-time="2018-03-26 10:00:13Z" duration="0.056382" total="5" passed="5" failed="0" warnings="0" inconclusive="0" skipped="0" asserts="9">
        <test-case id="1002" name="TestBuyCurrentField" fullname="Test.Test.TestBuyCurrentField" methodname="TestBuyCurrentField" classname="Test.Test" runstate="Runnable" seed="887655067" result="Passed" start-time="2018-03-26 10:00:13Z" end-time="2018-03-26 10:00:13Z" duration="0.028138" asserts="2" />
        <test-case id="1001" name="TestNextTurn" fullname="Test.Test.TestNextTurn" methodname="TestNextTurn" classname="Test.Test" runstate="Runnable" seed="453087350" result="Passed" start-time="2018-03-26 10:00:13Z" end-time="2018-03-26 10:00:13Z" duration="0.000489" asserts="3" />
        <test-case id="1004" name="TestPayRent" fullname="Test.Test.TestPayRent" methodname="TestPayRent" classname="Test.Test" runstate="Runnable" seed="724151216" result="Passed" start-time="2018-03-26 10:00:13Z" end-time="2018-03-26 10:00:13Z" duration="0.001950" asserts="1" />
        <test-case id="1005" name="TestSetPlayerPosition" fullname="Test.Test.TestSetPlayerPosition" methodname="TestSetPlayerPosition" classname="Test.Test" runstate="Runnable" seed="520962187" result="Passed" start-time="2018-03-26 10:00:13Z" end-time="2018-03-26 10:00:13Z" duration="0.000398" asserts="1" />
        <test-case id="1003" name="TestUpdateLevel" fullname="Test.Test.TestUpdateLevel" methodname="TestUpdateLevel" classname="Test.Test" runstate="Runnable" seed="1043639826" result="Passed" start-time="2018-03-26 10:00:13Z" end-time="2018-03-26 10:00:13Z" duration="0.000426" asserts="2" />
      </test-suite>
    </test-suite>
  </test-suite>
</test-run>