<?xml version="1.0" encoding="utf-8"?>
<test-run id="2" name="Test.exe" fullname="C:/Users/jsiedersberger/Documents/GitHub/Monopoly2.0/Monopoly/Test/bin/Debug/Test.exe" testcasecount="23" result="Passed" start-time="2018-04-11 08:22:25Z" end-time="2018-04-11 08:22:25Z" duration="0.187635" total="23" passed="23" failed="0" inconclusive="0" skipped="0" asserts="74" random-seed="1486032750">
  <command-line><![CDATA["C:\Users\jsiedersberger\Documents\GitHub\Monopoly2.0\Monopoly\Test\bin\Debug\Test.exe"   ]]></command-line>
  <filter />
  <test-suite type="Assembly" id="1024" name="Test.exe" fullname="C:/Users/jsiedersberger/Documents/GitHub/Monopoly2.0/Monopoly/Test/bin/Debug/Test.exe" runstate="Runnable" testcasecount="23" result="Passed" start-time="2018-04-11 08:22:25Z" end-time="2018-04-11 08:22:25Z" duration="0.187635" total="23" passed="23" failed="0" warnings="0" inconclusive="0" skipped="0" asserts="74">
    <environment framework-version="3.7.1.0" clr-version="4.0.30319.42000" os-version="Microsoft Windows NT 6.2.9200.0" platform="Win32NT" cwd="C:\Users\jsiedersberger\Documents\GitHub\Monopoly2.0\Monopoly\Test\bin\Debug" machine-name="W-SIEDERSB-10" user="jsiedersberger" user-domain="DE" culture="de-DE" uiculture="de-DE" os-architecture="x86" />
    <settings>
      <setting name="WorkDirectory" value="C:\Users\jsiedersberger\Documents\GitHub\Monopoly2.0\Monopoly\Test\bin\Debug" />
      <setting name="NumberOfTestWorkers" value="2" />
    </settings>
    <properties>
      <property name="_PID" value="6908" />
      <property name="_APPDOMAIN" value="Test.exe" />
    </properties>
    <test-suite type="TestSuite" id="1025" name="Test" fullname="Test" runstate="Runnable" testcasecount="23" result="Passed" start-time="2018-04-11 08:22:25Z" end-time="2018-04-11 08:22:25Z" duration="0.173767" total="23" passed="23" failed="0" warnings="0" inconclusive="0" skipped="0" asserts="74">
      <test-suite type="TestFixture" id="1000" name="Test" fullname="Test.Test" classname="Test.Test" runstate="Runnable" testcasecount="23" result="Passed" start-time="2018-04-11 08:22:25Z" end-time="2018-04-11 08:22:25Z" duration="0.169533" total="23" passed="23" failed="0" warnings="0" inconclusive="0" skipped="0" asserts="74">
        <test-case id="1005" name="PlayerDoesNotHaveEnoughMoney" fullname="Test.Test.PlayerDoesNotHaveEnoughMoney" methodname="PlayerDoesNotHaveEnoughMoney" classname="Test.Test" runstate="Runnable" seed="244213138" result="Passed" start-time="2018-04-11 08:22:25Z" end-time="2018-04-11 08:22:25Z" duration="0.031296" asserts="1" />
        <test-case id="1003" name="PlayerIsBankrupt" fullname="Test.Test.PlayerIsBankrupt" methodname="PlayerIsBankrupt" classname="Test.Test" runstate="Runnable" seed="1854582298" result="Passed" start-time="2018-04-11 08:22:25Z" end-time="2018-04-11 08:22:25Z" duration="0.002123" asserts="1" />
        <test-case id="1015" name="TestAuctionField" fullname="Test.Test.TestAuctionField" methodname="TestAuctionField" classname="Test.Test" runstate="Runnable" seed="1357985934" result="Passed" start-time="2018-04-11 08:22:25Z" end-time="2018-04-11 08:22:25Z" duration="0.010649" asserts="2" />
        <test-case id="1006" name="TestBuyCurrentField" fullname="Test.Test.TestBuyCurrentField" methodname="TestBuyCurrentField" classname="Test.Test" runstate="Runnable" seed="577891560" result="Passed" start-time="2018-04-11 08:22:25Z" end-time="2018-04-11 08:22:25Z" duration="0.001661" asserts="3" />
        <test-case id="1014" name="TestBuyInAuction" fullname="Test.Test.TestBuyInAuction" methodname="TestBuyInAuction" classname="Test.Test" runstate="Runnable" seed="1642752356" result="Passed" start-time="2018-04-11 08:22:25Z" end-time="2018-04-11 08:22:25Z" duration="0.000775" asserts="2" />
        <test-case id="1002" name="TestCrossedStartField" fullname="Test.Test.TestCrossedStartField" methodname="TestCrossedStartField" classname="Test.Test" runstate="Runnable" seed="185307649" result="Passed" start-time="2018-04-11 08:22:25Z" end-time="2018-04-11 08:22:25Z" duration="0.010583" asserts="1" />
        <test-case id="1012" name="TestExChangeFieldMoney" fullname="Test.Test.TestExChangeFieldMoney" methodname="TestExChangeFieldMoney" classname="Test.Test" runstate="Runnable" seed="949557072" result="Passed" start-time="2018-04-11 08:22:25Z" end-time="2018-04-11 08:22:25Z" duration="0.001363" asserts="5" />
        <test-case id="1013" name="TestExChangeFieldwithField" fullname="Test.Test.TestExChangeFieldwithField" methodname="TestExChangeFieldwithField" classname="Test.Test" runstate="Runnable" seed="826337610" result="Passed" start-time="2018-04-11 08:22:25Z" end-time="2018-04-11 08:22:25Z" duration="0.001133" asserts="2" />
        <test-case id="1019" name="TestExChangeTrainStationFieldMoney" fullname="Test.Test.TestExChangeTrainStationFieldMoney" methodname="TestExChangeTrainStationFieldMoney" classname="Test.Test" runstate="Runnable" seed="1208101304" result="Passed" start-time="2018-04-11 08:22:25Z" end-time="2018-04-11 08:22:25Z" duration="0.002287" asserts="5" />
        <test-case id="1020" name="TestExChangeTrainStationFieldwithField" fullname="Test.Test.TestExChangeTrainStationFieldwithField" methodname="TestExChangeTrainStationFieldwithField" classname="Test.Test" runstate="Runnable" seed="1293757217" result="Passed" start-time="2018-04-11 08:22:25Z" end-time="2018-04-11 08:22:25Z" duration="0.000753" asserts="2" />
        <test-case id="1004" name="TestGameOver" fullname="Test.Test.TestGameOver" methodname="TestGameOver" classname="Test.Test" runstate="Runnable" seed="1555311309" result="Passed" start-time="2018-04-11 08:22:25Z" end-time="2018-04-11 08:22:25Z" duration="0.002727" asserts="2" />
        <test-case id="1001" name="TestNextTurn" fullname="Test.Test.TestNextTurn" methodname="TestNextTurn" classname="Test.Test" runstate="Runnable" seed="700827372" result="Passed" start-time="2018-04-11 08:22:25Z" end-time="2018-04-11 08:22:25Z" duration="0.000416" asserts="3" />
        <test-case id="1011" name="TestPayOffMortage" fullname="Test.Test.TestPayOffMortage" methodname="TestPayOffMortage" classname="Test.Test" runstate="Runnable" seed="2136777680" result="Passed" start-time="2018-04-11 08:22:25Z" end-time="2018-04-11 08:22:25Z" duration="0.001674" asserts="5" />
        <test-case id="1018" name="TestPayOffMortageTrainStation" fullname="Test.Test.TestPayOffMortageTrainStation" methodname="TestPayOffMortageTrainStation" classname="Test.Test" runstate="Runnable" seed="897666721" result="Passed" start-time="2018-04-11 08:22:25Z" end-time="2018-04-11 08:22:25Z" duration="0.001640" asserts="5" />
        <test-case id="1009" name="TestPayRent" fullname="Test.Test.TestPayRent" methodname="TestPayRent" classname="Test.Test" runstate="Runnable" seed="1990997925" result="Passed" start-time="2018-04-11 08:22:25Z" end-time="2018-04-11 08:22:25Z" duration="0.000490" asserts="2" />
        <test-case id="1023" name="TestRemovePlayer" fullname="Test.Test.TestRemovePlayer" methodname="TestRemovePlayer" classname="Test.Test" runstate="Runnable" seed="38085120" result="Passed" start-time="2018-04-11 08:22:25Z" end-time="2018-04-11 08:22:25Z" duration="0.001194" asserts="4" />
        <test-case id="1008" name="TestSellHouse" fullname="Test.Test.TestSellHouse" methodname="TestSellHouse" classname="Test.Test" runstate="Runnable" seed="23938291" result="Passed" start-time="2018-04-11 08:22:25Z" end-time="2018-04-11 08:22:25Z" duration="0.001306" asserts="4" />
        <test-case id="1022" name="TestSetPlayerPosition" fullname="Test.Test.TestSetPlayerPosition" methodname="TestSetPlayerPosition" classname="Test.Test" runstate="Runnable" seed="357115634" result="Passed" start-time="2018-04-11 08:22:25Z" end-time="2018-04-11 08:22:25Z" duration="0.000266" asserts="1" />
        <test-case id="1010" name="TestTakeMortage" fullname="Test.Test.TestTakeMortage" methodname="TestTakeMortage" classname="Test.Test" runstate="Runnable" seed="1414398669" result="Passed" start-time="2018-04-11 08:22:25Z" end-time="2018-04-11 08:22:25Z" duration="0.001610" asserts="7" />
        <test-case id="1017" name="TestTakeMortageTrainStation" fullname="Test.Test.TestTakeMortageTrainStation" methodname="TestTakeMortageTrainStation" classname="Test.Test" runstate="Runnable" seed="1214047913" result="Passed" start-time="2018-04-11 08:22:25Z" end-time="2018-04-11 08:22:25Z" duration="0.001625" asserts="6" />
        <test-case id="1016" name="TestTrainStationField" fullname="Test.Test.TestTrainStationField" methodname="TestTrainStationField" classname="Test.Test" runstate="Runnable" seed="930842864" result="Passed" start-time="2018-04-11 08:22:25Z" end-time="2018-04-11 08:22:25Z" duration="0.001204" asserts="3" />
        <test-case id="1021" name="TestTrainStationFieldBuyInAuction" fullname="Test.Test.TestTrainStationFieldBuyInAuction" methodname="TestTrainStationFieldBuyInAuction" classname="Test.Test" runstate="Runnable" seed="1131530399" result="Passed" start-time="2018-04-11 08:22:25Z" end-time="2018-04-11 08:22:25Z" duration="0.000677" asserts="2" />
        <test-case id="1007" name="TestUpdateLevel" fullname="Test.Test.TestUpdateLevel" methodname="TestUpdateLevel" classname="Test.Test" runstate="Runnable" seed="1661310318" result="Passed" start-time="2018-04-11 08:22:25Z" end-time="2018-04-11 08:22:25Z" duration="0.001634" asserts="6" />
      </test-suite>
    </test-suite>
  </test-suite>
</test-run>